[2024-02-04T06:17:50.942+0000] {processor.py:157} INFO - Started process (PID=8962) to work on /usr/local/python/3.10.13/lib/python3.10/site-packages/airflow/example_dags/example_external_task_marker_dag.py
[2024-02-04T06:17:50.942+0000] {processor.py:826} INFO - Processing file /usr/local/python/3.10.13/lib/python3.10/site-packages/airflow/example_dags/example_external_task_marker_dag.py for tasks to queue
[2024-02-04T06:17:50.943+0000] {logging_mixin.py:150} INFO - [2024-02-04T06:17:50.943+0000] {dagbag.py:541} INFO - Filling up the DagBag from /usr/local/python/3.10.13/lib/python3.10/site-packages/airflow/example_dags/example_external_task_marker_dag.py
[2024-02-04T06:17:50.950+0000] {processor.py:836} INFO - DAG(s) dict_keys(['example_external_task_marker_child', 'example_external_task_marker_parent']) retrieved from /usr/local/python/3.10.13/lib/python3.10/site-packages/airflow/example_dags/example_external_task_marker_dag.py
[2024-02-04T06:17:51.136+0000] {logging_mixin.py:150} INFO - [2024-02-04T06:17:51.136+0000] {manager.py:504} INFO - Created Permission View: can edit on DAG:example_external_task_marker_child
[2024-02-04T06:17:51.184+0000] {logging_mixin.py:150} INFO - [2024-02-04T06:17:51.184+0000] {manager.py:504} INFO - Created Permission View: can read on DAG:example_external_task_marker_child
[2024-02-04T06:17:51.218+0000] {logging_mixin.py:150} INFO - [2024-02-04T06:17:51.218+0000] {manager.py:504} INFO - Created Permission View: can delete on DAG:example_external_task_marker_child
[2024-02-04T06:17:51.302+0000] {logging_mixin.py:150} INFO - [2024-02-04T06:17:51.301+0000] {manager.py:504} INFO - Created Permission View: can edit on DAG:example_external_task_marker_parent
[2024-02-04T06:17:51.335+0000] {logging_mixin.py:150} INFO - [2024-02-04T06:17:51.335+0000] {manager.py:504} INFO - Created Permission View: can read on DAG:example_external_task_marker_parent
[2024-02-04T06:17:51.374+0000] {logging_mixin.py:150} INFO - [2024-02-04T06:17:51.374+0000] {manager.py:504} INFO - Created Permission View: can delete on DAG:example_external_task_marker_parent
[2024-02-04T06:17:51.378+0000] {logging_mixin.py:150} INFO - [2024-02-04T06:17:51.378+0000] {dag.py:2742} INFO - Sync 2 DAGs
[2024-02-04T06:17:51.387+0000] {logging_mixin.py:150} INFO - [2024-02-04T06:17:51.387+0000] {dag.py:2763} INFO - Creating ORM DAG for example_external_task_marker_child
[2024-02-04T06:17:51.388+0000] {logging_mixin.py:150} INFO - [2024-02-04T06:17:51.388+0000] {dag.py:2763} INFO - Creating ORM DAG for example_external_task_marker_parent
[2024-02-04T06:17:51.396+0000] {logging_mixin.py:150} INFO - [2024-02-04T06:17:51.395+0000] {dag.py:3504} INFO - Setting next_dagrun for example_external_task_marker_child to None, run_after=None
[2024-02-04T06:17:51.396+0000] {logging_mixin.py:150} INFO - [2024-02-04T06:17:51.396+0000] {dag.py:3504} INFO - Setting next_dagrun for example_external_task_marker_parent to None, run_after=None
[2024-02-04T06:17:51.445+0000] {processor.py:179} INFO - Processing /usr/local/python/3.10.13/lib/python3.10/site-packages/airflow/example_dags/example_external_task_marker_dag.py took 0.506 seconds
[2024-02-04T06:18:51.554+0000] {processor.py:157} INFO - Started process (PID=9584) to work on /usr/local/python/3.10.13/lib/python3.10/site-packages/airflow/example_dags/example_external_task_marker_dag.py
[2024-02-04T06:18:51.555+0000] {processor.py:826} INFO - Processing file /usr/local/python/3.10.13/lib/python3.10/site-packages/airflow/example_dags/example_external_task_marker_dag.py for tasks to queue
[2024-02-04T06:18:51.555+0000] {logging_mixin.py:150} INFO - [2024-02-04T06:18:51.555+0000] {dagbag.py:541} INFO - Filling up the DagBag from /usr/local/python/3.10.13/lib/python3.10/site-packages/airflow/example_dags/example_external_task_marker_dag.py
[2024-02-04T06:18:51.560+0000] {processor.py:836} INFO - DAG(s) dict_keys(['example_external_task_marker_child', 'example_external_task_marker_parent']) retrieved from /usr/local/python/3.10.13/lib/python3.10/site-packages/airflow/example_dags/example_external_task_marker_dag.py
[2024-02-04T06:18:51.574+0000] {logging_mixin.py:150} INFO - [2024-02-04T06:18:51.574+0000] {dag.py:2742} INFO - Sync 2 DAGs
[2024-02-04T06:18:51.589+0000] {logging_mixin.py:150} INFO - [2024-02-04T06:18:51.589+0000] {dag.py:3504} INFO - Setting next_dagrun for example_external_task_marker_child to None, run_after=None
[2024-02-04T06:18:51.592+0000] {logging_mixin.py:150} INFO - [2024-02-04T06:18:51.592+0000] {dag.py:3504} INFO - Setting next_dagrun for example_external_task_marker_parent to None, run_after=None
[2024-02-04T06:18:51.660+0000] {processor.py:179} INFO - Processing /usr/local/python/3.10.13/lib/python3.10/site-packages/airflow/example_dags/example_external_task_marker_dag.py took 0.108 seconds
[2024-02-04T06:19:43.015+0000] {processor.py:157} INFO - Started process (PID=10100) to work on /usr/local/python/3.10.13/lib/python3.10/site-packages/airflow/example_dags/example_external_task_marker_dag.py
[2024-02-04T06:19:43.016+0000] {processor.py:826} INFO - Processing file /usr/local/python/3.10.13/lib/python3.10/site-packages/airflow/example_dags/example_external_task_marker_dag.py for tasks to queue
[2024-02-04T06:19:43.017+0000] {logging_mixin.py:150} INFO - [2024-02-04T06:19:43.016+0000] {dagbag.py:541} INFO - Filling up the DagBag from /usr/local/python/3.10.13/lib/python3.10/site-packages/airflow/example_dags/example_external_task_marker_dag.py
[2024-02-04T06:19:43.021+0000] {processor.py:836} INFO - DAG(s) dict_keys(['example_external_task_marker_parent', 'example_external_task_marker_child']) retrieved from /usr/local/python/3.10.13/lib/python3.10/site-packages/airflow/example_dags/example_external_task_marker_dag.py
[2024-02-04T06:19:43.037+0000] {logging_mixin.py:150} INFO - [2024-02-04T06:19:43.037+0000] {dag.py:2742} INFO - Sync 2 DAGs
[2024-02-04T06:19:43.054+0000] {logging_mixin.py:150} INFO - [2024-02-04T06:19:43.054+0000] {dag.py:3504} INFO - Setting next_dagrun for example_external_task_marker_child to None, run_after=None
[2024-02-04T06:19:43.057+0000] {logging_mixin.py:150} INFO - [2024-02-04T06:19:43.057+0000] {dag.py:3504} INFO - Setting next_dagrun for example_external_task_marker_parent to None, run_after=None
[2024-02-04T06:19:43.114+0000] {processor.py:179} INFO - Processing /usr/local/python/3.10.13/lib/python3.10/site-packages/airflow/example_dags/example_external_task_marker_dag.py took 0.101 seconds
[2024-02-04T06:20:37.944+0000] {processor.py:157} INFO - Started process (PID=10646) to work on /usr/local/python/3.10.13/lib/python3.10/site-packages/airflow/example_dags/example_external_task_marker_dag.py
[2024-02-04T06:20:37.945+0000] {processor.py:826} INFO - Processing file /usr/local/python/3.10.13/lib/python3.10/site-packages/airflow/example_dags/example_external_task_marker_dag.py for tasks to queue
[2024-02-04T06:20:37.945+0000] {logging_mixin.py:150} INFO - [2024-02-04T06:20:37.945+0000] {dagbag.py:541} INFO - Filling up the DagBag from /usr/local/python/3.10.13/lib/python3.10/site-packages/airflow/example_dags/example_external_task_marker_dag.py
[2024-02-04T06:20:37.950+0000] {processor.py:836} INFO - DAG(s) dict_keys(['example_external_task_marker_child', 'example_external_task_marker_parent']) retrieved from /usr/local/python/3.10.13/lib/python3.10/site-packages/airflow/example_dags/example_external_task_marker_dag.py
[2024-02-04T06:20:37.966+0000] {logging_mixin.py:150} INFO - [2024-02-04T06:20:37.966+0000] {dag.py:2742} INFO - Sync 2 DAGs
[2024-02-04T06:20:37.982+0000] {logging_mixin.py:150} INFO - [2024-02-04T06:20:37.982+0000] {dag.py:3504} INFO - Setting next_dagrun for example_external_task_marker_child to None, run_after=None
[2024-02-04T06:20:37.985+0000] {logging_mixin.py:150} INFO - [2024-02-04T06:20:37.985+0000] {dag.py:3504} INFO - Setting next_dagrun for example_external_task_marker_parent to None, run_after=None
[2024-02-04T06:20:38.033+0000] {processor.py:179} INFO - Processing /usr/local/python/3.10.13/lib/python3.10/site-packages/airflow/example_dags/example_external_task_marker_dag.py took 0.091 seconds
[2024-02-04T06:21:31.114+0000] {processor.py:157} INFO - Started process (PID=11222) to work on /usr/local/python/3.10.13/lib/python3.10/site-packages/airflow/example_dags/example_external_task_marker_dag.py
[2024-02-04T06:21:31.114+0000] {processor.py:826} INFO - Processing file /usr/local/python/3.10.13/lib/python3.10/site-packages/airflow/example_dags/example_external_task_marker_dag.py for tasks to queue
[2024-02-04T06:21:31.115+0000] {logging_mixin.py:150} INFO - [2024-02-04T06:21:31.115+0000] {dagbag.py:541} INFO - Filling up the DagBag from /usr/local/python/3.10.13/lib/python3.10/site-packages/airflow/example_dags/example_external_task_marker_dag.py
[2024-02-04T06:21:31.120+0000] {processor.py:836} INFO - DAG(s) dict_keys(['example_external_task_marker_child', 'example_external_task_marker_parent']) retrieved from /usr/local/python/3.10.13/lib/python3.10/site-packages/airflow/example_dags/example_external_task_marker_dag.py
[2024-02-04T06:21:31.140+0000] {logging_mixin.py:150} INFO - [2024-02-04T06:21:31.140+0000] {dag.py:2742} INFO - Sync 2 DAGs
[2024-02-04T06:21:31.167+0000] {logging_mixin.py:150} INFO - [2024-02-04T06:21:31.167+0000] {dag.py:3504} INFO - Setting next_dagrun for example_external_task_marker_child to None, run_after=None
[2024-02-04T06:21:31.170+0000] {logging_mixin.py:150} INFO - [2024-02-04T06:21:31.170+0000] {dag.py:3504} INFO - Setting next_dagrun for example_external_task_marker_parent to None, run_after=None
[2024-02-04T06:21:31.221+0000] {processor.py:179} INFO - Processing /usr/local/python/3.10.13/lib/python3.10/site-packages/airflow/example_dags/example_external_task_marker_dag.py took 0.110 seconds
[2024-02-04T06:22:21.672+0000] {processor.py:157} INFO - Started process (PID=11812) to work on /usr/local/python/3.10.13/lib/python3.10/site-packages/airflow/example_dags/example_external_task_marker_dag.py
[2024-02-04T06:22:21.672+0000] {processor.py:826} INFO - Processing file /usr/local/python/3.10.13/lib/python3.10/site-packages/airflow/example_dags/example_external_task_marker_dag.py for tasks to queue
[2024-02-04T06:22:21.673+0000] {logging_mixin.py:150} INFO - [2024-02-04T06:22:21.673+0000] {dagbag.py:541} INFO - Filling up the DagBag from /usr/local/python/3.10.13/lib/python3.10/site-packages/airflow/example_dags/example_external_task_marker_dag.py
[2024-02-04T06:22:21.678+0000] {processor.py:836} INFO - DAG(s) dict_keys(['example_external_task_marker_parent', 'example_external_task_marker_child']) retrieved from /usr/local/python/3.10.13/lib/python3.10/site-packages/airflow/example_dags/example_external_task_marker_dag.py
[2024-02-04T06:22:21.695+0000] {logging_mixin.py:150} INFO - [2024-02-04T06:22:21.694+0000] {dag.py:2742} INFO - Sync 2 DAGs
[2024-02-04T06:22:21.712+0000] {logging_mixin.py:150} INFO - [2024-02-04T06:22:21.712+0000] {dag.py:3504} INFO - Setting next_dagrun for example_external_task_marker_child to None, run_after=None
[2024-02-04T06:22:21.714+0000] {logging_mixin.py:150} INFO - [2024-02-04T06:22:21.714+0000] {dag.py:3504} INFO - Setting next_dagrun for example_external_task_marker_parent to None, run_after=None
[2024-02-04T06:22:21.798+0000] {processor.py:179} INFO - Processing /usr/local/python/3.10.13/lib/python3.10/site-packages/airflow/example_dags/example_external_task_marker_dag.py took 0.129 seconds
[2024-02-04T06:23:09.883+0000] {processor.py:157} INFO - Started process (PID=12466) to work on /usr/local/python/3.10.13/lib/python3.10/site-packages/airflow/example_dags/example_external_task_marker_dag.py
[2024-02-04T06:23:09.884+0000] {processor.py:826} INFO - Processing file /usr/local/python/3.10.13/lib/python3.10/site-packages/airflow/example_dags/example_external_task_marker_dag.py for tasks to queue
[2024-02-04T06:23:09.885+0000] {logging_mixin.py:150} INFO - [2024-02-04T06:23:09.884+0000] {dagbag.py:541} INFO - Filling up the DagBag from /usr/local/python/3.10.13/lib/python3.10/site-packages/airflow/example_dags/example_external_task_marker_dag.py
[2024-02-04T06:23:09.891+0000] {processor.py:836} INFO - DAG(s) dict_keys(['example_external_task_marker_child', 'example_external_task_marker_parent']) retrieved from /usr/local/python/3.10.13/lib/python3.10/site-packages/airflow/example_dags/example_external_task_marker_dag.py
[2024-02-04T06:23:09.907+0000] {logging_mixin.py:150} INFO - [2024-02-04T06:23:09.906+0000] {dag.py:2742} INFO - Sync 2 DAGs
[2024-02-04T06:23:09.926+0000] {logging_mixin.py:150} INFO - [2024-02-04T06:23:09.925+0000] {dag.py:3504} INFO - Setting next_dagrun for example_external_task_marker_child to None, run_after=None
[2024-02-04T06:23:09.930+0000] {logging_mixin.py:150} INFO - [2024-02-04T06:23:09.929+0000] {dag.py:3504} INFO - Setting next_dagrun for example_external_task_marker_parent to None, run_after=None
[2024-02-04T06:23:09.991+0000] {processor.py:179} INFO - Processing /usr/local/python/3.10.13/lib/python3.10/site-packages/airflow/example_dags/example_external_task_marker_dag.py took 0.110 seconds
[2024-02-04T06:23:59.137+0000] {processor.py:157} INFO - Started process (PID=13040) to work on /usr/local/python/3.10.13/lib/python3.10/site-packages/airflow/example_dags/example_external_task_marker_dag.py
[2024-02-04T06:23:59.138+0000] {processor.py:826} INFO - Processing file /usr/local/python/3.10.13/lib/python3.10/site-packages/airflow/example_dags/example_external_task_marker_dag.py for tasks to queue
[2024-02-04T06:23:59.139+0000] {logging_mixin.py:150} INFO - [2024-02-04T06:23:59.138+0000] {dagbag.py:541} INFO - Filling up the DagBag from /usr/local/python/3.10.13/lib/python3.10/site-packages/airflow/example_dags/example_external_task_marker_dag.py
[2024-02-04T06:23:59.146+0000] {processor.py:836} INFO - DAG(s) dict_keys(['example_external_task_marker_child', 'example_external_task_marker_parent']) retrieved from /usr/local/python/3.10.13/lib/python3.10/site-packages/airflow/example_dags/example_external_task_marker_dag.py
[2024-02-04T06:23:59.168+0000] {logging_mixin.py:150} INFO - [2024-02-04T06:23:59.168+0000] {dag.py:2742} INFO - Sync 2 DAGs
[2024-02-04T06:23:59.194+0000] {logging_mixin.py:150} INFO - [2024-02-04T06:23:59.194+0000] {dag.py:3504} INFO - Setting next_dagrun for example_external_task_marker_child to None, run_after=None
[2024-02-04T06:23:59.197+0000] {logging_mixin.py:150} INFO - [2024-02-04T06:23:59.197+0000] {dag.py:3504} INFO - Setting next_dagrun for example_external_task_marker_parent to None, run_after=None
[2024-02-04T06:23:59.242+0000] {processor.py:179} INFO - Processing /usr/local/python/3.10.13/lib/python3.10/site-packages/airflow/example_dags/example_external_task_marker_dag.py took 0.109 seconds
[2024-02-04T06:24:47.198+0000] {processor.py:157} INFO - Started process (PID=13535) to work on /usr/local/python/3.10.13/lib/python3.10/site-packages/airflow/example_dags/example_external_task_marker_dag.py
[2024-02-04T06:24:47.199+0000] {processor.py:826} INFO - Processing file /usr/local/python/3.10.13/lib/python3.10/site-packages/airflow/example_dags/example_external_task_marker_dag.py for tasks to queue
[2024-02-04T06:24:47.200+0000] {logging_mixin.py:150} INFO - [2024-02-04T06:24:47.199+0000] {dagbag.py:541} INFO - Filling up the DagBag from /usr/local/python/3.10.13/lib/python3.10/site-packages/airflow/example_dags/example_external_task_marker_dag.py
[2024-02-04T06:24:47.204+0000] {processor.py:836} INFO - DAG(s) dict_keys(['example_external_task_marker_child', 'example_external_task_marker_parent']) retrieved from /usr/local/python/3.10.13/lib/python3.10/site-packages/airflow/example_dags/example_external_task_marker_dag.py
[2024-02-04T06:24:47.225+0000] {logging_mixin.py:150} INFO - [2024-02-04T06:24:47.224+0000] {dag.py:2742} INFO - Sync 2 DAGs
[2024-02-04T06:24:47.242+0000] {logging_mixin.py:150} INFO - [2024-02-04T06:24:47.242+0000] {dag.py:3504} INFO - Setting next_dagrun for example_external_task_marker_child to None, run_after=None
[2024-02-04T06:24:47.244+0000] {logging_mixin.py:150} INFO - [2024-02-04T06:24:47.244+0000] {dag.py:3504} INFO - Setting next_dagrun for example_external_task_marker_parent to None, run_after=None
[2024-02-04T06:24:47.287+0000] {processor.py:179} INFO - Processing /usr/local/python/3.10.13/lib/python3.10/site-packages/airflow/example_dags/example_external_task_marker_dag.py took 0.091 seconds
