[2024-02-04T06:17:37.711+0000] {processor.py:157} INFO - Started process (PID=8819) to work on /usr/local/python/3.10.13/lib/python3.10/site-packages/airflow/example_dags/example_complex.py
[2024-02-04T06:17:37.712+0000] {processor.py:826} INFO - Processing file /usr/local/python/3.10.13/lib/python3.10/site-packages/airflow/example_dags/example_complex.py for tasks to queue
[2024-02-04T06:17:37.713+0000] {logging_mixin.py:150} INFO - [2024-02-04T06:17:37.712+0000] {dagbag.py:541} INFO - Filling up the DagBag from /usr/local/python/3.10.13/lib/python3.10/site-packages/airflow/example_dags/example_complex.py
[2024-02-04T06:17:37.727+0000] {processor.py:836} INFO - DAG(s) dict_keys(['example_complex']) retrieved from /usr/local/python/3.10.13/lib/python3.10/site-packages/airflow/example_dags/example_complex.py
[2024-02-04T06:17:37.949+0000] {logging_mixin.py:150} INFO - [2024-02-04T06:17:37.949+0000] {manager.py:504} INFO - Created Permission View: can edit on DAG:example_complex
[2024-02-04T06:17:37.984+0000] {logging_mixin.py:150} INFO - [2024-02-04T06:17:37.983+0000] {manager.py:504} INFO - Created Permission View: can read on DAG:example_complex
[2024-02-04T06:17:38.018+0000] {logging_mixin.py:150} INFO - [2024-02-04T06:17:38.018+0000] {manager.py:504} INFO - Created Permission View: can delete on DAG:example_complex
[2024-02-04T06:17:38.028+0000] {logging_mixin.py:150} INFO - [2024-02-04T06:17:38.028+0000] {dag.py:2742} INFO - Sync 1 DAGs
[2024-02-04T06:17:38.035+0000] {logging_mixin.py:150} INFO - [2024-02-04T06:17:38.035+0000] {dag.py:2763} INFO - Creating ORM DAG for example_complex
[2024-02-04T06:17:38.045+0000] {logging_mixin.py:150} INFO - [2024-02-04T06:17:38.044+0000] {dag.py:3504} INFO - Setting next_dagrun for example_complex to None, run_after=None
[2024-02-04T06:17:38.097+0000] {processor.py:179} INFO - Processing /usr/local/python/3.10.13/lib/python3.10/site-packages/airflow/example_dags/example_complex.py took 0.388 seconds
[2024-02-04T06:18:28.939+0000] {processor.py:157} INFO - Started process (PID=9335) to work on /usr/local/python/3.10.13/lib/python3.10/site-packages/airflow/example_dags/example_complex.py
[2024-02-04T06:18:28.940+0000] {processor.py:826} INFO - Processing file /usr/local/python/3.10.13/lib/python3.10/site-packages/airflow/example_dags/example_complex.py for tasks to queue
[2024-02-04T06:18:28.941+0000] {logging_mixin.py:150} INFO - [2024-02-04T06:18:28.940+0000] {dagbag.py:541} INFO - Filling up the DagBag from /usr/local/python/3.10.13/lib/python3.10/site-packages/airflow/example_dags/example_complex.py
[2024-02-04T06:18:28.950+0000] {processor.py:836} INFO - DAG(s) dict_keys(['example_complex']) retrieved from /usr/local/python/3.10.13/lib/python3.10/site-packages/airflow/example_dags/example_complex.py
[2024-02-04T06:18:28.971+0000] {logging_mixin.py:150} INFO - [2024-02-04T06:18:28.971+0000] {dag.py:2742} INFO - Sync 1 DAGs
[2024-02-04T06:18:28.988+0000] {logging_mixin.py:150} INFO - [2024-02-04T06:18:28.988+0000] {dag.py:3504} INFO - Setting next_dagrun for example_complex to None, run_after=None
[2024-02-04T06:18:29.037+0000] {processor.py:179} INFO - Processing /usr/local/python/3.10.13/lib/python3.10/site-packages/airflow/example_dags/example_complex.py took 0.100 seconds
[2024-02-04T06:19:21.182+0000] {processor.py:157} INFO - Started process (PID=9884) to work on /usr/local/python/3.10.13/lib/python3.10/site-packages/airflow/example_dags/example_complex.py
[2024-02-04T06:19:21.183+0000] {processor.py:826} INFO - Processing file /usr/local/python/3.10.13/lib/python3.10/site-packages/airflow/example_dags/example_complex.py for tasks to queue
[2024-02-04T06:19:21.183+0000] {logging_mixin.py:150} INFO - [2024-02-04T06:19:21.183+0000] {dagbag.py:541} INFO - Filling up the DagBag from /usr/local/python/3.10.13/lib/python3.10/site-packages/airflow/example_dags/example_complex.py
[2024-02-04T06:19:21.192+0000] {processor.py:836} INFO - DAG(s) dict_keys(['example_complex']) retrieved from /usr/local/python/3.10.13/lib/python3.10/site-packages/airflow/example_dags/example_complex.py
[2024-02-04T06:19:21.217+0000] {logging_mixin.py:150} INFO - [2024-02-04T06:19:21.216+0000] {dag.py:2742} INFO - Sync 1 DAGs
[2024-02-04T06:19:21.234+0000] {logging_mixin.py:150} INFO - [2024-02-04T06:19:21.233+0000] {dag.py:3504} INFO - Setting next_dagrun for example_complex to None, run_after=None
[2024-02-04T06:19:21.279+0000] {processor.py:179} INFO - Processing /usr/local/python/3.10.13/lib/python3.10/site-packages/airflow/example_dags/example_complex.py took 0.099 seconds
[2024-02-04T06:20:13.861+0000] {processor.py:157} INFO - Started process (PID=10406) to work on /usr/local/python/3.10.13/lib/python3.10/site-packages/airflow/example_dags/example_complex.py
[2024-02-04T06:20:13.862+0000] {processor.py:826} INFO - Processing file /usr/local/python/3.10.13/lib/python3.10/site-packages/airflow/example_dags/example_complex.py for tasks to queue
[2024-02-04T06:20:13.863+0000] {logging_mixin.py:150} INFO - [2024-02-04T06:20:13.862+0000] {dagbag.py:541} INFO - Filling up the DagBag from /usr/local/python/3.10.13/lib/python3.10/site-packages/airflow/example_dags/example_complex.py
[2024-02-04T06:20:13.877+0000] {processor.py:836} INFO - DAG(s) dict_keys(['example_complex']) retrieved from /usr/local/python/3.10.13/lib/python3.10/site-packages/airflow/example_dags/example_complex.py
[2024-02-04T06:20:13.915+0000] {logging_mixin.py:150} INFO - [2024-02-04T06:20:13.915+0000] {dag.py:2742} INFO - Sync 1 DAGs
[2024-02-04T06:20:13.941+0000] {logging_mixin.py:150} INFO - [2024-02-04T06:20:13.941+0000] {dag.py:3504} INFO - Setting next_dagrun for example_complex to None, run_after=None
[2024-02-04T06:20:13.987+0000] {processor.py:179} INFO - Processing /usr/local/python/3.10.13/lib/python3.10/site-packages/airflow/example_dags/example_complex.py took 0.129 seconds
[2024-02-04T06:21:09.922+0000] {processor.py:157} INFO - Started process (PID=10968) to work on /usr/local/python/3.10.13/lib/python3.10/site-packages/airflow/example_dags/example_complex.py
[2024-02-04T06:21:09.923+0000] {processor.py:826} INFO - Processing file /usr/local/python/3.10.13/lib/python3.10/site-packages/airflow/example_dags/example_complex.py for tasks to queue
[2024-02-04T06:21:09.924+0000] {logging_mixin.py:150} INFO - [2024-02-04T06:21:09.923+0000] {dagbag.py:541} INFO - Filling up the DagBag from /usr/local/python/3.10.13/lib/python3.10/site-packages/airflow/example_dags/example_complex.py
[2024-02-04T06:21:09.933+0000] {processor.py:836} INFO - DAG(s) dict_keys(['example_complex']) retrieved from /usr/local/python/3.10.13/lib/python3.10/site-packages/airflow/example_dags/example_complex.py
[2024-02-04T06:21:09.955+0000] {logging_mixin.py:150} INFO - [2024-02-04T06:21:09.954+0000] {dag.py:2742} INFO - Sync 1 DAGs
[2024-02-04T06:21:09.971+0000] {logging_mixin.py:150} INFO - [2024-02-04T06:21:09.971+0000] {dag.py:3504} INFO - Setting next_dagrun for example_complex to None, run_after=None
[2024-02-04T06:21:10.015+0000] {processor.py:179} INFO - Processing /usr/local/python/3.10.13/lib/python3.10/site-packages/airflow/example_dags/example_complex.py took 0.095 seconds
[2024-02-04T06:21:58.275+0000] {processor.py:157} INFO - Started process (PID=11539) to work on /usr/local/python/3.10.13/lib/python3.10/site-packages/airflow/example_dags/example_complex.py
[2024-02-04T06:21:58.276+0000] {processor.py:826} INFO - Processing file /usr/local/python/3.10.13/lib/python3.10/site-packages/airflow/example_dags/example_complex.py for tasks to queue
[2024-02-04T06:21:58.277+0000] {logging_mixin.py:150} INFO - [2024-02-04T06:21:58.276+0000] {dagbag.py:541} INFO - Filling up the DagBag from /usr/local/python/3.10.13/lib/python3.10/site-packages/airflow/example_dags/example_complex.py
[2024-02-04T06:21:58.286+0000] {processor.py:836} INFO - DAG(s) dict_keys(['example_complex']) retrieved from /usr/local/python/3.10.13/lib/python3.10/site-packages/airflow/example_dags/example_complex.py
[2024-02-04T06:21:58.307+0000] {logging_mixin.py:150} INFO - [2024-02-04T06:21:58.307+0000] {dag.py:2742} INFO - Sync 1 DAGs
[2024-02-04T06:21:58.324+0000] {logging_mixin.py:150} INFO - [2024-02-04T06:21:58.324+0000] {dag.py:3504} INFO - Setting next_dagrun for example_complex to None, run_after=None
[2024-02-04T06:21:58.379+0000] {processor.py:179} INFO - Processing /usr/local/python/3.10.13/lib/python3.10/site-packages/airflow/example_dags/example_complex.py took 0.107 seconds
[2024-02-04T06:22:50.764+0000] {processor.py:157} INFO - Started process (PID=12203) to work on /usr/local/python/3.10.13/lib/python3.10/site-packages/airflow/example_dags/example_complex.py
[2024-02-04T06:22:50.765+0000] {processor.py:826} INFO - Processing file /usr/local/python/3.10.13/lib/python3.10/site-packages/airflow/example_dags/example_complex.py for tasks to queue
[2024-02-04T06:22:50.766+0000] {logging_mixin.py:150} INFO - [2024-02-04T06:22:50.766+0000] {dagbag.py:541} INFO - Filling up the DagBag from /usr/local/python/3.10.13/lib/python3.10/site-packages/airflow/example_dags/example_complex.py
[2024-02-04T06:22:50.775+0000] {processor.py:836} INFO - DAG(s) dict_keys(['example_complex']) retrieved from /usr/local/python/3.10.13/lib/python3.10/site-packages/airflow/example_dags/example_complex.py
[2024-02-04T06:22:50.798+0000] {logging_mixin.py:150} INFO - [2024-02-04T06:22:50.798+0000] {dag.py:2742} INFO - Sync 1 DAGs
[2024-02-04T06:22:50.814+0000] {logging_mixin.py:150} INFO - [2024-02-04T06:22:50.814+0000] {dag.py:3504} INFO - Setting next_dagrun for example_complex to None, run_after=None
[2024-02-04T06:22:50.860+0000] {processor.py:179} INFO - Processing /usr/local/python/3.10.13/lib/python3.10/site-packages/airflow/example_dags/example_complex.py took 0.098 seconds
[2024-02-04T06:23:37.490+0000] {processor.py:157} INFO - Started process (PID=12789) to work on /usr/local/python/3.10.13/lib/python3.10/site-packages/airflow/example_dags/example_complex.py
[2024-02-04T06:23:37.491+0000] {processor.py:826} INFO - Processing file /usr/local/python/3.10.13/lib/python3.10/site-packages/airflow/example_dags/example_complex.py for tasks to queue
[2024-02-04T06:23:37.491+0000] {logging_mixin.py:150} INFO - [2024-02-04T06:23:37.491+0000] {dagbag.py:541} INFO - Filling up the DagBag from /usr/local/python/3.10.13/lib/python3.10/site-packages/airflow/example_dags/example_complex.py
[2024-02-04T06:23:37.500+0000] {processor.py:836} INFO - DAG(s) dict_keys(['example_complex']) retrieved from /usr/local/python/3.10.13/lib/python3.10/site-packages/airflow/example_dags/example_complex.py
[2024-02-04T06:23:37.522+0000] {logging_mixin.py:150} INFO - [2024-02-04T06:23:37.522+0000] {dag.py:2742} INFO - Sync 1 DAGs
[2024-02-04T06:23:37.539+0000] {logging_mixin.py:150} INFO - [2024-02-04T06:23:37.539+0000] {dag.py:3504} INFO - Setting next_dagrun for example_complex to None, run_after=None
[2024-02-04T06:23:37.588+0000] {processor.py:179} INFO - Processing /usr/local/python/3.10.13/lib/python3.10/site-packages/airflow/example_dags/example_complex.py took 0.100 seconds
[2024-02-04T06:24:23.936+0000] {processor.py:157} INFO - Started process (PID=13293) to work on /usr/local/python/3.10.13/lib/python3.10/site-packages/airflow/example_dags/example_complex.py
[2024-02-04T06:24:23.937+0000] {processor.py:826} INFO - Processing file /usr/local/python/3.10.13/lib/python3.10/site-packages/airflow/example_dags/example_complex.py for tasks to queue
[2024-02-04T06:24:23.938+0000] {logging_mixin.py:150} INFO - [2024-02-04T06:24:23.937+0000] {dagbag.py:541} INFO - Filling up the DagBag from /usr/local/python/3.10.13/lib/python3.10/site-packages/airflow/example_dags/example_complex.py
[2024-02-04T06:24:23.946+0000] {processor.py:836} INFO - DAG(s) dict_keys(['example_complex']) retrieved from /usr/local/python/3.10.13/lib/python3.10/site-packages/airflow/example_dags/example_complex.py
[2024-02-04T06:24:23.968+0000] {logging_mixin.py:150} INFO - [2024-02-04T06:24:23.968+0000] {dag.py:2742} INFO - Sync 1 DAGs
[2024-02-04T06:24:23.984+0000] {logging_mixin.py:150} INFO - [2024-02-04T06:24:23.984+0000] {dag.py:3504} INFO - Setting next_dagrun for example_complex to None, run_after=None
[2024-02-04T06:24:24.034+0000] {processor.py:179} INFO - Processing /usr/local/python/3.10.13/lib/python3.10/site-packages/airflow/example_dags/example_complex.py took 0.101 seconds
