[2024-02-04T06:17:39.930+0000] {processor.py:157} INFO - Started process (PID=8863) to work on /usr/local/python/3.10.13/lib/python3.10/site-packages/airflow/example_dags/example_branch_day_of_week_operator.py
[2024-02-04T06:17:39.931+0000] {processor.py:826} INFO - Processing file /usr/local/python/3.10.13/lib/python3.10/site-packages/airflow/example_dags/example_branch_day_of_week_operator.py for tasks to queue
[2024-02-04T06:17:39.931+0000] {logging_mixin.py:150} INFO - [2024-02-04T06:17:39.931+0000] {dagbag.py:541} INFO - Filling up the DagBag from /usr/local/python/3.10.13/lib/python3.10/site-packages/airflow/example_dags/example_branch_day_of_week_operator.py
[2024-02-04T06:17:39.938+0000] {processor.py:836} INFO - DAG(s) dict_keys(['example_weekday_branch_operator']) retrieved from /usr/local/python/3.10.13/lib/python3.10/site-packages/airflow/example_dags/example_branch_day_of_week_operator.py
[2024-02-04T06:17:40.088+0000] {logging_mixin.py:150} INFO - [2024-02-04T06:17:40.087+0000] {manager.py:504} INFO - Created Permission View: can edit on DAG:example_weekday_branch_operator
[2024-02-04T06:17:40.123+0000] {logging_mixin.py:150} INFO - [2024-02-04T06:17:40.122+0000] {manager.py:504} INFO - Created Permission View: can read on DAG:example_weekday_branch_operator
[2024-02-04T06:17:40.159+0000] {logging_mixin.py:150} INFO - [2024-02-04T06:17:40.159+0000] {manager.py:504} INFO - Created Permission View: can delete on DAG:example_weekday_branch_operator
[2024-02-04T06:17:40.169+0000] {logging_mixin.py:150} INFO - [2024-02-04T06:17:40.168+0000] {dag.py:2742} INFO - Sync 1 DAGs
[2024-02-04T06:17:40.176+0000] {logging_mixin.py:150} INFO - [2024-02-04T06:17:40.176+0000] {dag.py:2763} INFO - Creating ORM DAG for example_weekday_branch_operator
[2024-02-04T06:17:40.185+0000] {logging_mixin.py:150} INFO - [2024-02-04T06:17:40.185+0000] {dag.py:3504} INFO - Setting next_dagrun for example_weekday_branch_operator to 2024-02-03T00:00:00+00:00, run_after=2024-02-04T00:00:00+00:00
[2024-02-04T06:17:40.236+0000] {processor.py:179} INFO - Processing /usr/local/python/3.10.13/lib/python3.10/site-packages/airflow/example_dags/example_branch_day_of_week_operator.py took 0.308 seconds
[2024-02-04T06:18:31.340+0000] {processor.py:157} INFO - Started process (PID=9368) to work on /usr/local/python/3.10.13/lib/python3.10/site-packages/airflow/example_dags/example_branch_day_of_week_operator.py
[2024-02-04T06:18:31.341+0000] {processor.py:826} INFO - Processing file /usr/local/python/3.10.13/lib/python3.10/site-packages/airflow/example_dags/example_branch_day_of_week_operator.py for tasks to queue
[2024-02-04T06:18:31.342+0000] {logging_mixin.py:150} INFO - [2024-02-04T06:18:31.342+0000] {dagbag.py:541} INFO - Filling up the DagBag from /usr/local/python/3.10.13/lib/python3.10/site-packages/airflow/example_dags/example_branch_day_of_week_operator.py
[2024-02-04T06:18:31.352+0000] {processor.py:836} INFO - DAG(s) dict_keys(['example_weekday_branch_operator']) retrieved from /usr/local/python/3.10.13/lib/python3.10/site-packages/airflow/example_dags/example_branch_day_of_week_operator.py
[2024-02-04T06:18:31.367+0000] {logging_mixin.py:150} INFO - [2024-02-04T06:18:31.367+0000] {dag.py:2742} INFO - Sync 1 DAGs
[2024-02-04T06:18:31.384+0000] {logging_mixin.py:150} INFO - [2024-02-04T06:18:31.384+0000] {dag.py:3504} INFO - Setting next_dagrun for example_weekday_branch_operator to 2024-02-03T00:00:00+00:00, run_after=2024-02-04T00:00:00+00:00
[2024-02-04T06:18:31.436+0000] {processor.py:179} INFO - Processing /usr/local/python/3.10.13/lib/python3.10/site-packages/airflow/example_dags/example_branch_day_of_week_operator.py took 0.098 seconds
[2024-02-04T06:19:22.762+0000] {processor.py:157} INFO - Started process (PID=9904) to work on /usr/local/python/3.10.13/lib/python3.10/site-packages/airflow/example_dags/example_branch_day_of_week_operator.py
[2024-02-04T06:19:22.763+0000] {processor.py:826} INFO - Processing file /usr/local/python/3.10.13/lib/python3.10/site-packages/airflow/example_dags/example_branch_day_of_week_operator.py for tasks to queue
[2024-02-04T06:19:22.764+0000] {logging_mixin.py:150} INFO - [2024-02-04T06:19:22.763+0000] {dagbag.py:541} INFO - Filling up the DagBag from /usr/local/python/3.10.13/lib/python3.10/site-packages/airflow/example_dags/example_branch_day_of_week_operator.py
[2024-02-04T06:19:22.775+0000] {processor.py:836} INFO - DAG(s) dict_keys(['example_weekday_branch_operator']) retrieved from /usr/local/python/3.10.13/lib/python3.10/site-packages/airflow/example_dags/example_branch_day_of_week_operator.py
[2024-02-04T06:19:22.796+0000] {logging_mixin.py:150} INFO - [2024-02-04T06:19:22.795+0000] {dag.py:2742} INFO - Sync 1 DAGs
[2024-02-04T06:19:22.824+0000] {logging_mixin.py:150} INFO - [2024-02-04T06:19:22.824+0000] {dag.py:3504} INFO - Setting next_dagrun for example_weekday_branch_operator to 2024-02-03T00:00:00+00:00, run_after=2024-02-04T00:00:00+00:00
[2024-02-04T06:19:22.872+0000] {processor.py:179} INFO - Processing /usr/local/python/3.10.13/lib/python3.10/site-packages/airflow/example_dags/example_branch_day_of_week_operator.py took 0.113 seconds
[2024-02-04T06:20:16.262+0000] {processor.py:157} INFO - Started process (PID=10432) to work on /usr/local/python/3.10.13/lib/python3.10/site-packages/airflow/example_dags/example_branch_day_of_week_operator.py
[2024-02-04T06:20:16.262+0000] {processor.py:826} INFO - Processing file /usr/local/python/3.10.13/lib/python3.10/site-packages/airflow/example_dags/example_branch_day_of_week_operator.py for tasks to queue
[2024-02-04T06:20:16.263+0000] {logging_mixin.py:150} INFO - [2024-02-04T06:20:16.263+0000] {dagbag.py:541} INFO - Filling up the DagBag from /usr/local/python/3.10.13/lib/python3.10/site-packages/airflow/example_dags/example_branch_day_of_week_operator.py
[2024-02-04T06:20:16.269+0000] {processor.py:836} INFO - DAG(s) dict_keys(['example_weekday_branch_operator']) retrieved from /usr/local/python/3.10.13/lib/python3.10/site-packages/airflow/example_dags/example_branch_day_of_week_operator.py
[2024-02-04T06:20:16.283+0000] {logging_mixin.py:150} INFO - [2024-02-04T06:20:16.282+0000] {dag.py:2742} INFO - Sync 1 DAGs
[2024-02-04T06:20:16.300+0000] {logging_mixin.py:150} INFO - [2024-02-04T06:20:16.300+0000] {dag.py:3504} INFO - Setting next_dagrun for example_weekday_branch_operator to 2024-02-03T00:00:00+00:00, run_after=2024-02-04T00:00:00+00:00
[2024-02-04T06:20:16.349+0000] {processor.py:179} INFO - Processing /usr/local/python/3.10.13/lib/python3.10/site-packages/airflow/example_dags/example_branch_day_of_week_operator.py took 0.090 seconds
[2024-02-04T06:21:11.462+0000] {processor.py:157} INFO - Started process (PID=10988) to work on /usr/local/python/3.10.13/lib/python3.10/site-packages/airflow/example_dags/example_branch_day_of_week_operator.py
[2024-02-04T06:21:11.463+0000] {processor.py:826} INFO - Processing file /usr/local/python/3.10.13/lib/python3.10/site-packages/airflow/example_dags/example_branch_day_of_week_operator.py for tasks to queue
[2024-02-04T06:21:11.464+0000] {logging_mixin.py:150} INFO - [2024-02-04T06:21:11.463+0000] {dagbag.py:541} INFO - Filling up the DagBag from /usr/local/python/3.10.13/lib/python3.10/site-packages/airflow/example_dags/example_branch_day_of_week_operator.py
[2024-02-04T06:21:11.469+0000] {processor.py:836} INFO - DAG(s) dict_keys(['example_weekday_branch_operator']) retrieved from /usr/local/python/3.10.13/lib/python3.10/site-packages/airflow/example_dags/example_branch_day_of_week_operator.py
[2024-02-04T06:21:11.483+0000] {logging_mixin.py:150} INFO - [2024-02-04T06:21:11.482+0000] {dag.py:2742} INFO - Sync 1 DAGs
[2024-02-04T06:21:11.499+0000] {logging_mixin.py:150} INFO - [2024-02-04T06:21:11.498+0000] {dag.py:3504} INFO - Setting next_dagrun for example_weekday_branch_operator to 2024-02-03T00:00:00+00:00, run_after=2024-02-04T00:00:00+00:00
[2024-02-04T06:21:11.543+0000] {processor.py:179} INFO - Processing /usr/local/python/3.10.13/lib/python3.10/site-packages/airflow/example_dags/example_branch_day_of_week_operator.py took 0.083 seconds
[2024-02-04T06:22:00.774+0000] {processor.py:157} INFO - Started process (PID=11565) to work on /usr/local/python/3.10.13/lib/python3.10/site-packages/airflow/example_dags/example_branch_day_of_week_operator.py
[2024-02-04T06:22:00.774+0000] {processor.py:826} INFO - Processing file /usr/local/python/3.10.13/lib/python3.10/site-packages/airflow/example_dags/example_branch_day_of_week_operator.py for tasks to queue
[2024-02-04T06:22:00.775+0000] {logging_mixin.py:150} INFO - [2024-02-04T06:22:00.775+0000] {dagbag.py:541} INFO - Filling up the DagBag from /usr/local/python/3.10.13/lib/python3.10/site-packages/airflow/example_dags/example_branch_day_of_week_operator.py
[2024-02-04T06:22:00.784+0000] {processor.py:836} INFO - DAG(s) dict_keys(['example_weekday_branch_operator']) retrieved from /usr/local/python/3.10.13/lib/python3.10/site-packages/airflow/example_dags/example_branch_day_of_week_operator.py
[2024-02-04T06:22:00.806+0000] {logging_mixin.py:150} INFO - [2024-02-04T06:22:00.806+0000] {dag.py:2742} INFO - Sync 1 DAGs
[2024-02-04T06:22:00.840+0000] {logging_mixin.py:150} INFO - [2024-02-04T06:22:00.840+0000] {dag.py:3504} INFO - Setting next_dagrun for example_weekday_branch_operator to 2024-02-03T00:00:00+00:00, run_after=2024-02-04T00:00:00+00:00
[2024-02-04T06:22:00.889+0000] {processor.py:179} INFO - Processing /usr/local/python/3.10.13/lib/python3.10/site-packages/airflow/example_dags/example_branch_day_of_week_operator.py took 0.118 seconds
[2024-02-04T06:22:52.223+0000] {processor.py:157} INFO - Started process (PID=12224) to work on /usr/local/python/3.10.13/lib/python3.10/site-packages/airflow/example_dags/example_branch_day_of_week_operator.py
[2024-02-04T06:22:52.224+0000] {processor.py:826} INFO - Processing file /usr/local/python/3.10.13/lib/python3.10/site-packages/airflow/example_dags/example_branch_day_of_week_operator.py for tasks to queue
[2024-02-04T06:22:52.224+0000] {logging_mixin.py:150} INFO - [2024-02-04T06:22:52.224+0000] {dagbag.py:541} INFO - Filling up the DagBag from /usr/local/python/3.10.13/lib/python3.10/site-packages/airflow/example_dags/example_branch_day_of_week_operator.py
[2024-02-04T06:22:52.231+0000] {processor.py:836} INFO - DAG(s) dict_keys(['example_weekday_branch_operator']) retrieved from /usr/local/python/3.10.13/lib/python3.10/site-packages/airflow/example_dags/example_branch_day_of_week_operator.py
[2024-02-04T06:22:52.245+0000] {logging_mixin.py:150} INFO - [2024-02-04T06:22:52.245+0000] {dag.py:2742} INFO - Sync 1 DAGs
[2024-02-04T06:22:52.262+0000] {logging_mixin.py:150} INFO - [2024-02-04T06:22:52.262+0000] {dag.py:3504} INFO - Setting next_dagrun for example_weekday_branch_operator to 2024-02-03T00:00:00+00:00, run_after=2024-02-04T00:00:00+00:00
[2024-02-04T06:22:52.310+0000] {processor.py:179} INFO - Processing /usr/local/python/3.10.13/lib/python3.10/site-packages/airflow/example_dags/example_branch_day_of_week_operator.py took 0.089 seconds
[2024-02-04T06:23:39.992+0000] {processor.py:157} INFO - Started process (PID=12807) to work on /usr/local/python/3.10.13/lib/python3.10/site-packages/airflow/example_dags/example_branch_day_of_week_operator.py
[2024-02-04T06:23:39.992+0000] {processor.py:826} INFO - Processing file /usr/local/python/3.10.13/lib/python3.10/site-packages/airflow/example_dags/example_branch_day_of_week_operator.py for tasks to queue
[2024-02-04T06:23:39.993+0000] {logging_mixin.py:150} INFO - [2024-02-04T06:23:39.993+0000] {dagbag.py:541} INFO - Filling up the DagBag from /usr/local/python/3.10.13/lib/python3.10/site-packages/airflow/example_dags/example_branch_day_of_week_operator.py
[2024-02-04T06:23:40.000+0000] {processor.py:836} INFO - DAG(s) dict_keys(['example_weekday_branch_operator']) retrieved from /usr/local/python/3.10.13/lib/python3.10/site-packages/airflow/example_dags/example_branch_day_of_week_operator.py
[2024-02-04T06:23:40.014+0000] {logging_mixin.py:150} INFO - [2024-02-04T06:23:40.014+0000] {dag.py:2742} INFO - Sync 1 DAGs
[2024-02-04T06:23:40.035+0000] {logging_mixin.py:150} INFO - [2024-02-04T06:23:40.035+0000] {dag.py:3504} INFO - Setting next_dagrun for example_weekday_branch_operator to 2024-02-03T00:00:00+00:00, run_after=2024-02-04T00:00:00+00:00
[2024-02-04T06:23:40.080+0000] {processor.py:179} INFO - Processing /usr/local/python/3.10.13/lib/python3.10/site-packages/airflow/example_dags/example_branch_day_of_week_operator.py took 0.091 seconds
[2024-02-04T06:24:26.444+0000] {processor.py:157} INFO - Started process (PID=13319) to work on /usr/local/python/3.10.13/lib/python3.10/site-packages/airflow/example_dags/example_branch_day_of_week_operator.py
[2024-02-04T06:24:26.445+0000] {processor.py:826} INFO - Processing file /usr/local/python/3.10.13/lib/python3.10/site-packages/airflow/example_dags/example_branch_day_of_week_operator.py for tasks to queue
[2024-02-04T06:24:26.446+0000] {logging_mixin.py:150} INFO - [2024-02-04T06:24:26.445+0000] {dagbag.py:541} INFO - Filling up the DagBag from /usr/local/python/3.10.13/lib/python3.10/site-packages/airflow/example_dags/example_branch_day_of_week_operator.py
[2024-02-04T06:24:26.455+0000] {processor.py:836} INFO - DAG(s) dict_keys(['example_weekday_branch_operator']) retrieved from /usr/local/python/3.10.13/lib/python3.10/site-packages/airflow/example_dags/example_branch_day_of_week_operator.py
[2024-02-04T06:24:26.479+0000] {logging_mixin.py:150} INFO - [2024-02-04T06:24:26.478+0000] {dag.py:2742} INFO - Sync 1 DAGs
[2024-02-04T06:24:26.520+0000] {logging_mixin.py:150} INFO - [2024-02-04T06:24:26.520+0000] {dag.py:3504} INFO - Setting next_dagrun for example_weekday_branch_operator to 2024-02-03T00:00:00+00:00, run_after=2024-02-04T00:00:00+00:00
[2024-02-04T06:24:26.592+0000] {processor.py:179} INFO - Processing /usr/local/python/3.10.13/lib/python3.10/site-packages/airflow/example_dags/example_branch_day_of_week_operator.py took 0.153 seconds
