[2024-02-04T06:17:40.663+0000] {processor.py:157} INFO - Started process (PID=8864) to work on /usr/local/python/3.10.13/lib/python3.10/site-packages/airflow/example_dags/example_branch_python_dop_operator_3.py
[2024-02-04T06:17:40.664+0000] {processor.py:826} INFO - Processing file /usr/local/python/3.10.13/lib/python3.10/site-packages/airflow/example_dags/example_branch_python_dop_operator_3.py for tasks to queue
[2024-02-04T06:17:40.665+0000] {logging_mixin.py:150} INFO - [2024-02-04T06:17:40.664+0000] {dagbag.py:541} INFO - Filling up the DagBag from /usr/local/python/3.10.13/lib/python3.10/site-packages/airflow/example_dags/example_branch_python_dop_operator_3.py
[2024-02-04T06:17:40.672+0000] {processor.py:836} INFO - DAG(s) dict_keys(['example_branch_dop_operator_v3']) retrieved from /usr/local/python/3.10.13/lib/python3.10/site-packages/airflow/example_dags/example_branch_python_dop_operator_3.py
[2024-02-04T06:17:40.840+0000] {logging_mixin.py:150} INFO - [2024-02-04T06:17:40.839+0000] {manager.py:504} INFO - Created Permission View: can edit on DAG:example_branch_dop_operator_v3
[2024-02-04T06:17:40.876+0000] {logging_mixin.py:150} INFO - [2024-02-04T06:17:40.876+0000] {manager.py:504} INFO - Created Permission View: can read on DAG:example_branch_dop_operator_v3
[2024-02-04T06:17:40.909+0000] {logging_mixin.py:150} INFO - [2024-02-04T06:17:40.909+0000] {manager.py:504} INFO - Created Permission View: can delete on DAG:example_branch_dop_operator_v3
[2024-02-04T06:17:40.919+0000] {logging_mixin.py:150} INFO - [2024-02-04T06:17:40.918+0000] {dag.py:2742} INFO - Sync 1 DAGs
[2024-02-04T06:17:40.926+0000] {logging_mixin.py:150} INFO - [2024-02-04T06:17:40.926+0000] {dag.py:2763} INFO - Creating ORM DAG for example_branch_dop_operator_v3
[2024-02-04T06:17:40.937+0000] {logging_mixin.py:150} INFO - [2024-02-04T06:17:40.937+0000] {dag.py:3504} INFO - Setting next_dagrun for example_branch_dop_operator_v3 to 2024-02-04T06:16:00+00:00, run_after=2024-02-04T06:17:00+00:00
[2024-02-04T06:17:40.987+0000] {processor.py:179} INFO - Processing /usr/local/python/3.10.13/lib/python3.10/site-packages/airflow/example_dags/example_branch_python_dop_operator_3.py took 0.327 seconds
[2024-02-04T06:18:32.025+0000] {processor.py:157} INFO - Started process (PID=9385) to work on /usr/local/python/3.10.13/lib/python3.10/site-packages/airflow/example_dags/example_branch_python_dop_operator_3.py
[2024-02-04T06:18:32.025+0000] {processor.py:826} INFO - Processing file /usr/local/python/3.10.13/lib/python3.10/site-packages/airflow/example_dags/example_branch_python_dop_operator_3.py for tasks to queue
[2024-02-04T06:18:32.026+0000] {logging_mixin.py:150} INFO - [2024-02-04T06:18:32.026+0000] {dagbag.py:541} INFO - Filling up the DagBag from /usr/local/python/3.10.13/lib/python3.10/site-packages/airflow/example_dags/example_branch_python_dop_operator_3.py
[2024-02-04T06:18:32.033+0000] {processor.py:836} INFO - DAG(s) dict_keys(['example_branch_dop_operator_v3']) retrieved from /usr/local/python/3.10.13/lib/python3.10/site-packages/airflow/example_dags/example_branch_python_dop_operator_3.py
[2024-02-04T06:18:32.046+0000] {logging_mixin.py:150} INFO - [2024-02-04T06:18:32.046+0000] {dag.py:2742} INFO - Sync 1 DAGs
[2024-02-04T06:18:32.066+0000] {logging_mixin.py:150} INFO - [2024-02-04T06:18:32.066+0000] {dag.py:3504} INFO - Setting next_dagrun for example_branch_dop_operator_v3 to 2024-02-04T06:17:00+00:00, run_after=2024-02-04T06:18:00+00:00
[2024-02-04T06:18:32.110+0000] {processor.py:179} INFO - Processing /usr/local/python/3.10.13/lib/python3.10/site-packages/airflow/example_dags/example_branch_python_dop_operator_3.py took 0.088 seconds
[2024-02-04T06:19:24.020+0000] {processor.py:157} INFO - Started process (PID=9917) to work on /usr/local/python/3.10.13/lib/python3.10/site-packages/airflow/example_dags/example_branch_python_dop_operator_3.py
[2024-02-04T06:19:24.021+0000] {processor.py:826} INFO - Processing file /usr/local/python/3.10.13/lib/python3.10/site-packages/airflow/example_dags/example_branch_python_dop_operator_3.py for tasks to queue
[2024-02-04T06:19:24.021+0000] {logging_mixin.py:150} INFO - [2024-02-04T06:19:24.021+0000] {dagbag.py:541} INFO - Filling up the DagBag from /usr/local/python/3.10.13/lib/python3.10/site-packages/airflow/example_dags/example_branch_python_dop_operator_3.py
[2024-02-04T06:19:24.029+0000] {processor.py:836} INFO - DAG(s) dict_keys(['example_branch_dop_operator_v3']) retrieved from /usr/local/python/3.10.13/lib/python3.10/site-packages/airflow/example_dags/example_branch_python_dop_operator_3.py
[2024-02-04T06:19:24.042+0000] {logging_mixin.py:150} INFO - [2024-02-04T06:19:24.041+0000] {dag.py:2742} INFO - Sync 1 DAGs
[2024-02-04T06:19:24.061+0000] {logging_mixin.py:150} INFO - [2024-02-04T06:19:24.061+0000] {dag.py:3504} INFO - Setting next_dagrun for example_branch_dop_operator_v3 to 2024-02-04T06:18:00+00:00, run_after=2024-02-04T06:19:00+00:00
[2024-02-04T06:19:24.106+0000] {processor.py:179} INFO - Processing /usr/local/python/3.10.13/lib/python3.10/site-packages/airflow/example_dags/example_branch_python_dop_operator_3.py took 0.088 seconds
[2024-02-04T06:20:17.395+0000] {processor.py:157} INFO - Started process (PID=10433) to work on /usr/local/python/3.10.13/lib/python3.10/site-packages/airflow/example_dags/example_branch_python_dop_operator_3.py
[2024-02-04T06:20:17.395+0000] {processor.py:826} INFO - Processing file /usr/local/python/3.10.13/lib/python3.10/site-packages/airflow/example_dags/example_branch_python_dop_operator_3.py for tasks to queue
[2024-02-04T06:20:17.396+0000] {logging_mixin.py:150} INFO - [2024-02-04T06:20:17.396+0000] {dagbag.py:541} INFO - Filling up the DagBag from /usr/local/python/3.10.13/lib/python3.10/site-packages/airflow/example_dags/example_branch_python_dop_operator_3.py
[2024-02-04T06:20:17.403+0000] {processor.py:836} INFO - DAG(s) dict_keys(['example_branch_dop_operator_v3']) retrieved from /usr/local/python/3.10.13/lib/python3.10/site-packages/airflow/example_dags/example_branch_python_dop_operator_3.py
[2024-02-04T06:20:17.416+0000] {logging_mixin.py:150} INFO - [2024-02-04T06:20:17.415+0000] {dag.py:2742} INFO - Sync 1 DAGs
[2024-02-04T06:20:17.438+0000] {logging_mixin.py:150} INFO - [2024-02-04T06:20:17.438+0000] {dag.py:3504} INFO - Setting next_dagrun for example_branch_dop_operator_v3 to 2024-02-04T06:19:00+00:00, run_after=2024-02-04T06:20:00+00:00
[2024-02-04T06:20:17.486+0000] {processor.py:179} INFO - Processing /usr/local/python/3.10.13/lib/python3.10/site-packages/airflow/example_dags/example_branch_python_dop_operator_3.py took 0.094 seconds
[2024-02-04T06:21:12.625+0000] {processor.py:157} INFO - Started process (PID=11001) to work on /usr/local/python/3.10.13/lib/python3.10/site-packages/airflow/example_dags/example_branch_python_dop_operator_3.py
[2024-02-04T06:21:12.625+0000] {processor.py:826} INFO - Processing file /usr/local/python/3.10.13/lib/python3.10/site-packages/airflow/example_dags/example_branch_python_dop_operator_3.py for tasks to queue
[2024-02-04T06:21:12.626+0000] {logging_mixin.py:150} INFO - [2024-02-04T06:21:12.626+0000] {dagbag.py:541} INFO - Filling up the DagBag from /usr/local/python/3.10.13/lib/python3.10/site-packages/airflow/example_dags/example_branch_python_dop_operator_3.py
[2024-02-04T06:21:12.633+0000] {processor.py:836} INFO - DAG(s) dict_keys(['example_branch_dop_operator_v3']) retrieved from /usr/local/python/3.10.13/lib/python3.10/site-packages/airflow/example_dags/example_branch_python_dop_operator_3.py
[2024-02-04T06:21:12.652+0000] {logging_mixin.py:150} INFO - [2024-02-04T06:21:12.651+0000] {dag.py:2742} INFO - Sync 1 DAGs
[2024-02-04T06:21:12.692+0000] {logging_mixin.py:150} INFO - [2024-02-04T06:21:12.692+0000] {dag.py:3504} INFO - Setting next_dagrun for example_branch_dop_operator_v3 to 2024-02-04T06:20:00+00:00, run_after=2024-02-04T06:21:00+00:00
[2024-02-04T06:21:12.798+0000] {processor.py:179} INFO - Processing /usr/local/python/3.10.13/lib/python3.10/site-packages/airflow/example_dags/example_branch_python_dop_operator_3.py took 0.174 seconds
[2024-02-04T06:22:02.007+0000] {processor.py:157} INFO - Started process (PID=11572) to work on /usr/local/python/3.10.13/lib/python3.10/site-packages/airflow/example_dags/example_branch_python_dop_operator_3.py
[2024-02-04T06:22:02.008+0000] {processor.py:826} INFO - Processing file /usr/local/python/3.10.13/lib/python3.10/site-packages/airflow/example_dags/example_branch_python_dop_operator_3.py for tasks to queue
[2024-02-04T06:22:02.009+0000] {logging_mixin.py:150} INFO - [2024-02-04T06:22:02.008+0000] {dagbag.py:541} INFO - Filling up the DagBag from /usr/local/python/3.10.13/lib/python3.10/site-packages/airflow/example_dags/example_branch_python_dop_operator_3.py
[2024-02-04T06:22:02.015+0000] {processor.py:836} INFO - DAG(s) dict_keys(['example_branch_dop_operator_v3']) retrieved from /usr/local/python/3.10.13/lib/python3.10/site-packages/airflow/example_dags/example_branch_python_dop_operator_3.py
[2024-02-04T06:22:02.028+0000] {logging_mixin.py:150} INFO - [2024-02-04T06:22:02.028+0000] {dag.py:2742} INFO - Sync 1 DAGs
[2024-02-04T06:22:02.051+0000] {logging_mixin.py:150} INFO - [2024-02-04T06:22:02.051+0000] {dag.py:3504} INFO - Setting next_dagrun for example_branch_dop_operator_v3 to 2024-02-04T06:21:00+00:00, run_after=2024-02-04T06:22:00+00:00
[2024-02-04T06:22:02.096+0000] {processor.py:179} INFO - Processing /usr/local/python/3.10.13/lib/python3.10/site-packages/airflow/example_dags/example_branch_python_dop_operator_3.py took 0.091 seconds
[2024-02-04T06:22:53.388+0000] {processor.py:157} INFO - Started process (PID=12240) to work on /usr/local/python/3.10.13/lib/python3.10/site-packages/airflow/example_dags/example_branch_python_dop_operator_3.py
[2024-02-04T06:22:53.389+0000] {processor.py:826} INFO - Processing file /usr/local/python/3.10.13/lib/python3.10/site-packages/airflow/example_dags/example_branch_python_dop_operator_3.py for tasks to queue
[2024-02-04T06:22:53.389+0000] {logging_mixin.py:150} INFO - [2024-02-04T06:22:53.389+0000] {dagbag.py:541} INFO - Filling up the DagBag from /usr/local/python/3.10.13/lib/python3.10/site-packages/airflow/example_dags/example_branch_python_dop_operator_3.py
[2024-02-04T06:22:53.402+0000] {processor.py:836} INFO - DAG(s) dict_keys(['example_branch_dop_operator_v3']) retrieved from /usr/local/python/3.10.13/lib/python3.10/site-packages/airflow/example_dags/example_branch_python_dop_operator_3.py
[2024-02-04T06:22:53.421+0000] {logging_mixin.py:150} INFO - [2024-02-04T06:22:53.421+0000] {dag.py:2742} INFO - Sync 1 DAGs
[2024-02-04T06:22:53.444+0000] {logging_mixin.py:150} INFO - [2024-02-04T06:22:53.444+0000] {dag.py:3504} INFO - Setting next_dagrun for example_branch_dop_operator_v3 to 2024-02-04T06:21:00+00:00, run_after=2024-02-04T06:22:00+00:00
[2024-02-04T06:22:53.500+0000] {processor.py:179} INFO - Processing /usr/local/python/3.10.13/lib/python3.10/site-packages/airflow/example_dags/example_branch_python_dop_operator_3.py took 0.114 seconds
[2024-02-04T06:23:41.096+0000] {processor.py:157} INFO - Started process (PID=12834) to work on /usr/local/python/3.10.13/lib/python3.10/site-packages/airflow/example_dags/example_branch_python_dop_operator_3.py
[2024-02-04T06:23:41.096+0000] {processor.py:826} INFO - Processing file /usr/local/python/3.10.13/lib/python3.10/site-packages/airflow/example_dags/example_branch_python_dop_operator_3.py for tasks to queue
[2024-02-04T06:23:41.097+0000] {logging_mixin.py:150} INFO - [2024-02-04T06:23:41.097+0000] {dagbag.py:541} INFO - Filling up the DagBag from /usr/local/python/3.10.13/lib/python3.10/site-packages/airflow/example_dags/example_branch_python_dop_operator_3.py
[2024-02-04T06:23:41.105+0000] {processor.py:836} INFO - DAG(s) dict_keys(['example_branch_dop_operator_v3']) retrieved from /usr/local/python/3.10.13/lib/python3.10/site-packages/airflow/example_dags/example_branch_python_dop_operator_3.py
[2024-02-04T06:23:41.119+0000] {logging_mixin.py:150} INFO - [2024-02-04T06:23:41.119+0000] {dag.py:2742} INFO - Sync 1 DAGs
[2024-02-04T06:23:41.141+0000] {logging_mixin.py:150} INFO - [2024-02-04T06:23:41.141+0000] {dag.py:3504} INFO - Setting next_dagrun for example_branch_dop_operator_v3 to 2024-02-04T06:22:00+00:00, run_after=2024-02-04T06:23:00+00:00
[2024-02-04T06:23:41.187+0000] {processor.py:179} INFO - Processing /usr/local/python/3.10.13/lib/python3.10/site-packages/airflow/example_dags/example_branch_python_dop_operator_3.py took 0.094 seconds
[2024-02-04T06:24:27.699+0000] {processor.py:157} INFO - Started process (PID=13344) to work on /usr/local/python/3.10.13/lib/python3.10/site-packages/airflow/example_dags/example_branch_python_dop_operator_3.py
[2024-02-04T06:24:27.700+0000] {processor.py:826} INFO - Processing file /usr/local/python/3.10.13/lib/python3.10/site-packages/airflow/example_dags/example_branch_python_dop_operator_3.py for tasks to queue
[2024-02-04T06:24:27.701+0000] {logging_mixin.py:150} INFO - [2024-02-04T06:24:27.700+0000] {dagbag.py:541} INFO - Filling up the DagBag from /usr/local/python/3.10.13/lib/python3.10/site-packages/airflow/example_dags/example_branch_python_dop_operator_3.py
[2024-02-04T06:24:27.707+0000] {processor.py:836} INFO - DAG(s) dict_keys(['example_branch_dop_operator_v3']) retrieved from /usr/local/python/3.10.13/lib/python3.10/site-packages/airflow/example_dags/example_branch_python_dop_operator_3.py
[2024-02-04T06:24:27.722+0000] {logging_mixin.py:150} INFO - [2024-02-04T06:24:27.722+0000] {dag.py:2742} INFO - Sync 1 DAGs
[2024-02-04T06:24:27.744+0000] {logging_mixin.py:150} INFO - [2024-02-04T06:24:27.744+0000] {dag.py:3504} INFO - Setting next_dagrun for example_branch_dop_operator_v3 to 2024-02-04T06:23:00+00:00, run_after=2024-02-04T06:24:00+00:00
[2024-02-04T06:24:27.826+0000] {processor.py:179} INFO - Processing /usr/local/python/3.10.13/lib/python3.10/site-packages/airflow/example_dags/example_branch_python_dop_operator_3.py took 0.129 seconds
