[2024-02-04T06:17:37.088+0000] {processor.py:157} INFO - Started process (PID=8811) to work on /usr/local/python/3.10.13/lib/python3.10/site-packages/airflow/example_dags/example_branch_operator.py
[2024-02-04T06:17:37.089+0000] {processor.py:826} INFO - Processing file /usr/local/python/3.10.13/lib/python3.10/site-packages/airflow/example_dags/example_branch_operator.py for tasks to queue
[2024-02-04T06:17:37.089+0000] {logging_mixin.py:150} INFO - [2024-02-04T06:17:37.089+0000] {dagbag.py:541} INFO - Filling up the DagBag from /usr/local/python/3.10.13/lib/python3.10/site-packages/airflow/example_dags/example_branch_operator.py
[2024-02-04T06:17:37.096+0000] {processor.py:836} INFO - DAG(s) dict_keys(['example_branch_operator']) retrieved from /usr/local/python/3.10.13/lib/python3.10/site-packages/airflow/example_dags/example_branch_operator.py
[2024-02-04T06:17:37.246+0000] {logging_mixin.py:150} INFO - [2024-02-04T06:17:37.245+0000] {manager.py:504} INFO - Created Permission View: can edit on DAG:example_branch_operator
[2024-02-04T06:17:37.284+0000] {logging_mixin.py:150} INFO - [2024-02-04T06:17:37.283+0000] {manager.py:504} INFO - Created Permission View: can read on DAG:example_branch_operator
[2024-02-04T06:17:37.317+0000] {logging_mixin.py:150} INFO - [2024-02-04T06:17:37.317+0000] {manager.py:504} INFO - Created Permission View: can delete on DAG:example_branch_operator
[2024-02-04T06:17:37.327+0000] {logging_mixin.py:150} INFO - [2024-02-04T06:17:37.326+0000] {dag.py:2742} INFO - Sync 1 DAGs
[2024-02-04T06:17:37.334+0000] {logging_mixin.py:150} INFO - [2024-02-04T06:17:37.334+0000] {dag.py:2763} INFO - Creating ORM DAG for example_branch_operator
[2024-02-04T06:17:37.342+0000] {logging_mixin.py:150} INFO - [2024-02-04T06:17:37.342+0000] {dag.py:3504} INFO - Setting next_dagrun for example_branch_operator to 2024-02-03T00:00:00+00:00, run_after=2024-02-04T00:00:00+00:00
[2024-02-04T06:17:37.394+0000] {processor.py:179} INFO - Processing /usr/local/python/3.10.13/lib/python3.10/site-packages/airflow/example_dags/example_branch_operator.py took 0.308 seconds
[2024-02-04T06:18:27.639+0000] {processor.py:157} INFO - Started process (PID=9328) to work on /usr/local/python/3.10.13/lib/python3.10/site-packages/airflow/example_dags/example_branch_operator.py
[2024-02-04T06:18:27.640+0000] {processor.py:826} INFO - Processing file /usr/local/python/3.10.13/lib/python3.10/site-packages/airflow/example_dags/example_branch_operator.py for tasks to queue
[2024-02-04T06:18:27.640+0000] {logging_mixin.py:150} INFO - [2024-02-04T06:18:27.640+0000] {dagbag.py:541} INFO - Filling up the DagBag from /usr/local/python/3.10.13/lib/python3.10/site-packages/airflow/example_dags/example_branch_operator.py
[2024-02-04T06:18:27.648+0000] {processor.py:836} INFO - DAG(s) dict_keys(['example_branch_operator']) retrieved from /usr/local/python/3.10.13/lib/python3.10/site-packages/airflow/example_dags/example_branch_operator.py
[2024-02-04T06:18:27.666+0000] {logging_mixin.py:150} INFO - [2024-02-04T06:18:27.665+0000] {dag.py:2742} INFO - Sync 1 DAGs
[2024-02-04T06:18:27.684+0000] {logging_mixin.py:150} INFO - [2024-02-04T06:18:27.684+0000] {dag.py:3504} INFO - Setting next_dagrun for example_branch_operator to 2024-02-03T00:00:00+00:00, run_after=2024-02-04T00:00:00+00:00
[2024-02-04T06:18:27.788+0000] {processor.py:179} INFO - Processing /usr/local/python/3.10.13/lib/python3.10/site-packages/airflow/example_dags/example_branch_operator.py took 0.152 seconds
[2024-02-04T06:19:19.971+0000] {processor.py:157} INFO - Started process (PID=9864) to work on /usr/local/python/3.10.13/lib/python3.10/site-packages/airflow/example_dags/example_branch_operator.py
[2024-02-04T06:19:19.971+0000] {processor.py:826} INFO - Processing file /usr/local/python/3.10.13/lib/python3.10/site-packages/airflow/example_dags/example_branch_operator.py for tasks to queue
[2024-02-04T06:19:19.972+0000] {logging_mixin.py:150} INFO - [2024-02-04T06:19:19.972+0000] {dagbag.py:541} INFO - Filling up the DagBag from /usr/local/python/3.10.13/lib/python3.10/site-packages/airflow/example_dags/example_branch_operator.py
[2024-02-04T06:19:19.981+0000] {processor.py:836} INFO - DAG(s) dict_keys(['example_branch_operator']) retrieved from /usr/local/python/3.10.13/lib/python3.10/site-packages/airflow/example_dags/example_branch_operator.py
[2024-02-04T06:19:19.996+0000] {logging_mixin.py:150} INFO - [2024-02-04T06:19:19.996+0000] {dag.py:2742} INFO - Sync 1 DAGs
[2024-02-04T06:19:20.014+0000] {logging_mixin.py:150} INFO - [2024-02-04T06:19:20.014+0000] {dag.py:3504} INFO - Setting next_dagrun for example_branch_operator to 2024-02-03T00:00:00+00:00, run_after=2024-02-04T00:00:00+00:00
[2024-02-04T06:19:20.063+0000] {processor.py:179} INFO - Processing /usr/local/python/3.10.13/lib/python3.10/site-packages/airflow/example_dags/example_branch_operator.py took 0.095 seconds
[2024-02-04T06:20:11.970+0000] {processor.py:157} INFO - Started process (PID=10399) to work on /usr/local/python/3.10.13/lib/python3.10/site-packages/airflow/example_dags/example_branch_operator.py
[2024-02-04T06:20:11.971+0000] {processor.py:826} INFO - Processing file /usr/local/python/3.10.13/lib/python3.10/site-packages/airflow/example_dags/example_branch_operator.py for tasks to queue
[2024-02-04T06:20:11.972+0000] {logging_mixin.py:150} INFO - [2024-02-04T06:20:11.971+0000] {dagbag.py:541} INFO - Filling up the DagBag from /usr/local/python/3.10.13/lib/python3.10/site-packages/airflow/example_dags/example_branch_operator.py
[2024-02-04T06:20:11.985+0000] {processor.py:836} INFO - DAG(s) dict_keys(['example_branch_operator']) retrieved from /usr/local/python/3.10.13/lib/python3.10/site-packages/airflow/example_dags/example_branch_operator.py
[2024-02-04T06:20:12.102+0000] {logging_mixin.py:150} INFO - [2024-02-04T06:20:12.102+0000] {dag.py:2742} INFO - Sync 1 DAGs
[2024-02-04T06:20:12.342+0000] {logging_mixin.py:150} INFO - [2024-02-04T06:20:12.342+0000] {dag.py:3504} INFO - Setting next_dagrun for example_branch_operator to 2024-02-03T00:00:00+00:00, run_after=2024-02-04T00:00:00+00:00
[2024-02-04T06:20:12.466+0000] {processor.py:179} INFO - Processing /usr/local/python/3.10.13/lib/python3.10/site-packages/airflow/example_dags/example_branch_operator.py took 0.502 seconds
[2024-02-04T06:21:08.660+0000] {processor.py:157} INFO - Started process (PID=10967) to work on /usr/local/python/3.10.13/lib/python3.10/site-packages/airflow/example_dags/example_branch_operator.py
[2024-02-04T06:21:08.661+0000] {processor.py:826} INFO - Processing file /usr/local/python/3.10.13/lib/python3.10/site-packages/airflow/example_dags/example_branch_operator.py for tasks to queue
[2024-02-04T06:21:08.661+0000] {logging_mixin.py:150} INFO - [2024-02-04T06:21:08.661+0000] {dagbag.py:541} INFO - Filling up the DagBag from /usr/local/python/3.10.13/lib/python3.10/site-packages/airflow/example_dags/example_branch_operator.py
[2024-02-04T06:21:08.669+0000] {processor.py:836} INFO - DAG(s) dict_keys(['example_branch_operator']) retrieved from /usr/local/python/3.10.13/lib/python3.10/site-packages/airflow/example_dags/example_branch_operator.py
[2024-02-04T06:21:08.684+0000] {logging_mixin.py:150} INFO - [2024-02-04T06:21:08.684+0000] {dag.py:2742} INFO - Sync 1 DAGs
[2024-02-04T06:21:08.702+0000] {logging_mixin.py:150} INFO - [2024-02-04T06:21:08.701+0000] {dag.py:3504} INFO - Setting next_dagrun for example_branch_operator to 2024-02-03T00:00:00+00:00, run_after=2024-02-04T00:00:00+00:00
[2024-02-04T06:21:08.781+0000] {processor.py:179} INFO - Processing /usr/local/python/3.10.13/lib/python3.10/site-packages/airflow/example_dags/example_branch_operator.py took 0.123 seconds
[2024-02-04T06:21:57.076+0000] {processor.py:157} INFO - Started process (PID=11538) to work on /usr/local/python/3.10.13/lib/python3.10/site-packages/airflow/example_dags/example_branch_operator.py
[2024-02-04T06:21:57.076+0000] {processor.py:826} INFO - Processing file /usr/local/python/3.10.13/lib/python3.10/site-packages/airflow/example_dags/example_branch_operator.py for tasks to queue
[2024-02-04T06:21:57.077+0000] {logging_mixin.py:150} INFO - [2024-02-04T06:21:57.077+0000] {dagbag.py:541} INFO - Filling up the DagBag from /usr/local/python/3.10.13/lib/python3.10/site-packages/airflow/example_dags/example_branch_operator.py
[2024-02-04T06:21:57.084+0000] {processor.py:836} INFO - DAG(s) dict_keys(['example_branch_operator']) retrieved from /usr/local/python/3.10.13/lib/python3.10/site-packages/airflow/example_dags/example_branch_operator.py
[2024-02-04T06:21:57.098+0000] {logging_mixin.py:150} INFO - [2024-02-04T06:21:57.098+0000] {dag.py:2742} INFO - Sync 1 DAGs
[2024-02-04T06:21:57.116+0000] {logging_mixin.py:150} INFO - [2024-02-04T06:21:57.116+0000] {dag.py:3504} INFO - Setting next_dagrun for example_branch_operator to 2024-02-03T00:00:00+00:00, run_after=2024-02-04T00:00:00+00:00
[2024-02-04T06:21:57.161+0000] {processor.py:179} INFO - Processing /usr/local/python/3.10.13/lib/python3.10/site-packages/airflow/example_dags/example_branch_operator.py took 0.087 seconds
[2024-02-04T06:22:49.581+0000] {processor.py:157} INFO - Started process (PID=12184) to work on /usr/local/python/3.10.13/lib/python3.10/site-packages/airflow/example_dags/example_branch_operator.py
[2024-02-04T06:22:49.582+0000] {processor.py:826} INFO - Processing file /usr/local/python/3.10.13/lib/python3.10/site-packages/airflow/example_dags/example_branch_operator.py for tasks to queue
[2024-02-04T06:22:49.582+0000] {logging_mixin.py:150} INFO - [2024-02-04T06:22:49.582+0000] {dagbag.py:541} INFO - Filling up the DagBag from /usr/local/python/3.10.13/lib/python3.10/site-packages/airflow/example_dags/example_branch_operator.py
[2024-02-04T06:22:49.590+0000] {processor.py:836} INFO - DAG(s) dict_keys(['example_branch_operator']) retrieved from /usr/local/python/3.10.13/lib/python3.10/site-packages/airflow/example_dags/example_branch_operator.py
[2024-02-04T06:22:49.606+0000] {logging_mixin.py:150} INFO - [2024-02-04T06:22:49.606+0000] {dag.py:2742} INFO - Sync 1 DAGs
[2024-02-04T06:22:49.625+0000] {logging_mixin.py:150} INFO - [2024-02-04T06:22:49.625+0000] {dag.py:3504} INFO - Setting next_dagrun for example_branch_operator to 2024-02-03T00:00:00+00:00, run_after=2024-02-04T00:00:00+00:00
[2024-02-04T06:22:49.668+0000] {processor.py:179} INFO - Processing /usr/local/python/3.10.13/lib/python3.10/site-packages/airflow/example_dags/example_branch_operator.py took 0.089 seconds
[2024-02-04T06:23:37.131+0000] {processor.py:157} INFO - Started process (PID=12782) to work on /usr/local/python/3.10.13/lib/python3.10/site-packages/airflow/example_dags/example_branch_operator.py
[2024-02-04T06:23:37.131+0000] {processor.py:826} INFO - Processing file /usr/local/python/3.10.13/lib/python3.10/site-packages/airflow/example_dags/example_branch_operator.py for tasks to queue
[2024-02-04T06:23:37.132+0000] {logging_mixin.py:150} INFO - [2024-02-04T06:23:37.132+0000] {dagbag.py:541} INFO - Filling up the DagBag from /usr/local/python/3.10.13/lib/python3.10/site-packages/airflow/example_dags/example_branch_operator.py
[2024-02-04T06:23:37.141+0000] {processor.py:836} INFO - DAG(s) dict_keys(['example_branch_operator']) retrieved from /usr/local/python/3.10.13/lib/python3.10/site-packages/airflow/example_dags/example_branch_operator.py
[2024-02-04T06:23:37.168+0000] {logging_mixin.py:150} INFO - [2024-02-04T06:23:37.168+0000] {dag.py:2742} INFO - Sync 1 DAGs
[2024-02-04T06:23:37.201+0000] {logging_mixin.py:150} INFO - [2024-02-04T06:23:37.201+0000] {dag.py:3504} INFO - Setting next_dagrun for example_branch_operator to 2024-02-03T00:00:00+00:00, run_after=2024-02-04T00:00:00+00:00
[2024-02-04T06:23:37.251+0000] {processor.py:179} INFO - Processing /usr/local/python/3.10.13/lib/python3.10/site-packages/airflow/example_dags/example_branch_operator.py took 0.122 seconds
[2024-02-04T06:24:22.657+0000] {processor.py:157} INFO - Started process (PID=13292) to work on /usr/local/python/3.10.13/lib/python3.10/site-packages/airflow/example_dags/example_branch_operator.py
[2024-02-04T06:24:22.658+0000] {processor.py:826} INFO - Processing file /usr/local/python/3.10.13/lib/python3.10/site-packages/airflow/example_dags/example_branch_operator.py for tasks to queue
[2024-02-04T06:24:22.658+0000] {logging_mixin.py:150} INFO - [2024-02-04T06:24:22.658+0000] {dagbag.py:541} INFO - Filling up the DagBag from /usr/local/python/3.10.13/lib/python3.10/site-packages/airflow/example_dags/example_branch_operator.py
[2024-02-04T06:24:22.666+0000] {processor.py:836} INFO - DAG(s) dict_keys(['example_branch_operator']) retrieved from /usr/local/python/3.10.13/lib/python3.10/site-packages/airflow/example_dags/example_branch_operator.py
[2024-02-04T06:24:22.681+0000] {logging_mixin.py:150} INFO - [2024-02-04T06:24:22.681+0000] {dag.py:2742} INFO - Sync 1 DAGs
[2024-02-04T06:24:22.698+0000] {logging_mixin.py:150} INFO - [2024-02-04T06:24:22.698+0000] {dag.py:3504} INFO - Setting next_dagrun for example_branch_operator to 2024-02-03T00:00:00+00:00, run_after=2024-02-04T00:00:00+00:00
[2024-02-04T06:24:22.782+0000] {processor.py:179} INFO - Processing /usr/local/python/3.10.13/lib/python3.10/site-packages/airflow/example_dags/example_branch_operator.py took 0.127 seconds
