[2024-02-04T06:17:16.896+0000] {processor.py:157} INFO - Started process (PID=8626) to work on /usr/local/python/3.10.13/lib/python3.10/site-packages/airflow/example_dags/example_short_circuit_operator.py
[2024-02-04T06:17:16.897+0000] {processor.py:826} INFO - Processing file /usr/local/python/3.10.13/lib/python3.10/site-packages/airflow/example_dags/example_short_circuit_operator.py for tasks to queue
[2024-02-04T06:17:16.898+0000] {logging_mixin.py:150} INFO - [2024-02-04T06:17:16.897+0000] {dagbag.py:541} INFO - Filling up the DagBag from /usr/local/python/3.10.13/lib/python3.10/site-packages/airflow/example_dags/example_short_circuit_operator.py
[2024-02-04T06:17:16.909+0000] {processor.py:836} INFO - DAG(s) dict_keys(['example_short_circuit_operator']) retrieved from /usr/local/python/3.10.13/lib/python3.10/site-packages/airflow/example_dags/example_short_circuit_operator.py
[2024-02-04T06:17:17.085+0000] {logging_mixin.py:150} INFO - [2024-02-04T06:17:17.084+0000] {manager.py:504} INFO - Created Permission View: can edit on DAG:example_short_circuit_operator
[2024-02-04T06:17:17.119+0000] {logging_mixin.py:150} INFO - [2024-02-04T06:17:17.118+0000] {manager.py:504} INFO - Created Permission View: can read on DAG:example_short_circuit_operator
[2024-02-04T06:17:17.165+0000] {logging_mixin.py:150} INFO - [2024-02-04T06:17:17.165+0000] {manager.py:504} INFO - Created Permission View: can delete on DAG:example_short_circuit_operator
[2024-02-04T06:17:17.176+0000] {logging_mixin.py:150} INFO - [2024-02-04T06:17:17.176+0000] {dag.py:2742} INFO - Sync 1 DAGs
[2024-02-04T06:17:17.184+0000] {logging_mixin.py:150} INFO - [2024-02-04T06:17:17.184+0000] {dag.py:2763} INFO - Creating ORM DAG for example_short_circuit_operator
[2024-02-04T06:17:17.191+0000] {logging_mixin.py:150} INFO - [2024-02-04T06:17:17.190+0000] {dag.py:3504} INFO - Setting next_dagrun for example_short_circuit_operator to 2024-02-03T06:17:17.190810+00:00, run_after=2024-02-04T06:17:17.190810+00:00
[2024-02-04T06:17:17.240+0000] {processor.py:179} INFO - Processing /usr/local/python/3.10.13/lib/python3.10/site-packages/airflow/example_dags/example_short_circuit_operator.py took 0.347 seconds
[2024-02-04T06:18:12.025+0000] {processor.py:157} INFO - Started process (PID=9174) to work on /usr/local/python/3.10.13/lib/python3.10/site-packages/airflow/example_dags/example_short_circuit_operator.py
[2024-02-04T06:18:12.025+0000] {processor.py:826} INFO - Processing file /usr/local/python/3.10.13/lib/python3.10/site-packages/airflow/example_dags/example_short_circuit_operator.py for tasks to queue
[2024-02-04T06:18:12.026+0000] {logging_mixin.py:150} INFO - [2024-02-04T06:18:12.026+0000] {dagbag.py:541} INFO - Filling up the DagBag from /usr/local/python/3.10.13/lib/python3.10/site-packages/airflow/example_dags/example_short_circuit_operator.py
[2024-02-04T06:18:12.033+0000] {processor.py:836} INFO - DAG(s) dict_keys(['example_short_circuit_operator']) retrieved from /usr/local/python/3.10.13/lib/python3.10/site-packages/airflow/example_dags/example_short_circuit_operator.py
[2024-02-04T06:18:12.047+0000] {logging_mixin.py:150} INFO - [2024-02-04T06:18:12.047+0000] {dag.py:2742} INFO - Sync 1 DAGs
[2024-02-04T06:18:12.063+0000] {logging_mixin.py:150} INFO - [2024-02-04T06:18:12.062+0000] {dag.py:3504} INFO - Setting next_dagrun for example_short_circuit_operator to 2024-02-03T06:18:12.062707+00:00, run_after=2024-02-04T06:18:12.062707+00:00
[2024-02-04T06:18:12.108+0000] {processor.py:179} INFO - Processing /usr/local/python/3.10.13/lib/python3.10/site-packages/airflow/example_dags/example_short_circuit_operator.py took 0.087 seconds
[2024-02-04T06:18:59.165+0000] {processor.py:157} INFO - Started process (PID=9654) to work on /usr/local/python/3.10.13/lib/python3.10/site-packages/airflow/example_dags/example_short_circuit_operator.py
[2024-02-04T06:18:59.165+0000] {processor.py:826} INFO - Processing file /usr/local/python/3.10.13/lib/python3.10/site-packages/airflow/example_dags/example_short_circuit_operator.py for tasks to queue
[2024-02-04T06:18:59.166+0000] {logging_mixin.py:150} INFO - [2024-02-04T06:18:59.166+0000] {dagbag.py:541} INFO - Filling up the DagBag from /usr/local/python/3.10.13/lib/python3.10/site-packages/airflow/example_dags/example_short_circuit_operator.py
[2024-02-04T06:18:59.173+0000] {processor.py:836} INFO - DAG(s) dict_keys(['example_short_circuit_operator']) retrieved from /usr/local/python/3.10.13/lib/python3.10/site-packages/airflow/example_dags/example_short_circuit_operator.py
[2024-02-04T06:18:59.188+0000] {logging_mixin.py:150} INFO - [2024-02-04T06:18:59.188+0000] {dag.py:2742} INFO - Sync 1 DAGs
[2024-02-04T06:18:59.207+0000] {logging_mixin.py:150} INFO - [2024-02-04T06:18:59.207+0000] {dag.py:3504} INFO - Setting next_dagrun for example_short_circuit_operator to 2024-02-03T06:18:59.207409+00:00, run_after=2024-02-04T06:18:59.207409+00:00
[2024-02-04T06:18:59.250+0000] {processor.py:179} INFO - Processing /usr/local/python/3.10.13/lib/python3.10/site-packages/airflow/example_dags/example_short_circuit_operator.py took 0.088 seconds
[2024-02-04T06:19:51.324+0000] {processor.py:157} INFO - Started process (PID=10195) to work on /usr/local/python/3.10.13/lib/python3.10/site-packages/airflow/example_dags/example_short_circuit_operator.py
[2024-02-04T06:19:51.325+0000] {processor.py:826} INFO - Processing file /usr/local/python/3.10.13/lib/python3.10/site-packages/airflow/example_dags/example_short_circuit_operator.py for tasks to queue
[2024-02-04T06:19:51.326+0000] {logging_mixin.py:150} INFO - [2024-02-04T06:19:51.326+0000] {dagbag.py:541} INFO - Filling up the DagBag from /usr/local/python/3.10.13/lib/python3.10/site-packages/airflow/example_dags/example_short_circuit_operator.py
[2024-02-04T06:19:51.336+0000] {processor.py:836} INFO - DAG(s) dict_keys(['example_short_circuit_operator']) retrieved from /usr/local/python/3.10.13/lib/python3.10/site-packages/airflow/example_dags/example_short_circuit_operator.py
[2024-02-04T06:19:51.360+0000] {logging_mixin.py:150} INFO - [2024-02-04T06:19:51.359+0000] {dag.py:2742} INFO - Sync 1 DAGs
[2024-02-04T06:19:51.383+0000] {logging_mixin.py:150} INFO - [2024-02-04T06:19:51.383+0000] {dag.py:3504} INFO - Setting next_dagrun for example_short_circuit_operator to 2024-02-03T06:19:51.383340+00:00, run_after=2024-02-04T06:19:51.383340+00:00
[2024-02-04T06:19:51.428+0000] {processor.py:179} INFO - Processing /usr/local/python/3.10.13/lib/python3.10/site-packages/airflow/example_dags/example_short_circuit_operator.py took 0.107 seconds
[2024-02-04T06:20:35.538+0000] {processor.py:157} INFO - Started process (PID=10622) to work on /usr/local/python/3.10.13/lib/python3.10/site-packages/airflow/example_dags/example_short_circuit_operator.py
[2024-02-04T06:20:35.538+0000] {processor.py:826} INFO - Processing file /usr/local/python/3.10.13/lib/python3.10/site-packages/airflow/example_dags/example_short_circuit_operator.py for tasks to queue
[2024-02-04T06:20:35.539+0000] {logging_mixin.py:150} INFO - [2024-02-04T06:20:35.539+0000] {dagbag.py:541} INFO - Filling up the DagBag from /usr/local/python/3.10.13/lib/python3.10/site-packages/airflow/example_dags/example_short_circuit_operator.py
[2024-02-04T06:20:35.545+0000] {processor.py:836} INFO - DAG(s) dict_keys(['example_short_circuit_operator']) retrieved from /usr/local/python/3.10.13/lib/python3.10/site-packages/airflow/example_dags/example_short_circuit_operator.py
[2024-02-04T06:20:35.560+0000] {logging_mixin.py:150} INFO - [2024-02-04T06:20:35.560+0000] {dag.py:2742} INFO - Sync 1 DAGs
[2024-02-04T06:20:35.575+0000] {logging_mixin.py:150} INFO - [2024-02-04T06:20:35.575+0000] {dag.py:3504} INFO - Setting next_dagrun for example_short_circuit_operator to 2024-02-03T06:20:35.575233+00:00, run_after=2024-02-04T06:20:35.575233+00:00
[2024-02-04T06:20:35.620+0000] {processor.py:179} INFO - Processing /usr/local/python/3.10.13/lib/python3.10/site-packages/airflow/example_dags/example_short_circuit_operator.py took 0.084 seconds
[2024-02-04T06:21:27.139+0000] {processor.py:157} INFO - Started process (PID=11189) to work on /usr/local/python/3.10.13/lib/python3.10/site-packages/airflow/example_dags/example_short_circuit_operator.py
[2024-02-04T06:21:27.140+0000] {processor.py:826} INFO - Processing file /usr/local/python/3.10.13/lib/python3.10/site-packages/airflow/example_dags/example_short_circuit_operator.py for tasks to queue
[2024-02-04T06:21:27.141+0000] {logging_mixin.py:150} INFO - [2024-02-04T06:21:27.140+0000] {dagbag.py:541} INFO - Filling up the DagBag from /usr/local/python/3.10.13/lib/python3.10/site-packages/airflow/example_dags/example_short_circuit_operator.py
[2024-02-04T06:21:27.147+0000] {processor.py:836} INFO - DAG(s) dict_keys(['example_short_circuit_operator']) retrieved from /usr/local/python/3.10.13/lib/python3.10/site-packages/airflow/example_dags/example_short_circuit_operator.py
[2024-02-04T06:21:27.163+0000] {logging_mixin.py:150} INFO - [2024-02-04T06:21:27.163+0000] {dag.py:2742} INFO - Sync 1 DAGs
[2024-02-04T06:21:27.183+0000] {logging_mixin.py:150} INFO - [2024-02-04T06:21:27.183+0000] {dag.py:3504} INFO - Setting next_dagrun for example_short_circuit_operator to 2024-02-03T06:21:27.183404+00:00, run_after=2024-02-04T06:21:27.183404+00:00
[2024-02-04T06:21:27.231+0000] {processor.py:179} INFO - Processing /usr/local/python/3.10.13/lib/python3.10/site-packages/airflow/example_dags/example_short_circuit_operator.py took 0.095 seconds
[2024-02-04T06:22:17.099+0000] {processor.py:157} INFO - Started process (PID=11750) to work on /usr/local/python/3.10.13/lib/python3.10/site-packages/airflow/example_dags/example_short_circuit_operator.py
[2024-02-04T06:22:17.100+0000] {processor.py:826} INFO - Processing file /usr/local/python/3.10.13/lib/python3.10/site-packages/airflow/example_dags/example_short_circuit_operator.py for tasks to queue
[2024-02-04T06:22:17.100+0000] {logging_mixin.py:150} INFO - [2024-02-04T06:22:17.100+0000] {dagbag.py:541} INFO - Filling up the DagBag from /usr/local/python/3.10.13/lib/python3.10/site-packages/airflow/example_dags/example_short_circuit_operator.py
[2024-02-04T06:22:17.107+0000] {processor.py:836} INFO - DAG(s) dict_keys(['example_short_circuit_operator']) retrieved from /usr/local/python/3.10.13/lib/python3.10/site-packages/airflow/example_dags/example_short_circuit_operator.py
[2024-02-04T06:22:17.121+0000] {logging_mixin.py:150} INFO - [2024-02-04T06:22:17.121+0000] {dag.py:2742} INFO - Sync 1 DAGs
[2024-02-04T06:22:17.137+0000] {logging_mixin.py:150} INFO - [2024-02-04T06:22:17.137+0000] {dag.py:3504} INFO - Setting next_dagrun for example_short_circuit_operator to 2024-02-03T06:22:17.137052+00:00, run_after=2024-02-04T06:22:17.137052+00:00
[2024-02-04T06:22:17.186+0000] {processor.py:179} INFO - Processing /usr/local/python/3.10.13/lib/python3.10/site-packages/airflow/example_dags/example_short_circuit_operator.py took 0.089 seconds
[2024-02-04T06:23:05.910+0000] {processor.py:157} INFO - Started process (PID=12438) to work on /usr/local/python/3.10.13/lib/python3.10/site-packages/airflow/example_dags/example_short_circuit_operator.py
[2024-02-04T06:23:05.910+0000] {processor.py:826} INFO - Processing file /usr/local/python/3.10.13/lib/python3.10/site-packages/airflow/example_dags/example_short_circuit_operator.py for tasks to queue
[2024-02-04T06:23:05.911+0000] {logging_mixin.py:150} INFO - [2024-02-04T06:23:05.911+0000] {dagbag.py:541} INFO - Filling up the DagBag from /usr/local/python/3.10.13/lib/python3.10/site-packages/airflow/example_dags/example_short_circuit_operator.py
[2024-02-04T06:23:05.918+0000] {processor.py:836} INFO - DAG(s) dict_keys(['example_short_circuit_operator']) retrieved from /usr/local/python/3.10.13/lib/python3.10/site-packages/airflow/example_dags/example_short_circuit_operator.py
[2024-02-04T06:23:05.933+0000] {logging_mixin.py:150} INFO - [2024-02-04T06:23:05.933+0000] {dag.py:2742} INFO - Sync 1 DAGs
[2024-02-04T06:23:05.952+0000] {logging_mixin.py:150} INFO - [2024-02-04T06:23:05.951+0000] {dag.py:3504} INFO - Setting next_dagrun for example_short_circuit_operator to 2024-02-03T06:23:05.951526+00:00, run_after=2024-02-04T06:23:05.951526+00:00
[2024-02-04T06:23:05.997+0000] {processor.py:179} INFO - Processing /usr/local/python/3.10.13/lib/python3.10/site-packages/airflow/example_dags/example_short_circuit_operator.py took 0.090 seconds
[2024-02-04T06:23:56.183+0000] {processor.py:157} INFO - Started process (PID=13017) to work on /usr/local/python/3.10.13/lib/python3.10/site-packages/airflow/example_dags/example_short_circuit_operator.py
[2024-02-04T06:23:56.183+0000] {processor.py:826} INFO - Processing file /usr/local/python/3.10.13/lib/python3.10/site-packages/airflow/example_dags/example_short_circuit_operator.py for tasks to queue
[2024-02-04T06:23:56.184+0000] {logging_mixin.py:150} INFO - [2024-02-04T06:23:56.184+0000] {dagbag.py:541} INFO - Filling up the DagBag from /usr/local/python/3.10.13/lib/python3.10/site-packages/airflow/example_dags/example_short_circuit_operator.py
[2024-02-04T06:23:56.191+0000] {processor.py:836} INFO - DAG(s) dict_keys(['example_short_circuit_operator']) retrieved from /usr/local/python/3.10.13/lib/python3.10/site-packages/airflow/example_dags/example_short_circuit_operator.py
[2024-02-04T06:23:56.207+0000] {logging_mixin.py:150} INFO - [2024-02-04T06:23:56.206+0000] {dag.py:2742} INFO - Sync 1 DAGs
[2024-02-04T06:23:56.223+0000] {logging_mixin.py:150} INFO - [2024-02-04T06:23:56.223+0000] {dag.py:3504} INFO - Setting next_dagrun for example_short_circuit_operator to 2024-02-03T06:23:56.223461+00:00, run_after=2024-02-04T06:23:56.223461+00:00
[2024-02-04T06:23:56.268+0000] {processor.py:179} INFO - Processing /usr/local/python/3.10.13/lib/python3.10/site-packages/airflow/example_dags/example_short_circuit_operator.py took 0.087 seconds
[2024-02-04T06:24:43.030+0000] {processor.py:157} INFO - Started process (PID=13489) to work on /usr/local/python/3.10.13/lib/python3.10/site-packages/airflow/example_dags/example_short_circuit_operator.py
[2024-02-04T06:24:43.031+0000] {processor.py:826} INFO - Processing file /usr/local/python/3.10.13/lib/python3.10/site-packages/airflow/example_dags/example_short_circuit_operator.py for tasks to queue
[2024-02-04T06:24:43.031+0000] {logging_mixin.py:150} INFO - [2024-02-04T06:24:43.031+0000] {dagbag.py:541} INFO - Filling up the DagBag from /usr/local/python/3.10.13/lib/python3.10/site-packages/airflow/example_dags/example_short_circuit_operator.py
[2024-02-04T06:24:43.038+0000] {processor.py:836} INFO - DAG(s) dict_keys(['example_short_circuit_operator']) retrieved from /usr/local/python/3.10.13/lib/python3.10/site-packages/airflow/example_dags/example_short_circuit_operator.py
[2024-02-04T06:24:43.053+0000] {logging_mixin.py:150} INFO - [2024-02-04T06:24:43.053+0000] {dag.py:2742} INFO - Sync 1 DAGs
[2024-02-04T06:24:43.071+0000] {logging_mixin.py:150} INFO - [2024-02-04T06:24:43.070+0000] {dag.py:3504} INFO - Setting next_dagrun for example_short_circuit_operator to 2024-02-03T06:24:43.070402+00:00, run_after=2024-02-04T06:24:43.070402+00:00
[2024-02-04T06:24:43.120+0000] {processor.py:179} INFO - Processing /usr/local/python/3.10.13/lib/python3.10/site-packages/airflow/example_dags/example_short_circuit_operator.py took 0.093 seconds
