[2024-02-04T06:17:52.613+0000] {processor.py:157} INFO - Started process (PID=8975) to work on /usr/local/python/3.10.13/lib/python3.10/site-packages/airflow/example_dags/example_dynamic_task_mapping.py
[2024-02-04T06:17:52.614+0000] {processor.py:826} INFO - Processing file /usr/local/python/3.10.13/lib/python3.10/site-packages/airflow/example_dags/example_dynamic_task_mapping.py for tasks to queue
[2024-02-04T06:17:52.615+0000] {logging_mixin.py:150} INFO - [2024-02-04T06:17:52.614+0000] {dagbag.py:541} INFO - Filling up the DagBag from /usr/local/python/3.10.13/lib/python3.10/site-packages/airflow/example_dags/example_dynamic_task_mapping.py
[2024-02-04T06:17:52.621+0000] {processor.py:836} INFO - DAG(s) dict_keys(['example_dynamic_task_mapping']) retrieved from /usr/local/python/3.10.13/lib/python3.10/site-packages/airflow/example_dags/example_dynamic_task_mapping.py
[2024-02-04T06:17:52.819+0000] {logging_mixin.py:150} INFO - [2024-02-04T06:17:52.819+0000] {manager.py:504} INFO - Created Permission View: can edit on DAG:example_dynamic_task_mapping
[2024-02-04T06:17:52.855+0000] {logging_mixin.py:150} INFO - [2024-02-04T06:17:52.855+0000] {manager.py:504} INFO - Created Permission View: can read on DAG:example_dynamic_task_mapping
[2024-02-04T06:17:52.888+0000] {logging_mixin.py:150} INFO - [2024-02-04T06:17:52.887+0000] {manager.py:504} INFO - Created Permission View: can delete on DAG:example_dynamic_task_mapping
[2024-02-04T06:17:52.898+0000] {logging_mixin.py:150} INFO - [2024-02-04T06:17:52.898+0000] {dag.py:2742} INFO - Sync 1 DAGs
[2024-02-04T06:17:52.909+0000] {logging_mixin.py:150} INFO - [2024-02-04T06:17:52.909+0000] {dag.py:2763} INFO - Creating ORM DAG for example_dynamic_task_mapping
[2024-02-04T06:17:52.916+0000] {logging_mixin.py:150} INFO - [2024-02-04T06:17:52.916+0000] {dag.py:3504} INFO - Setting next_dagrun for example_dynamic_task_mapping to 2022-03-04T00:00:00+00:00, run_after=2022-03-05T00:00:00+00:00
[2024-02-04T06:17:52.965+0000] {processor.py:179} INFO - Processing /usr/local/python/3.10.13/lib/python3.10/site-packages/airflow/example_dags/example_dynamic_task_mapping.py took 0.354 seconds
[2024-02-04T06:18:52.324+0000] {processor.py:157} INFO - Started process (PID=9589) to work on /usr/local/python/3.10.13/lib/python3.10/site-packages/airflow/example_dags/example_dynamic_task_mapping.py
[2024-02-04T06:18:52.324+0000] {processor.py:826} INFO - Processing file /usr/local/python/3.10.13/lib/python3.10/site-packages/airflow/example_dags/example_dynamic_task_mapping.py for tasks to queue
[2024-02-04T06:18:52.325+0000] {logging_mixin.py:150} INFO - [2024-02-04T06:18:52.325+0000] {dagbag.py:541} INFO - Filling up the DagBag from /usr/local/python/3.10.13/lib/python3.10/site-packages/airflow/example_dags/example_dynamic_task_mapping.py
[2024-02-04T06:18:52.331+0000] {processor.py:836} INFO - DAG(s) dict_keys(['example_dynamic_task_mapping']) retrieved from /usr/local/python/3.10.13/lib/python3.10/site-packages/airflow/example_dags/example_dynamic_task_mapping.py
[2024-02-04T06:18:52.343+0000] {logging_mixin.py:150} INFO - [2024-02-04T06:18:52.342+0000] {dag.py:2742} INFO - Sync 1 DAGs
[2024-02-04T06:18:52.359+0000] {logging_mixin.py:150} INFO - [2024-02-04T06:18:52.359+0000] {dag.py:3504} INFO - Setting next_dagrun for example_dynamic_task_mapping to 2022-03-04T00:00:00+00:00, run_after=2022-03-05T00:00:00+00:00
[2024-02-04T06:18:52.406+0000] {processor.py:179} INFO - Processing /usr/local/python/3.10.13/lib/python3.10/site-packages/airflow/example_dags/example_dynamic_task_mapping.py took 0.084 seconds
[2024-02-04T06:19:44.279+0000] {processor.py:157} INFO - Started process (PID=10107) to work on /usr/local/python/3.10.13/lib/python3.10/site-packages/airflow/example_dags/example_dynamic_task_mapping.py
[2024-02-04T06:19:44.280+0000] {processor.py:826} INFO - Processing file /usr/local/python/3.10.13/lib/python3.10/site-packages/airflow/example_dags/example_dynamic_task_mapping.py for tasks to queue
[2024-02-04T06:19:44.280+0000] {logging_mixin.py:150} INFO - [2024-02-04T06:19:44.280+0000] {dagbag.py:541} INFO - Filling up the DagBag from /usr/local/python/3.10.13/lib/python3.10/site-packages/airflow/example_dags/example_dynamic_task_mapping.py
[2024-02-04T06:19:44.286+0000] {processor.py:836} INFO - DAG(s) dict_keys(['example_dynamic_task_mapping']) retrieved from /usr/local/python/3.10.13/lib/python3.10/site-packages/airflow/example_dags/example_dynamic_task_mapping.py
[2024-02-04T06:19:44.298+0000] {logging_mixin.py:150} INFO - [2024-02-04T06:19:44.298+0000] {dag.py:2742} INFO - Sync 1 DAGs
[2024-02-04T06:19:44.315+0000] {logging_mixin.py:150} INFO - [2024-02-04T06:19:44.315+0000] {dag.py:3504} INFO - Setting next_dagrun for example_dynamic_task_mapping to 2022-03-04T00:00:00+00:00, run_after=2022-03-05T00:00:00+00:00
[2024-02-04T06:19:44.362+0000] {processor.py:179} INFO - Processing /usr/local/python/3.10.13/lib/python3.10/site-packages/airflow/example_dags/example_dynamic_task_mapping.py took 0.085 seconds
[2024-02-04T06:20:38.848+0000] {processor.py:157} INFO - Started process (PID=10653) to work on /usr/local/python/3.10.13/lib/python3.10/site-packages/airflow/example_dags/example_dynamic_task_mapping.py
[2024-02-04T06:20:38.849+0000] {processor.py:826} INFO - Processing file /usr/local/python/3.10.13/lib/python3.10/site-packages/airflow/example_dags/example_dynamic_task_mapping.py for tasks to queue
[2024-02-04T06:20:38.851+0000] {logging_mixin.py:150} INFO - [2024-02-04T06:20:38.851+0000] {dagbag.py:541} INFO - Filling up the DagBag from /usr/local/python/3.10.13/lib/python3.10/site-packages/airflow/example_dags/example_dynamic_task_mapping.py
[2024-02-04T06:20:38.858+0000] {processor.py:836} INFO - DAG(s) dict_keys(['example_dynamic_task_mapping']) retrieved from /usr/local/python/3.10.13/lib/python3.10/site-packages/airflow/example_dags/example_dynamic_task_mapping.py
[2024-02-04T06:20:38.878+0000] {logging_mixin.py:150} INFO - [2024-02-04T06:20:38.878+0000] {dag.py:2742} INFO - Sync 1 DAGs
[2024-02-04T06:20:38.906+0000] {logging_mixin.py:150} INFO - [2024-02-04T06:20:38.906+0000] {dag.py:3504} INFO - Setting next_dagrun for example_dynamic_task_mapping to 2022-03-04T00:00:00+00:00, run_after=2022-03-05T00:00:00+00:00
[2024-02-04T06:20:38.950+0000] {processor.py:179} INFO - Processing /usr/local/python/3.10.13/lib/python3.10/site-packages/airflow/example_dags/example_dynamic_task_mapping.py took 0.105 seconds
[2024-02-04T06:21:32.406+0000] {processor.py:157} INFO - Started process (PID=11244) to work on /usr/local/python/3.10.13/lib/python3.10/site-packages/airflow/example_dags/example_dynamic_task_mapping.py
[2024-02-04T06:21:32.407+0000] {processor.py:826} INFO - Processing file /usr/local/python/3.10.13/lib/python3.10/site-packages/airflow/example_dags/example_dynamic_task_mapping.py for tasks to queue
[2024-02-04T06:21:32.408+0000] {logging_mixin.py:150} INFO - [2024-02-04T06:21:32.408+0000] {dagbag.py:541} INFO - Filling up the DagBag from /usr/local/python/3.10.13/lib/python3.10/site-packages/airflow/example_dags/example_dynamic_task_mapping.py
[2024-02-04T06:21:32.414+0000] {processor.py:836} INFO - DAG(s) dict_keys(['example_dynamic_task_mapping']) retrieved from /usr/local/python/3.10.13/lib/python3.10/site-packages/airflow/example_dags/example_dynamic_task_mapping.py
[2024-02-04T06:21:32.426+0000] {logging_mixin.py:150} INFO - [2024-02-04T06:21:32.425+0000] {dag.py:2742} INFO - Sync 1 DAGs
[2024-02-04T06:21:32.450+0000] {logging_mixin.py:150} INFO - [2024-02-04T06:21:32.450+0000] {dag.py:3504} INFO - Setting next_dagrun for example_dynamic_task_mapping to 2022-03-04T00:00:00+00:00, run_after=2022-03-05T00:00:00+00:00
[2024-02-04T06:21:32.496+0000] {processor.py:179} INFO - Processing /usr/local/python/3.10.13/lib/python3.10/site-packages/airflow/example_dags/example_dynamic_task_mapping.py took 0.093 seconds
[2024-02-04T06:22:22.906+0000] {processor.py:157} INFO - Started process (PID=11822) to work on /usr/local/python/3.10.13/lib/python3.10/site-packages/airflow/example_dags/example_dynamic_task_mapping.py
[2024-02-04T06:22:22.908+0000] {processor.py:826} INFO - Processing file /usr/local/python/3.10.13/lib/python3.10/site-packages/airflow/example_dags/example_dynamic_task_mapping.py for tasks to queue
[2024-02-04T06:22:22.909+0000] {logging_mixin.py:150} INFO - [2024-02-04T06:22:22.908+0000] {dagbag.py:541} INFO - Filling up the DagBag from /usr/local/python/3.10.13/lib/python3.10/site-packages/airflow/example_dags/example_dynamic_task_mapping.py
[2024-02-04T06:22:22.914+0000] {processor.py:836} INFO - DAG(s) dict_keys(['example_dynamic_task_mapping']) retrieved from /usr/local/python/3.10.13/lib/python3.10/site-packages/airflow/example_dags/example_dynamic_task_mapping.py
[2024-02-04T06:22:22.926+0000] {logging_mixin.py:150} INFO - [2024-02-04T06:22:22.926+0000] {dag.py:2742} INFO - Sync 1 DAGs
[2024-02-04T06:22:22.942+0000] {logging_mixin.py:150} INFO - [2024-02-04T06:22:22.942+0000] {dag.py:3504} INFO - Setting next_dagrun for example_dynamic_task_mapping to 2022-03-04T00:00:00+00:00, run_after=2022-03-05T00:00:00+00:00
[2024-02-04T06:22:22.985+0000] {processor.py:179} INFO - Processing /usr/local/python/3.10.13/lib/python3.10/site-packages/airflow/example_dags/example_dynamic_task_mapping.py took 0.082 seconds
[2024-02-04T06:23:11.185+0000] {processor.py:157} INFO - Started process (PID=12473) to work on /usr/local/python/3.10.13/lib/python3.10/site-packages/airflow/example_dags/example_dynamic_task_mapping.py
[2024-02-04T06:23:11.185+0000] {processor.py:826} INFO - Processing file /usr/local/python/3.10.13/lib/python3.10/site-packages/airflow/example_dags/example_dynamic_task_mapping.py for tasks to queue
[2024-02-04T06:23:11.186+0000] {logging_mixin.py:150} INFO - [2024-02-04T06:23:11.186+0000] {dagbag.py:541} INFO - Filling up the DagBag from /usr/local/python/3.10.13/lib/python3.10/site-packages/airflow/example_dags/example_dynamic_task_mapping.py
[2024-02-04T06:23:11.192+0000] {processor.py:836} INFO - DAG(s) dict_keys(['example_dynamic_task_mapping']) retrieved from /usr/local/python/3.10.13/lib/python3.10/site-packages/airflow/example_dags/example_dynamic_task_mapping.py
[2024-02-04T06:23:11.204+0000] {logging_mixin.py:150} INFO - [2024-02-04T06:23:11.204+0000] {dag.py:2742} INFO - Sync 1 DAGs
[2024-02-04T06:23:11.221+0000] {logging_mixin.py:150} INFO - [2024-02-04T06:23:11.221+0000] {dag.py:3504} INFO - Setting next_dagrun for example_dynamic_task_mapping to 2022-03-04T00:00:00+00:00, run_after=2022-03-05T00:00:00+00:00
[2024-02-04T06:23:11.269+0000] {processor.py:179} INFO - Processing /usr/local/python/3.10.13/lib/python3.10/site-packages/airflow/example_dags/example_dynamic_task_mapping.py took 0.087 seconds
[2024-02-04T06:24:00.398+0000] {processor.py:157} INFO - Started process (PID=13057) to work on /usr/local/python/3.10.13/lib/python3.10/site-packages/airflow/example_dags/example_dynamic_task_mapping.py
[2024-02-04T06:24:00.399+0000] {processor.py:826} INFO - Processing file /usr/local/python/3.10.13/lib/python3.10/site-packages/airflow/example_dags/example_dynamic_task_mapping.py for tasks to queue
[2024-02-04T06:24:00.399+0000] {logging_mixin.py:150} INFO - [2024-02-04T06:24:00.399+0000] {dagbag.py:541} INFO - Filling up the DagBag from /usr/local/python/3.10.13/lib/python3.10/site-packages/airflow/example_dags/example_dynamic_task_mapping.py
[2024-02-04T06:24:00.405+0000] {processor.py:836} INFO - DAG(s) dict_keys(['example_dynamic_task_mapping']) retrieved from /usr/local/python/3.10.13/lib/python3.10/site-packages/airflow/example_dags/example_dynamic_task_mapping.py
[2024-02-04T06:24:00.420+0000] {logging_mixin.py:150} INFO - [2024-02-04T06:24:00.420+0000] {dag.py:2742} INFO - Sync 1 DAGs
[2024-02-04T06:24:00.437+0000] {logging_mixin.py:150} INFO - [2024-02-04T06:24:00.437+0000] {dag.py:3504} INFO - Setting next_dagrun for example_dynamic_task_mapping to 2022-03-04T00:00:00+00:00, run_after=2022-03-05T00:00:00+00:00
[2024-02-04T06:24:00.482+0000] {processor.py:179} INFO - Processing /usr/local/python/3.10.13/lib/python3.10/site-packages/airflow/example_dags/example_dynamic_task_mapping.py took 0.086 seconds
[2024-02-04T06:24:48.387+0000] {processor.py:157} INFO - Started process (PID=13554) to work on /usr/local/python/3.10.13/lib/python3.10/site-packages/airflow/example_dags/example_dynamic_task_mapping.py
[2024-02-04T06:24:48.388+0000] {processor.py:826} INFO - Processing file /usr/local/python/3.10.13/lib/python3.10/site-packages/airflow/example_dags/example_dynamic_task_mapping.py for tasks to queue
[2024-02-04T06:24:48.389+0000] {logging_mixin.py:150} INFO - [2024-02-04T06:24:48.389+0000] {dagbag.py:541} INFO - Filling up the DagBag from /usr/local/python/3.10.13/lib/python3.10/site-packages/airflow/example_dags/example_dynamic_task_mapping.py
[2024-02-04T06:24:48.398+0000] {processor.py:836} INFO - DAG(s) dict_keys(['example_dynamic_task_mapping']) retrieved from /usr/local/python/3.10.13/lib/python3.10/site-packages/airflow/example_dags/example_dynamic_task_mapping.py
[2024-02-04T06:24:48.416+0000] {logging_mixin.py:150} INFO - [2024-02-04T06:24:48.416+0000] {dag.py:2742} INFO - Sync 1 DAGs
[2024-02-04T06:24:48.440+0000] {logging_mixin.py:150} INFO - [2024-02-04T06:24:48.440+0000] {dag.py:3504} INFO - Setting next_dagrun for example_dynamic_task_mapping to 2022-03-04T00:00:00+00:00, run_after=2022-03-05T00:00:00+00:00
[2024-02-04T06:24:48.507+0000] {processor.py:179} INFO - Processing /usr/local/python/3.10.13/lib/python3.10/site-packages/airflow/example_dags/example_dynamic_task_mapping.py took 0.123 seconds
