[2024-02-04T06:17:15.432+0000] {processor.py:157} INFO - Started process (PID=8613) to work on /usr/local/python/3.10.13/lib/python3.10/site-packages/airflow/example_dags/example_latest_only_with_trigger.py
[2024-02-04T06:17:15.433+0000] {processor.py:826} INFO - Processing file /usr/local/python/3.10.13/lib/python3.10/site-packages/airflow/example_dags/example_latest_only_with_trigger.py for tasks to queue
[2024-02-04T06:17:15.434+0000] {logging_mixin.py:150} INFO - [2024-02-04T06:17:15.433+0000] {dagbag.py:541} INFO - Filling up the DagBag from /usr/local/python/3.10.13/lib/python3.10/site-packages/airflow/example_dags/example_latest_only_with_trigger.py
[2024-02-04T06:17:15.444+0000] {processor.py:836} INFO - DAG(s) dict_keys(['latest_only_with_trigger']) retrieved from /usr/local/python/3.10.13/lib/python3.10/site-packages/airflow/example_dags/example_latest_only_with_trigger.py
[2024-02-04T06:17:15.591+0000] {logging_mixin.py:150} INFO - [2024-02-04T06:17:15.591+0000] {manager.py:504} INFO - Created Permission View: can edit on DAG:latest_only_with_trigger
[2024-02-04T06:17:15.631+0000] {logging_mixin.py:150} INFO - [2024-02-04T06:17:15.631+0000] {manager.py:504} INFO - Created Permission View: can read on DAG:latest_only_with_trigger
[2024-02-04T06:17:15.689+0000] {logging_mixin.py:150} INFO - [2024-02-04T06:17:15.689+0000] {manager.py:504} INFO - Created Permission View: can delete on DAG:latest_only_with_trigger
[2024-02-04T06:17:15.700+0000] {logging_mixin.py:150} INFO - [2024-02-04T06:17:15.700+0000] {dag.py:2742} INFO - Sync 1 DAGs
[2024-02-04T06:17:15.707+0000] {logging_mixin.py:150} INFO - [2024-02-04T06:17:15.707+0000] {dag.py:2763} INFO - Creating ORM DAG for latest_only_with_trigger
[2024-02-04T06:17:15.715+0000] {logging_mixin.py:150} INFO - [2024-02-04T06:17:15.715+0000] {dag.py:3504} INFO - Setting next_dagrun for latest_only_with_trigger to 2024-02-04T02:17:15.715629+00:00, run_after=2024-02-04T06:17:15.715629+00:00
[2024-02-04T06:17:15.825+0000] {processor.py:179} INFO - Processing /usr/local/python/3.10.13/lib/python3.10/site-packages/airflow/example_dags/example_latest_only_with_trigger.py took 0.396 seconds
[2024-02-04T06:18:11.748+0000] {processor.py:157} INFO - Started process (PID=9173) to work on /usr/local/python/3.10.13/lib/python3.10/site-packages/airflow/example_dags/example_latest_only_with_trigger.py
[2024-02-04T06:18:11.749+0000] {processor.py:826} INFO - Processing file /usr/local/python/3.10.13/lib/python3.10/site-packages/airflow/example_dags/example_latest_only_with_trigger.py for tasks to queue
[2024-02-04T06:18:11.750+0000] {logging_mixin.py:150} INFO - [2024-02-04T06:18:11.749+0000] {dagbag.py:541} INFO - Filling up the DagBag from /usr/local/python/3.10.13/lib/python3.10/site-packages/airflow/example_dags/example_latest_only_with_trigger.py
[2024-02-04T06:18:11.754+0000] {processor.py:836} INFO - DAG(s) dict_keys(['latest_only_with_trigger']) retrieved from /usr/local/python/3.10.13/lib/python3.10/site-packages/airflow/example_dags/example_latest_only_with_trigger.py
[2024-02-04T06:18:11.767+0000] {logging_mixin.py:150} INFO - [2024-02-04T06:18:11.767+0000] {dag.py:2742} INFO - Sync 1 DAGs
[2024-02-04T06:18:11.785+0000] {logging_mixin.py:150} INFO - [2024-02-04T06:18:11.785+0000] {dag.py:3504} INFO - Setting next_dagrun for latest_only_with_trigger to 2024-02-04T02:18:11.785250+00:00, run_after=2024-02-04T06:18:11.785250+00:00
[2024-02-04T06:18:11.834+0000] {processor.py:179} INFO - Processing /usr/local/python/3.10.13/lib/python3.10/site-packages/airflow/example_dags/example_latest_only_with_trigger.py took 0.088 seconds
[2024-02-04T06:18:58.619+0000] {processor.py:157} INFO - Started process (PID=9641) to work on /usr/local/python/3.10.13/lib/python3.10/site-packages/airflow/example_dags/example_latest_only_with_trigger.py
[2024-02-04T06:18:58.619+0000] {processor.py:826} INFO - Processing file /usr/local/python/3.10.13/lib/python3.10/site-packages/airflow/example_dags/example_latest_only_with_trigger.py for tasks to queue
[2024-02-04T06:18:58.620+0000] {logging_mixin.py:150} INFO - [2024-02-04T06:18:58.620+0000] {dagbag.py:541} INFO - Filling up the DagBag from /usr/local/python/3.10.13/lib/python3.10/site-packages/airflow/example_dags/example_latest_only_with_trigger.py
[2024-02-04T06:18:58.625+0000] {processor.py:836} INFO - DAG(s) dict_keys(['latest_only_with_trigger']) retrieved from /usr/local/python/3.10.13/lib/python3.10/site-packages/airflow/example_dags/example_latest_only_with_trigger.py
[2024-02-04T06:18:58.638+0000] {logging_mixin.py:150} INFO - [2024-02-04T06:18:58.638+0000] {dag.py:2742} INFO - Sync 1 DAGs
[2024-02-04T06:18:58.653+0000] {logging_mixin.py:150} INFO - [2024-02-04T06:18:58.653+0000] {dag.py:3504} INFO - Setting next_dagrun for latest_only_with_trigger to 2024-02-04T02:18:58.653130+00:00, run_after=2024-02-04T06:18:58.653130+00:00
[2024-02-04T06:18:58.701+0000] {processor.py:179} INFO - Processing /usr/local/python/3.10.13/lib/python3.10/site-packages/airflow/example_dags/example_latest_only_with_trigger.py took 0.084 seconds
[2024-02-04T06:19:40.977+0000] {processor.py:157} INFO - Started process (PID=10086) to work on /usr/local/python/3.10.13/lib/python3.10/site-packages/airflow/example_dags/example_latest_only_with_trigger.py
[2024-02-04T06:19:40.978+0000] {processor.py:826} INFO - Processing file /usr/local/python/3.10.13/lib/python3.10/site-packages/airflow/example_dags/example_latest_only_with_trigger.py for tasks to queue
[2024-02-04T06:19:40.978+0000] {logging_mixin.py:150} INFO - [2024-02-04T06:19:40.978+0000] {dagbag.py:541} INFO - Filling up the DagBag from /usr/local/python/3.10.13/lib/python3.10/site-packages/airflow/example_dags/example_latest_only_with_trigger.py
[2024-02-04T06:19:40.983+0000] {processor.py:836} INFO - DAG(s) dict_keys(['latest_only_with_trigger']) retrieved from /usr/local/python/3.10.13/lib/python3.10/site-packages/airflow/example_dags/example_latest_only_with_trigger.py
[2024-02-04T06:19:40.996+0000] {logging_mixin.py:150} INFO - [2024-02-04T06:19:40.996+0000] {dag.py:2742} INFO - Sync 1 DAGs
[2024-02-04T06:19:41.011+0000] {logging_mixin.py:150} INFO - [2024-02-04T06:19:41.011+0000] {dag.py:3504} INFO - Setting next_dagrun for latest_only_with_trigger to 2024-02-04T02:19:41.011452+00:00, run_after=2024-02-04T06:19:41.011452+00:00
[2024-02-04T06:19:41.058+0000] {processor.py:179} INFO - Processing /usr/local/python/3.10.13/lib/python3.10/site-packages/airflow/example_dags/example_latest_only_with_trigger.py took 0.083 seconds
[2024-02-04T06:20:34.402+0000] {processor.py:157} INFO - Started process (PID=10609) to work on /usr/local/python/3.10.13/lib/python3.10/site-packages/airflow/example_dags/example_latest_only_with_trigger.py
[2024-02-04T06:20:34.403+0000] {processor.py:826} INFO - Processing file /usr/local/python/3.10.13/lib/python3.10/site-packages/airflow/example_dags/example_latest_only_with_trigger.py for tasks to queue
[2024-02-04T06:20:34.404+0000] {logging_mixin.py:150} INFO - [2024-02-04T06:20:34.404+0000] {dagbag.py:541} INFO - Filling up the DagBag from /usr/local/python/3.10.13/lib/python3.10/site-packages/airflow/example_dags/example_latest_only_with_trigger.py
[2024-02-04T06:20:34.409+0000] {processor.py:836} INFO - DAG(s) dict_keys(['latest_only_with_trigger']) retrieved from /usr/local/python/3.10.13/lib/python3.10/site-packages/airflow/example_dags/example_latest_only_with_trigger.py
[2024-02-04T06:20:34.421+0000] {logging_mixin.py:150} INFO - [2024-02-04T06:20:34.421+0000] {dag.py:2742} INFO - Sync 1 DAGs
[2024-02-04T06:20:34.437+0000] {logging_mixin.py:150} INFO - [2024-02-04T06:20:34.436+0000] {dag.py:3504} INFO - Setting next_dagrun for latest_only_with_trigger to 2024-02-04T02:20:34.436695+00:00, run_after=2024-02-04T06:20:34.436695+00:00
[2024-02-04T06:20:34.480+0000] {processor.py:179} INFO - Processing /usr/local/python/3.10.13/lib/python3.10/site-packages/airflow/example_dags/example_latest_only_with_trigger.py took 0.079 seconds
[2024-02-04T06:21:25.943+0000] {processor.py:157} INFO - Started process (PID=11161) to work on /usr/local/python/3.10.13/lib/python3.10/site-packages/airflow/example_dags/example_latest_only_with_trigger.py
[2024-02-04T06:21:25.943+0000] {processor.py:826} INFO - Processing file /usr/local/python/3.10.13/lib/python3.10/site-packages/airflow/example_dags/example_latest_only_with_trigger.py for tasks to queue
[2024-02-04T06:21:25.944+0000] {logging_mixin.py:150} INFO - [2024-02-04T06:21:25.944+0000] {dagbag.py:541} INFO - Filling up the DagBag from /usr/local/python/3.10.13/lib/python3.10/site-packages/airflow/example_dags/example_latest_only_with_trigger.py
[2024-02-04T06:21:25.949+0000] {processor.py:836} INFO - DAG(s) dict_keys(['latest_only_with_trigger']) retrieved from /usr/local/python/3.10.13/lib/python3.10/site-packages/airflow/example_dags/example_latest_only_with_trigger.py
[2024-02-04T06:21:25.961+0000] {logging_mixin.py:150} INFO - [2024-02-04T06:21:25.961+0000] {dag.py:2742} INFO - Sync 1 DAGs
[2024-02-04T06:21:25.976+0000] {logging_mixin.py:150} INFO - [2024-02-04T06:21:25.976+0000] {dag.py:3504} INFO - Setting next_dagrun for latest_only_with_trigger to 2024-02-04T02:21:25.976184+00:00, run_after=2024-02-04T06:21:25.976184+00:00
[2024-02-04T06:21:26.022+0000] {processor.py:179} INFO - Processing /usr/local/python/3.10.13/lib/python3.10/site-packages/airflow/example_dags/example_latest_only_with_trigger.py took 0.081 seconds
[2024-02-04T06:22:15.936+0000] {processor.py:157} INFO - Started process (PID=11749) to work on /usr/local/python/3.10.13/lib/python3.10/site-packages/airflow/example_dags/example_latest_only_with_trigger.py
[2024-02-04T06:22:15.937+0000] {processor.py:826} INFO - Processing file /usr/local/python/3.10.13/lib/python3.10/site-packages/airflow/example_dags/example_latest_only_with_trigger.py for tasks to queue
[2024-02-04T06:22:15.937+0000] {logging_mixin.py:150} INFO - [2024-02-04T06:22:15.937+0000] {dagbag.py:541} INFO - Filling up the DagBag from /usr/local/python/3.10.13/lib/python3.10/site-packages/airflow/example_dags/example_latest_only_with_trigger.py
[2024-02-04T06:22:15.943+0000] {processor.py:836} INFO - DAG(s) dict_keys(['latest_only_with_trigger']) retrieved from /usr/local/python/3.10.13/lib/python3.10/site-packages/airflow/example_dags/example_latest_only_with_trigger.py
[2024-02-04T06:22:15.959+0000] {logging_mixin.py:150} INFO - [2024-02-04T06:22:15.958+0000] {dag.py:2742} INFO - Sync 1 DAGs
[2024-02-04T06:22:15.975+0000] {logging_mixin.py:150} INFO - [2024-02-04T06:22:15.975+0000] {dag.py:3504} INFO - Setting next_dagrun for latest_only_with_trigger to 2024-02-04T02:22:15.975534+00:00, run_after=2024-02-04T06:22:15.975534+00:00
[2024-02-04T06:22:16.020+0000] {processor.py:179} INFO - Processing /usr/local/python/3.10.13/lib/python3.10/site-packages/airflow/example_dags/example_latest_only_with_trigger.py took 0.086 seconds
[2024-02-04T06:23:04.712+0000] {processor.py:157} INFO - Started process (PID=12407) to work on /usr/local/python/3.10.13/lib/python3.10/site-packages/airflow/example_dags/example_latest_only_with_trigger.py
[2024-02-04T06:23:04.713+0000] {processor.py:826} INFO - Processing file /usr/local/python/3.10.13/lib/python3.10/site-packages/airflow/example_dags/example_latest_only_with_trigger.py for tasks to queue
[2024-02-04T06:23:04.713+0000] {logging_mixin.py:150} INFO - [2024-02-04T06:23:04.713+0000] {dagbag.py:541} INFO - Filling up the DagBag from /usr/local/python/3.10.13/lib/python3.10/site-packages/airflow/example_dags/example_latest_only_with_trigger.py
[2024-02-04T06:23:04.719+0000] {processor.py:836} INFO - DAG(s) dict_keys(['latest_only_with_trigger']) retrieved from /usr/local/python/3.10.13/lib/python3.10/site-packages/airflow/example_dags/example_latest_only_with_trigger.py
[2024-02-04T06:23:04.734+0000] {logging_mixin.py:150} INFO - [2024-02-04T06:23:04.734+0000] {dag.py:2742} INFO - Sync 1 DAGs
[2024-02-04T06:23:04.751+0000] {logging_mixin.py:150} INFO - [2024-02-04T06:23:04.751+0000] {dag.py:3504} INFO - Setting next_dagrun for latest_only_with_trigger to 2024-02-04T02:23:04.751020+00:00, run_after=2024-02-04T06:23:04.751020+00:00
[2024-02-04T06:23:04.797+0000] {processor.py:179} INFO - Processing /usr/local/python/3.10.13/lib/python3.10/site-packages/airflow/example_dags/example_latest_only_with_trigger.py took 0.089 seconds
[2024-02-04T06:23:54.946+0000] {processor.py:157} INFO - Started process (PID=12985) to work on /usr/local/python/3.10.13/lib/python3.10/site-packages/airflow/example_dags/example_latest_only_with_trigger.py
[2024-02-04T06:23:54.947+0000] {processor.py:826} INFO - Processing file /usr/local/python/3.10.13/lib/python3.10/site-packages/airflow/example_dags/example_latest_only_with_trigger.py for tasks to queue
[2024-02-04T06:23:54.948+0000] {logging_mixin.py:150} INFO - [2024-02-04T06:23:54.948+0000] {dagbag.py:541} INFO - Filling up the DagBag from /usr/local/python/3.10.13/lib/python3.10/site-packages/airflow/example_dags/example_latest_only_with_trigger.py
[2024-02-04T06:23:54.956+0000] {processor.py:836} INFO - DAG(s) dict_keys(['latest_only_with_trigger']) retrieved from /usr/local/python/3.10.13/lib/python3.10/site-packages/airflow/example_dags/example_latest_only_with_trigger.py
[2024-02-04T06:23:54.974+0000] {logging_mixin.py:150} INFO - [2024-02-04T06:23:54.974+0000] {dag.py:2742} INFO - Sync 1 DAGs
[2024-02-04T06:23:54.992+0000] {logging_mixin.py:150} INFO - [2024-02-04T06:23:54.992+0000] {dag.py:3504} INFO - Setting next_dagrun for latest_only_with_trigger to 2024-02-04T02:23:54.992473+00:00, run_after=2024-02-04T06:23:54.992473+00:00
[2024-02-04T06:23:55.059+0000] {processor.py:179} INFO - Processing /usr/local/python/3.10.13/lib/python3.10/site-packages/airflow/example_dags/example_latest_only_with_trigger.py took 0.116 seconds
[2024-02-04T06:24:42.006+0000] {processor.py:157} INFO - Started process (PID=13482) to work on /usr/local/python/3.10.13/lib/python3.10/site-packages/airflow/example_dags/example_latest_only_with_trigger.py
[2024-02-04T06:24:42.007+0000] {processor.py:826} INFO - Processing file /usr/local/python/3.10.13/lib/python3.10/site-packages/airflow/example_dags/example_latest_only_with_trigger.py for tasks to queue
[2024-02-04T06:24:42.007+0000] {logging_mixin.py:150} INFO - [2024-02-04T06:24:42.007+0000] {dagbag.py:541} INFO - Filling up the DagBag from /usr/local/python/3.10.13/lib/python3.10/site-packages/airflow/example_dags/example_latest_only_with_trigger.py
[2024-02-04T06:24:42.013+0000] {processor.py:836} INFO - DAG(s) dict_keys(['latest_only_with_trigger']) retrieved from /usr/local/python/3.10.13/lib/python3.10/site-packages/airflow/example_dags/example_latest_only_with_trigger.py
[2024-02-04T06:24:42.025+0000] {logging_mixin.py:150} INFO - [2024-02-04T06:24:42.025+0000] {dag.py:2742} INFO - Sync 1 DAGs
[2024-02-04T06:24:42.041+0000] {logging_mixin.py:150} INFO - [2024-02-04T06:24:42.041+0000] {dag.py:3504} INFO - Setting next_dagrun for latest_only_with_trigger to 2024-02-04T02:24:42.041266+00:00, run_after=2024-02-04T06:24:42.041266+00:00
[2024-02-04T06:24:42.088+0000] {processor.py:179} INFO - Processing /usr/local/python/3.10.13/lib/python3.10/site-packages/airflow/example_dags/example_latest_only_with_trigger.py took 0.084 seconds
