[2024-02-04T06:16:49.506+0000] {processor.py:157} INFO - Started process (PID=8359) to work on /usr/local/python/3.10.13/lib/python3.10/site-packages/airflow/example_dags/example_trigger_target_dag.py
[2024-02-04T06:16:49.507+0000] {processor.py:826} INFO - Processing file /usr/local/python/3.10.13/lib/python3.10/site-packages/airflow/example_dags/example_trigger_target_dag.py for tasks to queue
[2024-02-04T06:16:49.508+0000] {logging_mixin.py:150} INFO - [2024-02-04T06:16:49.507+0000] {dagbag.py:541} INFO - Filling up the DagBag from /usr/local/python/3.10.13/lib/python3.10/site-packages/airflow/example_dags/example_trigger_target_dag.py
[2024-02-04T06:16:49.537+0000] {processor.py:836} INFO - DAG(s) dict_keys(['example_trigger_target_dag']) retrieved from /usr/local/python/3.10.13/lib/python3.10/site-packages/airflow/example_dags/example_trigger_target_dag.py
[2024-02-04T06:16:49.808+0000] {logging_mixin.py:150} INFO - [2024-02-04T06:16:49.808+0000] {manager.py:504} INFO - Created Permission View: can edit on DAG:example_trigger_target_dag
[2024-02-04T06:16:49.844+0000] {logging_mixin.py:150} INFO - [2024-02-04T06:16:49.843+0000] {manager.py:504} INFO - Created Permission View: can read on DAG:example_trigger_target_dag
[2024-02-04T06:16:49.892+0000] {logging_mixin.py:150} INFO - [2024-02-04T06:16:49.891+0000] {manager.py:504} INFO - Created Permission View: can delete on DAG:example_trigger_target_dag
[2024-02-04T06:16:49.901+0000] {logging_mixin.py:150} INFO - [2024-02-04T06:16:49.901+0000] {dag.py:2742} INFO - Sync 1 DAGs
[2024-02-04T06:16:49.909+0000] {logging_mixin.py:150} INFO - [2024-02-04T06:16:49.909+0000] {dag.py:2763} INFO - Creating ORM DAG for example_trigger_target_dag
[2024-02-04T06:16:49.916+0000] {logging_mixin.py:150} INFO - [2024-02-04T06:16:49.916+0000] {dag.py:3504} INFO - Setting next_dagrun for example_trigger_target_dag to None, run_after=None
[2024-02-04T06:16:49.975+0000] {processor.py:179} INFO - Processing /usr/local/python/3.10.13/lib/python3.10/site-packages/airflow/example_dags/example_trigger_target_dag.py took 0.472 seconds
[2024-02-04T06:17:54.615+0000] {processor.py:157} INFO - Started process (PID=8995) to work on /usr/local/python/3.10.13/lib/python3.10/site-packages/airflow/example_dags/example_trigger_target_dag.py
[2024-02-04T06:17:54.615+0000] {processor.py:826} INFO - Processing file /usr/local/python/3.10.13/lib/python3.10/site-packages/airflow/example_dags/example_trigger_target_dag.py for tasks to queue
[2024-02-04T06:17:54.616+0000] {logging_mixin.py:150} INFO - [2024-02-04T06:17:54.616+0000] {dagbag.py:541} INFO - Filling up the DagBag from /usr/local/python/3.10.13/lib/python3.10/site-packages/airflow/example_dags/example_trigger_target_dag.py
[2024-02-04T06:17:54.621+0000] {processor.py:836} INFO - DAG(s) dict_keys(['example_trigger_target_dag']) retrieved from /usr/local/python/3.10.13/lib/python3.10/site-packages/airflow/example_dags/example_trigger_target_dag.py
[2024-02-04T06:17:54.633+0000] {logging_mixin.py:150} INFO - [2024-02-04T06:17:54.633+0000] {dag.py:2742} INFO - Sync 1 DAGs
[2024-02-04T06:17:54.653+0000] {logging_mixin.py:150} INFO - [2024-02-04T06:17:54.652+0000] {dag.py:3504} INFO - Setting next_dagrun for example_trigger_target_dag to None, run_after=None
[2024-02-04T06:17:54.697+0000] {processor.py:179} INFO - Processing /usr/local/python/3.10.13/lib/python3.10/site-packages/airflow/example_dags/example_trigger_target_dag.py took 0.085 seconds
[2024-02-04T06:18:37.748+0000] {processor.py:157} INFO - Started process (PID=9424) to work on /usr/local/python/3.10.13/lib/python3.10/site-packages/airflow/example_dags/example_trigger_target_dag.py
[2024-02-04T06:18:37.749+0000] {processor.py:826} INFO - Processing file /usr/local/python/3.10.13/lib/python3.10/site-packages/airflow/example_dags/example_trigger_target_dag.py for tasks to queue
[2024-02-04T06:18:37.750+0000] {logging_mixin.py:150} INFO - [2024-02-04T06:18:37.750+0000] {dagbag.py:541} INFO - Filling up the DagBag from /usr/local/python/3.10.13/lib/python3.10/site-packages/airflow/example_dags/example_trigger_target_dag.py
[2024-02-04T06:18:37.761+0000] {processor.py:836} INFO - DAG(s) dict_keys(['example_trigger_target_dag']) retrieved from /usr/local/python/3.10.13/lib/python3.10/site-packages/airflow/example_dags/example_trigger_target_dag.py
[2024-02-04T06:18:37.774+0000] {logging_mixin.py:150} INFO - [2024-02-04T06:18:37.774+0000] {dag.py:2742} INFO - Sync 1 DAGs
[2024-02-04T06:18:37.796+0000] {logging_mixin.py:150} INFO - [2024-02-04T06:18:37.796+0000] {dag.py:3504} INFO - Setting next_dagrun for example_trigger_target_dag to None, run_after=None
[2024-02-04T06:18:37.840+0000] {processor.py:179} INFO - Processing /usr/local/python/3.10.13/lib/python3.10/site-packages/airflow/example_dags/example_trigger_target_dag.py took 0.095 seconds
[2024-02-04T06:19:12.085+0000] {processor.py:157} INFO - Started process (PID=9802) to work on /usr/local/python/3.10.13/lib/python3.10/site-packages/airflow/example_dags/example_trigger_target_dag.py
[2024-02-04T06:19:12.085+0000] {processor.py:826} INFO - Processing file /usr/local/python/3.10.13/lib/python3.10/site-packages/airflow/example_dags/example_trigger_target_dag.py for tasks to queue
[2024-02-04T06:19:12.086+0000] {logging_mixin.py:150} INFO - [2024-02-04T06:19:12.086+0000] {dagbag.py:541} INFO - Filling up the DagBag from /usr/local/python/3.10.13/lib/python3.10/site-packages/airflow/example_dags/example_trigger_target_dag.py
[2024-02-04T06:19:12.091+0000] {processor.py:836} INFO - DAG(s) dict_keys(['example_trigger_target_dag']) retrieved from /usr/local/python/3.10.13/lib/python3.10/site-packages/airflow/example_dags/example_trigger_target_dag.py
[2024-02-04T06:19:12.103+0000] {logging_mixin.py:150} INFO - [2024-02-04T06:19:12.103+0000] {dag.py:2742} INFO - Sync 1 DAGs
[2024-02-04T06:19:12.118+0000] {logging_mixin.py:150} INFO - [2024-02-04T06:19:12.118+0000] {dag.py:3504} INFO - Setting next_dagrun for example_trigger_target_dag to None, run_after=None
[2024-02-04T06:19:12.170+0000] {processor.py:179} INFO - Processing /usr/local/python/3.10.13/lib/python3.10/site-packages/airflow/example_dags/example_trigger_target_dag.py took 0.088 seconds
[2024-02-04T06:19:46.149+0000] {processor.py:157} INFO - Started process (PID=10125) to work on /usr/local/python/3.10.13/lib/python3.10/site-packages/airflow/example_dags/example_trigger_target_dag.py
[2024-02-04T06:19:46.150+0000] {processor.py:826} INFO - Processing file /usr/local/python/3.10.13/lib/python3.10/site-packages/airflow/example_dags/example_trigger_target_dag.py for tasks to queue
[2024-02-04T06:19:46.151+0000] {logging_mixin.py:150} INFO - [2024-02-04T06:19:46.150+0000] {dagbag.py:541} INFO - Filling up the DagBag from /usr/local/python/3.10.13/lib/python3.10/site-packages/airflow/example_dags/example_trigger_target_dag.py
[2024-02-04T06:19:46.155+0000] {processor.py:836} INFO - DAG(s) dict_keys(['example_trigger_target_dag']) retrieved from /usr/local/python/3.10.13/lib/python3.10/site-packages/airflow/example_dags/example_trigger_target_dag.py
[2024-02-04T06:19:46.168+0000] {logging_mixin.py:150} INFO - [2024-02-04T06:19:46.168+0000] {dag.py:2742} INFO - Sync 1 DAGs
[2024-02-04T06:19:46.184+0000] {logging_mixin.py:150} INFO - [2024-02-04T06:19:46.184+0000] {dag.py:3504} INFO - Setting next_dagrun for example_trigger_target_dag to None, run_after=None
[2024-02-04T06:19:46.231+0000] {processor.py:179} INFO - Processing /usr/local/python/3.10.13/lib/python3.10/site-packages/airflow/example_dags/example_trigger_target_dag.py took 0.084 seconds
[2024-02-04T06:20:22.771+0000] {processor.py:157} INFO - Started process (PID=10498) to work on /usr/local/python/3.10.13/lib/python3.10/site-packages/airflow/example_dags/example_trigger_target_dag.py
[2024-02-04T06:20:22.771+0000] {processor.py:826} INFO - Processing file /usr/local/python/3.10.13/lib/python3.10/site-packages/airflow/example_dags/example_trigger_target_dag.py for tasks to queue
[2024-02-04T06:20:22.772+0000] {logging_mixin.py:150} INFO - [2024-02-04T06:20:22.772+0000] {dagbag.py:541} INFO - Filling up the DagBag from /usr/local/python/3.10.13/lib/python3.10/site-packages/airflow/example_dags/example_trigger_target_dag.py
[2024-02-04T06:20:22.776+0000] {processor.py:836} INFO - DAG(s) dict_keys(['example_trigger_target_dag']) retrieved from /usr/local/python/3.10.13/lib/python3.10/site-packages/airflow/example_dags/example_trigger_target_dag.py
[2024-02-04T06:20:22.790+0000] {logging_mixin.py:150} INFO - [2024-02-04T06:20:22.790+0000] {dag.py:2742} INFO - Sync 1 DAGs
[2024-02-04T06:20:22.809+0000] {logging_mixin.py:150} INFO - [2024-02-04T06:20:22.809+0000] {dag.py:3504} INFO - Setting next_dagrun for example_trigger_target_dag to None, run_after=None
[2024-02-04T06:20:22.866+0000] {processor.py:179} INFO - Processing /usr/local/python/3.10.13/lib/python3.10/site-packages/airflow/example_dags/example_trigger_target_dag.py took 0.098 seconds
[2024-02-04T06:21:00.985+0000] {processor.py:157} INFO - Started process (PID=10877) to work on /usr/local/python/3.10.13/lib/python3.10/site-packages/airflow/example_dags/example_trigger_target_dag.py
[2024-02-04T06:21:00.986+0000] {processor.py:826} INFO - Processing file /usr/local/python/3.10.13/lib/python3.10/site-packages/airflow/example_dags/example_trigger_target_dag.py for tasks to queue
[2024-02-04T06:21:00.987+0000] {logging_mixin.py:150} INFO - [2024-02-04T06:21:00.986+0000] {dagbag.py:541} INFO - Filling up the DagBag from /usr/local/python/3.10.13/lib/python3.10/site-packages/airflow/example_dags/example_trigger_target_dag.py
[2024-02-04T06:21:00.991+0000] {processor.py:836} INFO - DAG(s) dict_keys(['example_trigger_target_dag']) retrieved from /usr/local/python/3.10.13/lib/python3.10/site-packages/airflow/example_dags/example_trigger_target_dag.py
[2024-02-04T06:21:01.003+0000] {logging_mixin.py:150} INFO - [2024-02-04T06:21:01.003+0000] {dag.py:2742} INFO - Sync 1 DAGs
[2024-02-04T06:21:01.022+0000] {logging_mixin.py:150} INFO - [2024-02-04T06:21:01.022+0000] {dag.py:3504} INFO - Setting next_dagrun for example_trigger_target_dag to None, run_after=None
[2024-02-04T06:21:01.068+0000] {processor.py:179} INFO - Processing /usr/local/python/3.10.13/lib/python3.10/site-packages/airflow/example_dags/example_trigger_target_dag.py took 0.085 seconds
[2024-02-04T06:21:34.705+0000] {processor.py:157} INFO - Started process (PID=11292) to work on /usr/local/python/3.10.13/lib/python3.10/site-packages/airflow/example_dags/example_trigger_target_dag.py
[2024-02-04T06:21:34.706+0000] {processor.py:826} INFO - Processing file /usr/local/python/3.10.13/lib/python3.10/site-packages/airflow/example_dags/example_trigger_target_dag.py for tasks to queue
[2024-02-04T06:21:34.706+0000] {logging_mixin.py:150} INFO - [2024-02-04T06:21:34.706+0000] {dagbag.py:541} INFO - Filling up the DagBag from /usr/local/python/3.10.13/lib/python3.10/site-packages/airflow/example_dags/example_trigger_target_dag.py
[2024-02-04T06:21:34.711+0000] {processor.py:836} INFO - DAG(s) dict_keys(['example_trigger_target_dag']) retrieved from /usr/local/python/3.10.13/lib/python3.10/site-packages/airflow/example_dags/example_trigger_target_dag.py
[2024-02-04T06:21:34.723+0000] {logging_mixin.py:150} INFO - [2024-02-04T06:21:34.723+0000] {dag.py:2742} INFO - Sync 1 DAGs
[2024-02-04T06:21:34.739+0000] {logging_mixin.py:150} INFO - [2024-02-04T06:21:34.739+0000] {dag.py:3504} INFO - Setting next_dagrun for example_trigger_target_dag to None, run_after=None
[2024-02-04T06:21:34.804+0000] {processor.py:179} INFO - Processing /usr/local/python/3.10.13/lib/python3.10/site-packages/airflow/example_dags/example_trigger_target_dag.py took 0.102 seconds
[2024-02-04T06:22:06.932+0000] {processor.py:157} INFO - Started process (PID=11638) to work on /usr/local/python/3.10.13/lib/python3.10/site-packages/airflow/example_dags/example_trigger_target_dag.py
[2024-02-04T06:22:06.932+0000] {processor.py:826} INFO - Processing file /usr/local/python/3.10.13/lib/python3.10/site-packages/airflow/example_dags/example_trigger_target_dag.py for tasks to queue
[2024-02-04T06:22:06.933+0000] {logging_mixin.py:150} INFO - [2024-02-04T06:22:06.933+0000] {dagbag.py:541} INFO - Filling up the DagBag from /usr/local/python/3.10.13/lib/python3.10/site-packages/airflow/example_dags/example_trigger_target_dag.py
[2024-02-04T06:22:06.940+0000] {processor.py:836} INFO - DAG(s) dict_keys(['example_trigger_target_dag']) retrieved from /usr/local/python/3.10.13/lib/python3.10/site-packages/airflow/example_dags/example_trigger_target_dag.py
[2024-02-04T06:22:06.957+0000] {logging_mixin.py:150} INFO - [2024-02-04T06:22:06.956+0000] {dag.py:2742} INFO - Sync 1 DAGs
[2024-02-04T06:22:06.981+0000] {logging_mixin.py:150} INFO - [2024-02-04T06:22:06.980+0000] {dag.py:3504} INFO - Setting next_dagrun for example_trigger_target_dag to None, run_after=None
[2024-02-04T06:22:07.031+0000] {processor.py:179} INFO - Processing /usr/local/python/3.10.13/lib/python3.10/site-packages/airflow/example_dags/example_trigger_target_dag.py took 0.102 seconds
[2024-02-04T06:22:42.386+0000] {processor.py:157} INFO - Started process (PID=12062) to work on /usr/local/python/3.10.13/lib/python3.10/site-packages/airflow/example_dags/example_trigger_target_dag.py
[2024-02-04T06:22:42.387+0000] {processor.py:826} INFO - Processing file /usr/local/python/3.10.13/lib/python3.10/site-packages/airflow/example_dags/example_trigger_target_dag.py for tasks to queue
[2024-02-04T06:22:42.388+0000] {logging_mixin.py:150} INFO - [2024-02-04T06:22:42.387+0000] {dagbag.py:541} INFO - Filling up the DagBag from /usr/local/python/3.10.13/lib/python3.10/site-packages/airflow/example_dags/example_trigger_target_dag.py
[2024-02-04T06:22:42.393+0000] {processor.py:836} INFO - DAG(s) dict_keys(['example_trigger_target_dag']) retrieved from /usr/local/python/3.10.13/lib/python3.10/site-packages/airflow/example_dags/example_trigger_target_dag.py
[2024-02-04T06:22:42.407+0000] {logging_mixin.py:150} INFO - [2024-02-04T06:22:42.407+0000] {dag.py:2742} INFO - Sync 1 DAGs
[2024-02-04T06:22:42.425+0000] {logging_mixin.py:150} INFO - [2024-02-04T06:22:42.425+0000] {dag.py:3504} INFO - Setting next_dagrun for example_trigger_target_dag to None, run_after=None
[2024-02-04T06:22:42.477+0000] {processor.py:179} INFO - Processing /usr/local/python/3.10.13/lib/python3.10/site-packages/airflow/example_dags/example_trigger_target_dag.py took 0.093 seconds
[2024-02-04T06:23:12.843+0000] {processor.py:157} INFO - Started process (PID=12487) to work on /usr/local/python/3.10.13/lib/python3.10/site-packages/airflow/example_dags/example_trigger_target_dag.py
[2024-02-04T06:23:12.844+0000] {processor.py:826} INFO - Processing file /usr/local/python/3.10.13/lib/python3.10/site-packages/airflow/example_dags/example_trigger_target_dag.py for tasks to queue
[2024-02-04T06:23:12.844+0000] {logging_mixin.py:150} INFO - [2024-02-04T06:23:12.844+0000] {dagbag.py:541} INFO - Filling up the DagBag from /usr/local/python/3.10.13/lib/python3.10/site-packages/airflow/example_dags/example_trigger_target_dag.py
[2024-02-04T06:23:12.849+0000] {processor.py:836} INFO - DAG(s) dict_keys(['example_trigger_target_dag']) retrieved from /usr/local/python/3.10.13/lib/python3.10/site-packages/airflow/example_dags/example_trigger_target_dag.py
[2024-02-04T06:23:12.862+0000] {logging_mixin.py:150} INFO - [2024-02-04T06:23:12.862+0000] {dag.py:2742} INFO - Sync 1 DAGs
[2024-02-04T06:23:12.878+0000] {logging_mixin.py:150} INFO - [2024-02-04T06:23:12.878+0000] {dag.py:3504} INFO - Setting next_dagrun for example_trigger_target_dag to None, run_after=None
[2024-02-04T06:23:12.925+0000] {processor.py:179} INFO - Processing /usr/local/python/3.10.13/lib/python3.10/site-packages/airflow/example_dags/example_trigger_target_dag.py took 0.084 seconds
[2024-02-04T06:23:46.268+0000] {processor.py:157} INFO - Started process (PID=12909) to work on /usr/local/python/3.10.13/lib/python3.10/site-packages/airflow/example_dags/example_trigger_target_dag.py
[2024-02-04T06:23:46.269+0000] {processor.py:826} INFO - Processing file /usr/local/python/3.10.13/lib/python3.10/site-packages/airflow/example_dags/example_trigger_target_dag.py for tasks to queue
[2024-02-04T06:23:46.269+0000] {logging_mixin.py:150} INFO - [2024-02-04T06:23:46.269+0000] {dagbag.py:541} INFO - Filling up the DagBag from /usr/local/python/3.10.13/lib/python3.10/site-packages/airflow/example_dags/example_trigger_target_dag.py
[2024-02-04T06:23:46.274+0000] {processor.py:836} INFO - DAG(s) dict_keys(['example_trigger_target_dag']) retrieved from /usr/local/python/3.10.13/lib/python3.10/site-packages/airflow/example_dags/example_trigger_target_dag.py
[2024-02-04T06:23:46.287+0000] {logging_mixin.py:150} INFO - [2024-02-04T06:23:46.287+0000] {dag.py:2742} INFO - Sync 1 DAGs
[2024-02-04T06:23:46.304+0000] {logging_mixin.py:150} INFO - [2024-02-04T06:23:46.304+0000] {dag.py:3504} INFO - Setting next_dagrun for example_trigger_target_dag to None, run_after=None
[2024-02-04T06:23:46.347+0000] {processor.py:179} INFO - Processing /usr/local/python/3.10.13/lib/python3.10/site-packages/airflow/example_dags/example_trigger_target_dag.py took 0.082 seconds
[2024-02-04T06:24:17.232+0000] {processor.py:157} INFO - Started process (PID=13243) to work on /usr/local/python/3.10.13/lib/python3.10/site-packages/airflow/example_dags/example_trigger_target_dag.py
[2024-02-04T06:24:17.233+0000] {processor.py:826} INFO - Processing file /usr/local/python/3.10.13/lib/python3.10/site-packages/airflow/example_dags/example_trigger_target_dag.py for tasks to queue
[2024-02-04T06:24:17.234+0000] {logging_mixin.py:150} INFO - [2024-02-04T06:24:17.233+0000] {dagbag.py:541} INFO - Filling up the DagBag from /usr/local/python/3.10.13/lib/python3.10/site-packages/airflow/example_dags/example_trigger_target_dag.py
[2024-02-04T06:24:17.238+0000] {processor.py:836} INFO - DAG(s) dict_keys(['example_trigger_target_dag']) retrieved from /usr/local/python/3.10.13/lib/python3.10/site-packages/airflow/example_dags/example_trigger_target_dag.py
[2024-02-04T06:24:17.251+0000] {logging_mixin.py:150} INFO - [2024-02-04T06:24:17.251+0000] {dag.py:2742} INFO - Sync 1 DAGs
[2024-02-04T06:24:17.266+0000] {logging_mixin.py:150} INFO - [2024-02-04T06:24:17.266+0000] {dag.py:3504} INFO - Setting next_dagrun for example_trigger_target_dag to None, run_after=None
[2024-02-04T06:24:17.309+0000] {processor.py:179} INFO - Processing /usr/local/python/3.10.13/lib/python3.10/site-packages/airflow/example_dags/example_trigger_target_dag.py took 0.079 seconds
[2024-02-04T06:24:49.718+0000] {processor.py:157} INFO - Started process (PID=13568) to work on /usr/local/python/3.10.13/lib/python3.10/site-packages/airflow/example_dags/example_trigger_target_dag.py
[2024-02-04T06:24:49.719+0000] {processor.py:826} INFO - Processing file /usr/local/python/3.10.13/lib/python3.10/site-packages/airflow/example_dags/example_trigger_target_dag.py for tasks to queue
[2024-02-04T06:24:49.720+0000] {logging_mixin.py:150} INFO - [2024-02-04T06:24:49.719+0000] {dagbag.py:541} INFO - Filling up the DagBag from /usr/local/python/3.10.13/lib/python3.10/site-packages/airflow/example_dags/example_trigger_target_dag.py
[2024-02-04T06:24:49.724+0000] {processor.py:836} INFO - DAG(s) dict_keys(['example_trigger_target_dag']) retrieved from /usr/local/python/3.10.13/lib/python3.10/site-packages/airflow/example_dags/example_trigger_target_dag.py
[2024-02-04T06:24:49.738+0000] {logging_mixin.py:150} INFO - [2024-02-04T06:24:49.738+0000] {dag.py:2742} INFO - Sync 1 DAGs
[2024-02-04T06:24:49.755+0000] {logging_mixin.py:150} INFO - [2024-02-04T06:24:49.754+0000] {dag.py:3504} INFO - Setting next_dagrun for example_trigger_target_dag to None, run_after=None
[2024-02-04T06:24:49.799+0000] {processor.py:179} INFO - Processing /usr/local/python/3.10.13/lib/python3.10/site-packages/airflow/example_dags/example_trigger_target_dag.py took 0.083 seconds
