[2024-02-04T06:17:09.721+0000] {processor.py:157} INFO - Started process (PID=8567) to work on /usr/local/python/3.10.13/lib/python3.10/site-packages/airflow/example_dags/example_latest_only.py
[2024-02-04T06:17:09.722+0000] {processor.py:826} INFO - Processing file /usr/local/python/3.10.13/lib/python3.10/site-packages/airflow/example_dags/example_latest_only.py for tasks to queue
[2024-02-04T06:17:09.722+0000] {logging_mixin.py:150} INFO - [2024-02-04T06:17:09.722+0000] {dagbag.py:541} INFO - Filling up the DagBag from /usr/local/python/3.10.13/lib/python3.10/site-packages/airflow/example_dags/example_latest_only.py
[2024-02-04T06:17:09.729+0000] {processor.py:836} INFO - DAG(s) dict_keys(['latest_only']) retrieved from /usr/local/python/3.10.13/lib/python3.10/site-packages/airflow/example_dags/example_latest_only.py
[2024-02-04T06:17:09.876+0000] {logging_mixin.py:150} INFO - [2024-02-04T06:17:09.876+0000] {manager.py:504} INFO - Created Permission View: can edit on DAG:latest_only
[2024-02-04T06:17:09.915+0000] {logging_mixin.py:150} INFO - [2024-02-04T06:17:09.915+0000] {manager.py:504} INFO - Created Permission View: can read on DAG:latest_only
[2024-02-04T06:17:09.948+0000] {logging_mixin.py:150} INFO - [2024-02-04T06:17:09.948+0000] {manager.py:504} INFO - Created Permission View: can delete on DAG:latest_only
[2024-02-04T06:17:09.963+0000] {logging_mixin.py:150} INFO - [2024-02-04T06:17:09.963+0000] {dag.py:2742} INFO - Sync 1 DAGs
[2024-02-04T06:17:09.972+0000] {logging_mixin.py:150} INFO - [2024-02-04T06:17:09.972+0000] {dag.py:2763} INFO - Creating ORM DAG for latest_only
[2024-02-04T06:17:09.979+0000] {logging_mixin.py:150} INFO - [2024-02-04T06:17:09.979+0000] {dag.py:3504} INFO - Setting next_dagrun for latest_only to 2024-02-04T02:17:09.979162+00:00, run_after=2024-02-04T06:17:09.979162+00:00
[2024-02-04T06:17:10.034+0000] {processor.py:179} INFO - Processing /usr/local/python/3.10.13/lib/python3.10/site-packages/airflow/example_dags/example_latest_only.py took 0.315 seconds
[2024-02-04T06:18:08.046+0000] {processor.py:157} INFO - Started process (PID=9117) to work on /usr/local/python/3.10.13/lib/python3.10/site-packages/airflow/example_dags/example_latest_only.py
[2024-02-04T06:18:08.047+0000] {processor.py:826} INFO - Processing file /usr/local/python/3.10.13/lib/python3.10/site-packages/airflow/example_dags/example_latest_only.py for tasks to queue
[2024-02-04T06:18:08.047+0000] {logging_mixin.py:150} INFO - [2024-02-04T06:18:08.047+0000] {dagbag.py:541} INFO - Filling up the DagBag from /usr/local/python/3.10.13/lib/python3.10/site-packages/airflow/example_dags/example_latest_only.py
[2024-02-04T06:18:08.053+0000] {processor.py:836} INFO - DAG(s) dict_keys(['latest_only']) retrieved from /usr/local/python/3.10.13/lib/python3.10/site-packages/airflow/example_dags/example_latest_only.py
[2024-02-04T06:18:08.065+0000] {logging_mixin.py:150} INFO - [2024-02-04T06:18:08.065+0000] {dag.py:2742} INFO - Sync 1 DAGs
[2024-02-04T06:18:08.083+0000] {logging_mixin.py:150} INFO - [2024-02-04T06:18:08.083+0000] {dag.py:3504} INFO - Setting next_dagrun for latest_only to 2024-02-04T02:18:08.083201+00:00, run_after=2024-02-04T06:18:08.083201+00:00
[2024-02-04T06:18:08.128+0000] {processor.py:179} INFO - Processing /usr/local/python/3.10.13/lib/python3.10/site-packages/airflow/example_dags/example_latest_only.py took 0.085 seconds
[2024-02-04T06:18:53.991+0000] {processor.py:157} INFO - Started process (PID=9603) to work on /usr/local/python/3.10.13/lib/python3.10/site-packages/airflow/example_dags/example_latest_only.py
[2024-02-04T06:18:53.991+0000] {processor.py:826} INFO - Processing file /usr/local/python/3.10.13/lib/python3.10/site-packages/airflow/example_dags/example_latest_only.py for tasks to queue
[2024-02-04T06:18:53.992+0000] {logging_mixin.py:150} INFO - [2024-02-04T06:18:53.992+0000] {dagbag.py:541} INFO - Filling up the DagBag from /usr/local/python/3.10.13/lib/python3.10/site-packages/airflow/example_dags/example_latest_only.py
[2024-02-04T06:18:53.997+0000] {processor.py:836} INFO - DAG(s) dict_keys(['latest_only']) retrieved from /usr/local/python/3.10.13/lib/python3.10/site-packages/airflow/example_dags/example_latest_only.py
[2024-02-04T06:18:54.009+0000] {logging_mixin.py:150} INFO - [2024-02-04T06:18:54.008+0000] {dag.py:2742} INFO - Sync 1 DAGs
[2024-02-04T06:18:54.025+0000] {logging_mixin.py:150} INFO - [2024-02-04T06:18:54.024+0000] {dag.py:3504} INFO - Setting next_dagrun for latest_only to 2024-02-04T02:18:54.024721+00:00, run_after=2024-02-04T06:18:54.024721+00:00
[2024-02-04T06:18:54.070+0000] {processor.py:179} INFO - Processing /usr/local/python/3.10.13/lib/python3.10/site-packages/airflow/example_dags/example_latest_only.py took 0.081 seconds
[2024-02-04T06:19:37.002+0000] {processor.py:157} INFO - Started process (PID=10034) to work on /usr/local/python/3.10.13/lib/python3.10/site-packages/airflow/example_dags/example_latest_only.py
[2024-02-04T06:19:37.002+0000] {processor.py:826} INFO - Processing file /usr/local/python/3.10.13/lib/python3.10/site-packages/airflow/example_dags/example_latest_only.py for tasks to queue
[2024-02-04T06:19:37.003+0000] {logging_mixin.py:150} INFO - [2024-02-04T06:19:37.003+0000] {dagbag.py:541} INFO - Filling up the DagBag from /usr/local/python/3.10.13/lib/python3.10/site-packages/airflow/example_dags/example_latest_only.py
[2024-02-04T06:19:37.008+0000] {processor.py:836} INFO - DAG(s) dict_keys(['latest_only']) retrieved from /usr/local/python/3.10.13/lib/python3.10/site-packages/airflow/example_dags/example_latest_only.py
[2024-02-04T06:19:37.020+0000] {logging_mixin.py:150} INFO - [2024-02-04T06:19:37.020+0000] {dag.py:2742} INFO - Sync 1 DAGs
[2024-02-04T06:19:37.037+0000] {logging_mixin.py:150} INFO - [2024-02-04T06:19:37.037+0000] {dag.py:3504} INFO - Setting next_dagrun for latest_only to 2024-02-04T02:19:37.036924+00:00, run_after=2024-02-04T06:19:37.036924+00:00
[2024-02-04T06:19:37.082+0000] {processor.py:179} INFO - Processing /usr/local/python/3.10.13/lib/python3.10/site-packages/airflow/example_dags/example_latest_only.py took 0.082 seconds
[2024-02-04T06:20:30.909+0000] {processor.py:157} INFO - Started process (PID=10565) to work on /usr/local/python/3.10.13/lib/python3.10/site-packages/airflow/example_dags/example_latest_only.py
[2024-02-04T06:20:30.909+0000] {processor.py:826} INFO - Processing file /usr/local/python/3.10.13/lib/python3.10/site-packages/airflow/example_dags/example_latest_only.py for tasks to queue
[2024-02-04T06:20:30.910+0000] {logging_mixin.py:150} INFO - [2024-02-04T06:20:30.910+0000] {dagbag.py:541} INFO - Filling up the DagBag from /usr/local/python/3.10.13/lib/python3.10/site-packages/airflow/example_dags/example_latest_only.py
[2024-02-04T06:20:30.915+0000] {processor.py:836} INFO - DAG(s) dict_keys(['latest_only']) retrieved from /usr/local/python/3.10.13/lib/python3.10/site-packages/airflow/example_dags/example_latest_only.py
[2024-02-04T06:20:30.927+0000] {logging_mixin.py:150} INFO - [2024-02-04T06:20:30.927+0000] {dag.py:2742} INFO - Sync 1 DAGs
[2024-02-04T06:20:30.943+0000] {logging_mixin.py:150} INFO - [2024-02-04T06:20:30.943+0000] {dag.py:3504} INFO - Setting next_dagrun for latest_only to 2024-02-04T02:20:30.943571+00:00, run_after=2024-02-04T06:20:30.943571+00:00
[2024-02-04T06:20:30.989+0000] {processor.py:179} INFO - Processing /usr/local/python/3.10.13/lib/python3.10/site-packages/airflow/example_dags/example_latest_only.py took 0.083 seconds
[2024-02-04T06:21:23.111+0000] {processor.py:157} INFO - Started process (PID=11141) to work on /usr/local/python/3.10.13/lib/python3.10/site-packages/airflow/example_dags/example_latest_only.py
[2024-02-04T06:21:23.112+0000] {processor.py:826} INFO - Processing file /usr/local/python/3.10.13/lib/python3.10/site-packages/airflow/example_dags/example_latest_only.py for tasks to queue
[2024-02-04T06:21:23.113+0000] {logging_mixin.py:150} INFO - [2024-02-04T06:21:23.112+0000] {dagbag.py:541} INFO - Filling up the DagBag from /usr/local/python/3.10.13/lib/python3.10/site-packages/airflow/example_dags/example_latest_only.py
[2024-02-04T06:21:23.118+0000] {processor.py:836} INFO - DAG(s) dict_keys(['latest_only']) retrieved from /usr/local/python/3.10.13/lib/python3.10/site-packages/airflow/example_dags/example_latest_only.py
[2024-02-04T06:21:23.130+0000] {logging_mixin.py:150} INFO - [2024-02-04T06:21:23.129+0000] {dag.py:2742} INFO - Sync 1 DAGs
[2024-02-04T06:21:23.145+0000] {logging_mixin.py:150} INFO - [2024-02-04T06:21:23.145+0000] {dag.py:3504} INFO - Setting next_dagrun for latest_only to 2024-02-04T02:21:23.145435+00:00, run_after=2024-02-04T06:21:23.145435+00:00
[2024-02-04T06:21:23.194+0000] {processor.py:179} INFO - Processing /usr/local/python/3.10.13/lib/python3.10/site-packages/airflow/example_dags/example_latest_only.py took 0.085 seconds
[2024-02-04T06:22:12.149+0000] {processor.py:157} INFO - Started process (PID=11692) to work on /usr/local/python/3.10.13/lib/python3.10/site-packages/airflow/example_dags/example_latest_only.py
[2024-02-04T06:22:12.150+0000] {processor.py:826} INFO - Processing file /usr/local/python/3.10.13/lib/python3.10/site-packages/airflow/example_dags/example_latest_only.py for tasks to queue
[2024-02-04T06:22:12.151+0000] {logging_mixin.py:150} INFO - [2024-02-04T06:22:12.151+0000] {dagbag.py:541} INFO - Filling up the DagBag from /usr/local/python/3.10.13/lib/python3.10/site-packages/airflow/example_dags/example_latest_only.py
[2024-02-04T06:22:12.155+0000] {processor.py:836} INFO - DAG(s) dict_keys(['latest_only']) retrieved from /usr/local/python/3.10.13/lib/python3.10/site-packages/airflow/example_dags/example_latest_only.py
[2024-02-04T06:22:12.167+0000] {logging_mixin.py:150} INFO - [2024-02-04T06:22:12.167+0000] {dag.py:2742} INFO - Sync 1 DAGs
[2024-02-04T06:22:12.187+0000] {logging_mixin.py:150} INFO - [2024-02-04T06:22:12.187+0000] {dag.py:3504} INFO - Setting next_dagrun for latest_only to 2024-02-04T02:22:12.187192+00:00, run_after=2024-02-04T06:22:12.187192+00:00
[2024-02-04T06:22:12.235+0000] {processor.py:179} INFO - Processing /usr/local/python/3.10.13/lib/python3.10/site-packages/airflow/example_dags/example_latest_only.py took 0.088 seconds
[2024-02-04T06:22:48.986+0000] {processor.py:157} INFO - Started process (PID=12183) to work on /usr/local/python/3.10.13/lib/python3.10/site-packages/airflow/example_dags/example_latest_only.py
[2024-02-04T06:22:48.987+0000] {processor.py:826} INFO - Processing file /usr/local/python/3.10.13/lib/python3.10/site-packages/airflow/example_dags/example_latest_only.py for tasks to queue
[2024-02-04T06:22:48.988+0000] {logging_mixin.py:150} INFO - [2024-02-04T06:22:48.987+0000] {dagbag.py:541} INFO - Filling up the DagBag from /usr/local/python/3.10.13/lib/python3.10/site-packages/airflow/example_dags/example_latest_only.py
[2024-02-04T06:22:48.993+0000] {processor.py:836} INFO - DAG(s) dict_keys(['latest_only']) retrieved from /usr/local/python/3.10.13/lib/python3.10/site-packages/airflow/example_dags/example_latest_only.py
[2024-02-04T06:22:49.010+0000] {logging_mixin.py:150} INFO - [2024-02-04T06:22:49.010+0000] {dag.py:2742} INFO - Sync 1 DAGs
[2024-02-04T06:22:49.035+0000] {logging_mixin.py:150} INFO - [2024-02-04T06:22:49.035+0000] {dag.py:3504} INFO - Setting next_dagrun for latest_only to 2024-02-04T02:22:49.034963+00:00, run_after=2024-02-04T06:22:49.034963+00:00
[2024-02-04T06:22:49.106+0000] {processor.py:179} INFO - Processing /usr/local/python/3.10.13/lib/python3.10/site-packages/airflow/example_dags/example_latest_only.py took 0.122 seconds
[2024-02-04T06:23:35.924+0000] {processor.py:157} INFO - Started process (PID=12769) to work on /usr/local/python/3.10.13/lib/python3.10/site-packages/airflow/example_dags/example_latest_only.py
[2024-02-04T06:23:35.924+0000] {processor.py:826} INFO - Processing file /usr/local/python/3.10.13/lib/python3.10/site-packages/airflow/example_dags/example_latest_only.py for tasks to queue
[2024-02-04T06:23:35.925+0000] {logging_mixin.py:150} INFO - [2024-02-04T06:23:35.925+0000] {dagbag.py:541} INFO - Filling up the DagBag from /usr/local/python/3.10.13/lib/python3.10/site-packages/airflow/example_dags/example_latest_only.py
[2024-02-04T06:23:35.930+0000] {processor.py:836} INFO - DAG(s) dict_keys(['latest_only']) retrieved from /usr/local/python/3.10.13/lib/python3.10/site-packages/airflow/example_dags/example_latest_only.py
[2024-02-04T06:23:35.944+0000] {logging_mixin.py:150} INFO - [2024-02-04T06:23:35.944+0000] {dag.py:2742} INFO - Sync 1 DAGs
[2024-02-04T06:23:35.963+0000] {logging_mixin.py:150} INFO - [2024-02-04T06:23:35.963+0000] {dag.py:3504} INFO - Setting next_dagrun for latest_only to 2024-02-04T02:23:35.963264+00:00, run_after=2024-02-04T06:23:35.963264+00:00
[2024-02-04T06:23:36.008+0000] {processor.py:179} INFO - Processing /usr/local/python/3.10.13/lib/python3.10/site-packages/airflow/example_dags/example_latest_only.py took 0.086 seconds
[2024-02-04T06:24:22.069+0000] {processor.py:157} INFO - Started process (PID=13279) to work on /usr/local/python/3.10.13/lib/python3.10/site-packages/airflow/example_dags/example_latest_only.py
[2024-02-04T06:24:22.070+0000] {processor.py:826} INFO - Processing file /usr/local/python/3.10.13/lib/python3.10/site-packages/airflow/example_dags/example_latest_only.py for tasks to queue
[2024-02-04T06:24:22.071+0000] {logging_mixin.py:150} INFO - [2024-02-04T06:24:22.070+0000] {dagbag.py:541} INFO - Filling up the DagBag from /usr/local/python/3.10.13/lib/python3.10/site-packages/airflow/example_dags/example_latest_only.py
[2024-02-04T06:24:22.075+0000] {processor.py:836} INFO - DAG(s) dict_keys(['latest_only']) retrieved from /usr/local/python/3.10.13/lib/python3.10/site-packages/airflow/example_dags/example_latest_only.py
[2024-02-04T06:24:22.088+0000] {logging_mixin.py:150} INFO - [2024-02-04T06:24:22.088+0000] {dag.py:2742} INFO - Sync 1 DAGs
[2024-02-04T06:24:22.104+0000] {logging_mixin.py:150} INFO - [2024-02-04T06:24:22.104+0000] {dag.py:3504} INFO - Setting next_dagrun for latest_only to 2024-02-04T02:24:22.104282+00:00, run_after=2024-02-04T06:24:22.104282+00:00
[2024-02-04T06:24:22.149+0000] {processor.py:179} INFO - Processing /usr/local/python/3.10.13/lib/python3.10/site-packages/airflow/example_dags/example_latest_only.py took 0.083 seconds
