[2024-02-04T06:17:26.749+0000] {processor.py:157} INFO - Started process (PID=8713) to work on /usr/local/python/3.10.13/lib/python3.10/site-packages/airflow/example_dags/example_nested_branch_dag.py
[2024-02-04T06:17:26.749+0000] {processor.py:826} INFO - Processing file /usr/local/python/3.10.13/lib/python3.10/site-packages/airflow/example_dags/example_nested_branch_dag.py for tasks to queue
[2024-02-04T06:17:26.750+0000] {logging_mixin.py:150} INFO - [2024-02-04T06:17:26.750+0000] {dagbag.py:541} INFO - Filling up the DagBag from /usr/local/python/3.10.13/lib/python3.10/site-packages/airflow/example_dags/example_nested_branch_dag.py
[2024-02-04T06:17:26.762+0000] {processor.py:836} INFO - DAG(s) dict_keys(['example_nested_branch_dag']) retrieved from /usr/local/python/3.10.13/lib/python3.10/site-packages/airflow/example_dags/example_nested_branch_dag.py
[2024-02-04T06:17:26.910+0000] {logging_mixin.py:150} INFO - [2024-02-04T06:17:26.910+0000] {manager.py:504} INFO - Created Permission View: can edit on DAG:example_nested_branch_dag
[2024-02-04T06:17:26.950+0000] {logging_mixin.py:150} INFO - [2024-02-04T06:17:26.950+0000] {manager.py:504} INFO - Created Permission View: can read on DAG:example_nested_branch_dag
[2024-02-04T06:17:26.983+0000] {logging_mixin.py:150} INFO - [2024-02-04T06:17:26.982+0000] {manager.py:504} INFO - Created Permission View: can delete on DAG:example_nested_branch_dag
[2024-02-04T06:17:26.994+0000] {logging_mixin.py:150} INFO - [2024-02-04T06:17:26.994+0000] {dag.py:2742} INFO - Sync 1 DAGs
[2024-02-04T06:17:27.002+0000] {logging_mixin.py:150} INFO - [2024-02-04T06:17:27.002+0000] {dag.py:2763} INFO - Creating ORM DAG for example_nested_branch_dag
[2024-02-04T06:17:27.010+0000] {logging_mixin.py:150} INFO - [2024-02-04T06:17:27.010+0000] {dag.py:3504} INFO - Setting next_dagrun for example_nested_branch_dag to 2024-02-03T00:00:00+00:00, run_after=2024-02-04T00:00:00+00:00
[2024-02-04T06:17:27.077+0000] {processor.py:179} INFO - Processing /usr/local/python/3.10.13/lib/python3.10/site-packages/airflow/example_dags/example_nested_branch_dag.py took 0.331 seconds
[2024-02-04T06:18:19.633+0000] {processor.py:157} INFO - Started process (PID=9257) to work on /usr/local/python/3.10.13/lib/python3.10/site-packages/airflow/example_dags/example_nested_branch_dag.py
[2024-02-04T06:18:19.633+0000] {processor.py:826} INFO - Processing file /usr/local/python/3.10.13/lib/python3.10/site-packages/airflow/example_dags/example_nested_branch_dag.py for tasks to queue
[2024-02-04T06:18:19.634+0000] {logging_mixin.py:150} INFO - [2024-02-04T06:18:19.634+0000] {dagbag.py:541} INFO - Filling up the DagBag from /usr/local/python/3.10.13/lib/python3.10/site-packages/airflow/example_dags/example_nested_branch_dag.py
[2024-02-04T06:18:19.643+0000] {processor.py:836} INFO - DAG(s) dict_keys(['example_nested_branch_dag']) retrieved from /usr/local/python/3.10.13/lib/python3.10/site-packages/airflow/example_dags/example_nested_branch_dag.py
[2024-02-04T06:18:19.657+0000] {logging_mixin.py:150} INFO - [2024-02-04T06:18:19.657+0000] {dag.py:2742} INFO - Sync 1 DAGs
[2024-02-04T06:18:19.675+0000] {logging_mixin.py:150} INFO - [2024-02-04T06:18:19.675+0000] {dag.py:3504} INFO - Setting next_dagrun for example_nested_branch_dag to 2024-02-03T00:00:00+00:00, run_after=2024-02-04T00:00:00+00:00
[2024-02-04T06:18:19.732+0000] {processor.py:179} INFO - Processing /usr/local/python/3.10.13/lib/python3.10/site-packages/airflow/example_dags/example_nested_branch_dag.py took 0.102 seconds
[2024-02-04T06:19:06.765+0000] {processor.py:157} INFO - Started process (PID=9732) to work on /usr/local/python/3.10.13/lib/python3.10/site-packages/airflow/example_dags/example_nested_branch_dag.py
[2024-02-04T06:19:06.766+0000] {processor.py:826} INFO - Processing file /usr/local/python/3.10.13/lib/python3.10/site-packages/airflow/example_dags/example_nested_branch_dag.py for tasks to queue
[2024-02-04T06:19:06.766+0000] {logging_mixin.py:150} INFO - [2024-02-04T06:19:06.766+0000] {dagbag.py:541} INFO - Filling up the DagBag from /usr/local/python/3.10.13/lib/python3.10/site-packages/airflow/example_dags/example_nested_branch_dag.py
[2024-02-04T06:19:06.774+0000] {processor.py:836} INFO - DAG(s) dict_keys(['example_nested_branch_dag']) retrieved from /usr/local/python/3.10.13/lib/python3.10/site-packages/airflow/example_dags/example_nested_branch_dag.py
[2024-02-04T06:19:06.787+0000] {logging_mixin.py:150} INFO - [2024-02-04T06:19:06.787+0000] {dag.py:2742} INFO - Sync 1 DAGs
[2024-02-04T06:19:06.806+0000] {logging_mixin.py:150} INFO - [2024-02-04T06:19:06.806+0000] {dag.py:3504} INFO - Setting next_dagrun for example_nested_branch_dag to 2024-02-03T00:00:00+00:00, run_after=2024-02-04T00:00:00+00:00
[2024-02-04T06:19:06.854+0000] {processor.py:179} INFO - Processing /usr/local/python/3.10.13/lib/python3.10/site-packages/airflow/example_dags/example_nested_branch_dag.py took 0.092 seconds
[2024-02-04T06:19:59.038+0000] {processor.py:157} INFO - Started process (PID=10252) to work on /usr/local/python/3.10.13/lib/python3.10/site-packages/airflow/example_dags/example_nested_branch_dag.py
[2024-02-04T06:19:59.039+0000] {processor.py:826} INFO - Processing file /usr/local/python/3.10.13/lib/python3.10/site-packages/airflow/example_dags/example_nested_branch_dag.py for tasks to queue
[2024-02-04T06:19:59.040+0000] {logging_mixin.py:150} INFO - [2024-02-04T06:19:59.040+0000] {dagbag.py:541} INFO - Filling up the DagBag from /usr/local/python/3.10.13/lib/python3.10/site-packages/airflow/example_dags/example_nested_branch_dag.py
[2024-02-04T06:19:59.052+0000] {processor.py:836} INFO - DAG(s) dict_keys(['example_nested_branch_dag']) retrieved from /usr/local/python/3.10.13/lib/python3.10/site-packages/airflow/example_dags/example_nested_branch_dag.py
[2024-02-04T06:19:59.071+0000] {logging_mixin.py:150} INFO - [2024-02-04T06:19:59.071+0000] {dag.py:2742} INFO - Sync 1 DAGs
[2024-02-04T06:19:59.093+0000] {logging_mixin.py:150} INFO - [2024-02-04T06:19:59.093+0000] {dag.py:3504} INFO - Setting next_dagrun for example_nested_branch_dag to 2024-02-03T00:00:00+00:00, run_after=2024-02-04T00:00:00+00:00
[2024-02-04T06:19:59.136+0000] {processor.py:179} INFO - Processing /usr/local/python/3.10.13/lib/python3.10/site-packages/airflow/example_dags/example_nested_branch_dag.py took 0.102 seconds
[2024-02-04T06:20:53.042+0000] {processor.py:157} INFO - Started process (PID=10805) to work on /usr/local/python/3.10.13/lib/python3.10/site-packages/airflow/example_dags/example_nested_branch_dag.py
[2024-02-04T06:20:53.043+0000] {processor.py:826} INFO - Processing file /usr/local/python/3.10.13/lib/python3.10/site-packages/airflow/example_dags/example_nested_branch_dag.py for tasks to queue
[2024-02-04T06:20:53.044+0000] {logging_mixin.py:150} INFO - [2024-02-04T06:20:53.043+0000] {dagbag.py:541} INFO - Filling up the DagBag from /usr/local/python/3.10.13/lib/python3.10/site-packages/airflow/example_dags/example_nested_branch_dag.py
[2024-02-04T06:20:53.052+0000] {processor.py:836} INFO - DAG(s) dict_keys(['example_nested_branch_dag']) retrieved from /usr/local/python/3.10.13/lib/python3.10/site-packages/airflow/example_dags/example_nested_branch_dag.py
[2024-02-04T06:20:53.069+0000] {logging_mixin.py:150} INFO - [2024-02-04T06:20:53.068+0000] {dag.py:2742} INFO - Sync 1 DAGs
[2024-02-04T06:20:53.086+0000] {logging_mixin.py:150} INFO - [2024-02-04T06:20:53.085+0000] {dag.py:3504} INFO - Setting next_dagrun for example_nested_branch_dag to 2024-02-03T00:00:00+00:00, run_after=2024-02-04T00:00:00+00:00
[2024-02-04T06:20:53.131+0000] {processor.py:179} INFO - Processing /usr/local/python/3.10.13/lib/python3.10/site-packages/airflow/example_dags/example_nested_branch_dag.py took 0.092 seconds
[2024-02-04T06:21:42.744+0000] {processor.py:157} INFO - Started process (PID=11380) to work on /usr/local/python/3.10.13/lib/python3.10/site-packages/airflow/example_dags/example_nested_branch_dag.py
[2024-02-04T06:21:42.745+0000] {processor.py:826} INFO - Processing file /usr/local/python/3.10.13/lib/python3.10/site-packages/airflow/example_dags/example_nested_branch_dag.py for tasks to queue
[2024-02-04T06:21:42.746+0000] {logging_mixin.py:150} INFO - [2024-02-04T06:21:42.746+0000] {dagbag.py:541} INFO - Filling up the DagBag from /usr/local/python/3.10.13/lib/python3.10/site-packages/airflow/example_dags/example_nested_branch_dag.py
[2024-02-04T06:21:42.754+0000] {processor.py:836} INFO - DAG(s) dict_keys(['example_nested_branch_dag']) retrieved from /usr/local/python/3.10.13/lib/python3.10/site-packages/airflow/example_dags/example_nested_branch_dag.py
[2024-02-04T06:21:42.769+0000] {logging_mixin.py:150} INFO - [2024-02-04T06:21:42.768+0000] {dag.py:2742} INFO - Sync 1 DAGs
[2024-02-04T06:21:42.796+0000] {logging_mixin.py:150} INFO - [2024-02-04T06:21:42.796+0000] {dag.py:3504} INFO - Setting next_dagrun for example_nested_branch_dag to 2024-02-03T00:00:00+00:00, run_after=2024-02-04T00:00:00+00:00
[2024-02-04T06:21:42.848+0000] {processor.py:179} INFO - Processing /usr/local/python/3.10.13/lib/python3.10/site-packages/airflow/example_dags/example_nested_branch_dag.py took 0.106 seconds
[2024-02-04T06:22:34.745+0000] {processor.py:157} INFO - Started process (PID=11973) to work on /usr/local/python/3.10.13/lib/python3.10/site-packages/airflow/example_dags/example_nested_branch_dag.py
[2024-02-04T06:22:34.746+0000] {processor.py:826} INFO - Processing file /usr/local/python/3.10.13/lib/python3.10/site-packages/airflow/example_dags/example_nested_branch_dag.py for tasks to queue
[2024-02-04T06:22:34.746+0000] {logging_mixin.py:150} INFO - [2024-02-04T06:22:34.746+0000] {dagbag.py:541} INFO - Filling up the DagBag from /usr/local/python/3.10.13/lib/python3.10/site-packages/airflow/example_dags/example_nested_branch_dag.py
[2024-02-04T06:22:34.755+0000] {processor.py:836} INFO - DAG(s) dict_keys(['example_nested_branch_dag']) retrieved from /usr/local/python/3.10.13/lib/python3.10/site-packages/airflow/example_dags/example_nested_branch_dag.py
[2024-02-04T06:22:34.770+0000] {logging_mixin.py:150} INFO - [2024-02-04T06:22:34.770+0000] {dag.py:2742} INFO - Sync 1 DAGs
[2024-02-04T06:22:34.790+0000] {logging_mixin.py:150} INFO - [2024-02-04T06:22:34.790+0000] {dag.py:3504} INFO - Setting next_dagrun for example_nested_branch_dag to 2024-02-03T00:00:00+00:00, run_after=2024-02-04T00:00:00+00:00
[2024-02-04T06:22:34.839+0000] {processor.py:179} INFO - Processing /usr/local/python/3.10.13/lib/python3.10/site-packages/airflow/example_dags/example_nested_branch_dag.py took 0.096 seconds
[2024-02-04T06:23:20.317+0000] {processor.py:157} INFO - Started process (PID=12567) to work on /usr/local/python/3.10.13/lib/python3.10/site-packages/airflow/example_dags/example_nested_branch_dag.py
[2024-02-04T06:23:20.317+0000] {processor.py:826} INFO - Processing file /usr/local/python/3.10.13/lib/python3.10/site-packages/airflow/example_dags/example_nested_branch_dag.py for tasks to queue
[2024-02-04T06:23:20.318+0000] {logging_mixin.py:150} INFO - [2024-02-04T06:23:20.318+0000] {dagbag.py:541} INFO - Filling up the DagBag from /usr/local/python/3.10.13/lib/python3.10/site-packages/airflow/example_dags/example_nested_branch_dag.py
[2024-02-04T06:23:20.326+0000] {processor.py:836} INFO - DAG(s) dict_keys(['example_nested_branch_dag']) retrieved from /usr/local/python/3.10.13/lib/python3.10/site-packages/airflow/example_dags/example_nested_branch_dag.py
[2024-02-04T06:23:20.341+0000] {logging_mixin.py:150} INFO - [2024-02-04T06:23:20.340+0000] {dag.py:2742} INFO - Sync 1 DAGs
[2024-02-04T06:23:20.359+0000] {logging_mixin.py:150} INFO - [2024-02-04T06:23:20.359+0000] {dag.py:3504} INFO - Setting next_dagrun for example_nested_branch_dag to 2024-02-03T00:00:00+00:00, run_after=2024-02-04T00:00:00+00:00
[2024-02-04T06:23:20.408+0000] {processor.py:179} INFO - Processing /usr/local/python/3.10.13/lib/python3.10/site-packages/airflow/example_dags/example_nested_branch_dag.py took 0.093 seconds
[2024-02-04T06:24:09.300+0000] {processor.py:157} INFO - Started process (PID=13157) to work on /usr/local/python/3.10.13/lib/python3.10/site-packages/airflow/example_dags/example_nested_branch_dag.py
[2024-02-04T06:24:09.301+0000] {processor.py:826} INFO - Processing file /usr/local/python/3.10.13/lib/python3.10/site-packages/airflow/example_dags/example_nested_branch_dag.py for tasks to queue
[2024-02-04T06:24:09.301+0000] {logging_mixin.py:150} INFO - [2024-02-04T06:24:09.301+0000] {dagbag.py:541} INFO - Filling up the DagBag from /usr/local/python/3.10.13/lib/python3.10/site-packages/airflow/example_dags/example_nested_branch_dag.py
[2024-02-04T06:24:09.309+0000] {processor.py:836} INFO - DAG(s) dict_keys(['example_nested_branch_dag']) retrieved from /usr/local/python/3.10.13/lib/python3.10/site-packages/airflow/example_dags/example_nested_branch_dag.py
[2024-02-04T06:24:09.323+0000] {logging_mixin.py:150} INFO - [2024-02-04T06:24:09.323+0000] {dag.py:2742} INFO - Sync 1 DAGs
[2024-02-04T06:24:09.341+0000] {logging_mixin.py:150} INFO - [2024-02-04T06:24:09.340+0000] {dag.py:3504} INFO - Setting next_dagrun for example_nested_branch_dag to 2024-02-03T00:00:00+00:00, run_after=2024-02-04T00:00:00+00:00
[2024-02-04T06:24:09.397+0000] {processor.py:179} INFO - Processing /usr/local/python/3.10.13/lib/python3.10/site-packages/airflow/example_dags/example_nested_branch_dag.py took 0.100 seconds
[2024-02-04T06:24:58.184+0000] {processor.py:157} INFO - Started process (PID=13655) to work on /usr/local/python/3.10.13/lib/python3.10/site-packages/airflow/example_dags/example_nested_branch_dag.py
[2024-02-04T06:24:58.185+0000] {processor.py:826} INFO - Processing file /usr/local/python/3.10.13/lib/python3.10/site-packages/airflow/example_dags/example_nested_branch_dag.py for tasks to queue
[2024-02-04T06:24:58.185+0000] {logging_mixin.py:150} INFO - [2024-02-04T06:24:58.185+0000] {dagbag.py:541} INFO - Filling up the DagBag from /usr/local/python/3.10.13/lib/python3.10/site-packages/airflow/example_dags/example_nested_branch_dag.py
[2024-02-04T06:24:58.194+0000] {processor.py:836} INFO - DAG(s) dict_keys(['example_nested_branch_dag']) retrieved from /usr/local/python/3.10.13/lib/python3.10/site-packages/airflow/example_dags/example_nested_branch_dag.py
[2024-02-04T06:24:58.565+0000] {logging_mixin.py:150} INFO - [2024-02-04T06:24:58.564+0000] {dag.py:2742} INFO - Sync 1 DAGs
[2024-02-04T06:24:58.707+0000] {logging_mixin.py:150} INFO - [2024-02-04T06:24:58.707+0000] {dag.py:3504} INFO - Setting next_dagrun for example_nested_branch_dag to 2024-02-03T00:00:00+00:00, run_after=2024-02-04T00:00:00+00:00
[2024-02-04T06:24:58.940+0000] {processor.py:179} INFO - Processing /usr/local/python/3.10.13/lib/python3.10/site-packages/airflow/example_dags/example_nested_branch_dag.py took 0.759 seconds
