[2024-02-04T06:17:45.424+0000] {processor.py:157} INFO - Started process (PID=8897) to work on /usr/local/python/3.10.13/lib/python3.10/site-packages/airflow/example_dags/example_dag_decorator.py
[2024-02-04T06:17:45.424+0000] {processor.py:826} INFO - Processing file /usr/local/python/3.10.13/lib/python3.10/site-packages/airflow/example_dags/example_dag_decorator.py for tasks to queue
[2024-02-04T06:17:45.425+0000] {logging_mixin.py:150} INFO - [2024-02-04T06:17:45.425+0000] {dagbag.py:541} INFO - Filling up the DagBag from /usr/local/python/3.10.13/lib/python3.10/site-packages/airflow/example_dags/example_dag_decorator.py
[2024-02-04T06:17:45.434+0000] {processor.py:836} INFO - DAG(s) dict_keys(['example_dag_decorator']) retrieved from /usr/local/python/3.10.13/lib/python3.10/site-packages/airflow/example_dags/example_dag_decorator.py
[2024-02-04T06:17:45.589+0000] {logging_mixin.py:150} INFO - [2024-02-04T06:17:45.589+0000] {manager.py:504} INFO - Created Permission View: can edit on DAG:example_dag_decorator
[2024-02-04T06:17:45.632+0000] {logging_mixin.py:150} INFO - [2024-02-04T06:17:45.631+0000] {manager.py:504} INFO - Created Permission View: can read on DAG:example_dag_decorator
[2024-02-04T06:17:45.664+0000] {logging_mixin.py:150} INFO - [2024-02-04T06:17:45.664+0000] {manager.py:504} INFO - Created Permission View: can delete on DAG:example_dag_decorator
[2024-02-04T06:17:45.674+0000] {logging_mixin.py:150} INFO - [2024-02-04T06:17:45.673+0000] {dag.py:2742} INFO - Sync 1 DAGs
[2024-02-04T06:17:45.682+0000] {logging_mixin.py:150} INFO - [2024-02-04T06:17:45.682+0000] {dag.py:2763} INFO - Creating ORM DAG for example_dag_decorator
[2024-02-04T06:17:45.690+0000] {logging_mixin.py:150} INFO - [2024-02-04T06:17:45.690+0000] {dag.py:3504} INFO - Setting next_dagrun for example_dag_decorator to None, run_after=None
[2024-02-04T06:17:45.790+0000] {processor.py:179} INFO - Processing /usr/local/python/3.10.13/lib/python3.10/site-packages/airflow/example_dags/example_dag_decorator.py took 0.369 seconds
[2024-02-04T06:18:35.351+0000] {processor.py:157} INFO - Started process (PID=9406) to work on /usr/local/python/3.10.13/lib/python3.10/site-packages/airflow/example_dags/example_dag_decorator.py
[2024-02-04T06:18:35.352+0000] {processor.py:826} INFO - Processing file /usr/local/python/3.10.13/lib/python3.10/site-packages/airflow/example_dags/example_dag_decorator.py for tasks to queue
[2024-02-04T06:18:35.353+0000] {logging_mixin.py:150} INFO - [2024-02-04T06:18:35.353+0000] {dagbag.py:541} INFO - Filling up the DagBag from /usr/local/python/3.10.13/lib/python3.10/site-packages/airflow/example_dags/example_dag_decorator.py
[2024-02-04T06:18:35.366+0000] {processor.py:836} INFO - DAG(s) dict_keys(['example_dag_decorator']) retrieved from /usr/local/python/3.10.13/lib/python3.10/site-packages/airflow/example_dags/example_dag_decorator.py
[2024-02-04T06:18:35.471+0000] {logging_mixin.py:150} INFO - [2024-02-04T06:18:35.471+0000] {dag.py:2742} INFO - Sync 1 DAGs
[2024-02-04T06:18:35.484+0000] {logging_mixin.py:150} INFO - [2024-02-04T06:18:35.484+0000] {dag.py:3504} INFO - Setting next_dagrun for example_dag_decorator to None, run_after=None
[2024-02-04T06:18:35.529+0000] {processor.py:179} INFO - Processing /usr/local/python/3.10.13/lib/python3.10/site-packages/airflow/example_dags/example_dag_decorator.py took 0.181 seconds
[2024-02-04T06:19:26.458+0000] {processor.py:157} INFO - Started process (PID=9932) to work on /usr/local/python/3.10.13/lib/python3.10/site-packages/airflow/example_dags/example_dag_decorator.py
[2024-02-04T06:19:26.459+0000] {processor.py:826} INFO - Processing file /usr/local/python/3.10.13/lib/python3.10/site-packages/airflow/example_dags/example_dag_decorator.py for tasks to queue
[2024-02-04T06:19:26.459+0000] {logging_mixin.py:150} INFO - [2024-02-04T06:19:26.459+0000] {dagbag.py:541} INFO - Filling up the DagBag from /usr/local/python/3.10.13/lib/python3.10/site-packages/airflow/example_dags/example_dag_decorator.py
[2024-02-04T06:19:26.468+0000] {processor.py:836} INFO - DAG(s) dict_keys(['example_dag_decorator']) retrieved from /usr/local/python/3.10.13/lib/python3.10/site-packages/airflow/example_dags/example_dag_decorator.py
[2024-02-04T06:19:26.554+0000] {logging_mixin.py:150} INFO - [2024-02-04T06:19:26.554+0000] {dag.py:2742} INFO - Sync 1 DAGs
[2024-02-04T06:19:26.567+0000] {logging_mixin.py:150} INFO - [2024-02-04T06:19:26.567+0000] {dag.py:3504} INFO - Setting next_dagrun for example_dag_decorator to None, run_after=None
[2024-02-04T06:19:26.613+0000] {processor.py:179} INFO - Processing /usr/local/python/3.10.13/lib/python3.10/site-packages/airflow/example_dags/example_dag_decorator.py took 0.157 seconds
[2024-02-04T06:20:20.270+0000] {processor.py:157} INFO - Started process (PID=10460) to work on /usr/local/python/3.10.13/lib/python3.10/site-packages/airflow/example_dags/example_dag_decorator.py
[2024-02-04T06:20:20.271+0000] {processor.py:826} INFO - Processing file /usr/local/python/3.10.13/lib/python3.10/site-packages/airflow/example_dags/example_dag_decorator.py for tasks to queue
[2024-02-04T06:20:20.272+0000] {logging_mixin.py:150} INFO - [2024-02-04T06:20:20.272+0000] {dagbag.py:541} INFO - Filling up the DagBag from /usr/local/python/3.10.13/lib/python3.10/site-packages/airflow/example_dags/example_dag_decorator.py
[2024-02-04T06:20:20.285+0000] {processor.py:836} INFO - DAG(s) dict_keys(['example_dag_decorator']) retrieved from /usr/local/python/3.10.13/lib/python3.10/site-packages/airflow/example_dags/example_dag_decorator.py
[2024-02-04T06:20:20.410+0000] {logging_mixin.py:150} INFO - [2024-02-04T06:20:20.410+0000] {dag.py:2742} INFO - Sync 1 DAGs
[2024-02-04T06:20:20.432+0000] {logging_mixin.py:150} INFO - [2024-02-04T06:20:20.432+0000] {dag.py:3504} INFO - Setting next_dagrun for example_dag_decorator to None, run_after=None
[2024-02-04T06:20:20.482+0000] {processor.py:179} INFO - Processing /usr/local/python/3.10.13/lib/python3.10/site-packages/airflow/example_dags/example_dag_decorator.py took 0.215 seconds
[2024-02-04T06:21:15.461+0000] {processor.py:157} INFO - Started process (PID=11038) to work on /usr/local/python/3.10.13/lib/python3.10/site-packages/airflow/example_dags/example_dag_decorator.py
[2024-02-04T06:21:15.462+0000] {processor.py:826} INFO - Processing file /usr/local/python/3.10.13/lib/python3.10/site-packages/airflow/example_dags/example_dag_decorator.py for tasks to queue
[2024-02-04T06:21:15.462+0000] {logging_mixin.py:150} INFO - [2024-02-04T06:21:15.462+0000] {dagbag.py:541} INFO - Filling up the DagBag from /usr/local/python/3.10.13/lib/python3.10/site-packages/airflow/example_dags/example_dag_decorator.py
[2024-02-04T06:21:15.472+0000] {processor.py:836} INFO - DAG(s) dict_keys(['example_dag_decorator']) retrieved from /usr/local/python/3.10.13/lib/python3.10/site-packages/airflow/example_dags/example_dag_decorator.py
[2024-02-04T06:21:15.557+0000] {logging_mixin.py:150} INFO - [2024-02-04T06:21:15.557+0000] {dag.py:2742} INFO - Sync 1 DAGs
[2024-02-04T06:21:15.572+0000] {logging_mixin.py:150} INFO - [2024-02-04T06:21:15.572+0000] {dag.py:3504} INFO - Setting next_dagrun for example_dag_decorator to None, run_after=None
[2024-02-04T06:21:15.621+0000] {processor.py:179} INFO - Processing /usr/local/python/3.10.13/lib/python3.10/site-packages/airflow/example_dags/example_dag_decorator.py took 0.162 seconds
[2024-02-04T06:22:04.728+0000] {processor.py:157} INFO - Started process (PID=11615) to work on /usr/local/python/3.10.13/lib/python3.10/site-packages/airflow/example_dags/example_dag_decorator.py
[2024-02-04T06:22:04.728+0000] {processor.py:826} INFO - Processing file /usr/local/python/3.10.13/lib/python3.10/site-packages/airflow/example_dags/example_dag_decorator.py for tasks to queue
[2024-02-04T06:22:04.729+0000] {logging_mixin.py:150} INFO - [2024-02-04T06:22:04.729+0000] {dagbag.py:541} INFO - Filling up the DagBag from /usr/local/python/3.10.13/lib/python3.10/site-packages/airflow/example_dags/example_dag_decorator.py
[2024-02-04T06:22:04.739+0000] {processor.py:836} INFO - DAG(s) dict_keys(['example_dag_decorator']) retrieved from /usr/local/python/3.10.13/lib/python3.10/site-packages/airflow/example_dags/example_dag_decorator.py
[2024-02-04T06:22:04.854+0000] {logging_mixin.py:150} INFO - [2024-02-04T06:22:04.854+0000] {dag.py:2742} INFO - Sync 1 DAGs
[2024-02-04T06:22:04.874+0000] {logging_mixin.py:150} INFO - [2024-02-04T06:22:04.874+0000] {dag.py:3504} INFO - Setting next_dagrun for example_dag_decorator to None, run_after=None
[2024-02-04T06:22:04.939+0000] {processor.py:179} INFO - Processing /usr/local/python/3.10.13/lib/python3.10/site-packages/airflow/example_dags/example_dag_decorator.py took 0.213 seconds
[2024-02-04T06:22:56.357+0000] {processor.py:157} INFO - Started process (PID=12300) to work on /usr/local/python/3.10.13/lib/python3.10/site-packages/airflow/example_dags/example_dag_decorator.py
[2024-02-04T06:22:56.358+0000] {processor.py:826} INFO - Processing file /usr/local/python/3.10.13/lib/python3.10/site-packages/airflow/example_dags/example_dag_decorator.py for tasks to queue
[2024-02-04T06:22:56.358+0000] {logging_mixin.py:150} INFO - [2024-02-04T06:22:56.358+0000] {dagbag.py:541} INFO - Filling up the DagBag from /usr/local/python/3.10.13/lib/python3.10/site-packages/airflow/example_dags/example_dag_decorator.py
[2024-02-04T06:22:56.368+0000] {processor.py:836} INFO - DAG(s) dict_keys(['example_dag_decorator']) retrieved from /usr/local/python/3.10.13/lib/python3.10/site-packages/airflow/example_dags/example_dag_decorator.py
[2024-02-04T06:22:56.456+0000] {logging_mixin.py:150} INFO - [2024-02-04T06:22:56.456+0000] {dag.py:2742} INFO - Sync 1 DAGs
[2024-02-04T06:22:56.477+0000] {logging_mixin.py:150} INFO - [2024-02-04T06:22:56.477+0000] {dag.py:3504} INFO - Setting next_dagrun for example_dag_decorator to None, run_after=None
[2024-02-04T06:22:56.521+0000] {processor.py:179} INFO - Processing /usr/local/python/3.10.13/lib/python3.10/site-packages/airflow/example_dags/example_dag_decorator.py took 0.167 seconds
[2024-02-04T06:23:44.456+0000] {processor.py:157} INFO - Started process (PID=12867) to work on /usr/local/python/3.10.13/lib/python3.10/site-packages/airflow/example_dags/example_dag_decorator.py
[2024-02-04T06:23:44.456+0000] {processor.py:826} INFO - Processing file /usr/local/python/3.10.13/lib/python3.10/site-packages/airflow/example_dags/example_dag_decorator.py for tasks to queue
[2024-02-04T06:23:44.457+0000] {logging_mixin.py:150} INFO - [2024-02-04T06:23:44.457+0000] {dagbag.py:541} INFO - Filling up the DagBag from /usr/local/python/3.10.13/lib/python3.10/site-packages/airflow/example_dags/example_dag_decorator.py
[2024-02-04T06:23:44.466+0000] {processor.py:836} INFO - DAG(s) dict_keys(['example_dag_decorator']) retrieved from /usr/local/python/3.10.13/lib/python3.10/site-packages/airflow/example_dags/example_dag_decorator.py
[2024-02-04T06:23:44.551+0000] {logging_mixin.py:150} INFO - [2024-02-04T06:23:44.551+0000] {dag.py:2742} INFO - Sync 1 DAGs
[2024-02-04T06:23:44.566+0000] {logging_mixin.py:150} INFO - [2024-02-04T06:23:44.566+0000] {dag.py:3504} INFO - Setting next_dagrun for example_dag_decorator to None, run_after=None
[2024-02-04T06:23:44.611+0000] {processor.py:179} INFO - Processing /usr/local/python/3.10.13/lib/python3.10/site-packages/airflow/example_dags/example_dag_decorator.py took 0.157 seconds
[2024-02-04T06:24:30.763+0000] {processor.py:157} INFO - Started process (PID=13362) to work on /usr/local/python/3.10.13/lib/python3.10/site-packages/airflow/example_dags/example_dag_decorator.py
[2024-02-04T06:24:30.764+0000] {processor.py:826} INFO - Processing file /usr/local/python/3.10.13/lib/python3.10/site-packages/airflow/example_dags/example_dag_decorator.py for tasks to queue
[2024-02-04T06:24:30.765+0000] {logging_mixin.py:150} INFO - [2024-02-04T06:24:30.764+0000] {dagbag.py:541} INFO - Filling up the DagBag from /usr/local/python/3.10.13/lib/python3.10/site-packages/airflow/example_dags/example_dag_decorator.py
[2024-02-04T06:24:30.778+0000] {processor.py:836} INFO - DAG(s) dict_keys(['example_dag_decorator']) retrieved from /usr/local/python/3.10.13/lib/python3.10/site-packages/airflow/example_dags/example_dag_decorator.py
[2024-02-04T06:24:30.899+0000] {logging_mixin.py:150} INFO - [2024-02-04T06:24:30.898+0000] {dag.py:2742} INFO - Sync 1 DAGs
[2024-02-04T06:24:30.920+0000] {logging_mixin.py:150} INFO - [2024-02-04T06:24:30.920+0000] {dag.py:3504} INFO - Setting next_dagrun for example_dag_decorator to None, run_after=None
[2024-02-04T06:24:30.971+0000] {processor.py:179} INFO - Processing /usr/local/python/3.10.13/lib/python3.10/site-packages/airflow/example_dags/example_dag_decorator.py took 0.211 seconds
