[2024-02-04T06:17:30.218+0000] {processor.py:157} INFO - Started process (PID=8764) to work on /usr/local/python/3.10.13/lib/python3.10/site-packages/airflow/example_dags/example_python_operator.py
[2024-02-04T06:17:30.219+0000] {processor.py:826} INFO - Processing file /usr/local/python/3.10.13/lib/python3.10/site-packages/airflow/example_dags/example_python_operator.py for tasks to queue
[2024-02-04T06:17:30.220+0000] {logging_mixin.py:150} INFO - [2024-02-04T06:17:30.219+0000] {dagbag.py:541} INFO - Filling up the DagBag from /usr/local/python/3.10.13/lib/python3.10/site-packages/airflow/example_dags/example_python_operator.py
[2024-02-04T06:17:30.230+0000] {processor.py:836} INFO - DAG(s) dict_keys(['example_python_operator']) retrieved from /usr/local/python/3.10.13/lib/python3.10/site-packages/airflow/example_dags/example_python_operator.py
[2024-02-04T06:17:30.380+0000] {logging_mixin.py:150} INFO - [2024-02-04T06:17:30.380+0000] {manager.py:504} INFO - Created Permission View: can edit on DAG:example_python_operator
[2024-02-04T06:17:30.425+0000] {logging_mixin.py:150} INFO - [2024-02-04T06:17:30.424+0000] {manager.py:504} INFO - Created Permission View: can read on DAG:example_python_operator
[2024-02-04T06:17:30.461+0000] {logging_mixin.py:150} INFO - [2024-02-04T06:17:30.461+0000] {manager.py:504} INFO - Created Permission View: can delete on DAG:example_python_operator
[2024-02-04T06:17:30.472+0000] {logging_mixin.py:150} INFO - [2024-02-04T06:17:30.472+0000] {dag.py:2742} INFO - Sync 1 DAGs
[2024-02-04T06:17:30.479+0000] {logging_mixin.py:150} INFO - [2024-02-04T06:17:30.479+0000] {dag.py:2763} INFO - Creating ORM DAG for example_python_operator
[2024-02-04T06:17:30.486+0000] {logging_mixin.py:150} INFO - [2024-02-04T06:17:30.486+0000] {dag.py:3504} INFO - Setting next_dagrun for example_python_operator to None, run_after=None
[2024-02-04T06:17:30.538+0000] {processor.py:179} INFO - Processing /usr/local/python/3.10.13/lib/python3.10/site-packages/airflow/example_dags/example_python_operator.py took 0.322 seconds
[2024-02-04T06:18:22.472+0000] {processor.py:157} INFO - Started process (PID=9282) to work on /usr/local/python/3.10.13/lib/python3.10/site-packages/airflow/example_dags/example_python_operator.py
[2024-02-04T06:18:22.473+0000] {processor.py:826} INFO - Processing file /usr/local/python/3.10.13/lib/python3.10/site-packages/airflow/example_dags/example_python_operator.py for tasks to queue
[2024-02-04T06:18:22.473+0000] {logging_mixin.py:150} INFO - [2024-02-04T06:18:22.473+0000] {dagbag.py:541} INFO - Filling up the DagBag from /usr/local/python/3.10.13/lib/python3.10/site-packages/airflow/example_dags/example_python_operator.py
[2024-02-04T06:18:22.482+0000] {processor.py:836} INFO - DAG(s) dict_keys(['example_python_operator']) retrieved from /usr/local/python/3.10.13/lib/python3.10/site-packages/airflow/example_dags/example_python_operator.py
[2024-02-04T06:18:22.497+0000] {logging_mixin.py:150} INFO - [2024-02-04T06:18:22.497+0000] {dag.py:2742} INFO - Sync 1 DAGs
[2024-02-04T06:18:22.516+0000] {logging_mixin.py:150} INFO - [2024-02-04T06:18:22.516+0000] {dag.py:3504} INFO - Setting next_dagrun for example_python_operator to None, run_after=None
[2024-02-04T06:18:22.559+0000] {processor.py:179} INFO - Processing /usr/local/python/3.10.13/lib/python3.10/site-packages/airflow/example_dags/example_python_operator.py took 0.089 seconds
[2024-02-04T06:19:09.601+0000] {processor.py:157} INFO - Started process (PID=9763) to work on /usr/local/python/3.10.13/lib/python3.10/site-packages/airflow/example_dags/example_python_operator.py
[2024-02-04T06:19:09.602+0000] {processor.py:826} INFO - Processing file /usr/local/python/3.10.13/lib/python3.10/site-packages/airflow/example_dags/example_python_operator.py for tasks to queue
[2024-02-04T06:19:09.602+0000] {logging_mixin.py:150} INFO - [2024-02-04T06:19:09.602+0000] {dagbag.py:541} INFO - Filling up the DagBag from /usr/local/python/3.10.13/lib/python3.10/site-packages/airflow/example_dags/example_python_operator.py
[2024-02-04T06:19:09.611+0000] {processor.py:836} INFO - DAG(s) dict_keys(['example_python_operator']) retrieved from /usr/local/python/3.10.13/lib/python3.10/site-packages/airflow/example_dags/example_python_operator.py
[2024-02-04T06:19:09.626+0000] {logging_mixin.py:150} INFO - [2024-02-04T06:19:09.626+0000] {dag.py:2742} INFO - Sync 1 DAGs
[2024-02-04T06:19:09.641+0000] {logging_mixin.py:150} INFO - [2024-02-04T06:19:09.641+0000] {dag.py:3504} INFO - Setting next_dagrun for example_python_operator to None, run_after=None
[2024-02-04T06:19:09.686+0000] {processor.py:179} INFO - Processing /usr/local/python/3.10.13/lib/python3.10/site-packages/airflow/example_dags/example_python_operator.py took 0.088 seconds
[2024-02-04T06:20:01.875+0000] {processor.py:157} INFO - Started process (PID=10299) to work on /usr/local/python/3.10.13/lib/python3.10/site-packages/airflow/example_dags/example_python_operator.py
[2024-02-04T06:20:01.875+0000] {processor.py:826} INFO - Processing file /usr/local/python/3.10.13/lib/python3.10/site-packages/airflow/example_dags/example_python_operator.py for tasks to queue
[2024-02-04T06:20:01.876+0000] {logging_mixin.py:150} INFO - [2024-02-04T06:20:01.876+0000] {dagbag.py:541} INFO - Filling up the DagBag from /usr/local/python/3.10.13/lib/python3.10/site-packages/airflow/example_dags/example_python_operator.py
[2024-02-04T06:20:01.885+0000] {processor.py:836} INFO - DAG(s) dict_keys(['example_python_operator']) retrieved from /usr/local/python/3.10.13/lib/python3.10/site-packages/airflow/example_dags/example_python_operator.py
[2024-02-04T06:20:01.900+0000] {logging_mixin.py:150} INFO - [2024-02-04T06:20:01.900+0000] {dag.py:2742} INFO - Sync 1 DAGs
[2024-02-04T06:20:01.916+0000] {logging_mixin.py:150} INFO - [2024-02-04T06:20:01.916+0000] {dag.py:3504} INFO - Setting next_dagrun for example_python_operator to None, run_after=None
[2024-02-04T06:20:01.958+0000] {processor.py:179} INFO - Processing /usr/local/python/3.10.13/lib/python3.10/site-packages/airflow/example_dags/example_python_operator.py took 0.086 seconds
[2024-02-04T06:20:55.030+0000] {processor.py:157} INFO - Started process (PID=10826) to work on /usr/local/python/3.10.13/lib/python3.10/site-packages/airflow/example_dags/example_python_operator.py
[2024-02-04T06:20:55.031+0000] {processor.py:826} INFO - Processing file /usr/local/python/3.10.13/lib/python3.10/site-packages/airflow/example_dags/example_python_operator.py for tasks to queue
[2024-02-04T06:20:55.032+0000] {logging_mixin.py:150} INFO - [2024-02-04T06:20:55.031+0000] {dagbag.py:541} INFO - Filling up the DagBag from /usr/local/python/3.10.13/lib/python3.10/site-packages/airflow/example_dags/example_python_operator.py
[2024-02-04T06:20:55.041+0000] {processor.py:836} INFO - DAG(s) dict_keys(['example_python_operator']) retrieved from /usr/local/python/3.10.13/lib/python3.10/site-packages/airflow/example_dags/example_python_operator.py
[2024-02-04T06:20:55.056+0000] {logging_mixin.py:150} INFO - [2024-02-04T06:20:55.056+0000] {dag.py:2742} INFO - Sync 1 DAGs
[2024-02-04T06:20:55.074+0000] {logging_mixin.py:150} INFO - [2024-02-04T06:20:55.074+0000] {dag.py:3504} INFO - Setting next_dagrun for example_python_operator to None, run_after=None
[2024-02-04T06:20:55.119+0000] {processor.py:179} INFO - Processing /usr/local/python/3.10.13/lib/python3.10/site-packages/airflow/example_dags/example_python_operator.py took 0.091 seconds
[2024-02-04T06:21:45.397+0000] {processor.py:157} INFO - Started process (PID=11423) to work on /usr/local/python/3.10.13/lib/python3.10/site-packages/airflow/example_dags/example_python_operator.py
[2024-02-04T06:21:45.398+0000] {processor.py:826} INFO - Processing file /usr/local/python/3.10.13/lib/python3.10/site-packages/airflow/example_dags/example_python_operator.py for tasks to queue
[2024-02-04T06:21:45.399+0000] {logging_mixin.py:150} INFO - [2024-02-04T06:21:45.399+0000] {dagbag.py:541} INFO - Filling up the DagBag from /usr/local/python/3.10.13/lib/python3.10/site-packages/airflow/example_dags/example_python_operator.py
[2024-02-04T06:21:45.408+0000] {processor.py:836} INFO - DAG(s) dict_keys(['example_python_operator']) retrieved from /usr/local/python/3.10.13/lib/python3.10/site-packages/airflow/example_dags/example_python_operator.py
[2024-02-04T06:21:45.424+0000] {logging_mixin.py:150} INFO - [2024-02-04T06:21:45.424+0000] {dag.py:2742} INFO - Sync 1 DAGs
[2024-02-04T06:21:45.440+0000] {logging_mixin.py:150} INFO - [2024-02-04T06:21:45.440+0000] {dag.py:3504} INFO - Setting next_dagrun for example_python_operator to None, run_after=None
[2024-02-04T06:21:45.499+0000] {processor.py:179} INFO - Processing /usr/local/python/3.10.13/lib/python3.10/site-packages/airflow/example_dags/example_python_operator.py took 0.104 seconds
[2024-02-04T06:22:37.384+0000] {processor.py:157} INFO - Started process (PID=11999) to work on /usr/local/python/3.10.13/lib/python3.10/site-packages/airflow/example_dags/example_python_operator.py
[2024-02-04T06:22:37.384+0000] {processor.py:826} INFO - Processing file /usr/local/python/3.10.13/lib/python3.10/site-packages/airflow/example_dags/example_python_operator.py for tasks to queue
[2024-02-04T06:22:37.385+0000] {logging_mixin.py:150} INFO - [2024-02-04T06:22:37.385+0000] {dagbag.py:541} INFO - Filling up the DagBag from /usr/local/python/3.10.13/lib/python3.10/site-packages/airflow/example_dags/example_python_operator.py
[2024-02-04T06:22:37.397+0000] {processor.py:836} INFO - DAG(s) dict_keys(['example_python_operator']) retrieved from /usr/local/python/3.10.13/lib/python3.10/site-packages/airflow/example_dags/example_python_operator.py
[2024-02-04T06:22:37.412+0000] {logging_mixin.py:150} INFO - [2024-02-04T06:22:37.412+0000] {dag.py:2742} INFO - Sync 1 DAGs
[2024-02-04T06:22:37.429+0000] {logging_mixin.py:150} INFO - [2024-02-04T06:22:37.429+0000] {dag.py:3504} INFO - Setting next_dagrun for example_python_operator to None, run_after=None
[2024-02-04T06:22:37.475+0000] {processor.py:179} INFO - Processing /usr/local/python/3.10.13/lib/python3.10/site-packages/airflow/example_dags/example_python_operator.py took 0.094 seconds
[2024-02-04T06:23:23.809+0000] {processor.py:157} INFO - Started process (PID=12589) to work on /usr/local/python/3.10.13/lib/python3.10/site-packages/airflow/example_dags/example_python_operator.py
[2024-02-04T06:23:23.810+0000] {processor.py:826} INFO - Processing file /usr/local/python/3.10.13/lib/python3.10/site-packages/airflow/example_dags/example_python_operator.py for tasks to queue
[2024-02-04T06:23:23.811+0000] {logging_mixin.py:150} INFO - [2024-02-04T06:23:23.810+0000] {dagbag.py:541} INFO - Filling up the DagBag from /usr/local/python/3.10.13/lib/python3.10/site-packages/airflow/example_dags/example_python_operator.py
[2024-02-04T06:23:23.820+0000] {processor.py:836} INFO - DAG(s) dict_keys(['example_python_operator']) retrieved from /usr/local/python/3.10.13/lib/python3.10/site-packages/airflow/example_dags/example_python_operator.py
[2024-02-04T06:23:23.836+0000] {logging_mixin.py:150} INFO - [2024-02-04T06:23:23.836+0000] {dag.py:2742} INFO - Sync 1 DAGs
[2024-02-04T06:23:23.856+0000] {logging_mixin.py:150} INFO - [2024-02-04T06:23:23.855+0000] {dag.py:3504} INFO - Setting next_dagrun for example_python_operator to None, run_after=None
[2024-02-04T06:23:23.911+0000] {processor.py:179} INFO - Processing /usr/local/python/3.10.13/lib/python3.10/site-packages/airflow/example_dags/example_python_operator.py took 0.104 seconds
[2024-02-04T06:24:12.322+0000] {processor.py:157} INFO - Started process (PID=13190) to work on /usr/local/python/3.10.13/lib/python3.10/site-packages/airflow/example_dags/example_python_operator.py
[2024-02-04T06:24:12.322+0000] {processor.py:826} INFO - Processing file /usr/local/python/3.10.13/lib/python3.10/site-packages/airflow/example_dags/example_python_operator.py for tasks to queue
[2024-02-04T06:24:12.323+0000] {logging_mixin.py:150} INFO - [2024-02-04T06:24:12.323+0000] {dagbag.py:541} INFO - Filling up the DagBag from /usr/local/python/3.10.13/lib/python3.10/site-packages/airflow/example_dags/example_python_operator.py
[2024-02-04T06:24:12.332+0000] {processor.py:836} INFO - DAG(s) dict_keys(['example_python_operator']) retrieved from /usr/local/python/3.10.13/lib/python3.10/site-packages/airflow/example_dags/example_python_operator.py
[2024-02-04T06:24:12.347+0000] {logging_mixin.py:150} INFO - [2024-02-04T06:24:12.347+0000] {dag.py:2742} INFO - Sync 1 DAGs
[2024-02-04T06:24:12.364+0000] {logging_mixin.py:150} INFO - [2024-02-04T06:24:12.364+0000] {dag.py:3504} INFO - Setting next_dagrun for example_python_operator to None, run_after=None
[2024-02-04T06:24:12.410+0000] {processor.py:179} INFO - Processing /usr/local/python/3.10.13/lib/python3.10/site-packages/airflow/example_dags/example_python_operator.py took 0.090 seconds
[2024-02-04T06:25:02.457+0000] {processor.py:157} INFO - Started process (PID=13692) to work on /usr/local/python/3.10.13/lib/python3.10/site-packages/airflow/example_dags/example_python_operator.py
[2024-02-04T06:25:02.457+0000] {processor.py:826} INFO - Processing file /usr/local/python/3.10.13/lib/python3.10/site-packages/airflow/example_dags/example_python_operator.py for tasks to queue
[2024-02-04T06:25:02.458+0000] {logging_mixin.py:150} INFO - [2024-02-04T06:25:02.458+0000] {dagbag.py:541} INFO - Filling up the DagBag from /usr/local/python/3.10.13/lib/python3.10/site-packages/airflow/example_dags/example_python_operator.py
[2024-02-04T06:25:02.469+0000] {processor.py:836} INFO - DAG(s) dict_keys(['example_python_operator']) retrieved from /usr/local/python/3.10.13/lib/python3.10/site-packages/airflow/example_dags/example_python_operator.py
[2024-02-04T06:25:02.486+0000] {logging_mixin.py:150} INFO - [2024-02-04T06:25:02.486+0000] {dag.py:2742} INFO - Sync 1 DAGs
[2024-02-04T06:25:02.503+0000] {logging_mixin.py:150} INFO - [2024-02-04T06:25:02.503+0000] {dag.py:3504} INFO - Setting next_dagrun for example_python_operator to None, run_after=None
[2024-02-04T06:25:02.546+0000] {processor.py:179} INFO - Processing /usr/local/python/3.10.13/lib/python3.10/site-packages/airflow/example_dags/example_python_operator.py took 0.091 seconds
