[2024-02-04T06:17:42.124+0000] {processor.py:157} INFO - Started process (PID=8877) to work on /usr/local/python/3.10.13/lib/python3.10/site-packages/airflow/example_dags/example_branch_operator_decorator.py
[2024-02-04T06:17:42.125+0000] {processor.py:826} INFO - Processing file /usr/local/python/3.10.13/lib/python3.10/site-packages/airflow/example_dags/example_branch_operator_decorator.py for tasks to queue
[2024-02-04T06:17:42.125+0000] {logging_mixin.py:150} INFO - [2024-02-04T06:17:42.125+0000] {dagbag.py:541} INFO - Filling up the DagBag from /usr/local/python/3.10.13/lib/python3.10/site-packages/airflow/example_dags/example_branch_operator_decorator.py
[2024-02-04T06:17:42.133+0000] {processor.py:836} INFO - DAG(s) dict_keys(['example_branch_python_operator_decorator']) retrieved from /usr/local/python/3.10.13/lib/python3.10/site-packages/airflow/example_dags/example_branch_operator_decorator.py
[2024-02-04T06:17:42.293+0000] {logging_mixin.py:150} INFO - [2024-02-04T06:17:42.293+0000] {manager.py:504} INFO - Created Permission View: can edit on DAG:example_branch_python_operator_decorator
[2024-02-04T06:17:42.348+0000] {logging_mixin.py:150} INFO - [2024-02-04T06:17:42.348+0000] {manager.py:504} INFO - Created Permission View: can read on DAG:example_branch_python_operator_decorator
[2024-02-04T06:17:42.383+0000] {logging_mixin.py:150} INFO - [2024-02-04T06:17:42.383+0000] {manager.py:504} INFO - Created Permission View: can delete on DAG:example_branch_python_operator_decorator
[2024-02-04T06:17:42.392+0000] {logging_mixin.py:150} INFO - [2024-02-04T06:17:42.392+0000] {dag.py:2742} INFO - Sync 1 DAGs
[2024-02-04T06:17:42.400+0000] {logging_mixin.py:150} INFO - [2024-02-04T06:17:42.400+0000] {dag.py:2763} INFO - Creating ORM DAG for example_branch_python_operator_decorator
[2024-02-04T06:17:42.409+0000] {logging_mixin.py:150} INFO - [2024-02-04T06:17:42.409+0000] {dag.py:3504} INFO - Setting next_dagrun for example_branch_python_operator_decorator to 2024-02-03T00:00:00+00:00, run_after=2024-02-04T00:00:00+00:00
[2024-02-04T06:17:42.479+0000] {processor.py:179} INFO - Processing /usr/local/python/3.10.13/lib/python3.10/site-packages/airflow/example_dags/example_branch_operator_decorator.py took 0.357 seconds
[2024-02-04T06:18:32.912+0000] {processor.py:157} INFO - Started process (PID=9392) to work on /usr/local/python/3.10.13/lib/python3.10/site-packages/airflow/example_dags/example_branch_operator_decorator.py
[2024-02-04T06:18:32.913+0000] {processor.py:826} INFO - Processing file /usr/local/python/3.10.13/lib/python3.10/site-packages/airflow/example_dags/example_branch_operator_decorator.py for tasks to queue
[2024-02-04T06:18:32.914+0000] {logging_mixin.py:150} INFO - [2024-02-04T06:18:32.914+0000] {dagbag.py:541} INFO - Filling up the DagBag from /usr/local/python/3.10.13/lib/python3.10/site-packages/airflow/example_dags/example_branch_operator_decorator.py
[2024-02-04T06:18:32.923+0000] {processor.py:836} INFO - DAG(s) dict_keys(['example_branch_python_operator_decorator']) retrieved from /usr/local/python/3.10.13/lib/python3.10/site-packages/airflow/example_dags/example_branch_operator_decorator.py
[2024-02-04T06:18:32.939+0000] {logging_mixin.py:150} INFO - [2024-02-04T06:18:32.939+0000] {dag.py:2742} INFO - Sync 1 DAGs
[2024-02-04T06:18:32.957+0000] {logging_mixin.py:150} INFO - [2024-02-04T06:18:32.957+0000] {dag.py:3504} INFO - Setting next_dagrun for example_branch_python_operator_decorator to 2024-02-03T00:00:00+00:00, run_after=2024-02-04T00:00:00+00:00
[2024-02-04T06:18:33.005+0000] {processor.py:179} INFO - Processing /usr/local/python/3.10.13/lib/python3.10/site-packages/airflow/example_dags/example_branch_operator_decorator.py took 0.095 seconds
[2024-02-04T06:19:24.212+0000] {processor.py:157} INFO - Started process (PID=9918) to work on /usr/local/python/3.10.13/lib/python3.10/site-packages/airflow/example_dags/example_branch_operator_decorator.py
[2024-02-04T06:19:24.213+0000] {processor.py:826} INFO - Processing file /usr/local/python/3.10.13/lib/python3.10/site-packages/airflow/example_dags/example_branch_operator_decorator.py for tasks to queue
[2024-02-04T06:19:24.214+0000] {logging_mixin.py:150} INFO - [2024-02-04T06:19:24.213+0000] {dagbag.py:541} INFO - Filling up the DagBag from /usr/local/python/3.10.13/lib/python3.10/site-packages/airflow/example_dags/example_branch_operator_decorator.py
[2024-02-04T06:19:24.222+0000] {processor.py:836} INFO - DAG(s) dict_keys(['example_branch_python_operator_decorator']) retrieved from /usr/local/python/3.10.13/lib/python3.10/site-packages/airflow/example_dags/example_branch_operator_decorator.py
[2024-02-04T06:19:24.238+0000] {logging_mixin.py:150} INFO - [2024-02-04T06:19:24.238+0000] {dag.py:2742} INFO - Sync 1 DAGs
[2024-02-04T06:19:24.255+0000] {logging_mixin.py:150} INFO - [2024-02-04T06:19:24.255+0000] {dag.py:3504} INFO - Setting next_dagrun for example_branch_python_operator_decorator to 2024-02-03T00:00:00+00:00, run_after=2024-02-04T00:00:00+00:00
[2024-02-04T06:19:24.297+0000] {processor.py:179} INFO - Processing /usr/local/python/3.10.13/lib/python3.10/site-packages/airflow/example_dags/example_branch_operator_decorator.py took 0.087 seconds
[2024-02-04T06:20:17.922+0000] {processor.py:157} INFO - Started process (PID=10440) to work on /usr/local/python/3.10.13/lib/python3.10/site-packages/airflow/example_dags/example_branch_operator_decorator.py
[2024-02-04T06:20:17.923+0000] {processor.py:826} INFO - Processing file /usr/local/python/3.10.13/lib/python3.10/site-packages/airflow/example_dags/example_branch_operator_decorator.py for tasks to queue
[2024-02-04T06:20:17.923+0000] {logging_mixin.py:150} INFO - [2024-02-04T06:20:17.923+0000] {dagbag.py:541} INFO - Filling up the DagBag from /usr/local/python/3.10.13/lib/python3.10/site-packages/airflow/example_dags/example_branch_operator_decorator.py
[2024-02-04T06:20:17.932+0000] {processor.py:836} INFO - DAG(s) dict_keys(['example_branch_python_operator_decorator']) retrieved from /usr/local/python/3.10.13/lib/python3.10/site-packages/airflow/example_dags/example_branch_operator_decorator.py
[2024-02-04T06:20:17.948+0000] {logging_mixin.py:150} INFO - [2024-02-04T06:20:17.948+0000] {dag.py:2742} INFO - Sync 1 DAGs
[2024-02-04T06:20:17.967+0000] {logging_mixin.py:150} INFO - [2024-02-04T06:20:17.966+0000] {dag.py:3504} INFO - Setting next_dagrun for example_branch_python_operator_decorator to 2024-02-03T00:00:00+00:00, run_after=2024-02-04T00:00:00+00:00
[2024-02-04T06:20:18.015+0000] {processor.py:179} INFO - Processing /usr/local/python/3.10.13/lib/python3.10/site-packages/airflow/example_dags/example_branch_operator_decorator.py took 0.095 seconds
[2024-02-04T06:21:13.872+0000] {processor.py:157} INFO - Started process (PID=11024) to work on /usr/local/python/3.10.13/lib/python3.10/site-packages/airflow/example_dags/example_branch_operator_decorator.py
[2024-02-04T06:21:13.873+0000] {processor.py:826} INFO - Processing file /usr/local/python/3.10.13/lib/python3.10/site-packages/airflow/example_dags/example_branch_operator_decorator.py for tasks to queue
[2024-02-04T06:21:13.874+0000] {logging_mixin.py:150} INFO - [2024-02-04T06:21:13.873+0000] {dagbag.py:541} INFO - Filling up the DagBag from /usr/local/python/3.10.13/lib/python3.10/site-packages/airflow/example_dags/example_branch_operator_decorator.py
[2024-02-04T06:21:13.883+0000] {processor.py:836} INFO - DAG(s) dict_keys(['example_branch_python_operator_decorator']) retrieved from /usr/local/python/3.10.13/lib/python3.10/site-packages/airflow/example_dags/example_branch_operator_decorator.py
[2024-02-04T06:21:13.898+0000] {logging_mixin.py:150} INFO - [2024-02-04T06:21:13.898+0000] {dag.py:2742} INFO - Sync 1 DAGs
[2024-02-04T06:21:13.925+0000] {logging_mixin.py:150} INFO - [2024-02-04T06:21:13.924+0000] {dag.py:3504} INFO - Setting next_dagrun for example_branch_python_operator_decorator to 2024-02-03T00:00:00+00:00, run_after=2024-02-04T00:00:00+00:00
[2024-02-04T06:21:13.975+0000] {processor.py:179} INFO - Processing /usr/local/python/3.10.13/lib/python3.10/site-packages/airflow/example_dags/example_branch_operator_decorator.py took 0.107 seconds
[2024-02-04T06:22:02.248+0000] {processor.py:157} INFO - Started process (PID=11573) to work on /usr/local/python/3.10.13/lib/python3.10/site-packages/airflow/example_dags/example_branch_operator_decorator.py
[2024-02-04T06:22:02.248+0000] {processor.py:826} INFO - Processing file /usr/local/python/3.10.13/lib/python3.10/site-packages/airflow/example_dags/example_branch_operator_decorator.py for tasks to queue
[2024-02-04T06:22:02.249+0000] {logging_mixin.py:150} INFO - [2024-02-04T06:22:02.249+0000] {dagbag.py:541} INFO - Filling up the DagBag from /usr/local/python/3.10.13/lib/python3.10/site-packages/airflow/example_dags/example_branch_operator_decorator.py
[2024-02-04T06:22:02.258+0000] {processor.py:836} INFO - DAG(s) dict_keys(['example_branch_python_operator_decorator']) retrieved from /usr/local/python/3.10.13/lib/python3.10/site-packages/airflow/example_dags/example_branch_operator_decorator.py
[2024-02-04T06:22:02.272+0000] {logging_mixin.py:150} INFO - [2024-02-04T06:22:02.272+0000] {dag.py:2742} INFO - Sync 1 DAGs
[2024-02-04T06:22:02.290+0000] {logging_mixin.py:150} INFO - [2024-02-04T06:22:02.290+0000] {dag.py:3504} INFO - Setting next_dagrun for example_branch_python_operator_decorator to 2024-02-03T00:00:00+00:00, run_after=2024-02-04T00:00:00+00:00
[2024-02-04T06:22:02.333+0000] {processor.py:179} INFO - Processing /usr/local/python/3.10.13/lib/python3.10/site-packages/airflow/example_dags/example_branch_operator_decorator.py took 0.088 seconds
[2024-02-04T06:22:54.253+0000] {processor.py:157} INFO - Started process (PID=12247) to work on /usr/local/python/3.10.13/lib/python3.10/site-packages/airflow/example_dags/example_branch_operator_decorator.py
[2024-02-04T06:22:54.254+0000] {processor.py:826} INFO - Processing file /usr/local/python/3.10.13/lib/python3.10/site-packages/airflow/example_dags/example_branch_operator_decorator.py for tasks to queue
[2024-02-04T06:22:54.254+0000] {logging_mixin.py:150} INFO - [2024-02-04T06:22:54.254+0000] {dagbag.py:541} INFO - Filling up the DagBag from /usr/local/python/3.10.13/lib/python3.10/site-packages/airflow/example_dags/example_branch_operator_decorator.py
[2024-02-04T06:22:54.263+0000] {processor.py:836} INFO - DAG(s) dict_keys(['example_branch_python_operator_decorator']) retrieved from /usr/local/python/3.10.13/lib/python3.10/site-packages/airflow/example_dags/example_branch_operator_decorator.py
[2024-02-04T06:22:54.278+0000] {logging_mixin.py:150} INFO - [2024-02-04T06:22:54.278+0000] {dag.py:2742} INFO - Sync 1 DAGs
[2024-02-04T06:22:54.295+0000] {logging_mixin.py:150} INFO - [2024-02-04T06:22:54.295+0000] {dag.py:3504} INFO - Setting next_dagrun for example_branch_python_operator_decorator to 2024-02-03T00:00:00+00:00, run_after=2024-02-04T00:00:00+00:00
[2024-02-04T06:22:54.340+0000] {processor.py:179} INFO - Processing /usr/local/python/3.10.13/lib/python3.10/site-packages/airflow/example_dags/example_branch_operator_decorator.py took 0.089 seconds
[2024-02-04T06:23:41.948+0000] {processor.py:157} INFO - Started process (PID=12844) to work on /usr/local/python/3.10.13/lib/python3.10/site-packages/airflow/example_dags/example_branch_operator_decorator.py
[2024-02-04T06:23:41.949+0000] {processor.py:826} INFO - Processing file /usr/local/python/3.10.13/lib/python3.10/site-packages/airflow/example_dags/example_branch_operator_decorator.py for tasks to queue
[2024-02-04T06:23:41.950+0000] {logging_mixin.py:150} INFO - [2024-02-04T06:23:41.949+0000] {dagbag.py:541} INFO - Filling up the DagBag from /usr/local/python/3.10.13/lib/python3.10/site-packages/airflow/example_dags/example_branch_operator_decorator.py
[2024-02-04T06:23:41.958+0000] {processor.py:836} INFO - DAG(s) dict_keys(['example_branch_python_operator_decorator']) retrieved from /usr/local/python/3.10.13/lib/python3.10/site-packages/airflow/example_dags/example_branch_operator_decorator.py
[2024-02-04T06:23:41.986+0000] {logging_mixin.py:150} INFO - [2024-02-04T06:23:41.985+0000] {dag.py:2742} INFO - Sync 1 DAGs
[2024-02-04T06:23:42.015+0000] {logging_mixin.py:150} INFO - [2024-02-04T06:23:42.015+0000] {dag.py:3504} INFO - Setting next_dagrun for example_branch_python_operator_decorator to 2024-02-03T00:00:00+00:00, run_after=2024-02-04T00:00:00+00:00
[2024-02-04T06:23:42.067+0000] {processor.py:179} INFO - Processing /usr/local/python/3.10.13/lib/python3.10/site-packages/airflow/example_dags/example_branch_operator_decorator.py took 0.121 seconds
[2024-02-04T06:24:28.441+0000] {processor.py:157} INFO - Started process (PID=13345) to work on /usr/local/python/3.10.13/lib/python3.10/site-packages/airflow/example_dags/example_branch_operator_decorator.py
[2024-02-04T06:24:28.442+0000] {processor.py:826} INFO - Processing file /usr/local/python/3.10.13/lib/python3.10/site-packages/airflow/example_dags/example_branch_operator_decorator.py for tasks to queue
[2024-02-04T06:24:28.442+0000] {logging_mixin.py:150} INFO - [2024-02-04T06:24:28.442+0000] {dagbag.py:541} INFO - Filling up the DagBag from /usr/local/python/3.10.13/lib/python3.10/site-packages/airflow/example_dags/example_branch_operator_decorator.py
[2024-02-04T06:24:28.451+0000] {processor.py:836} INFO - DAG(s) dict_keys(['example_branch_python_operator_decorator']) retrieved from /usr/local/python/3.10.13/lib/python3.10/site-packages/airflow/example_dags/example_branch_operator_decorator.py
[2024-02-04T06:24:28.467+0000] {logging_mixin.py:150} INFO - [2024-02-04T06:24:28.467+0000] {dag.py:2742} INFO - Sync 1 DAGs
[2024-02-04T06:24:28.485+0000] {logging_mixin.py:150} INFO - [2024-02-04T06:24:28.485+0000] {dag.py:3504} INFO - Setting next_dagrun for example_branch_python_operator_decorator to 2024-02-03T00:00:00+00:00, run_after=2024-02-04T00:00:00+00:00
[2024-02-04T06:24:28.530+0000] {processor.py:179} INFO - Processing /usr/local/python/3.10.13/lib/python3.10/site-packages/airflow/example_dags/example_branch_operator_decorator.py took 0.091 seconds
