[2024-02-04T06:17:23.707+0000] {processor.py:157} INFO - Started process (PID=8698) to work on /usr/local/python/3.10.13/lib/python3.10/site-packages/airflow/example_dags/example_params_trigger_ui.py
[2024-02-04T06:17:23.708+0000] {processor.py:826} INFO - Processing file /usr/local/python/3.10.13/lib/python3.10/site-packages/airflow/example_dags/example_params_trigger_ui.py for tasks to queue
[2024-02-04T06:17:23.709+0000] {logging_mixin.py:150} INFO - [2024-02-04T06:17:23.709+0000] {dagbag.py:541} INFO - Filling up the DagBag from /usr/local/python/3.10.13/lib/python3.10/site-packages/airflow/example_dags/example_params_trigger_ui.py
[2024-02-04T06:17:23.727+0000] {processor.py:836} INFO - DAG(s) dict_keys(['example_params_trigger_ui']) retrieved from /usr/local/python/3.10.13/lib/python3.10/site-packages/airflow/example_dags/example_params_trigger_ui.py
[2024-02-04T06:17:23.934+0000] {logging_mixin.py:150} INFO - [2024-02-04T06:17:23.934+0000] {manager.py:504} INFO - Created Permission View: can edit on DAG:example_params_trigger_ui
[2024-02-04T06:17:23.971+0000] {logging_mixin.py:150} INFO - [2024-02-04T06:17:23.971+0000] {manager.py:504} INFO - Created Permission View: can read on DAG:example_params_trigger_ui
[2024-02-04T06:17:24.004+0000] {logging_mixin.py:150} INFO - [2024-02-04T06:17:24.004+0000] {manager.py:504} INFO - Created Permission View: can delete on DAG:example_params_trigger_ui
[2024-02-04T06:17:24.095+0000] {logging_mixin.py:150} INFO - [2024-02-04T06:17:24.094+0000] {dag.py:2742} INFO - Sync 1 DAGs
[2024-02-04T06:17:24.103+0000] {logging_mixin.py:150} INFO - [2024-02-04T06:17:24.102+0000] {dag.py:2763} INFO - Creating ORM DAG for example_params_trigger_ui
[2024-02-04T06:17:24.110+0000] {logging_mixin.py:150} INFO - [2024-02-04T06:17:24.109+0000] {dag.py:3504} INFO - Setting next_dagrun for example_params_trigger_ui to None, run_after=None
[2024-02-04T06:17:24.163+0000] {processor.py:179} INFO - Processing /usr/local/python/3.10.13/lib/python3.10/site-packages/airflow/example_dags/example_params_trigger_ui.py took 0.459 seconds
[2024-02-04T06:18:17.205+0000] {processor.py:157} INFO - Started process (PID=9219) to work on /usr/local/python/3.10.13/lib/python3.10/site-packages/airflow/example_dags/example_params_trigger_ui.py
[2024-02-04T06:18:17.205+0000] {processor.py:826} INFO - Processing file /usr/local/python/3.10.13/lib/python3.10/site-packages/airflow/example_dags/example_params_trigger_ui.py for tasks to queue
[2024-02-04T06:18:17.206+0000] {logging_mixin.py:150} INFO - [2024-02-04T06:18:17.206+0000] {dagbag.py:541} INFO - Filling up the DagBag from /usr/local/python/3.10.13/lib/python3.10/site-packages/airflow/example_dags/example_params_trigger_ui.py
[2024-02-04T06:18:17.220+0000] {processor.py:836} INFO - DAG(s) dict_keys(['example_params_trigger_ui']) retrieved from /usr/local/python/3.10.13/lib/python3.10/site-packages/airflow/example_dags/example_params_trigger_ui.py
[2024-02-04T06:18:17.264+0000] {logging_mixin.py:150} INFO - [2024-02-04T06:18:17.264+0000] {dag.py:2742} INFO - Sync 1 DAGs
[2024-02-04T06:18:17.291+0000] {logging_mixin.py:150} INFO - [2024-02-04T06:18:17.290+0000] {dag.py:3504} INFO - Setting next_dagrun for example_params_trigger_ui to None, run_after=None
[2024-02-04T06:18:17.337+0000] {processor.py:179} INFO - Processing /usr/local/python/3.10.13/lib/python3.10/site-packages/airflow/example_dags/example_params_trigger_ui.py took 0.134 seconds
[2024-02-04T06:19:04.330+0000] {processor.py:157} INFO - Started process (PID=9712) to work on /usr/local/python/3.10.13/lib/python3.10/site-packages/airflow/example_dags/example_params_trigger_ui.py
[2024-02-04T06:19:04.331+0000] {processor.py:826} INFO - Processing file /usr/local/python/3.10.13/lib/python3.10/site-packages/airflow/example_dags/example_params_trigger_ui.py for tasks to queue
[2024-02-04T06:19:04.332+0000] {logging_mixin.py:150} INFO - [2024-02-04T06:19:04.331+0000] {dagbag.py:541} INFO - Filling up the DagBag from /usr/local/python/3.10.13/lib/python3.10/site-packages/airflow/example_dags/example_params_trigger_ui.py
[2024-02-04T06:19:04.344+0000] {processor.py:836} INFO - DAG(s) dict_keys(['example_params_trigger_ui']) retrieved from /usr/local/python/3.10.13/lib/python3.10/site-packages/airflow/example_dags/example_params_trigger_ui.py
[2024-02-04T06:19:04.379+0000] {logging_mixin.py:150} INFO - [2024-02-04T06:19:04.379+0000] {dag.py:2742} INFO - Sync 1 DAGs
[2024-02-04T06:19:04.395+0000] {logging_mixin.py:150} INFO - [2024-02-04T06:19:04.394+0000] {dag.py:3504} INFO - Setting next_dagrun for example_params_trigger_ui to None, run_after=None
[2024-02-04T06:19:04.440+0000] {processor.py:179} INFO - Processing /usr/local/python/3.10.13/lib/python3.10/site-packages/airflow/example_dags/example_params_trigger_ui.py took 0.112 seconds
[2024-02-04T06:19:56.592+0000] {processor.py:157} INFO - Started process (PID=10235) to work on /usr/local/python/3.10.13/lib/python3.10/site-packages/airflow/example_dags/example_params_trigger_ui.py
[2024-02-04T06:19:56.592+0000] {processor.py:826} INFO - Processing file /usr/local/python/3.10.13/lib/python3.10/site-packages/airflow/example_dags/example_params_trigger_ui.py for tasks to queue
[2024-02-04T06:19:56.593+0000] {logging_mixin.py:150} INFO - [2024-02-04T06:19:56.593+0000] {dagbag.py:541} INFO - Filling up the DagBag from /usr/local/python/3.10.13/lib/python3.10/site-packages/airflow/example_dags/example_params_trigger_ui.py
[2024-02-04T06:19:56.606+0000] {processor.py:836} INFO - DAG(s) dict_keys(['example_params_trigger_ui']) retrieved from /usr/local/python/3.10.13/lib/python3.10/site-packages/airflow/example_dags/example_params_trigger_ui.py
[2024-02-04T06:19:56.641+0000] {logging_mixin.py:150} INFO - [2024-02-04T06:19:56.641+0000] {dag.py:2742} INFO - Sync 1 DAGs
[2024-02-04T06:19:56.661+0000] {logging_mixin.py:150} INFO - [2024-02-04T06:19:56.660+0000] {dag.py:3504} INFO - Setting next_dagrun for example_params_trigger_ui to None, run_after=None
[2024-02-04T06:19:56.708+0000] {processor.py:179} INFO - Processing /usr/local/python/3.10.13/lib/python3.10/site-packages/airflow/example_dags/example_params_trigger_ui.py took 0.118 seconds
[2024-02-04T06:20:50.610+0000] {processor.py:157} INFO - Started process (PID=10769) to work on /usr/local/python/3.10.13/lib/python3.10/site-packages/airflow/example_dags/example_params_trigger_ui.py
[2024-02-04T06:20:50.610+0000] {processor.py:826} INFO - Processing file /usr/local/python/3.10.13/lib/python3.10/site-packages/airflow/example_dags/example_params_trigger_ui.py for tasks to queue
[2024-02-04T06:20:50.611+0000] {logging_mixin.py:150} INFO - [2024-02-04T06:20:50.611+0000] {dagbag.py:541} INFO - Filling up the DagBag from /usr/local/python/3.10.13/lib/python3.10/site-packages/airflow/example_dags/example_params_trigger_ui.py
[2024-02-04T06:20:50.625+0000] {processor.py:836} INFO - DAG(s) dict_keys(['example_params_trigger_ui']) retrieved from /usr/local/python/3.10.13/lib/python3.10/site-packages/airflow/example_dags/example_params_trigger_ui.py
[2024-02-04T06:20:50.662+0000] {logging_mixin.py:150} INFO - [2024-02-04T06:20:50.662+0000] {dag.py:2742} INFO - Sync 1 DAGs
[2024-02-04T06:20:50.679+0000] {logging_mixin.py:150} INFO - [2024-02-04T06:20:50.678+0000] {dag.py:3504} INFO - Setting next_dagrun for example_params_trigger_ui to None, run_after=None
[2024-02-04T06:20:50.765+0000] {processor.py:179} INFO - Processing /usr/local/python/3.10.13/lib/python3.10/site-packages/airflow/example_dags/example_params_trigger_ui.py took 0.158 seconds
[2024-02-04T06:21:40.599+0000] {processor.py:157} INFO - Started process (PID=11357) to work on /usr/local/python/3.10.13/lib/python3.10/site-packages/airflow/example_dags/example_params_trigger_ui.py
[2024-02-04T06:21:40.600+0000] {processor.py:826} INFO - Processing file /usr/local/python/3.10.13/lib/python3.10/site-packages/airflow/example_dags/example_params_trigger_ui.py for tasks to queue
[2024-02-04T06:21:40.601+0000] {logging_mixin.py:150} INFO - [2024-02-04T06:21:40.600+0000] {dagbag.py:541} INFO - Filling up the DagBag from /usr/local/python/3.10.13/lib/python3.10/site-packages/airflow/example_dags/example_params_trigger_ui.py
[2024-02-04T06:21:40.615+0000] {processor.py:836} INFO - DAG(s) dict_keys(['example_params_trigger_ui']) retrieved from /usr/local/python/3.10.13/lib/python3.10/site-packages/airflow/example_dags/example_params_trigger_ui.py
[2024-02-04T06:21:40.652+0000] {logging_mixin.py:150} INFO - [2024-02-04T06:21:40.651+0000] {dag.py:2742} INFO - Sync 1 DAGs
[2024-02-04T06:21:40.669+0000] {logging_mixin.py:150} INFO - [2024-02-04T06:21:40.669+0000] {dag.py:3504} INFO - Setting next_dagrun for example_params_trigger_ui to None, run_after=None
[2024-02-04T06:21:40.713+0000] {processor.py:179} INFO - Processing /usr/local/python/3.10.13/lib/python3.10/site-packages/airflow/example_dags/example_params_trigger_ui.py took 0.116 seconds
[2024-02-04T06:22:33.147+0000] {processor.py:157} INFO - Started process (PID=11941) to work on /usr/local/python/3.10.13/lib/python3.10/site-packages/airflow/example_dags/example_params_trigger_ui.py
[2024-02-04T06:22:33.148+0000] {processor.py:826} INFO - Processing file /usr/local/python/3.10.13/lib/python3.10/site-packages/airflow/example_dags/example_params_trigger_ui.py for tasks to queue
[2024-02-04T06:22:33.148+0000] {logging_mixin.py:150} INFO - [2024-02-04T06:22:33.148+0000] {dagbag.py:541} INFO - Filling up the DagBag from /usr/local/python/3.10.13/lib/python3.10/site-packages/airflow/example_dags/example_params_trigger_ui.py
[2024-02-04T06:22:33.162+0000] {processor.py:836} INFO - DAG(s) dict_keys(['example_params_trigger_ui']) retrieved from /usr/local/python/3.10.13/lib/python3.10/site-packages/airflow/example_dags/example_params_trigger_ui.py
[2024-02-04T06:22:33.200+0000] {logging_mixin.py:150} INFO - [2024-02-04T06:22:33.200+0000] {dag.py:2742} INFO - Sync 1 DAGs
[2024-02-04T06:22:33.215+0000] {logging_mixin.py:150} INFO - [2024-02-04T06:22:33.215+0000] {dag.py:3504} INFO - Setting next_dagrun for example_params_trigger_ui to None, run_after=None
[2024-02-04T06:22:33.280+0000] {processor.py:179} INFO - Processing /usr/local/python/3.10.13/lib/python3.10/site-packages/airflow/example_dags/example_params_trigger_ui.py took 0.136 seconds
[2024-02-04T06:23:18.372+0000] {processor.py:157} INFO - Started process (PID=12553) to work on /usr/local/python/3.10.13/lib/python3.10/site-packages/airflow/example_dags/example_params_trigger_ui.py
[2024-02-04T06:23:18.373+0000] {processor.py:826} INFO - Processing file /usr/local/python/3.10.13/lib/python3.10/site-packages/airflow/example_dags/example_params_trigger_ui.py for tasks to queue
[2024-02-04T06:23:18.373+0000] {logging_mixin.py:150} INFO - [2024-02-04T06:23:18.373+0000] {dagbag.py:541} INFO - Filling up the DagBag from /usr/local/python/3.10.13/lib/python3.10/site-packages/airflow/example_dags/example_params_trigger_ui.py
[2024-02-04T06:23:18.387+0000] {processor.py:836} INFO - DAG(s) dict_keys(['example_params_trigger_ui']) retrieved from /usr/local/python/3.10.13/lib/python3.10/site-packages/airflow/example_dags/example_params_trigger_ui.py
[2024-02-04T06:23:18.430+0000] {logging_mixin.py:150} INFO - [2024-02-04T06:23:18.429+0000] {dag.py:2742} INFO - Sync 1 DAGs
[2024-02-04T06:23:18.446+0000] {logging_mixin.py:150} INFO - [2024-02-04T06:23:18.446+0000] {dag.py:3504} INFO - Setting next_dagrun for example_params_trigger_ui to None, run_after=None
[2024-02-04T06:23:18.493+0000] {processor.py:179} INFO - Processing /usr/local/python/3.10.13/lib/python3.10/site-packages/airflow/example_dags/example_params_trigger_ui.py took 0.123 seconds
[2024-02-04T06:24:07.047+0000] {processor.py:157} INFO - Started process (PID=13140) to work on /usr/local/python/3.10.13/lib/python3.10/site-packages/airflow/example_dags/example_params_trigger_ui.py
[2024-02-04T06:24:07.048+0000] {processor.py:826} INFO - Processing file /usr/local/python/3.10.13/lib/python3.10/site-packages/airflow/example_dags/example_params_trigger_ui.py for tasks to queue
[2024-02-04T06:24:07.049+0000] {logging_mixin.py:150} INFO - [2024-02-04T06:24:07.048+0000] {dagbag.py:541} INFO - Filling up the DagBag from /usr/local/python/3.10.13/lib/python3.10/site-packages/airflow/example_dags/example_params_trigger_ui.py
[2024-02-04T06:24:07.063+0000] {processor.py:836} INFO - DAG(s) dict_keys(['example_params_trigger_ui']) retrieved from /usr/local/python/3.10.13/lib/python3.10/site-packages/airflow/example_dags/example_params_trigger_ui.py
[2024-02-04T06:24:07.098+0000] {logging_mixin.py:150} INFO - [2024-02-04T06:24:07.098+0000] {dag.py:2742} INFO - Sync 1 DAGs
[2024-02-04T06:24:07.114+0000] {logging_mixin.py:150} INFO - [2024-02-04T06:24:07.114+0000] {dag.py:3504} INFO - Setting next_dagrun for example_params_trigger_ui to None, run_after=None
[2024-02-04T06:24:07.157+0000] {processor.py:179} INFO - Processing /usr/local/python/3.10.13/lib/python3.10/site-packages/airflow/example_dags/example_params_trigger_ui.py took 0.112 seconds
[2024-02-04T06:24:56.228+0000] {processor.py:157} INFO - Started process (PID=13621) to work on /usr/local/python/3.10.13/lib/python3.10/site-packages/airflow/example_dags/example_params_trigger_ui.py
[2024-02-04T06:24:56.228+0000] {processor.py:826} INFO - Processing file /usr/local/python/3.10.13/lib/python3.10/site-packages/airflow/example_dags/example_params_trigger_ui.py for tasks to queue
[2024-02-04T06:24:56.229+0000] {logging_mixin.py:150} INFO - [2024-02-04T06:24:56.229+0000] {dagbag.py:541} INFO - Filling up the DagBag from /usr/local/python/3.10.13/lib/python3.10/site-packages/airflow/example_dags/example_params_trigger_ui.py
[2024-02-04T06:24:56.243+0000] {processor.py:836} INFO - DAG(s) dict_keys(['example_params_trigger_ui']) retrieved from /usr/local/python/3.10.13/lib/python3.10/site-packages/airflow/example_dags/example_params_trigger_ui.py
[2024-02-04T06:24:56.280+0000] {logging_mixin.py:150} INFO - [2024-02-04T06:24:56.280+0000] {dag.py:2742} INFO - Sync 1 DAGs
[2024-02-04T06:24:56.296+0000] {logging_mixin.py:150} INFO - [2024-02-04T06:24:56.296+0000] {dag.py:3504} INFO - Setting next_dagrun for example_params_trigger_ui to None, run_after=None
[2024-02-04T06:24:56.347+0000] {processor.py:179} INFO - Processing /usr/local/python/3.10.13/lib/python3.10/site-packages/airflow/example_dags/example_params_trigger_ui.py took 0.121 seconds
