[2024-02-04T06:17:46.920+0000] {processor.py:157} INFO - Started process (PID=8911) to work on /usr/local/python/3.10.13/lib/python3.10/site-packages/airflow/example_dags/example_dynamic_task_mapping_with_no_taskflow_operators.py
[2024-02-04T06:17:46.921+0000] {processor.py:826} INFO - Processing file /usr/local/python/3.10.13/lib/python3.10/site-packages/airflow/example_dags/example_dynamic_task_mapping_with_no_taskflow_operators.py for tasks to queue
[2024-02-04T06:17:46.922+0000] {logging_mixin.py:150} INFO - [2024-02-04T06:17:46.921+0000] {dagbag.py:541} INFO - Filling up the DagBag from /usr/local/python/3.10.13/lib/python3.10/site-packages/airflow/example_dags/example_dynamic_task_mapping_with_no_taskflow_operators.py
[2024-02-04T06:17:46.929+0000] {processor.py:836} INFO - DAG(s) dict_keys(['example_dynamic_task_mapping_with_no_taskflow_operators']) retrieved from /usr/local/python/3.10.13/lib/python3.10/site-packages/airflow/example_dags/example_dynamic_task_mapping_with_no_taskflow_operators.py
[2024-02-04T06:17:47.116+0000] {logging_mixin.py:150} INFO - [2024-02-04T06:17:47.115+0000] {manager.py:504} INFO - Created Permission View: can edit on DAG:example_dynamic_task_mapping_with_no_taskflow_operators
[2024-02-04T06:17:47.167+0000] {logging_mixin.py:150} INFO - [2024-02-04T06:17:47.167+0000] {manager.py:504} INFO - Created Permission View: can read on DAG:example_dynamic_task_mapping_with_no_taskflow_operators
[2024-02-04T06:17:47.310+0000] {logging_mixin.py:150} INFO - [2024-02-04T06:17:47.310+0000] {manager.py:504} INFO - Created Permission View: can delete on DAG:example_dynamic_task_mapping_with_no_taskflow_operators
[2024-02-04T06:17:47.398+0000] {logging_mixin.py:150} INFO - [2024-02-04T06:17:47.398+0000] {dag.py:2742} INFO - Sync 1 DAGs
[2024-02-04T06:17:47.444+0000] {logging_mixin.py:150} INFO - [2024-02-04T06:17:47.443+0000] {dag.py:2763} INFO - Creating ORM DAG for example_dynamic_task_mapping_with_no_taskflow_operators
[2024-02-04T06:17:47.491+0000] {logging_mixin.py:150} INFO - [2024-02-04T06:17:47.490+0000] {dag.py:3504} INFO - Setting next_dagrun for example_dynamic_task_mapping_with_no_taskflow_operators to 2024-02-03T06:17:47.490610+00:00, run_after=2024-02-04T06:17:47.490610+00:00
[2024-02-04T06:17:47.577+0000] {processor.py:179} INFO - Processing /usr/local/python/3.10.13/lib/python3.10/site-packages/airflow/example_dags/example_dynamic_task_mapping_with_no_taskflow_operators.py took 0.661 seconds
[2024-02-04T06:18:36.609+0000] {processor.py:157} INFO - Started process (PID=9419) to work on /usr/local/python/3.10.13/lib/python3.10/site-packages/airflow/example_dags/example_dynamic_task_mapping_with_no_taskflow_operators.py
[2024-02-04T06:18:36.609+0000] {processor.py:826} INFO - Processing file /usr/local/python/3.10.13/lib/python3.10/site-packages/airflow/example_dags/example_dynamic_task_mapping_with_no_taskflow_operators.py for tasks to queue
[2024-02-04T06:18:36.610+0000] {logging_mixin.py:150} INFO - [2024-02-04T06:18:36.610+0000] {dagbag.py:541} INFO - Filling up the DagBag from /usr/local/python/3.10.13/lib/python3.10/site-packages/airflow/example_dags/example_dynamic_task_mapping_with_no_taskflow_operators.py
[2024-02-04T06:18:36.616+0000] {processor.py:836} INFO - DAG(s) dict_keys(['example_dynamic_task_mapping_with_no_taskflow_operators']) retrieved from /usr/local/python/3.10.13/lib/python3.10/site-packages/airflow/example_dags/example_dynamic_task_mapping_with_no_taskflow_operators.py
[2024-02-04T06:18:36.627+0000] {logging_mixin.py:150} INFO - [2024-02-04T06:18:36.627+0000] {dag.py:2742} INFO - Sync 1 DAGs
[2024-02-04T06:18:36.643+0000] {logging_mixin.py:150} INFO - [2024-02-04T06:18:36.643+0000] {dag.py:3504} INFO - Setting next_dagrun for example_dynamic_task_mapping_with_no_taskflow_operators to 2024-02-03T06:18:36.643453+00:00, run_after=2024-02-04T06:18:36.643453+00:00
[2024-02-04T06:18:36.688+0000] {processor.py:179} INFO - Processing /usr/local/python/3.10.13/lib/python3.10/site-packages/airflow/example_dags/example_dynamic_task_mapping_with_no_taskflow_operators.py took 0.082 seconds
[2024-02-04T06:19:27.693+0000] {processor.py:157} INFO - Started process (PID=9939) to work on /usr/local/python/3.10.13/lib/python3.10/site-packages/airflow/example_dags/example_dynamic_task_mapping_with_no_taskflow_operators.py
[2024-02-04T06:19:27.693+0000] {processor.py:826} INFO - Processing file /usr/local/python/3.10.13/lib/python3.10/site-packages/airflow/example_dags/example_dynamic_task_mapping_with_no_taskflow_operators.py for tasks to queue
[2024-02-04T06:19:27.694+0000] {logging_mixin.py:150} INFO - [2024-02-04T06:19:27.694+0000] {dagbag.py:541} INFO - Filling up the DagBag from /usr/local/python/3.10.13/lib/python3.10/site-packages/airflow/example_dags/example_dynamic_task_mapping_with_no_taskflow_operators.py
[2024-02-04T06:19:27.699+0000] {processor.py:836} INFO - DAG(s) dict_keys(['example_dynamic_task_mapping_with_no_taskflow_operators']) retrieved from /usr/local/python/3.10.13/lib/python3.10/site-packages/airflow/example_dags/example_dynamic_task_mapping_with_no_taskflow_operators.py
[2024-02-04T06:19:27.711+0000] {logging_mixin.py:150} INFO - [2024-02-04T06:19:27.710+0000] {dag.py:2742} INFO - Sync 1 DAGs
[2024-02-04T06:19:27.728+0000] {logging_mixin.py:150} INFO - [2024-02-04T06:19:27.728+0000] {dag.py:3504} INFO - Setting next_dagrun for example_dynamic_task_mapping_with_no_taskflow_operators to 2024-02-03T06:19:27.728532+00:00, run_after=2024-02-04T06:19:27.728532+00:00
[2024-02-04T06:19:27.810+0000] {processor.py:179} INFO - Processing /usr/local/python/3.10.13/lib/python3.10/site-packages/airflow/example_dags/example_dynamic_task_mapping_with_no_taskflow_operators.py took 0.119 seconds
[2024-02-04T06:20:21.628+0000] {processor.py:157} INFO - Started process (PID=10467) to work on /usr/local/python/3.10.13/lib/python3.10/site-packages/airflow/example_dags/example_dynamic_task_mapping_with_no_taskflow_operators.py
[2024-02-04T06:20:21.629+0000] {processor.py:826} INFO - Processing file /usr/local/python/3.10.13/lib/python3.10/site-packages/airflow/example_dags/example_dynamic_task_mapping_with_no_taskflow_operators.py for tasks to queue
[2024-02-04T06:20:21.629+0000] {logging_mixin.py:150} INFO - [2024-02-04T06:20:21.629+0000] {dagbag.py:541} INFO - Filling up the DagBag from /usr/local/python/3.10.13/lib/python3.10/site-packages/airflow/example_dags/example_dynamic_task_mapping_with_no_taskflow_operators.py
[2024-02-04T06:20:21.635+0000] {processor.py:836} INFO - DAG(s) dict_keys(['example_dynamic_task_mapping_with_no_taskflow_operators']) retrieved from /usr/local/python/3.10.13/lib/python3.10/site-packages/airflow/example_dags/example_dynamic_task_mapping_with_no_taskflow_operators.py
[2024-02-04T06:20:21.646+0000] {logging_mixin.py:150} INFO - [2024-02-04T06:20:21.646+0000] {dag.py:2742} INFO - Sync 1 DAGs
[2024-02-04T06:20:21.663+0000] {logging_mixin.py:150} INFO - [2024-02-04T06:20:21.663+0000] {dag.py:3504} INFO - Setting next_dagrun for example_dynamic_task_mapping_with_no_taskflow_operators to 2024-02-03T06:20:21.663000+00:00, run_after=2024-02-04T06:20:21.663000+00:00
[2024-02-04T06:20:21.716+0000] {processor.py:179} INFO - Processing /usr/local/python/3.10.13/lib/python3.10/site-packages/airflow/example_dags/example_dynamic_task_mapping_with_no_taskflow_operators.py took 0.090 seconds
[2024-02-04T06:21:16.751+0000] {processor.py:157} INFO - Started process (PID=11058) to work on /usr/local/python/3.10.13/lib/python3.10/site-packages/airflow/example_dags/example_dynamic_task_mapping_with_no_taskflow_operators.py
[2024-02-04T06:21:16.752+0000] {processor.py:826} INFO - Processing file /usr/local/python/3.10.13/lib/python3.10/site-packages/airflow/example_dags/example_dynamic_task_mapping_with_no_taskflow_operators.py for tasks to queue
[2024-02-04T06:21:16.753+0000] {logging_mixin.py:150} INFO - [2024-02-04T06:21:16.753+0000] {dagbag.py:541} INFO - Filling up the DagBag from /usr/local/python/3.10.13/lib/python3.10/site-packages/airflow/example_dags/example_dynamic_task_mapping_with_no_taskflow_operators.py
[2024-02-04T06:21:16.759+0000] {processor.py:836} INFO - DAG(s) dict_keys(['example_dynamic_task_mapping_with_no_taskflow_operators']) retrieved from /usr/local/python/3.10.13/lib/python3.10/site-packages/airflow/example_dags/example_dynamic_task_mapping_with_no_taskflow_operators.py
[2024-02-04T06:21:16.771+0000] {logging_mixin.py:150} INFO - [2024-02-04T06:21:16.771+0000] {dag.py:2742} INFO - Sync 1 DAGs
[2024-02-04T06:21:16.788+0000] {logging_mixin.py:150} INFO - [2024-02-04T06:21:16.787+0000] {dag.py:3504} INFO - Setting next_dagrun for example_dynamic_task_mapping_with_no_taskflow_operators to 2024-02-03T06:21:16.787755+00:00, run_after=2024-02-04T06:21:16.787755+00:00
[2024-02-04T06:21:16.832+0000] {processor.py:179} INFO - Processing /usr/local/python/3.10.13/lib/python3.10/site-packages/airflow/example_dags/example_dynamic_task_mapping_with_no_taskflow_operators.py took 0.083 seconds
[2024-02-04T06:22:05.794+0000] {processor.py:157} INFO - Started process (PID=11628) to work on /usr/local/python/3.10.13/lib/python3.10/site-packages/airflow/example_dags/example_dynamic_task_mapping_with_no_taskflow_operators.py
[2024-02-04T06:22:05.794+0000] {processor.py:826} INFO - Processing file /usr/local/python/3.10.13/lib/python3.10/site-packages/airflow/example_dags/example_dynamic_task_mapping_with_no_taskflow_operators.py for tasks to queue
[2024-02-04T06:22:05.795+0000] {logging_mixin.py:150} INFO - [2024-02-04T06:22:05.795+0000] {dagbag.py:541} INFO - Filling up the DagBag from /usr/local/python/3.10.13/lib/python3.10/site-packages/airflow/example_dags/example_dynamic_task_mapping_with_no_taskflow_operators.py
[2024-02-04T06:22:05.801+0000] {processor.py:836} INFO - DAG(s) dict_keys(['example_dynamic_task_mapping_with_no_taskflow_operators']) retrieved from /usr/local/python/3.10.13/lib/python3.10/site-packages/airflow/example_dags/example_dynamic_task_mapping_with_no_taskflow_operators.py
[2024-02-04T06:22:05.813+0000] {logging_mixin.py:150} INFO - [2024-02-04T06:22:05.813+0000] {dag.py:2742} INFO - Sync 1 DAGs
[2024-02-04T06:22:05.829+0000] {logging_mixin.py:150} INFO - [2024-02-04T06:22:05.829+0000] {dag.py:3504} INFO - Setting next_dagrun for example_dynamic_task_mapping_with_no_taskflow_operators to 2024-02-03T06:22:05.828858+00:00, run_after=2024-02-04T06:22:05.828858+00:00
[2024-02-04T06:22:05.873+0000] {processor.py:179} INFO - Processing /usr/local/python/3.10.13/lib/python3.10/site-packages/airflow/example_dags/example_dynamic_task_mapping_with_no_taskflow_operators.py took 0.082 seconds
[2024-02-04T06:22:56.806+0000] {processor.py:157} INFO - Started process (PID=12301) to work on /usr/local/python/3.10.13/lib/python3.10/site-packages/airflow/example_dags/example_dynamic_task_mapping_with_no_taskflow_operators.py
[2024-02-04T06:22:56.807+0000] {processor.py:826} INFO - Processing file /usr/local/python/3.10.13/lib/python3.10/site-packages/airflow/example_dags/example_dynamic_task_mapping_with_no_taskflow_operators.py for tasks to queue
[2024-02-04T06:22:56.808+0000] {logging_mixin.py:150} INFO - [2024-02-04T06:22:56.808+0000] {dagbag.py:541} INFO - Filling up the DagBag from /usr/local/python/3.10.13/lib/python3.10/site-packages/airflow/example_dags/example_dynamic_task_mapping_with_no_taskflow_operators.py
[2024-02-04T06:22:56.814+0000] {processor.py:836} INFO - DAG(s) dict_keys(['example_dynamic_task_mapping_with_no_taskflow_operators']) retrieved from /usr/local/python/3.10.13/lib/python3.10/site-packages/airflow/example_dags/example_dynamic_task_mapping_with_no_taskflow_operators.py
[2024-02-04T06:22:56.828+0000] {logging_mixin.py:150} INFO - [2024-02-04T06:22:56.828+0000] {dag.py:2742} INFO - Sync 1 DAGs
[2024-02-04T06:22:56.844+0000] {logging_mixin.py:150} INFO - [2024-02-04T06:22:56.844+0000] {dag.py:3504} INFO - Setting next_dagrun for example_dynamic_task_mapping_with_no_taskflow_operators to 2024-02-03T06:22:56.844590+00:00, run_after=2024-02-04T06:22:56.844590+00:00
[2024-02-04T06:22:56.892+0000] {processor.py:179} INFO - Processing /usr/local/python/3.10.13/lib/python3.10/site-packages/airflow/example_dags/example_dynamic_task_mapping_with_no_taskflow_operators.py took 0.088 seconds
[2024-02-04T06:23:45.735+0000] {processor.py:157} INFO - Started process (PID=12902) to work on /usr/local/python/3.10.13/lib/python3.10/site-packages/airflow/example_dags/example_dynamic_task_mapping_with_no_taskflow_operators.py
[2024-02-04T06:23:45.736+0000] {processor.py:826} INFO - Processing file /usr/local/python/3.10.13/lib/python3.10/site-packages/airflow/example_dags/example_dynamic_task_mapping_with_no_taskflow_operators.py for tasks to queue
[2024-02-04T06:23:45.737+0000] {logging_mixin.py:150} INFO - [2024-02-04T06:23:45.737+0000] {dagbag.py:541} INFO - Filling up the DagBag from /usr/local/python/3.10.13/lib/python3.10/site-packages/airflow/example_dags/example_dynamic_task_mapping_with_no_taskflow_operators.py
[2024-02-04T06:23:45.746+0000] {processor.py:836} INFO - DAG(s) dict_keys(['example_dynamic_task_mapping_with_no_taskflow_operators']) retrieved from /usr/local/python/3.10.13/lib/python3.10/site-packages/airflow/example_dags/example_dynamic_task_mapping_with_no_taskflow_operators.py
[2024-02-04T06:23:45.766+0000] {logging_mixin.py:150} INFO - [2024-02-04T06:23:45.765+0000] {dag.py:2742} INFO - Sync 1 DAGs
[2024-02-04T06:23:45.792+0000] {logging_mixin.py:150} INFO - [2024-02-04T06:23:45.791+0000] {dag.py:3504} INFO - Setting next_dagrun for example_dynamic_task_mapping_with_no_taskflow_operators to 2024-02-03T06:23:45.791669+00:00, run_after=2024-02-04T06:23:45.791669+00:00
[2024-02-04T06:23:45.839+0000] {processor.py:179} INFO - Processing /usr/local/python/3.10.13/lib/python3.10/site-packages/airflow/example_dags/example_dynamic_task_mapping_with_no_taskflow_operators.py took 0.107 seconds
[2024-02-04T06:24:32.097+0000] {processor.py:157} INFO - Started process (PID=13382) to work on /usr/local/python/3.10.13/lib/python3.10/site-packages/airflow/example_dags/example_dynamic_task_mapping_with_no_taskflow_operators.py
[2024-02-04T06:24:32.098+0000] {processor.py:826} INFO - Processing file /usr/local/python/3.10.13/lib/python3.10/site-packages/airflow/example_dags/example_dynamic_task_mapping_with_no_taskflow_operators.py for tasks to queue
[2024-02-04T06:24:32.099+0000] {logging_mixin.py:150} INFO - [2024-02-04T06:24:32.099+0000] {dagbag.py:541} INFO - Filling up the DagBag from /usr/local/python/3.10.13/lib/python3.10/site-packages/airflow/example_dags/example_dynamic_task_mapping_with_no_taskflow_operators.py
[2024-02-04T06:24:32.104+0000] {processor.py:836} INFO - DAG(s) dict_keys(['example_dynamic_task_mapping_with_no_taskflow_operators']) retrieved from /usr/local/python/3.10.13/lib/python3.10/site-packages/airflow/example_dags/example_dynamic_task_mapping_with_no_taskflow_operators.py
[2024-02-04T06:24:32.117+0000] {logging_mixin.py:150} INFO - [2024-02-04T06:24:32.116+0000] {dag.py:2742} INFO - Sync 1 DAGs
[2024-02-04T06:24:32.133+0000] {logging_mixin.py:150} INFO - [2024-02-04T06:24:32.133+0000] {dag.py:3504} INFO - Setting next_dagrun for example_dynamic_task_mapping_with_no_taskflow_operators to 2024-02-03T06:24:32.133118+00:00, run_after=2024-02-04T06:24:32.133118+00:00
[2024-02-04T06:24:32.180+0000] {processor.py:179} INFO - Processing /usr/local/python/3.10.13/lib/python3.10/site-packages/airflow/example_dags/example_dynamic_task_mapping_with_no_taskflow_operators.py took 0.085 seconds
