[2024-02-04T06:17:34.457+0000] {processor.py:157} INFO - Started process (PID=8797) to work on /usr/local/python/3.10.13/lib/python3.10/site-packages/airflow/example_dags/example_sensor_decorator.py
[2024-02-04T06:17:34.458+0000] {processor.py:826} INFO - Processing file /usr/local/python/3.10.13/lib/python3.10/site-packages/airflow/example_dags/example_sensor_decorator.py for tasks to queue
[2024-02-04T06:17:34.458+0000] {logging_mixin.py:150} INFO - [2024-02-04T06:17:34.458+0000] {dagbag.py:541} INFO - Filling up the DagBag from /usr/local/python/3.10.13/lib/python3.10/site-packages/airflow/example_dags/example_sensor_decorator.py
[2024-02-04T06:17:34.463+0000] {processor.py:836} INFO - DAG(s) dict_keys(['example_sensor_decorator']) retrieved from /usr/local/python/3.10.13/lib/python3.10/site-packages/airflow/example_dags/example_sensor_decorator.py
[2024-02-04T06:17:34.636+0000] {logging_mixin.py:150} INFO - [2024-02-04T06:17:34.636+0000] {manager.py:504} INFO - Created Permission View: can edit on DAG:example_sensor_decorator
[2024-02-04T06:17:34.671+0000] {logging_mixin.py:150} INFO - [2024-02-04T06:17:34.671+0000] {manager.py:504} INFO - Created Permission View: can read on DAG:example_sensor_decorator
[2024-02-04T06:17:34.706+0000] {logging_mixin.py:150} INFO - [2024-02-04T06:17:34.706+0000] {manager.py:504} INFO - Created Permission View: can delete on DAG:example_sensor_decorator
[2024-02-04T06:17:34.715+0000] {logging_mixin.py:150} INFO - [2024-02-04T06:17:34.715+0000] {dag.py:2742} INFO - Sync 1 DAGs
[2024-02-04T06:17:34.722+0000] {logging_mixin.py:150} INFO - [2024-02-04T06:17:34.722+0000] {dag.py:2763} INFO - Creating ORM DAG for example_sensor_decorator
[2024-02-04T06:17:34.729+0000] {logging_mixin.py:150} INFO - [2024-02-04T06:17:34.729+0000] {dag.py:3504} INFO - Setting next_dagrun for example_sensor_decorator to None, run_after=None
[2024-02-04T06:17:34.811+0000] {processor.py:179} INFO - Processing /usr/local/python/3.10.13/lib/python3.10/site-packages/airflow/example_dags/example_sensor_decorator.py took 0.357 seconds
[2024-02-04T06:18:26.084+0000] {processor.py:157} INFO - Started process (PID=9309) to work on /usr/local/python/3.10.13/lib/python3.10/site-packages/airflow/example_dags/example_sensor_decorator.py
[2024-02-04T06:18:26.085+0000] {processor.py:826} INFO - Processing file /usr/local/python/3.10.13/lib/python3.10/site-packages/airflow/example_dags/example_sensor_decorator.py for tasks to queue
[2024-02-04T06:18:26.085+0000] {logging_mixin.py:150} INFO - [2024-02-04T06:18:26.085+0000] {dagbag.py:541} INFO - Filling up the DagBag from /usr/local/python/3.10.13/lib/python3.10/site-packages/airflow/example_dags/example_sensor_decorator.py
[2024-02-04T06:18:26.090+0000] {processor.py:836} INFO - DAG(s) dict_keys(['example_sensor_decorator']) retrieved from /usr/local/python/3.10.13/lib/python3.10/site-packages/airflow/example_dags/example_sensor_decorator.py
[2024-02-04T06:18:26.104+0000] {logging_mixin.py:150} INFO - [2024-02-04T06:18:26.104+0000] {dag.py:2742} INFO - Sync 1 DAGs
[2024-02-04T06:18:26.122+0000] {logging_mixin.py:150} INFO - [2024-02-04T06:18:26.122+0000] {dag.py:3504} INFO - Setting next_dagrun for example_sensor_decorator to None, run_after=None
[2024-02-04T06:18:26.166+0000] {processor.py:179} INFO - Processing /usr/local/python/3.10.13/lib/python3.10/site-packages/airflow/example_dags/example_sensor_decorator.py took 0.085 seconds
[2024-02-04T06:19:18.310+0000] {processor.py:157} INFO - Started process (PID=9850) to work on /usr/local/python/3.10.13/lib/python3.10/site-packages/airflow/example_dags/example_sensor_decorator.py
[2024-02-04T06:19:18.312+0000] {processor.py:826} INFO - Processing file /usr/local/python/3.10.13/lib/python3.10/site-packages/airflow/example_dags/example_sensor_decorator.py for tasks to queue
[2024-02-04T06:19:18.314+0000] {logging_mixin.py:150} INFO - [2024-02-04T06:19:18.313+0000] {dagbag.py:541} INFO - Filling up the DagBag from /usr/local/python/3.10.13/lib/python3.10/site-packages/airflow/example_dags/example_sensor_decorator.py
[2024-02-04T06:19:18.318+0000] {processor.py:836} INFO - DAG(s) dict_keys(['example_sensor_decorator']) retrieved from /usr/local/python/3.10.13/lib/python3.10/site-packages/airflow/example_dags/example_sensor_decorator.py
[2024-02-04T06:19:18.331+0000] {logging_mixin.py:150} INFO - [2024-02-04T06:19:18.331+0000] {dag.py:2742} INFO - Sync 1 DAGs
[2024-02-04T06:19:18.347+0000] {logging_mixin.py:150} INFO - [2024-02-04T06:19:18.347+0000] {dag.py:3504} INFO - Setting next_dagrun for example_sensor_decorator to None, run_after=None
[2024-02-04T06:19:18.392+0000] {processor.py:179} INFO - Processing /usr/local/python/3.10.13/lib/python3.10/site-packages/airflow/example_dags/example_sensor_decorator.py took 0.084 seconds
[2024-02-04T06:20:09.580+0000] {processor.py:157} INFO - Started process (PID=10355) to work on /usr/local/python/3.10.13/lib/python3.10/site-packages/airflow/example_dags/example_sensor_decorator.py
[2024-02-04T06:20:09.581+0000] {processor.py:826} INFO - Processing file /usr/local/python/3.10.13/lib/python3.10/site-packages/airflow/example_dags/example_sensor_decorator.py for tasks to queue
[2024-02-04T06:20:09.582+0000] {logging_mixin.py:150} INFO - [2024-02-04T06:20:09.581+0000] {dagbag.py:541} INFO - Filling up the DagBag from /usr/local/python/3.10.13/lib/python3.10/site-packages/airflow/example_dags/example_sensor_decorator.py
[2024-02-04T06:20:09.586+0000] {processor.py:836} INFO - DAG(s) dict_keys(['example_sensor_decorator']) retrieved from /usr/local/python/3.10.13/lib/python3.10/site-packages/airflow/example_dags/example_sensor_decorator.py
[2024-02-04T06:20:09.599+0000] {logging_mixin.py:150} INFO - [2024-02-04T06:20:09.599+0000] {dag.py:2742} INFO - Sync 1 DAGs
[2024-02-04T06:20:09.621+0000] {logging_mixin.py:150} INFO - [2024-02-04T06:20:09.621+0000] {dag.py:3504} INFO - Setting next_dagrun for example_sensor_decorator to None, run_after=None
[2024-02-04T06:20:09.672+0000] {processor.py:179} INFO - Processing /usr/local/python/3.10.13/lib/python3.10/site-packages/airflow/example_dags/example_sensor_decorator.py took 0.094 seconds
[2024-02-04T06:20:58.668+0000] {processor.py:157} INFO - Started process (PID=10857) to work on /usr/local/python/3.10.13/lib/python3.10/site-packages/airflow/example_dags/example_sensor_decorator.py
[2024-02-04T06:20:58.668+0000] {processor.py:826} INFO - Processing file /usr/local/python/3.10.13/lib/python3.10/site-packages/airflow/example_dags/example_sensor_decorator.py for tasks to queue
[2024-02-04T06:20:58.669+0000] {logging_mixin.py:150} INFO - [2024-02-04T06:20:58.669+0000] {dagbag.py:541} INFO - Filling up the DagBag from /usr/local/python/3.10.13/lib/python3.10/site-packages/airflow/example_dags/example_sensor_decorator.py
[2024-02-04T06:20:58.674+0000] {processor.py:836} INFO - DAG(s) dict_keys(['example_sensor_decorator']) retrieved from /usr/local/python/3.10.13/lib/python3.10/site-packages/airflow/example_dags/example_sensor_decorator.py
[2024-02-04T06:20:58.687+0000] {logging_mixin.py:150} INFO - [2024-02-04T06:20:58.687+0000] {dag.py:2742} INFO - Sync 1 DAGs
[2024-02-04T06:20:58.703+0000] {logging_mixin.py:150} INFO - [2024-02-04T06:20:58.703+0000] {dag.py:3504} INFO - Setting next_dagrun for example_sensor_decorator to None, run_after=None
[2024-02-04T06:20:58.803+0000] {processor.py:179} INFO - Processing /usr/local/python/3.10.13/lib/python3.10/site-packages/airflow/example_dags/example_sensor_decorator.py took 0.138 seconds
[2024-02-04T06:21:49.066+0000] {processor.py:157} INFO - Started process (PID=11456) to work on /usr/local/python/3.10.13/lib/python3.10/site-packages/airflow/example_dags/example_sensor_decorator.py
[2024-02-04T06:21:49.067+0000] {processor.py:826} INFO - Processing file /usr/local/python/3.10.13/lib/python3.10/site-packages/airflow/example_dags/example_sensor_decorator.py for tasks to queue
[2024-02-04T06:21:49.068+0000] {logging_mixin.py:150} INFO - [2024-02-04T06:21:49.068+0000] {dagbag.py:541} INFO - Filling up the DagBag from /usr/local/python/3.10.13/lib/python3.10/site-packages/airflow/example_dags/example_sensor_decorator.py
[2024-02-04T06:21:49.072+0000] {processor.py:836} INFO - DAG(s) dict_keys(['example_sensor_decorator']) retrieved from /usr/local/python/3.10.13/lib/python3.10/site-packages/airflow/example_dags/example_sensor_decorator.py
[2024-02-04T06:21:49.085+0000] {logging_mixin.py:150} INFO - [2024-02-04T06:21:49.084+0000] {dag.py:2742} INFO - Sync 1 DAGs
[2024-02-04T06:21:49.099+0000] {logging_mixin.py:150} INFO - [2024-02-04T06:21:49.099+0000] {dag.py:3504} INFO - Setting next_dagrun for example_sensor_decorator to None, run_after=None
[2024-02-04T06:21:49.143+0000] {processor.py:179} INFO - Processing /usr/local/python/3.10.13/lib/python3.10/site-packages/airflow/example_dags/example_sensor_decorator.py took 0.079 seconds
[2024-02-04T06:22:40.968+0000] {processor.py:157} INFO - Started process (PID=12038) to work on /usr/local/python/3.10.13/lib/python3.10/site-packages/airflow/example_dags/example_sensor_decorator.py
[2024-02-04T06:22:40.968+0000] {processor.py:826} INFO - Processing file /usr/local/python/3.10.13/lib/python3.10/site-packages/airflow/example_dags/example_sensor_decorator.py for tasks to queue
[2024-02-04T06:22:40.969+0000] {logging_mixin.py:150} INFO - [2024-02-04T06:22:40.969+0000] {dagbag.py:541} INFO - Filling up the DagBag from /usr/local/python/3.10.13/lib/python3.10/site-packages/airflow/example_dags/example_sensor_decorator.py
[2024-02-04T06:22:40.974+0000] {processor.py:836} INFO - DAG(s) dict_keys(['example_sensor_decorator']) retrieved from /usr/local/python/3.10.13/lib/python3.10/site-packages/airflow/example_dags/example_sensor_decorator.py
[2024-02-04T06:22:40.986+0000] {logging_mixin.py:150} INFO - [2024-02-04T06:22:40.986+0000] {dag.py:2742} INFO - Sync 1 DAGs
[2024-02-04T06:22:41.002+0000] {logging_mixin.py:150} INFO - [2024-02-04T06:22:41.001+0000] {dag.py:3504} INFO - Setting next_dagrun for example_sensor_decorator to None, run_after=None
[2024-02-04T06:22:41.054+0000] {processor.py:179} INFO - Processing /usr/local/python/3.10.13/lib/python3.10/site-packages/airflow/example_dags/example_sensor_decorator.py took 0.089 seconds
[2024-02-04T06:23:26.702+0000] {processor.py:157} INFO - Started process (PID=12642) to work on /usr/local/python/3.10.13/lib/python3.10/site-packages/airflow/example_dags/example_sensor_decorator.py
[2024-02-04T06:23:26.702+0000] {processor.py:826} INFO - Processing file /usr/local/python/3.10.13/lib/python3.10/site-packages/airflow/example_dags/example_sensor_decorator.py for tasks to queue
[2024-02-04T06:23:26.703+0000] {logging_mixin.py:150} INFO - [2024-02-04T06:23:26.703+0000] {dagbag.py:541} INFO - Filling up the DagBag from /usr/local/python/3.10.13/lib/python3.10/site-packages/airflow/example_dags/example_sensor_decorator.py
[2024-02-04T06:23:26.708+0000] {processor.py:836} INFO - DAG(s) dict_keys(['example_sensor_decorator']) retrieved from /usr/local/python/3.10.13/lib/python3.10/site-packages/airflow/example_dags/example_sensor_decorator.py
[2024-02-04T06:23:26.721+0000] {logging_mixin.py:150} INFO - [2024-02-04T06:23:26.721+0000] {dag.py:2742} INFO - Sync 1 DAGs
[2024-02-04T06:23:26.738+0000] {logging_mixin.py:150} INFO - [2024-02-04T06:23:26.738+0000] {dag.py:3504} INFO - Setting next_dagrun for example_sensor_decorator to None, run_after=None
[2024-02-04T06:23:26.810+0000] {processor.py:179} INFO - Processing /usr/local/python/3.10.13/lib/python3.10/site-packages/airflow/example_dags/example_sensor_decorator.py took 0.110 seconds
[2024-02-04T06:24:14.929+0000] {processor.py:157} INFO - Started process (PID=13205) to work on /usr/local/python/3.10.13/lib/python3.10/site-packages/airflow/example_dags/example_sensor_decorator.py
[2024-02-04T06:24:14.930+0000] {processor.py:826} INFO - Processing file /usr/local/python/3.10.13/lib/python3.10/site-packages/airflow/example_dags/example_sensor_decorator.py for tasks to queue
[2024-02-04T06:24:14.931+0000] {logging_mixin.py:150} INFO - [2024-02-04T06:24:14.930+0000] {dagbag.py:541} INFO - Filling up the DagBag from /usr/local/python/3.10.13/lib/python3.10/site-packages/airflow/example_dags/example_sensor_decorator.py
[2024-02-04T06:24:14.935+0000] {processor.py:836} INFO - DAG(s) dict_keys(['example_sensor_decorator']) retrieved from /usr/local/python/3.10.13/lib/python3.10/site-packages/airflow/example_dags/example_sensor_decorator.py
[2024-02-04T06:24:14.948+0000] {logging_mixin.py:150} INFO - [2024-02-04T06:24:14.948+0000] {dag.py:2742} INFO - Sync 1 DAGs
[2024-02-04T06:24:14.964+0000] {logging_mixin.py:150} INFO - [2024-02-04T06:24:14.964+0000] {dag.py:3504} INFO - Setting next_dagrun for example_sensor_decorator to None, run_after=None
[2024-02-04T06:24:15.020+0000] {processor.py:179} INFO - Processing /usr/local/python/3.10.13/lib/python3.10/site-packages/airflow/example_dags/example_sensor_decorator.py took 0.093 seconds
[2024-02-04T06:25:05.330+0000] {processor.py:157} INFO - Started process (PID=13713) to work on /usr/local/python/3.10.13/lib/python3.10/site-packages/airflow/example_dags/example_sensor_decorator.py
[2024-02-04T06:25:05.331+0000] {processor.py:826} INFO - Processing file /usr/local/python/3.10.13/lib/python3.10/site-packages/airflow/example_dags/example_sensor_decorator.py for tasks to queue
[2024-02-04T06:25:05.331+0000] {logging_mixin.py:150} INFO - [2024-02-04T06:25:05.331+0000] {dagbag.py:541} INFO - Filling up the DagBag from /usr/local/python/3.10.13/lib/python3.10/site-packages/airflow/example_dags/example_sensor_decorator.py
[2024-02-04T06:25:05.335+0000] {processor.py:836} INFO - DAG(s) dict_keys(['example_sensor_decorator']) retrieved from /usr/local/python/3.10.13/lib/python3.10/site-packages/airflow/example_dags/example_sensor_decorator.py
[2024-02-04T06:25:05.347+0000] {logging_mixin.py:150} INFO - [2024-02-04T06:25:05.347+0000] {dag.py:2742} INFO - Sync 1 DAGs
[2024-02-04T06:25:05.363+0000] {logging_mixin.py:150} INFO - [2024-02-04T06:25:05.363+0000] {dag.py:3504} INFO - Setting next_dagrun for example_sensor_decorator to None, run_after=None
[2024-02-04T06:25:05.408+0000] {processor.py:179} INFO - Processing /usr/local/python/3.10.13/lib/python3.10/site-packages/airflow/example_dags/example_sensor_decorator.py took 0.080 seconds
