[2024-02-04T06:16:51.170+0000] {processor.py:157} INFO - Started process (PID=8369) to work on /usr/local/python/3.10.13/lib/python3.10/site-packages/airflow/example_dags/example_xcomargs.py
[2024-02-04T06:16:51.171+0000] {processor.py:826} INFO - Processing file /usr/local/python/3.10.13/lib/python3.10/site-packages/airflow/example_dags/example_xcomargs.py for tasks to queue
[2024-02-04T06:16:51.172+0000] {logging_mixin.py:150} INFO - [2024-02-04T06:16:51.172+0000] {dagbag.py:541} INFO - Filling up the DagBag from /usr/local/python/3.10.13/lib/python3.10/site-packages/airflow/example_dags/example_xcomargs.py
[2024-02-04T06:16:51.188+0000] {processor.py:836} INFO - DAG(s) dict_keys(['example_xcom_args_with_operators', 'example_xcom_args']) retrieved from /usr/local/python/3.10.13/lib/python3.10/site-packages/airflow/example_dags/example_xcomargs.py
[2024-02-04T06:16:51.397+0000] {logging_mixin.py:150} INFO - [2024-02-04T06:16:51.397+0000] {manager.py:504} INFO - Created Permission View: can edit on DAG:example_xcom_args_with_operators
[2024-02-04T06:16:51.434+0000] {logging_mixin.py:150} INFO - [2024-02-04T06:16:51.434+0000] {manager.py:504} INFO - Created Permission View: can read on DAG:example_xcom_args_with_operators
[2024-02-04T06:16:51.477+0000] {logging_mixin.py:150} INFO - [2024-02-04T06:16:51.477+0000] {manager.py:504} INFO - Created Permission View: can delete on DAG:example_xcom_args_with_operators
[2024-02-04T06:16:51.573+0000] {logging_mixin.py:150} INFO - [2024-02-04T06:16:51.573+0000] {manager.py:504} INFO - Created Permission View: can edit on DAG:example_xcom_args
[2024-02-04T06:16:51.608+0000] {logging_mixin.py:150} INFO - [2024-02-04T06:16:51.608+0000] {manager.py:504} INFO - Created Permission View: can read on DAG:example_xcom_args
[2024-02-04T06:16:51.649+0000] {logging_mixin.py:150} INFO - [2024-02-04T06:16:51.649+0000] {manager.py:504} INFO - Created Permission View: can delete on DAG:example_xcom_args
[2024-02-04T06:16:51.654+0000] {logging_mixin.py:150} INFO - [2024-02-04T06:16:51.654+0000] {dag.py:2742} INFO - Sync 2 DAGs
[2024-02-04T06:16:51.662+0000] {logging_mixin.py:150} INFO - [2024-02-04T06:16:51.661+0000] {dag.py:2763} INFO - Creating ORM DAG for example_xcom_args_with_operators
[2024-02-04T06:16:51.662+0000] {logging_mixin.py:150} INFO - [2024-02-04T06:16:51.662+0000] {dag.py:2763} INFO - Creating ORM DAG for example_xcom_args
[2024-02-04T06:16:51.671+0000] {logging_mixin.py:150} INFO - [2024-02-04T06:16:51.670+0000] {dag.py:3504} INFO - Setting next_dagrun for example_xcom_args to None, run_after=None
[2024-02-04T06:16:51.671+0000] {logging_mixin.py:150} INFO - [2024-02-04T06:16:51.671+0000] {dag.py:3504} INFO - Setting next_dagrun for example_xcom_args_with_operators to None, run_after=None
[2024-02-04T06:16:51.786+0000] {processor.py:179} INFO - Processing /usr/local/python/3.10.13/lib/python3.10/site-packages/airflow/example_dags/example_xcomargs.py took 0.619 seconds
[2024-02-04T06:17:55.801+0000] {processor.py:157} INFO - Started process (PID=8997) to work on /usr/local/python/3.10.13/lib/python3.10/site-packages/airflow/example_dags/example_xcomargs.py
[2024-02-04T06:17:55.803+0000] {processor.py:826} INFO - Processing file /usr/local/python/3.10.13/lib/python3.10/site-packages/airflow/example_dags/example_xcomargs.py for tasks to queue
[2024-02-04T06:17:55.804+0000] {logging_mixin.py:150} INFO - [2024-02-04T06:17:55.804+0000] {dagbag.py:541} INFO - Filling up the DagBag from /usr/local/python/3.10.13/lib/python3.10/site-packages/airflow/example_dags/example_xcomargs.py
[2024-02-04T06:17:55.814+0000] {processor.py:836} INFO - DAG(s) dict_keys(['example_xcom_args', 'example_xcom_args_with_operators']) retrieved from /usr/local/python/3.10.13/lib/python3.10/site-packages/airflow/example_dags/example_xcomargs.py
[2024-02-04T06:17:55.837+0000] {logging_mixin.py:150} INFO - [2024-02-04T06:17:55.837+0000] {dag.py:2742} INFO - Sync 2 DAGs
[2024-02-04T06:17:55.860+0000] {logging_mixin.py:150} INFO - [2024-02-04T06:17:55.860+0000] {dag.py:3504} INFO - Setting next_dagrun for example_xcom_args to None, run_after=None
[2024-02-04T06:17:55.864+0000] {logging_mixin.py:150} INFO - [2024-02-04T06:17:55.864+0000] {dag.py:3504} INFO - Setting next_dagrun for example_xcom_args_with_operators to None, run_after=None
[2024-02-04T06:17:55.922+0000] {processor.py:179} INFO - Processing /usr/local/python/3.10.13/lib/python3.10/site-packages/airflow/example_dags/example_xcomargs.py took 0.124 seconds
[2024-02-04T06:18:38.085+0000] {processor.py:157} INFO - Started process (PID=9437) to work on /usr/local/python/3.10.13/lib/python3.10/site-packages/airflow/example_dags/example_xcomargs.py
[2024-02-04T06:18:38.086+0000] {processor.py:826} INFO - Processing file /usr/local/python/3.10.13/lib/python3.10/site-packages/airflow/example_dags/example_xcomargs.py for tasks to queue
[2024-02-04T06:18:38.087+0000] {logging_mixin.py:150} INFO - [2024-02-04T06:18:38.086+0000] {dagbag.py:541} INFO - Filling up the DagBag from /usr/local/python/3.10.13/lib/python3.10/site-packages/airflow/example_dags/example_xcomargs.py
[2024-02-04T06:18:38.094+0000] {processor.py:836} INFO - DAG(s) dict_keys(['example_xcom_args', 'example_xcom_args_with_operators']) retrieved from /usr/local/python/3.10.13/lib/python3.10/site-packages/airflow/example_dags/example_xcomargs.py
[2024-02-04T06:18:38.110+0000] {logging_mixin.py:150} INFO - [2024-02-04T06:18:38.109+0000] {dag.py:2742} INFO - Sync 2 DAGs
[2024-02-04T06:18:38.126+0000] {logging_mixin.py:150} INFO - [2024-02-04T06:18:38.126+0000] {dag.py:3504} INFO - Setting next_dagrun for example_xcom_args to None, run_after=None
[2024-02-04T06:18:38.128+0000] {logging_mixin.py:150} INFO - [2024-02-04T06:18:38.128+0000] {dag.py:3504} INFO - Setting next_dagrun for example_xcom_args_with_operators to None, run_after=None
[2024-02-04T06:18:38.211+0000] {processor.py:179} INFO - Processing /usr/local/python/3.10.13/lib/python3.10/site-packages/airflow/example_dags/example_xcomargs.py took 0.128 seconds
[2024-02-04T06:19:12.622+0000] {processor.py:157} INFO - Started process (PID=9803) to work on /usr/local/python/3.10.13/lib/python3.10/site-packages/airflow/example_dags/example_xcomargs.py
[2024-02-04T06:19:12.622+0000] {processor.py:826} INFO - Processing file /usr/local/python/3.10.13/lib/python3.10/site-packages/airflow/example_dags/example_xcomargs.py for tasks to queue
[2024-02-04T06:19:12.623+0000] {logging_mixin.py:150} INFO - [2024-02-04T06:19:12.623+0000] {dagbag.py:541} INFO - Filling up the DagBag from /usr/local/python/3.10.13/lib/python3.10/site-packages/airflow/example_dags/example_xcomargs.py
[2024-02-04T06:19:12.630+0000] {processor.py:836} INFO - DAG(s) dict_keys(['example_xcom_args', 'example_xcom_args_with_operators']) retrieved from /usr/local/python/3.10.13/lib/python3.10/site-packages/airflow/example_dags/example_xcomargs.py
[2024-02-04T06:19:12.645+0000] {logging_mixin.py:150} INFO - [2024-02-04T06:19:12.644+0000] {dag.py:2742} INFO - Sync 2 DAGs
[2024-02-04T06:19:12.660+0000] {logging_mixin.py:150} INFO - [2024-02-04T06:19:12.660+0000] {dag.py:3504} INFO - Setting next_dagrun for example_xcom_args to None, run_after=None
[2024-02-04T06:19:12.662+0000] {logging_mixin.py:150} INFO - [2024-02-04T06:19:12.662+0000] {dag.py:3504} INFO - Setting next_dagrun for example_xcom_args_with_operators to None, run_after=None
[2024-02-04T06:19:12.703+0000] {processor.py:179} INFO - Processing /usr/local/python/3.10.13/lib/python3.10/site-packages/airflow/example_dags/example_xcomargs.py took 0.084 seconds
[2024-02-04T06:19:47.346+0000] {processor.py:157} INFO - Started process (PID=10138) to work on /usr/local/python/3.10.13/lib/python3.10/site-packages/airflow/example_dags/example_xcomargs.py
[2024-02-04T06:19:47.347+0000] {processor.py:826} INFO - Processing file /usr/local/python/3.10.13/lib/python3.10/site-packages/airflow/example_dags/example_xcomargs.py for tasks to queue
[2024-02-04T06:19:47.347+0000] {logging_mixin.py:150} INFO - [2024-02-04T06:19:47.347+0000] {dagbag.py:541} INFO - Filling up the DagBag from /usr/local/python/3.10.13/lib/python3.10/site-packages/airflow/example_dags/example_xcomargs.py
[2024-02-04T06:19:47.354+0000] {processor.py:836} INFO - DAG(s) dict_keys(['example_xcom_args', 'example_xcom_args_with_operators']) retrieved from /usr/local/python/3.10.13/lib/python3.10/site-packages/airflow/example_dags/example_xcomargs.py
[2024-02-04T06:19:47.369+0000] {logging_mixin.py:150} INFO - [2024-02-04T06:19:47.369+0000] {dag.py:2742} INFO - Sync 2 DAGs
[2024-02-04T06:19:47.386+0000] {logging_mixin.py:150} INFO - [2024-02-04T06:19:47.386+0000] {dag.py:3504} INFO - Setting next_dagrun for example_xcom_args to None, run_after=None
[2024-02-04T06:19:47.389+0000] {logging_mixin.py:150} INFO - [2024-02-04T06:19:47.388+0000] {dag.py:3504} INFO - Setting next_dagrun for example_xcom_args_with_operators to None, run_after=None
[2024-02-04T06:19:47.432+0000] {processor.py:179} INFO - Processing /usr/local/python/3.10.13/lib/python3.10/site-packages/airflow/example_dags/example_xcomargs.py took 0.088 seconds
[2024-02-04T06:20:23.098+0000] {processor.py:157} INFO - Started process (PID=10499) to work on /usr/local/python/3.10.13/lib/python3.10/site-packages/airflow/example_dags/example_xcomargs.py
[2024-02-04T06:20:23.098+0000] {processor.py:826} INFO - Processing file /usr/local/python/3.10.13/lib/python3.10/site-packages/airflow/example_dags/example_xcomargs.py for tasks to queue
[2024-02-04T06:20:23.099+0000] {logging_mixin.py:150} INFO - [2024-02-04T06:20:23.099+0000] {dagbag.py:541} INFO - Filling up the DagBag from /usr/local/python/3.10.13/lib/python3.10/site-packages/airflow/example_dags/example_xcomargs.py
[2024-02-04T06:20:23.106+0000] {processor.py:836} INFO - DAG(s) dict_keys(['example_xcom_args_with_operators', 'example_xcom_args']) retrieved from /usr/local/python/3.10.13/lib/python3.10/site-packages/airflow/example_dags/example_xcomargs.py
[2024-02-04T06:20:23.122+0000] {logging_mixin.py:150} INFO - [2024-02-04T06:20:23.122+0000] {dag.py:2742} INFO - Sync 2 DAGs
[2024-02-04T06:20:23.138+0000] {logging_mixin.py:150} INFO - [2024-02-04T06:20:23.138+0000] {dag.py:3504} INFO - Setting next_dagrun for example_xcom_args to None, run_after=None
[2024-02-04T06:20:23.141+0000] {logging_mixin.py:150} INFO - [2024-02-04T06:20:23.141+0000] {dag.py:3504} INFO - Setting next_dagrun for example_xcom_args_with_operators to None, run_after=None
[2024-02-04T06:20:23.185+0000] {processor.py:179} INFO - Processing /usr/local/python/3.10.13/lib/python3.10/site-packages/airflow/example_dags/example_xcomargs.py took 0.090 seconds
[2024-02-04T06:21:02.146+0000] {processor.py:157} INFO - Started process (PID=10890) to work on /usr/local/python/3.10.13/lib/python3.10/site-packages/airflow/example_dags/example_xcomargs.py
[2024-02-04T06:21:02.146+0000] {processor.py:826} INFO - Processing file /usr/local/python/3.10.13/lib/python3.10/site-packages/airflow/example_dags/example_xcomargs.py for tasks to queue
[2024-02-04T06:21:02.147+0000] {logging_mixin.py:150} INFO - [2024-02-04T06:21:02.147+0000] {dagbag.py:541} INFO - Filling up the DagBag from /usr/local/python/3.10.13/lib/python3.10/site-packages/airflow/example_dags/example_xcomargs.py
[2024-02-04T06:21:02.153+0000] {processor.py:836} INFO - DAG(s) dict_keys(['example_xcom_args_with_operators', 'example_xcom_args']) retrieved from /usr/local/python/3.10.13/lib/python3.10/site-packages/airflow/example_dags/example_xcomargs.py
[2024-02-04T06:21:02.169+0000] {logging_mixin.py:150} INFO - [2024-02-04T06:21:02.169+0000] {dag.py:2742} INFO - Sync 2 DAGs
[2024-02-04T06:21:02.188+0000] {logging_mixin.py:150} INFO - [2024-02-04T06:21:02.188+0000] {dag.py:3504} INFO - Setting next_dagrun for example_xcom_args to None, run_after=None
[2024-02-04T06:21:02.191+0000] {logging_mixin.py:150} INFO - [2024-02-04T06:21:02.191+0000] {dag.py:3504} INFO - Setting next_dagrun for example_xcom_args_with_operators to None, run_after=None
[2024-02-04T06:21:02.236+0000] {processor.py:179} INFO - Processing /usr/local/python/3.10.13/lib/python3.10/site-packages/airflow/example_dags/example_xcomargs.py took 0.093 seconds
[2024-02-04T06:21:35.253+0000] {processor.py:157} INFO - Started process (PID=11293) to work on /usr/local/python/3.10.13/lib/python3.10/site-packages/airflow/example_dags/example_xcomargs.py
[2024-02-04T06:21:35.254+0000] {processor.py:826} INFO - Processing file /usr/local/python/3.10.13/lib/python3.10/site-packages/airflow/example_dags/example_xcomargs.py for tasks to queue
[2024-02-04T06:21:35.255+0000] {logging_mixin.py:150} INFO - [2024-02-04T06:21:35.255+0000] {dagbag.py:541} INFO - Filling up the DagBag from /usr/local/python/3.10.13/lib/python3.10/site-packages/airflow/example_dags/example_xcomargs.py
[2024-02-04T06:21:35.262+0000] {processor.py:836} INFO - DAG(s) dict_keys(['example_xcom_args_with_operators', 'example_xcom_args']) retrieved from /usr/local/python/3.10.13/lib/python3.10/site-packages/airflow/example_dags/example_xcomargs.py
[2024-02-04T06:21:35.276+0000] {logging_mixin.py:150} INFO - [2024-02-04T06:21:35.276+0000] {dag.py:2742} INFO - Sync 2 DAGs
[2024-02-04T06:21:35.294+0000] {logging_mixin.py:150} INFO - [2024-02-04T06:21:35.293+0000] {dag.py:3504} INFO - Setting next_dagrun for example_xcom_args to None, run_after=None
[2024-02-04T06:21:35.297+0000] {logging_mixin.py:150} INFO - [2024-02-04T06:21:35.297+0000] {dag.py:3504} INFO - Setting next_dagrun for example_xcom_args_with_operators to None, run_after=None
[2024-02-04T06:21:35.339+0000] {processor.py:179} INFO - Processing /usr/local/python/3.10.13/lib/python3.10/site-packages/airflow/example_dags/example_xcomargs.py took 0.088 seconds
[2024-02-04T06:22:07.418+0000] {processor.py:157} INFO - Started process (PID=11651) to work on /usr/local/python/3.10.13/lib/python3.10/site-packages/airflow/example_dags/example_xcomargs.py
[2024-02-04T06:22:07.419+0000] {processor.py:826} INFO - Processing file /usr/local/python/3.10.13/lib/python3.10/site-packages/airflow/example_dags/example_xcomargs.py for tasks to queue
[2024-02-04T06:22:07.420+0000] {logging_mixin.py:150} INFO - [2024-02-04T06:22:07.419+0000] {dagbag.py:541} INFO - Filling up the DagBag from /usr/local/python/3.10.13/lib/python3.10/site-packages/airflow/example_dags/example_xcomargs.py
[2024-02-04T06:22:07.426+0000] {processor.py:836} INFO - DAG(s) dict_keys(['example_xcom_args', 'example_xcom_args_with_operators']) retrieved from /usr/local/python/3.10.13/lib/python3.10/site-packages/airflow/example_dags/example_xcomargs.py
[2024-02-04T06:22:07.442+0000] {logging_mixin.py:150} INFO - [2024-02-04T06:22:07.442+0000] {dag.py:2742} INFO - Sync 2 DAGs
[2024-02-04T06:22:07.458+0000] {logging_mixin.py:150} INFO - [2024-02-04T06:22:07.458+0000] {dag.py:3504} INFO - Setting next_dagrun for example_xcom_args to None, run_after=None
[2024-02-04T06:22:07.463+0000] {logging_mixin.py:150} INFO - [2024-02-04T06:22:07.463+0000] {dag.py:3504} INFO - Setting next_dagrun for example_xcom_args_with_operators to None, run_after=None
[2024-02-04T06:22:07.519+0000] {processor.py:179} INFO - Processing /usr/local/python/3.10.13/lib/python3.10/site-packages/airflow/example_dags/example_xcomargs.py took 0.103 seconds
[2024-02-04T06:22:43.532+0000] {processor.py:157} INFO - Started process (PID=12075) to work on /usr/local/python/3.10.13/lib/python3.10/site-packages/airflow/example_dags/example_xcomargs.py
[2024-02-04T06:22:43.533+0000] {processor.py:826} INFO - Processing file /usr/local/python/3.10.13/lib/python3.10/site-packages/airflow/example_dags/example_xcomargs.py for tasks to queue
[2024-02-04T06:22:43.533+0000] {logging_mixin.py:150} INFO - [2024-02-04T06:22:43.533+0000] {dagbag.py:541} INFO - Filling up the DagBag from /usr/local/python/3.10.13/lib/python3.10/site-packages/airflow/example_dags/example_xcomargs.py
[2024-02-04T06:22:43.539+0000] {processor.py:836} INFO - DAG(s) dict_keys(['example_xcom_args_with_operators', 'example_xcom_args']) retrieved from /usr/local/python/3.10.13/lib/python3.10/site-packages/airflow/example_dags/example_xcomargs.py
[2024-02-04T06:22:43.556+0000] {logging_mixin.py:150} INFO - [2024-02-04T06:22:43.556+0000] {dag.py:2742} INFO - Sync 2 DAGs
[2024-02-04T06:22:43.575+0000] {logging_mixin.py:150} INFO - [2024-02-04T06:22:43.575+0000] {dag.py:3504} INFO - Setting next_dagrun for example_xcom_args to None, run_after=None
[2024-02-04T06:22:43.577+0000] {logging_mixin.py:150} INFO - [2024-02-04T06:22:43.577+0000] {dag.py:3504} INFO - Setting next_dagrun for example_xcom_args_with_operators to None, run_after=None
[2024-02-04T06:22:43.623+0000] {processor.py:179} INFO - Processing /usr/local/python/3.10.13/lib/python3.10/site-packages/airflow/example_dags/example_xcomargs.py took 0.093 seconds
[2024-02-04T06:23:28.492+0000] {processor.py:157} INFO - Started process (PID=12660) to work on /usr/local/python/3.10.13/lib/python3.10/site-packages/airflow/example_dags/example_xcomargs.py
[2024-02-04T06:23:28.492+0000] {processor.py:826} INFO - Processing file /usr/local/python/3.10.13/lib/python3.10/site-packages/airflow/example_dags/example_xcomargs.py for tasks to queue
[2024-02-04T06:23:28.493+0000] {logging_mixin.py:150} INFO - [2024-02-04T06:23:28.493+0000] {dagbag.py:541} INFO - Filling up the DagBag from /usr/local/python/3.10.13/lib/python3.10/site-packages/airflow/example_dags/example_xcomargs.py
[2024-02-04T06:23:28.500+0000] {processor.py:836} INFO - DAG(s) dict_keys(['example_xcom_args', 'example_xcom_args_with_operators']) retrieved from /usr/local/python/3.10.13/lib/python3.10/site-packages/airflow/example_dags/example_xcomargs.py
[2024-02-04T06:23:28.517+0000] {logging_mixin.py:150} INFO - [2024-02-04T06:23:28.517+0000] {dag.py:2742} INFO - Sync 2 DAGs
[2024-02-04T06:23:28.535+0000] {logging_mixin.py:150} INFO - [2024-02-04T06:23:28.534+0000] {dag.py:3504} INFO - Setting next_dagrun for example_xcom_args to None, run_after=None
[2024-02-04T06:23:28.537+0000] {logging_mixin.py:150} INFO - [2024-02-04T06:23:28.537+0000] {dag.py:3504} INFO - Setting next_dagrun for example_xcom_args_with_operators to None, run_after=None
[2024-02-04T06:23:28.581+0000] {processor.py:179} INFO - Processing /usr/local/python/3.10.13/lib/python3.10/site-packages/airflow/example_dags/example_xcomargs.py took 0.092 seconds
[2024-02-04T06:24:01.876+0000] {processor.py:157} INFO - Started process (PID=13073) to work on /usr/local/python/3.10.13/lib/python3.10/site-packages/airflow/example_dags/example_xcomargs.py
[2024-02-04T06:24:01.877+0000] {processor.py:826} INFO - Processing file /usr/local/python/3.10.13/lib/python3.10/site-packages/airflow/example_dags/example_xcomargs.py for tasks to queue
[2024-02-04T06:24:01.878+0000] {logging_mixin.py:150} INFO - [2024-02-04T06:24:01.877+0000] {dagbag.py:541} INFO - Filling up the DagBag from /usr/local/python/3.10.13/lib/python3.10/site-packages/airflow/example_dags/example_xcomargs.py
[2024-02-04T06:24:01.886+0000] {processor.py:836} INFO - DAG(s) dict_keys(['example_xcom_args', 'example_xcom_args_with_operators']) retrieved from /usr/local/python/3.10.13/lib/python3.10/site-packages/airflow/example_dags/example_xcomargs.py
[2024-02-04T06:24:01.902+0000] {logging_mixin.py:150} INFO - [2024-02-04T06:24:01.902+0000] {dag.py:2742} INFO - Sync 2 DAGs
[2024-02-04T06:24:01.918+0000] {logging_mixin.py:150} INFO - [2024-02-04T06:24:01.918+0000] {dag.py:3504} INFO - Setting next_dagrun for example_xcom_args to None, run_after=None
[2024-02-04T06:24:01.921+0000] {logging_mixin.py:150} INFO - [2024-02-04T06:24:01.920+0000] {dag.py:3504} INFO - Setting next_dagrun for example_xcom_args_with_operators to None, run_after=None
[2024-02-04T06:24:01.961+0000] {processor.py:179} INFO - Processing /usr/local/python/3.10.13/lib/python3.10/site-packages/airflow/example_dags/example_xcomargs.py took 0.087 seconds
[2024-02-04T06:24:33.086+0000] {processor.py:157} INFO - Started process (PID=13395) to work on /usr/local/python/3.10.13/lib/python3.10/site-packages/airflow/example_dags/example_xcomargs.py
[2024-02-04T06:24:33.087+0000] {processor.py:826} INFO - Processing file /usr/local/python/3.10.13/lib/python3.10/site-packages/airflow/example_dags/example_xcomargs.py for tasks to queue
[2024-02-04T06:24:33.088+0000] {logging_mixin.py:150} INFO - [2024-02-04T06:24:33.088+0000] {dagbag.py:541} INFO - Filling up the DagBag from /usr/local/python/3.10.13/lib/python3.10/site-packages/airflow/example_dags/example_xcomargs.py
[2024-02-04T06:24:33.099+0000] {processor.py:836} INFO - DAG(s) dict_keys(['example_xcom_args_with_operators', 'example_xcom_args']) retrieved from /usr/local/python/3.10.13/lib/python3.10/site-packages/airflow/example_dags/example_xcomargs.py
[2024-02-04T06:24:33.123+0000] {logging_mixin.py:150} INFO - [2024-02-04T06:24:33.123+0000] {dag.py:2742} INFO - Sync 2 DAGs
[2024-02-04T06:24:33.153+0000] {logging_mixin.py:150} INFO - [2024-02-04T06:24:33.153+0000] {dag.py:3504} INFO - Setting next_dagrun for example_xcom_args to None, run_after=None
[2024-02-04T06:24:33.159+0000] {logging_mixin.py:150} INFO - [2024-02-04T06:24:33.158+0000] {dag.py:3504} INFO - Setting next_dagrun for example_xcom_args_with_operators to None, run_after=None
[2024-02-04T06:24:33.204+0000] {processor.py:179} INFO - Processing /usr/local/python/3.10.13/lib/python3.10/site-packages/airflow/example_dags/example_xcomargs.py took 0.121 seconds
[2024-02-04T06:25:07.623+0000] {processor.py:157} INFO - Started process (PID=13749) to work on /usr/local/python/3.10.13/lib/python3.10/site-packages/airflow/example_dags/example_xcomargs.py
[2024-02-04T06:25:07.624+0000] {processor.py:826} INFO - Processing file /usr/local/python/3.10.13/lib/python3.10/site-packages/airflow/example_dags/example_xcomargs.py for tasks to queue
[2024-02-04T06:25:07.624+0000] {logging_mixin.py:150} INFO - [2024-02-04T06:25:07.624+0000] {dagbag.py:541} INFO - Filling up the DagBag from /usr/local/python/3.10.13/lib/python3.10/site-packages/airflow/example_dags/example_xcomargs.py
[2024-02-04T06:25:07.631+0000] {processor.py:836} INFO - DAG(s) dict_keys(['example_xcom_args_with_operators', 'example_xcom_args']) retrieved from /usr/local/python/3.10.13/lib/python3.10/site-packages/airflow/example_dags/example_xcomargs.py
[2024-02-04T06:25:07.647+0000] {logging_mixin.py:150} INFO - [2024-02-04T06:25:07.646+0000] {dag.py:2742} INFO - Sync 2 DAGs
[2024-02-04T06:25:07.664+0000] {logging_mixin.py:150} INFO - [2024-02-04T06:25:07.664+0000] {dag.py:3504} INFO - Setting next_dagrun for example_xcom_args to None, run_after=None
[2024-02-04T06:25:07.667+0000] {logging_mixin.py:150} INFO - [2024-02-04T06:25:07.667+0000] {dag.py:3504} INFO - Setting next_dagrun for example_xcom_args_with_operators to None, run_after=None
[2024-02-04T06:25:07.720+0000] {processor.py:179} INFO - Processing /usr/local/python/3.10.13/lib/python3.10/site-packages/airflow/example_dags/example_xcomargs.py took 0.099 seconds
