[2024-02-04T06:17:21.201+0000] {processor.py:157} INFO - Started process (PID=8677) to work on /usr/local/python/3.10.13/lib/python3.10/site-packages/airflow/example_dags/example_skip_dag.py
[2024-02-04T06:17:21.202+0000] {processor.py:826} INFO - Processing file /usr/local/python/3.10.13/lib/python3.10/site-packages/airflow/example_dags/example_skip_dag.py for tasks to queue
[2024-02-04T06:17:21.202+0000] {logging_mixin.py:150} INFO - [2024-02-04T06:17:21.202+0000] {dagbag.py:541} INFO - Filling up the DagBag from /usr/local/python/3.10.13/lib/python3.10/site-packages/airflow/example_dags/example_skip_dag.py
[2024-02-04T06:17:21.210+0000] {processor.py:836} INFO - DAG(s) dict_keys(['example_skip_dag']) retrieved from /usr/local/python/3.10.13/lib/python3.10/site-packages/airflow/example_dags/example_skip_dag.py
[2024-02-04T06:17:21.349+0000] {logging_mixin.py:150} INFO - [2024-02-04T06:17:21.349+0000] {manager.py:504} INFO - Created Permission View: can edit on DAG:example_skip_dag
[2024-02-04T06:17:21.384+0000] {logging_mixin.py:150} INFO - [2024-02-04T06:17:21.384+0000] {manager.py:504} INFO - Created Permission View: can read on DAG:example_skip_dag
[2024-02-04T06:17:21.417+0000] {logging_mixin.py:150} INFO - [2024-02-04T06:17:21.417+0000] {manager.py:504} INFO - Created Permission View: can delete on DAG:example_skip_dag
[2024-02-04T06:17:21.427+0000] {logging_mixin.py:150} INFO - [2024-02-04T06:17:21.427+0000] {dag.py:2742} INFO - Sync 1 DAGs
[2024-02-04T06:17:21.435+0000] {logging_mixin.py:150} INFO - [2024-02-04T06:17:21.435+0000] {dag.py:2763} INFO - Creating ORM DAG for example_skip_dag
[2024-02-04T06:17:21.443+0000] {logging_mixin.py:150} INFO - [2024-02-04T06:17:21.443+0000] {dag.py:3504} INFO - Setting next_dagrun for example_skip_dag to 2024-02-03T06:17:21.443129+00:00, run_after=2024-02-04T06:17:21.443129+00:00
[2024-02-04T06:17:21.501+0000] {processor.py:179} INFO - Processing /usr/local/python/3.10.13/lib/python3.10/site-packages/airflow/example_dags/example_skip_dag.py took 0.302 seconds
[2024-02-04T06:18:15.622+0000] {processor.py:157} INFO - Started process (PID=9201) to work on /usr/local/python/3.10.13/lib/python3.10/site-packages/airflow/example_dags/example_skip_dag.py
[2024-02-04T06:18:15.622+0000] {processor.py:826} INFO - Processing file /usr/local/python/3.10.13/lib/python3.10/site-packages/airflow/example_dags/example_skip_dag.py for tasks to queue
[2024-02-04T06:18:15.623+0000] {logging_mixin.py:150} INFO - [2024-02-04T06:18:15.623+0000] {dagbag.py:541} INFO - Filling up the DagBag from /usr/local/python/3.10.13/lib/python3.10/site-packages/airflow/example_dags/example_skip_dag.py
[2024-02-04T06:18:15.629+0000] {processor.py:836} INFO - DAG(s) dict_keys(['example_skip_dag']) retrieved from /usr/local/python/3.10.13/lib/python3.10/site-packages/airflow/example_dags/example_skip_dag.py
[2024-02-04T06:18:15.642+0000] {logging_mixin.py:150} INFO - [2024-02-04T06:18:15.642+0000] {dag.py:2742} INFO - Sync 1 DAGs
[2024-02-04T06:18:15.660+0000] {logging_mixin.py:150} INFO - [2024-02-04T06:18:15.660+0000] {dag.py:3504} INFO - Setting next_dagrun for example_skip_dag to 2024-02-03T06:18:15.660297+00:00, run_after=2024-02-04T06:18:15.660297+00:00
[2024-02-04T06:18:15.707+0000] {processor.py:179} INFO - Processing /usr/local/python/3.10.13/lib/python3.10/site-packages/airflow/example_dags/example_skip_dag.py took 0.088 seconds
[2024-02-04T06:19:02.485+0000] {processor.py:157} INFO - Started process (PID=9698) to work on /usr/local/python/3.10.13/lib/python3.10/site-packages/airflow/example_dags/example_skip_dag.py
[2024-02-04T06:19:02.485+0000] {processor.py:826} INFO - Processing file /usr/local/python/3.10.13/lib/python3.10/site-packages/airflow/example_dags/example_skip_dag.py for tasks to queue
[2024-02-04T06:19:02.486+0000] {logging_mixin.py:150} INFO - [2024-02-04T06:19:02.486+0000] {dagbag.py:541} INFO - Filling up the DagBag from /usr/local/python/3.10.13/lib/python3.10/site-packages/airflow/example_dags/example_skip_dag.py
[2024-02-04T06:19:02.492+0000] {processor.py:836} INFO - DAG(s) dict_keys(['example_skip_dag']) retrieved from /usr/local/python/3.10.13/lib/python3.10/site-packages/airflow/example_dags/example_skip_dag.py
[2024-02-04T06:19:02.510+0000] {logging_mixin.py:150} INFO - [2024-02-04T06:19:02.510+0000] {dag.py:2742} INFO - Sync 1 DAGs
[2024-02-04T06:19:02.529+0000] {logging_mixin.py:150} INFO - [2024-02-04T06:19:02.528+0000] {dag.py:3504} INFO - Setting next_dagrun for example_skip_dag to 2024-02-03T06:19:02.528519+00:00, run_after=2024-02-04T06:19:02.528519+00:00
[2024-02-04T06:19:02.573+0000] {processor.py:179} INFO - Processing /usr/local/python/3.10.13/lib/python3.10/site-packages/airflow/example_dags/example_skip_dag.py took 0.091 seconds
[2024-02-04T06:19:54.445+0000] {processor.py:157} INFO - Started process (PID=10217) to work on /usr/local/python/3.10.13/lib/python3.10/site-packages/airflow/example_dags/example_skip_dag.py
[2024-02-04T06:19:54.446+0000] {processor.py:826} INFO - Processing file /usr/local/python/3.10.13/lib/python3.10/site-packages/airflow/example_dags/example_skip_dag.py for tasks to queue
[2024-02-04T06:19:54.447+0000] {logging_mixin.py:150} INFO - [2024-02-04T06:19:54.446+0000] {dagbag.py:541} INFO - Filling up the DagBag from /usr/local/python/3.10.13/lib/python3.10/site-packages/airflow/example_dags/example_skip_dag.py
[2024-02-04T06:19:54.453+0000] {processor.py:836} INFO - DAG(s) dict_keys(['example_skip_dag']) retrieved from /usr/local/python/3.10.13/lib/python3.10/site-packages/airflow/example_dags/example_skip_dag.py
[2024-02-04T06:19:54.466+0000] {logging_mixin.py:150} INFO - [2024-02-04T06:19:54.466+0000] {dag.py:2742} INFO - Sync 1 DAGs
[2024-02-04T06:19:54.482+0000] {logging_mixin.py:150} INFO - [2024-02-04T06:19:54.481+0000] {dag.py:3504} INFO - Setting next_dagrun for example_skip_dag to 2024-02-03T06:19:54.481805+00:00, run_after=2024-02-04T06:19:54.481805+00:00
[2024-02-04T06:19:54.527+0000] {processor.py:179} INFO - Processing /usr/local/python/3.10.13/lib/python3.10/site-packages/airflow/example_dags/example_skip_dag.py took 0.084 seconds
[2024-02-04T06:20:48.107+0000] {processor.py:157} INFO - Started process (PID=10749) to work on /usr/local/python/3.10.13/lib/python3.10/site-packages/airflow/example_dags/example_skip_dag.py
[2024-02-04T06:20:48.108+0000] {processor.py:826} INFO - Processing file /usr/local/python/3.10.13/lib/python3.10/site-packages/airflow/example_dags/example_skip_dag.py for tasks to queue
[2024-02-04T06:20:48.109+0000] {logging_mixin.py:150} INFO - [2024-02-04T06:20:48.109+0000] {dagbag.py:541} INFO - Filling up the DagBag from /usr/local/python/3.10.13/lib/python3.10/site-packages/airflow/example_dags/example_skip_dag.py
[2024-02-04T06:20:48.116+0000] {processor.py:836} INFO - DAG(s) dict_keys(['example_skip_dag']) retrieved from /usr/local/python/3.10.13/lib/python3.10/site-packages/airflow/example_dags/example_skip_dag.py
[2024-02-04T06:20:48.132+0000] {logging_mixin.py:150} INFO - [2024-02-04T06:20:48.132+0000] {dag.py:2742} INFO - Sync 1 DAGs
[2024-02-04T06:20:48.152+0000] {logging_mixin.py:150} INFO - [2024-02-04T06:20:48.152+0000] {dag.py:3504} INFO - Setting next_dagrun for example_skip_dag to 2024-02-03T06:20:48.152423+00:00, run_after=2024-02-04T06:20:48.152423+00:00
[2024-02-04T06:20:48.202+0000] {processor.py:179} INFO - Processing /usr/local/python/3.10.13/lib/python3.10/site-packages/airflow/example_dags/example_skip_dag.py took 0.098 seconds
[2024-02-04T06:21:38.792+0000] {processor.py:157} INFO - Started process (PID=11328) to work on /usr/local/python/3.10.13/lib/python3.10/site-packages/airflow/example_dags/example_skip_dag.py
[2024-02-04T06:21:38.793+0000] {processor.py:826} INFO - Processing file /usr/local/python/3.10.13/lib/python3.10/site-packages/airflow/example_dags/example_skip_dag.py for tasks to queue
[2024-02-04T06:21:38.794+0000] {logging_mixin.py:150} INFO - [2024-02-04T06:21:38.794+0000] {dagbag.py:541} INFO - Filling up the DagBag from /usr/local/python/3.10.13/lib/python3.10/site-packages/airflow/example_dags/example_skip_dag.py
[2024-02-04T06:21:38.802+0000] {processor.py:836} INFO - DAG(s) dict_keys(['example_skip_dag']) retrieved from /usr/local/python/3.10.13/lib/python3.10/site-packages/airflow/example_dags/example_skip_dag.py
[2024-02-04T06:21:38.821+0000] {logging_mixin.py:150} INFO - [2024-02-04T06:21:38.821+0000] {dag.py:2742} INFO - Sync 1 DAGs
[2024-02-04T06:21:38.845+0000] {logging_mixin.py:150} INFO - [2024-02-04T06:21:38.845+0000] {dag.py:3504} INFO - Setting next_dagrun for example_skip_dag to 2024-02-03T06:21:38.845035+00:00, run_after=2024-02-04T06:21:38.845035+00:00
[2024-02-04T06:21:38.908+0000] {processor.py:179} INFO - Processing /usr/local/python/3.10.13/lib/python3.10/site-packages/airflow/example_dags/example_skip_dag.py took 0.119 seconds
[2024-02-04T06:22:30.709+0000] {processor.py:157} INFO - Started process (PID=11917) to work on /usr/local/python/3.10.13/lib/python3.10/site-packages/airflow/example_dags/example_skip_dag.py
[2024-02-04T06:22:30.709+0000] {processor.py:826} INFO - Processing file /usr/local/python/3.10.13/lib/python3.10/site-packages/airflow/example_dags/example_skip_dag.py for tasks to queue
[2024-02-04T06:22:30.710+0000] {logging_mixin.py:150} INFO - [2024-02-04T06:22:30.710+0000] {dagbag.py:541} INFO - Filling up the DagBag from /usr/local/python/3.10.13/lib/python3.10/site-packages/airflow/example_dags/example_skip_dag.py
[2024-02-04T06:22:30.716+0000] {processor.py:836} INFO - DAG(s) dict_keys(['example_skip_dag']) retrieved from /usr/local/python/3.10.13/lib/python3.10/site-packages/airflow/example_dags/example_skip_dag.py
[2024-02-04T06:22:30.730+0000] {logging_mixin.py:150} INFO - [2024-02-04T06:22:30.730+0000] {dag.py:2742} INFO - Sync 1 DAGs
[2024-02-04T06:22:30.746+0000] {logging_mixin.py:150} INFO - [2024-02-04T06:22:30.746+0000] {dag.py:3504} INFO - Setting next_dagrun for example_skip_dag to 2024-02-03T06:22:30.746521+00:00, run_after=2024-02-04T06:22:30.746521+00:00
[2024-02-04T06:22:30.793+0000] {processor.py:179} INFO - Processing /usr/local/python/3.10.13/lib/python3.10/site-packages/airflow/example_dags/example_skip_dag.py took 0.087 seconds
[2024-02-04T06:23:16.342+0000] {processor.py:157} INFO - Started process (PID=12539) to work on /usr/local/python/3.10.13/lib/python3.10/site-packages/airflow/example_dags/example_skip_dag.py
[2024-02-04T06:23:16.342+0000] {processor.py:826} INFO - Processing file /usr/local/python/3.10.13/lib/python3.10/site-packages/airflow/example_dags/example_skip_dag.py for tasks to queue
[2024-02-04T06:23:16.343+0000] {logging_mixin.py:150} INFO - [2024-02-04T06:23:16.343+0000] {dagbag.py:541} INFO - Filling up the DagBag from /usr/local/python/3.10.13/lib/python3.10/site-packages/airflow/example_dags/example_skip_dag.py
[2024-02-04T06:23:16.349+0000] {processor.py:836} INFO - DAG(s) dict_keys(['example_skip_dag']) retrieved from /usr/local/python/3.10.13/lib/python3.10/site-packages/airflow/example_dags/example_skip_dag.py
[2024-02-04T06:23:16.363+0000] {logging_mixin.py:150} INFO - [2024-02-04T06:23:16.363+0000] {dag.py:2742} INFO - Sync 1 DAGs
[2024-02-04T06:23:16.380+0000] {logging_mixin.py:150} INFO - [2024-02-04T06:23:16.380+0000] {dag.py:3504} INFO - Setting next_dagrun for example_skip_dag to 2024-02-03T06:23:16.380192+00:00, run_after=2024-02-04T06:23:16.380192+00:00
[2024-02-04T06:23:16.438+0000] {processor.py:179} INFO - Processing /usr/local/python/3.10.13/lib/python3.10/site-packages/airflow/example_dags/example_skip_dag.py took 0.099 seconds
[2024-02-04T06:24:05.370+0000] {processor.py:157} INFO - Started process (PID=13098) to work on /usr/local/python/3.10.13/lib/python3.10/site-packages/airflow/example_dags/example_skip_dag.py
[2024-02-04T06:24:05.371+0000] {processor.py:826} INFO - Processing file /usr/local/python/3.10.13/lib/python3.10/site-packages/airflow/example_dags/example_skip_dag.py for tasks to queue
[2024-02-04T06:24:05.372+0000] {logging_mixin.py:150} INFO - [2024-02-04T06:24:05.371+0000] {dagbag.py:541} INFO - Filling up the DagBag from /usr/local/python/3.10.13/lib/python3.10/site-packages/airflow/example_dags/example_skip_dag.py
[2024-02-04T06:24:05.378+0000] {processor.py:836} INFO - DAG(s) dict_keys(['example_skip_dag']) retrieved from /usr/local/python/3.10.13/lib/python3.10/site-packages/airflow/example_dags/example_skip_dag.py
[2024-02-04T06:24:05.391+0000] {logging_mixin.py:150} INFO - [2024-02-04T06:24:05.391+0000] {dag.py:2742} INFO - Sync 1 DAGs
[2024-02-04T06:24:05.408+0000] {logging_mixin.py:150} INFO - [2024-02-04T06:24:05.408+0000] {dag.py:3504} INFO - Setting next_dagrun for example_skip_dag to 2024-02-03T06:24:05.408162+00:00, run_after=2024-02-04T06:24:05.408162+00:00
[2024-02-04T06:24:05.456+0000] {processor.py:179} INFO - Processing /usr/local/python/3.10.13/lib/python3.10/site-packages/airflow/example_dags/example_skip_dag.py took 0.089 seconds
[2024-02-04T06:24:53.890+0000] {processor.py:157} INFO - Started process (PID=13603) to work on /usr/local/python/3.10.13/lib/python3.10/site-packages/airflow/example_dags/example_skip_dag.py
[2024-02-04T06:24:53.891+0000] {processor.py:826} INFO - Processing file /usr/local/python/3.10.13/lib/python3.10/site-packages/airflow/example_dags/example_skip_dag.py for tasks to queue
[2024-02-04T06:24:53.891+0000] {logging_mixin.py:150} INFO - [2024-02-04T06:24:53.891+0000] {dagbag.py:541} INFO - Filling up the DagBag from /usr/local/python/3.10.13/lib/python3.10/site-packages/airflow/example_dags/example_skip_dag.py
[2024-02-04T06:24:53.897+0000] {processor.py:836} INFO - DAG(s) dict_keys(['example_skip_dag']) retrieved from /usr/local/python/3.10.13/lib/python3.10/site-packages/airflow/example_dags/example_skip_dag.py
[2024-02-04T06:24:53.914+0000] {logging_mixin.py:150} INFO - [2024-02-04T06:24:53.913+0000] {dag.py:2742} INFO - Sync 1 DAGs
[2024-02-04T06:24:53.930+0000] {logging_mixin.py:150} INFO - [2024-02-04T06:24:53.930+0000] {dag.py:3504} INFO - Setting next_dagrun for example_skip_dag to 2024-02-03T06:24:53.930191+00:00, run_after=2024-02-04T06:24:53.930191+00:00
[2024-02-04T06:24:53.975+0000] {processor.py:179} INFO - Processing /usr/local/python/3.10.13/lib/python3.10/site-packages/airflow/example_dags/example_skip_dag.py took 0.087 seconds
