[2024-02-04T06:17:48.829+0000] {processor.py:157} INFO - Started process (PID=8949) to work on /usr/local/python/3.10.13/lib/python3.10/site-packages/airflow/example_dags/example_datasets.py
[2024-02-04T06:17:48.830+0000] {processor.py:826} INFO - Processing file /usr/local/python/3.10.13/lib/python3.10/site-packages/airflow/example_dags/example_datasets.py for tasks to queue
[2024-02-04T06:17:48.830+0000] {logging_mixin.py:150} INFO - [2024-02-04T06:17:48.830+0000] {dagbag.py:541} INFO - Filling up the DagBag from /usr/local/python/3.10.13/lib/python3.10/site-packages/airflow/example_dags/example_datasets.py
[2024-02-04T06:17:48.838+0000] {processor.py:836} INFO - DAG(s) dict_keys(['dataset_consumes_1_and_2', 'dataset_produces_1', 'dataset_consumes_unknown_never_scheduled', 'dataset_produces_2', 'dataset_consumes_1', 'dataset_consumes_1_never_scheduled']) retrieved from /usr/local/python/3.10.13/lib/python3.10/site-packages/airflow/example_dags/example_datasets.py
[2024-02-04T06:17:48.990+0000] {logging_mixin.py:150} INFO - [2024-02-04T06:17:48.989+0000] {manager.py:504} INFO - Created Permission View: can edit on DAG:dataset_consumes_1_and_2
[2024-02-04T06:17:49.030+0000] {logging_mixin.py:150} INFO - [2024-02-04T06:17:49.029+0000] {manager.py:504} INFO - Created Permission View: can read on DAG:dataset_consumes_1_and_2
[2024-02-04T06:17:49.065+0000] {logging_mixin.py:150} INFO - [2024-02-04T06:17:49.064+0000] {manager.py:504} INFO - Created Permission View: can delete on DAG:dataset_consumes_1_and_2
[2024-02-04T06:17:49.164+0000] {logging_mixin.py:150} INFO - [2024-02-04T06:17:49.163+0000] {manager.py:504} INFO - Created Permission View: can edit on DAG:dataset_produces_1
[2024-02-04T06:17:49.199+0000] {logging_mixin.py:150} INFO - [2024-02-04T06:17:49.199+0000] {manager.py:504} INFO - Created Permission View: can read on DAG:dataset_produces_1
[2024-02-04T06:17:49.258+0000] {logging_mixin.py:150} INFO - [2024-02-04T06:17:49.258+0000] {manager.py:504} INFO - Created Permission View: can delete on DAG:dataset_produces_1
[2024-02-04T06:17:49.333+0000] {logging_mixin.py:150} INFO - [2024-02-04T06:17:49.332+0000] {manager.py:504} INFO - Created Permission View: can edit on DAG:dataset_consumes_unknown_never_scheduled
[2024-02-04T06:17:49.398+0000] {logging_mixin.py:150} INFO - [2024-02-04T06:17:49.398+0000] {manager.py:504} INFO - Created Permission View: can read on DAG:dataset_consumes_unknown_never_scheduled
[2024-02-04T06:17:49.432+0000] {logging_mixin.py:150} INFO - [2024-02-04T06:17:49.431+0000] {manager.py:504} INFO - Created Permission View: can delete on DAG:dataset_consumes_unknown_never_scheduled
[2024-02-04T06:17:49.510+0000] {logging_mixin.py:150} INFO - [2024-02-04T06:17:49.510+0000] {manager.py:504} INFO - Created Permission View: can edit on DAG:dataset_produces_2
[2024-02-04T06:17:49.543+0000] {logging_mixin.py:150} INFO - [2024-02-04T06:17:49.543+0000] {manager.py:504} INFO - Created Permission View: can read on DAG:dataset_produces_2
[2024-02-04T06:17:49.576+0000] {logging_mixin.py:150} INFO - [2024-02-04T06:17:49.576+0000] {manager.py:504} INFO - Created Permission View: can delete on DAG:dataset_produces_2
[2024-02-04T06:17:49.655+0000] {logging_mixin.py:150} INFO - [2024-02-04T06:17:49.654+0000] {manager.py:504} INFO - Created Permission View: can edit on DAG:dataset_consumes_1
[2024-02-04T06:17:49.688+0000] {logging_mixin.py:150} INFO - [2024-02-04T06:17:49.688+0000] {manager.py:504} INFO - Created Permission View: can read on DAG:dataset_consumes_1
[2024-02-04T06:17:49.778+0000] {logging_mixin.py:150} INFO - [2024-02-04T06:17:49.778+0000] {manager.py:504} INFO - Created Permission View: can delete on DAG:dataset_consumes_1
[2024-02-04T06:17:49.875+0000] {logging_mixin.py:150} INFO - [2024-02-04T06:17:49.875+0000] {manager.py:504} INFO - Created Permission View: can edit on DAG:dataset_consumes_1_never_scheduled
[2024-02-04T06:17:49.910+0000] {logging_mixin.py:150} INFO - [2024-02-04T06:17:49.910+0000] {manager.py:504} INFO - Created Permission View: can read on DAG:dataset_consumes_1_never_scheduled
[2024-02-04T06:17:49.944+0000] {logging_mixin.py:150} INFO - [2024-02-04T06:17:49.944+0000] {manager.py:504} INFO - Created Permission View: can delete on DAG:dataset_consumes_1_never_scheduled
[2024-02-04T06:17:49.948+0000] {logging_mixin.py:150} INFO - [2024-02-04T06:17:49.948+0000] {dag.py:2742} INFO - Sync 6 DAGs
[2024-02-04T06:17:49.957+0000] {logging_mixin.py:150} INFO - [2024-02-04T06:17:49.957+0000] {dag.py:2763} INFO - Creating ORM DAG for dataset_consumes_1_never_scheduled
[2024-02-04T06:17:49.958+0000] {logging_mixin.py:150} INFO - [2024-02-04T06:17:49.958+0000] {dag.py:2763} INFO - Creating ORM DAG for dataset_consumes_1
[2024-02-04T06:17:49.959+0000] {logging_mixin.py:150} INFO - [2024-02-04T06:17:49.959+0000] {dag.py:2763} INFO - Creating ORM DAG for dataset_produces_2
[2024-02-04T06:17:49.959+0000] {logging_mixin.py:150} INFO - [2024-02-04T06:17:49.959+0000] {dag.py:2763} INFO - Creating ORM DAG for dataset_consumes_unknown_never_scheduled
[2024-02-04T06:17:49.960+0000] {logging_mixin.py:150} INFO - [2024-02-04T06:17:49.960+0000] {dag.py:2763} INFO - Creating ORM DAG for dataset_consumes_1_and_2
[2024-02-04T06:17:49.960+0000] {logging_mixin.py:150} INFO - [2024-02-04T06:17:49.960+0000] {dag.py:2763} INFO - Creating ORM DAG for dataset_produces_1
[2024-02-04T06:17:50.008+0000] {logging_mixin.py:150} INFO - [2024-02-04T06:17:50.008+0000] {dag.py:3504} INFO - Setting next_dagrun for dataset_consumes_1 to None, run_after=None
[2024-02-04T06:17:50.010+0000] {logging_mixin.py:150} INFO - [2024-02-04T06:17:50.010+0000] {dag.py:3504} INFO - Setting next_dagrun for dataset_consumes_1_and_2 to None, run_after=None
[2024-02-04T06:17:50.012+0000] {logging_mixin.py:150} INFO - [2024-02-04T06:17:50.012+0000] {dag.py:3504} INFO - Setting next_dagrun for dataset_consumes_1_never_scheduled to None, run_after=None
[2024-02-04T06:17:50.014+0000] {logging_mixin.py:150} INFO - [2024-02-04T06:17:50.014+0000] {dag.py:3504} INFO - Setting next_dagrun for dataset_consumes_unknown_never_scheduled to None, run_after=None
[2024-02-04T06:17:50.018+0000] {logging_mixin.py:150} INFO - [2024-02-04T06:17:50.017+0000] {dag.py:3504} INFO - Setting next_dagrun for dataset_produces_1 to 2024-02-03T00:00:00+00:00, run_after=2024-02-04T00:00:00+00:00
[2024-02-04T06:17:50.023+0000] {logging_mixin.py:150} INFO - [2024-02-04T06:17:50.022+0000] {dag.py:3504} INFO - Setting next_dagrun for dataset_produces_2 to None, run_after=None
[2024-02-04T06:17:50.177+0000] {processor.py:179} INFO - Processing /usr/local/python/3.10.13/lib/python3.10/site-packages/airflow/example_dags/example_datasets.py took 1.350 seconds
[2024-02-04T06:18:50.313+0000] {processor.py:157} INFO - Started process (PID=9571) to work on /usr/local/python/3.10.13/lib/python3.10/site-packages/airflow/example_dags/example_datasets.py
[2024-02-04T06:18:50.313+0000] {processor.py:826} INFO - Processing file /usr/local/python/3.10.13/lib/python3.10/site-packages/airflow/example_dags/example_datasets.py for tasks to queue
[2024-02-04T06:18:50.314+0000] {logging_mixin.py:150} INFO - [2024-02-04T06:18:50.314+0000] {dagbag.py:541} INFO - Filling up the DagBag from /usr/local/python/3.10.13/lib/python3.10/site-packages/airflow/example_dags/example_datasets.py
[2024-02-04T06:18:50.322+0000] {processor.py:836} INFO - DAG(s) dict_keys(['dataset_consumes_1_never_scheduled', 'dataset_produces_2', 'dataset_consumes_1_and_2', 'dataset_consumes_1', 'dataset_produces_1', 'dataset_consumes_unknown_never_scheduled']) retrieved from /usr/local/python/3.10.13/lib/python3.10/site-packages/airflow/example_dags/example_datasets.py
[2024-02-04T06:18:50.344+0000] {logging_mixin.py:150} INFO - [2024-02-04T06:18:50.344+0000] {dag.py:2742} INFO - Sync 6 DAGs
[2024-02-04T06:18:50.362+0000] {logging_mixin.py:150} INFO - [2024-02-04T06:18:50.362+0000] {dag.py:3504} INFO - Setting next_dagrun for dataset_consumes_1 to None, run_after=None
[2024-02-04T06:18:50.364+0000] {logging_mixin.py:150} INFO - [2024-02-04T06:18:50.364+0000] {dag.py:3504} INFO - Setting next_dagrun for dataset_consumes_1_and_2 to None, run_after=None
[2024-02-04T06:18:50.365+0000] {logging_mixin.py:150} INFO - [2024-02-04T06:18:50.365+0000] {dag.py:3504} INFO - Setting next_dagrun for dataset_consumes_1_never_scheduled to None, run_after=None
[2024-02-04T06:18:50.365+0000] {logging_mixin.py:150} INFO - [2024-02-04T06:18:50.365+0000] {dag.py:3504} INFO - Setting next_dagrun for dataset_consumes_unknown_never_scheduled to None, run_after=None
[2024-02-04T06:18:50.367+0000] {logging_mixin.py:150} INFO - [2024-02-04T06:18:50.367+0000] {dag.py:3504} INFO - Setting next_dagrun for dataset_produces_1 to 2024-02-03T00:00:00+00:00, run_after=2024-02-04T00:00:00+00:00
[2024-02-04T06:18:50.368+0000] {logging_mixin.py:150} INFO - [2024-02-04T06:18:50.368+0000] {dag.py:3504} INFO - Setting next_dagrun for dataset_produces_2 to None, run_after=None
[2024-02-04T06:18:50.424+0000] {processor.py:179} INFO - Processing /usr/local/python/3.10.13/lib/python3.10/site-packages/airflow/example_dags/example_datasets.py took 0.114 seconds
[2024-02-04T06:19:42.178+0000] {processor.py:157} INFO - Started process (PID=10087) to work on /usr/local/python/3.10.13/lib/python3.10/site-packages/airflow/example_dags/example_datasets.py
[2024-02-04T06:19:42.179+0000] {processor.py:826} INFO - Processing file /usr/local/python/3.10.13/lib/python3.10/site-packages/airflow/example_dags/example_datasets.py for tasks to queue
[2024-02-04T06:19:42.179+0000] {logging_mixin.py:150} INFO - [2024-02-04T06:19:42.179+0000] {dagbag.py:541} INFO - Filling up the DagBag from /usr/local/python/3.10.13/lib/python3.10/site-packages/airflow/example_dags/example_datasets.py
[2024-02-04T06:19:42.187+0000] {processor.py:836} INFO - DAG(s) dict_keys(['dataset_consumes_1_and_2', 'dataset_consumes_1_never_scheduled', 'dataset_consumes_unknown_never_scheduled', 'dataset_produces_2', 'dataset_produces_1', 'dataset_consumes_1']) retrieved from /usr/local/python/3.10.13/lib/python3.10/site-packages/airflow/example_dags/example_datasets.py
[2024-02-04T06:19:42.211+0000] {logging_mixin.py:150} INFO - [2024-02-04T06:19:42.210+0000] {dag.py:2742} INFO - Sync 6 DAGs
[2024-02-04T06:19:42.233+0000] {logging_mixin.py:150} INFO - [2024-02-04T06:19:42.233+0000] {dag.py:3504} INFO - Setting next_dagrun for dataset_consumes_1 to None, run_after=None
[2024-02-04T06:19:42.235+0000] {logging_mixin.py:150} INFO - [2024-02-04T06:19:42.235+0000] {dag.py:3504} INFO - Setting next_dagrun for dataset_consumes_1_and_2 to None, run_after=None
[2024-02-04T06:19:42.236+0000] {logging_mixin.py:150} INFO - [2024-02-04T06:19:42.236+0000] {dag.py:3504} INFO - Setting next_dagrun for dataset_consumes_1_never_scheduled to None, run_after=None
[2024-02-04T06:19:42.236+0000] {logging_mixin.py:150} INFO - [2024-02-04T06:19:42.236+0000] {dag.py:3504} INFO - Setting next_dagrun for dataset_consumes_unknown_never_scheduled to None, run_after=None
[2024-02-04T06:19:42.239+0000] {logging_mixin.py:150} INFO - [2024-02-04T06:19:42.239+0000] {dag.py:3504} INFO - Setting next_dagrun for dataset_produces_1 to 2024-02-03T00:00:00+00:00, run_after=2024-02-04T00:00:00+00:00
[2024-02-04T06:19:42.239+0000] {logging_mixin.py:150} INFO - [2024-02-04T06:19:42.239+0000] {dag.py:3504} INFO - Setting next_dagrun for dataset_produces_2 to None, run_after=None
[2024-02-04T06:19:42.294+0000] {processor.py:179} INFO - Processing /usr/local/python/3.10.13/lib/python3.10/site-packages/airflow/example_dags/example_datasets.py took 0.118 seconds
[2024-02-04T06:20:36.707+0000] {processor.py:157} INFO - Started process (PID=10629) to work on /usr/local/python/3.10.13/lib/python3.10/site-packages/airflow/example_dags/example_datasets.py
[2024-02-04T06:20:36.707+0000] {processor.py:826} INFO - Processing file /usr/local/python/3.10.13/lib/python3.10/site-packages/airflow/example_dags/example_datasets.py for tasks to queue
[2024-02-04T06:20:36.708+0000] {logging_mixin.py:150} INFO - [2024-02-04T06:20:36.708+0000] {dagbag.py:541} INFO - Filling up the DagBag from /usr/local/python/3.10.13/lib/python3.10/site-packages/airflow/example_dags/example_datasets.py
[2024-02-04T06:20:36.715+0000] {processor.py:836} INFO - DAG(s) dict_keys(['dataset_consumes_1_never_scheduled', 'dataset_consumes_1', 'dataset_consumes_unknown_never_scheduled', 'dataset_produces_2', 'dataset_produces_1', 'dataset_consumes_1_and_2']) retrieved from /usr/local/python/3.10.13/lib/python3.10/site-packages/airflow/example_dags/example_datasets.py
[2024-02-04T06:20:36.738+0000] {logging_mixin.py:150} INFO - [2024-02-04T06:20:36.737+0000] {dag.py:2742} INFO - Sync 6 DAGs
[2024-02-04T06:20:36.759+0000] {logging_mixin.py:150} INFO - [2024-02-04T06:20:36.759+0000] {dag.py:3504} INFO - Setting next_dagrun for dataset_consumes_1 to None, run_after=None
[2024-02-04T06:20:36.766+0000] {logging_mixin.py:150} INFO - [2024-02-04T06:20:36.766+0000] {dag.py:3504} INFO - Setting next_dagrun for dataset_consumes_1_and_2 to None, run_after=None
[2024-02-04T06:20:36.767+0000] {logging_mixin.py:150} INFO - [2024-02-04T06:20:36.767+0000] {dag.py:3504} INFO - Setting next_dagrun for dataset_consumes_1_never_scheduled to None, run_after=None
[2024-02-04T06:20:36.768+0000] {logging_mixin.py:150} INFO - [2024-02-04T06:20:36.768+0000] {dag.py:3504} INFO - Setting next_dagrun for dataset_consumes_unknown_never_scheduled to None, run_after=None
[2024-02-04T06:20:36.771+0000] {logging_mixin.py:150} INFO - [2024-02-04T06:20:36.771+0000] {dag.py:3504} INFO - Setting next_dagrun for dataset_produces_1 to 2024-02-03T00:00:00+00:00, run_after=2024-02-04T00:00:00+00:00
[2024-02-04T06:20:36.772+0000] {logging_mixin.py:150} INFO - [2024-02-04T06:20:36.772+0000] {dag.py:3504} INFO - Setting next_dagrun for dataset_produces_2 to None, run_after=None
[2024-02-04T06:20:36.838+0000] {processor.py:179} INFO - Processing /usr/local/python/3.10.13/lib/python3.10/site-packages/airflow/example_dags/example_datasets.py took 0.133 seconds
[2024-02-04T06:21:30.673+0000] {processor.py:157} INFO - Started process (PID=11221) to work on /usr/local/python/3.10.13/lib/python3.10/site-packages/airflow/example_dags/example_datasets.py
[2024-02-04T06:21:30.674+0000] {processor.py:826} INFO - Processing file /usr/local/python/3.10.13/lib/python3.10/site-packages/airflow/example_dags/example_datasets.py for tasks to queue
[2024-02-04T06:21:30.674+0000] {logging_mixin.py:150} INFO - [2024-02-04T06:21:30.674+0000] {dagbag.py:541} INFO - Filling up the DagBag from /usr/local/python/3.10.13/lib/python3.10/site-packages/airflow/example_dags/example_datasets.py
[2024-02-04T06:21:30.682+0000] {processor.py:836} INFO - DAG(s) dict_keys(['dataset_produces_2', 'dataset_produces_1', 'dataset_consumes_1_and_2', 'dataset_consumes_unknown_never_scheduled', 'dataset_consumes_1_never_scheduled', 'dataset_consumes_1']) retrieved from /usr/local/python/3.10.13/lib/python3.10/site-packages/airflow/example_dags/example_datasets.py
[2024-02-04T06:21:30.706+0000] {logging_mixin.py:150} INFO - [2024-02-04T06:21:30.706+0000] {dag.py:2742} INFO - Sync 6 DAGs
[2024-02-04T06:21:30.727+0000] {logging_mixin.py:150} INFO - [2024-02-04T06:21:30.727+0000] {dag.py:3504} INFO - Setting next_dagrun for dataset_consumes_1 to None, run_after=None
[2024-02-04T06:21:30.729+0000] {logging_mixin.py:150} INFO - [2024-02-04T06:21:30.729+0000] {dag.py:3504} INFO - Setting next_dagrun for dataset_consumes_1_and_2 to None, run_after=None
[2024-02-04T06:21:30.730+0000] {logging_mixin.py:150} INFO - [2024-02-04T06:21:30.730+0000] {dag.py:3504} INFO - Setting next_dagrun for dataset_consumes_1_never_scheduled to None, run_after=None
[2024-02-04T06:21:30.731+0000] {logging_mixin.py:150} INFO - [2024-02-04T06:21:30.731+0000] {dag.py:3504} INFO - Setting next_dagrun for dataset_consumes_unknown_never_scheduled to None, run_after=None
[2024-02-04T06:21:30.733+0000] {logging_mixin.py:150} INFO - [2024-02-04T06:21:30.733+0000] {dag.py:3504} INFO - Setting next_dagrun for dataset_produces_1 to 2024-02-03T00:00:00+00:00, run_after=2024-02-04T00:00:00+00:00
[2024-02-04T06:21:30.734+0000] {logging_mixin.py:150} INFO - [2024-02-04T06:21:30.734+0000] {dag.py:3504} INFO - Setting next_dagrun for dataset_produces_2 to None, run_after=None
[2024-02-04T06:21:30.814+0000] {processor.py:179} INFO - Processing /usr/local/python/3.10.13/lib/python3.10/site-packages/airflow/example_dags/example_datasets.py took 0.143 seconds
[2024-02-04T06:22:20.386+0000] {processor.py:157} INFO - Started process (PID=11793) to work on /usr/local/python/3.10.13/lib/python3.10/site-packages/airflow/example_dags/example_datasets.py
[2024-02-04T06:22:20.387+0000] {processor.py:826} INFO - Processing file /usr/local/python/3.10.13/lib/python3.10/site-packages/airflow/example_dags/example_datasets.py for tasks to queue
[2024-02-04T06:22:20.388+0000] {logging_mixin.py:150} INFO - [2024-02-04T06:22:20.387+0000] {dagbag.py:541} INFO - Filling up the DagBag from /usr/local/python/3.10.13/lib/python3.10/site-packages/airflow/example_dags/example_datasets.py
[2024-02-04T06:22:20.396+0000] {processor.py:836} INFO - DAG(s) dict_keys(['dataset_consumes_1_and_2', 'dataset_consumes_1_never_scheduled', 'dataset_produces_2', 'dataset_produces_1', 'dataset_consumes_unknown_never_scheduled', 'dataset_consumes_1']) retrieved from /usr/local/python/3.10.13/lib/python3.10/site-packages/airflow/example_dags/example_datasets.py
[2024-02-04T06:22:20.418+0000] {logging_mixin.py:150} INFO - [2024-02-04T06:22:20.418+0000] {dag.py:2742} INFO - Sync 6 DAGs
[2024-02-04T06:22:20.435+0000] {logging_mixin.py:150} INFO - [2024-02-04T06:22:20.434+0000] {dag.py:3504} INFO - Setting next_dagrun for dataset_consumes_1 to None, run_after=None
[2024-02-04T06:22:20.437+0000] {logging_mixin.py:150} INFO - [2024-02-04T06:22:20.437+0000] {dag.py:3504} INFO - Setting next_dagrun for dataset_consumes_1_and_2 to None, run_after=None
[2024-02-04T06:22:20.438+0000] {logging_mixin.py:150} INFO - [2024-02-04T06:22:20.438+0000] {dag.py:3504} INFO - Setting next_dagrun for dataset_consumes_1_never_scheduled to None, run_after=None
[2024-02-04T06:22:20.439+0000] {logging_mixin.py:150} INFO - [2024-02-04T06:22:20.439+0000] {dag.py:3504} INFO - Setting next_dagrun for dataset_consumes_unknown_never_scheduled to None, run_after=None
[2024-02-04T06:22:20.441+0000] {logging_mixin.py:150} INFO - [2024-02-04T06:22:20.441+0000] {dag.py:3504} INFO - Setting next_dagrun for dataset_produces_1 to 2024-02-03T00:00:00+00:00, run_after=2024-02-04T00:00:00+00:00
[2024-02-04T06:22:20.441+0000] {logging_mixin.py:150} INFO - [2024-02-04T06:22:20.441+0000] {dag.py:3504} INFO - Setting next_dagrun for dataset_produces_2 to None, run_after=None
[2024-02-04T06:22:20.493+0000] {processor.py:179} INFO - Processing /usr/local/python/3.10.13/lib/python3.10/site-packages/airflow/example_dags/example_datasets.py took 0.109 seconds
[2024-02-04T06:23:09.362+0000] {processor.py:157} INFO - Started process (PID=12453) to work on /usr/local/python/3.10.13/lib/python3.10/site-packages/airflow/example_dags/example_datasets.py
[2024-02-04T06:23:09.363+0000] {processor.py:826} INFO - Processing file /usr/local/python/3.10.13/lib/python3.10/site-packages/airflow/example_dags/example_datasets.py for tasks to queue
[2024-02-04T06:23:09.364+0000] {logging_mixin.py:150} INFO - [2024-02-04T06:23:09.364+0000] {dagbag.py:541} INFO - Filling up the DagBag from /usr/local/python/3.10.13/lib/python3.10/site-packages/airflow/example_dags/example_datasets.py
[2024-02-04T06:23:09.375+0000] {processor.py:836} INFO - DAG(s) dict_keys(['dataset_produces_2', 'dataset_consumes_1_never_scheduled', 'dataset_consumes_unknown_never_scheduled', 'dataset_produces_1', 'dataset_consumes_1_and_2', 'dataset_consumes_1']) retrieved from /usr/local/python/3.10.13/lib/python3.10/site-packages/airflow/example_dags/example_datasets.py
[2024-02-04T06:23:09.405+0000] {logging_mixin.py:150} INFO - [2024-02-04T06:23:09.405+0000] {dag.py:2742} INFO - Sync 6 DAGs
[2024-02-04T06:23:09.422+0000] {logging_mixin.py:150} INFO - [2024-02-04T06:23:09.422+0000] {dag.py:3504} INFO - Setting next_dagrun for dataset_consumes_1 to None, run_after=None
[2024-02-04T06:23:09.424+0000] {logging_mixin.py:150} INFO - [2024-02-04T06:23:09.424+0000] {dag.py:3504} INFO - Setting next_dagrun for dataset_consumes_1_and_2 to None, run_after=None
[2024-02-04T06:23:09.425+0000] {logging_mixin.py:150} INFO - [2024-02-04T06:23:09.425+0000] {dag.py:3504} INFO - Setting next_dagrun for dataset_consumes_1_never_scheduled to None, run_after=None
[2024-02-04T06:23:09.426+0000] {logging_mixin.py:150} INFO - [2024-02-04T06:23:09.426+0000] {dag.py:3504} INFO - Setting next_dagrun for dataset_consumes_unknown_never_scheduled to None, run_after=None
[2024-02-04T06:23:09.428+0000] {logging_mixin.py:150} INFO - [2024-02-04T06:23:09.428+0000] {dag.py:3504} INFO - Setting next_dagrun for dataset_produces_1 to 2024-02-03T00:00:00+00:00, run_after=2024-02-04T00:00:00+00:00
[2024-02-04T06:23:09.429+0000] {logging_mixin.py:150} INFO - [2024-02-04T06:23:09.429+0000] {dag.py:3504} INFO - Setting next_dagrun for dataset_produces_2 to None, run_after=None
[2024-02-04T06:23:09.487+0000] {processor.py:179} INFO - Processing /usr/local/python/3.10.13/lib/python3.10/site-packages/airflow/example_dags/example_datasets.py took 0.127 seconds
[2024-02-04T06:23:57.895+0000] {processor.py:157} INFO - Started process (PID=13033) to work on /usr/local/python/3.10.13/lib/python3.10/site-packages/airflow/example_dags/example_datasets.py
[2024-02-04T06:23:57.896+0000] {processor.py:826} INFO - Processing file /usr/local/python/3.10.13/lib/python3.10/site-packages/airflow/example_dags/example_datasets.py for tasks to queue
[2024-02-04T06:23:57.896+0000] {logging_mixin.py:150} INFO - [2024-02-04T06:23:57.896+0000] {dagbag.py:541} INFO - Filling up the DagBag from /usr/local/python/3.10.13/lib/python3.10/site-packages/airflow/example_dags/example_datasets.py
[2024-02-04T06:23:57.904+0000] {processor.py:836} INFO - DAG(s) dict_keys(['dataset_consumes_unknown_never_scheduled', 'dataset_consumes_1', 'dataset_produces_1', 'dataset_produces_2', 'dataset_consumes_1_and_2', 'dataset_consumes_1_never_scheduled']) retrieved from /usr/local/python/3.10.13/lib/python3.10/site-packages/airflow/example_dags/example_datasets.py
[2024-02-04T06:23:57.929+0000] {logging_mixin.py:150} INFO - [2024-02-04T06:23:57.929+0000] {dag.py:2742} INFO - Sync 6 DAGs
[2024-02-04T06:23:57.947+0000] {logging_mixin.py:150} INFO - [2024-02-04T06:23:57.946+0000] {dag.py:3504} INFO - Setting next_dagrun for dataset_consumes_1 to None, run_after=None
[2024-02-04T06:23:57.949+0000] {logging_mixin.py:150} INFO - [2024-02-04T06:23:57.949+0000] {dag.py:3504} INFO - Setting next_dagrun for dataset_consumes_1_and_2 to None, run_after=None
[2024-02-04T06:23:57.950+0000] {logging_mixin.py:150} INFO - [2024-02-04T06:23:57.950+0000] {dag.py:3504} INFO - Setting next_dagrun for dataset_consumes_1_never_scheduled to None, run_after=None
[2024-02-04T06:23:57.951+0000] {logging_mixin.py:150} INFO - [2024-02-04T06:23:57.951+0000] {dag.py:3504} INFO - Setting next_dagrun for dataset_consumes_unknown_never_scheduled to None, run_after=None
[2024-02-04T06:23:57.953+0000] {logging_mixin.py:150} INFO - [2024-02-04T06:23:57.953+0000] {dag.py:3504} INFO - Setting next_dagrun for dataset_produces_1 to 2024-02-03T00:00:00+00:00, run_after=2024-02-04T00:00:00+00:00
[2024-02-04T06:23:57.954+0000] {logging_mixin.py:150} INFO - [2024-02-04T06:23:57.954+0000] {dag.py:3504} INFO - Setting next_dagrun for dataset_produces_2 to None, run_after=None
[2024-02-04T06:23:58.018+0000] {processor.py:179} INFO - Processing /usr/local/python/3.10.13/lib/python3.10/site-packages/airflow/example_dags/example_datasets.py took 0.125 seconds
[2024-02-04T06:24:45.965+0000] {processor.py:157} INFO - Started process (PID=13516) to work on /usr/local/python/3.10.13/lib/python3.10/site-packages/airflow/example_dags/example_datasets.py
[2024-02-04T06:24:45.966+0000] {processor.py:826} INFO - Processing file /usr/local/python/3.10.13/lib/python3.10/site-packages/airflow/example_dags/example_datasets.py for tasks to queue
[2024-02-04T06:24:45.966+0000] {logging_mixin.py:150} INFO - [2024-02-04T06:24:45.966+0000] {dagbag.py:541} INFO - Filling up the DagBag from /usr/local/python/3.10.13/lib/python3.10/site-packages/airflow/example_dags/example_datasets.py
[2024-02-04T06:24:45.974+0000] {processor.py:836} INFO - DAG(s) dict_keys(['dataset_consumes_1_and_2', 'dataset_produces_1', 'dataset_consumes_1', 'dataset_consumes_unknown_never_scheduled', 'dataset_produces_2', 'dataset_consumes_1_never_scheduled']) retrieved from /usr/local/python/3.10.13/lib/python3.10/site-packages/airflow/example_dags/example_datasets.py
[2024-02-04T06:24:46.001+0000] {logging_mixin.py:150} INFO - [2024-02-04T06:24:46.001+0000] {dag.py:2742} INFO - Sync 6 DAGs
[2024-02-04T06:24:46.020+0000] {logging_mixin.py:150} INFO - [2024-02-04T06:24:46.020+0000] {dag.py:3504} INFO - Setting next_dagrun for dataset_consumes_1 to None, run_after=None
[2024-02-04T06:24:46.023+0000] {logging_mixin.py:150} INFO - [2024-02-04T06:24:46.022+0000] {dag.py:3504} INFO - Setting next_dagrun for dataset_consumes_1_and_2 to None, run_after=None
[2024-02-04T06:24:46.023+0000] {logging_mixin.py:150} INFO - [2024-02-04T06:24:46.023+0000] {dag.py:3504} INFO - Setting next_dagrun for dataset_consumes_1_never_scheduled to None, run_after=None
[2024-02-04T06:24:46.024+0000] {logging_mixin.py:150} INFO - [2024-02-04T06:24:46.024+0000] {dag.py:3504} INFO - Setting next_dagrun for dataset_consumes_unknown_never_scheduled to None, run_after=None
[2024-02-04T06:24:46.026+0000] {logging_mixin.py:150} INFO - [2024-02-04T06:24:46.026+0000] {dag.py:3504} INFO - Setting next_dagrun for dataset_produces_1 to 2024-02-03T00:00:00+00:00, run_after=2024-02-04T00:00:00+00:00
[2024-02-04T06:24:46.027+0000] {logging_mixin.py:150} INFO - [2024-02-04T06:24:46.027+0000] {dag.py:3504} INFO - Setting next_dagrun for dataset_produces_2 to None, run_after=None
[2024-02-04T06:24:46.080+0000] {processor.py:179} INFO - Processing /usr/local/python/3.10.13/lib/python3.10/site-packages/airflow/example_dags/example_datasets.py took 0.119 seconds
