[2024-02-04T06:17:43.568+0000] {processor.py:157} INFO - Started process (PID=8884) to work on /usr/local/python/3.10.13/lib/python3.10/site-packages/airflow/example_dags/example_branch_datetime_operator.py
[2024-02-04T06:17:43.569+0000] {processor.py:826} INFO - Processing file /usr/local/python/3.10.13/lib/python3.10/site-packages/airflow/example_dags/example_branch_datetime_operator.py for tasks to queue
[2024-02-04T06:17:43.570+0000] {logging_mixin.py:150} INFO - [2024-02-04T06:17:43.569+0000] {dagbag.py:541} INFO - Filling up the DagBag from /usr/local/python/3.10.13/lib/python3.10/site-packages/airflow/example_dags/example_branch_datetime_operator.py
[2024-02-04T06:17:43.578+0000] {processor.py:836} INFO - DAG(s) dict_keys(['example_branch_datetime_operator_3', 'example_branch_datetime_operator', 'example_branch_datetime_operator_2']) retrieved from /usr/local/python/3.10.13/lib/python3.10/site-packages/airflow/example_dags/example_branch_datetime_operator.py
[2024-02-04T06:17:43.849+0000] {logging_mixin.py:150} INFO - [2024-02-04T06:17:43.848+0000] {manager.py:504} INFO - Created Permission View: can edit on DAG:example_branch_datetime_operator_3
[2024-02-04T06:17:43.888+0000] {logging_mixin.py:150} INFO - [2024-02-04T06:17:43.887+0000] {manager.py:504} INFO - Created Permission View: can read on DAG:example_branch_datetime_operator_3
[2024-02-04T06:17:43.921+0000] {logging_mixin.py:150} INFO - [2024-02-04T06:17:43.920+0000] {manager.py:504} INFO - Created Permission View: can delete on DAG:example_branch_datetime_operator_3
[2024-02-04T06:17:44.005+0000] {logging_mixin.py:150} INFO - [2024-02-04T06:17:44.005+0000] {manager.py:504} INFO - Created Permission View: can edit on DAG:example_branch_datetime_operator
[2024-02-04T06:17:44.045+0000] {logging_mixin.py:150} INFO - [2024-02-04T06:17:44.045+0000] {manager.py:504} INFO - Created Permission View: can read on DAG:example_branch_datetime_operator
[2024-02-04T06:17:44.078+0000] {logging_mixin.py:150} INFO - [2024-02-04T06:17:44.077+0000] {manager.py:504} INFO - Created Permission View: can delete on DAG:example_branch_datetime_operator
[2024-02-04T06:17:44.158+0000] {logging_mixin.py:150} INFO - [2024-02-04T06:17:44.158+0000] {manager.py:504} INFO - Created Permission View: can edit on DAG:example_branch_datetime_operator_2
[2024-02-04T06:17:44.196+0000] {logging_mixin.py:150} INFO - [2024-02-04T06:17:44.196+0000] {manager.py:504} INFO - Created Permission View: can read on DAG:example_branch_datetime_operator_2
[2024-02-04T06:17:44.229+0000] {logging_mixin.py:150} INFO - [2024-02-04T06:17:44.229+0000] {manager.py:504} INFO - Created Permission View: can delete on DAG:example_branch_datetime_operator_2
[2024-02-04T06:17:44.234+0000] {logging_mixin.py:150} INFO - [2024-02-04T06:17:44.233+0000] {dag.py:2742} INFO - Sync 3 DAGs
[2024-02-04T06:17:44.241+0000] {logging_mixin.py:150} INFO - [2024-02-04T06:17:44.241+0000] {dag.py:2763} INFO - Creating ORM DAG for example_branch_datetime_operator_3
[2024-02-04T06:17:44.242+0000] {logging_mixin.py:150} INFO - [2024-02-04T06:17:44.242+0000] {dag.py:2763} INFO - Creating ORM DAG for example_branch_datetime_operator
[2024-02-04T06:17:44.242+0000] {logging_mixin.py:150} INFO - [2024-02-04T06:17:44.242+0000] {dag.py:2763} INFO - Creating ORM DAG for example_branch_datetime_operator_2
[2024-02-04T06:17:44.252+0000] {logging_mixin.py:150} INFO - [2024-02-04T06:17:44.252+0000] {dag.py:3504} INFO - Setting next_dagrun for example_branch_datetime_operator to 2024-02-03T00:00:00+00:00, run_after=2024-02-04T00:00:00+00:00
[2024-02-04T06:17:44.254+0000] {logging_mixin.py:150} INFO - [2024-02-04T06:17:44.254+0000] {dag.py:3504} INFO - Setting next_dagrun for example_branch_datetime_operator_2 to 2024-02-03T00:00:00+00:00, run_after=2024-02-04T00:00:00+00:00
[2024-02-04T06:17:44.256+0000] {logging_mixin.py:150} INFO - [2024-02-04T06:17:44.256+0000] {dag.py:3504} INFO - Setting next_dagrun for example_branch_datetime_operator_3 to 2024-02-03T00:00:00+00:00, run_after=2024-02-04T00:00:00+00:00
[2024-02-04T06:17:44.310+0000] {processor.py:179} INFO - Processing /usr/local/python/3.10.13/lib/python3.10/site-packages/airflow/example_dags/example_branch_datetime_operator.py took 0.745 seconds
[2024-02-04T06:18:34.113+0000] {processor.py:157} INFO - Started process (PID=9405) to work on /usr/local/python/3.10.13/lib/python3.10/site-packages/airflow/example_dags/example_branch_datetime_operator.py
[2024-02-04T06:18:34.113+0000] {processor.py:826} INFO - Processing file /usr/local/python/3.10.13/lib/python3.10/site-packages/airflow/example_dags/example_branch_datetime_operator.py for tasks to queue
[2024-02-04T06:18:34.114+0000] {logging_mixin.py:150} INFO - [2024-02-04T06:18:34.114+0000] {dagbag.py:541} INFO - Filling up the DagBag from /usr/local/python/3.10.13/lib/python3.10/site-packages/airflow/example_dags/example_branch_datetime_operator.py
[2024-02-04T06:18:34.122+0000] {processor.py:836} INFO - DAG(s) dict_keys(['example_branch_datetime_operator_2', 'example_branch_datetime_operator_3', 'example_branch_datetime_operator']) retrieved from /usr/local/python/3.10.13/lib/python3.10/site-packages/airflow/example_dags/example_branch_datetime_operator.py
[2024-02-04T06:18:34.141+0000] {logging_mixin.py:150} INFO - [2024-02-04T06:18:34.141+0000] {dag.py:2742} INFO - Sync 3 DAGs
[2024-02-04T06:18:34.160+0000] {logging_mixin.py:150} INFO - [2024-02-04T06:18:34.160+0000] {dag.py:3504} INFO - Setting next_dagrun for example_branch_datetime_operator to 2024-02-03T00:00:00+00:00, run_after=2024-02-04T00:00:00+00:00
[2024-02-04T06:18:34.164+0000] {logging_mixin.py:150} INFO - [2024-02-04T06:18:34.163+0000] {dag.py:3504} INFO - Setting next_dagrun for example_branch_datetime_operator_2 to 2024-02-03T00:00:00+00:00, run_after=2024-02-04T00:00:00+00:00
[2024-02-04T06:18:34.166+0000] {logging_mixin.py:150} INFO - [2024-02-04T06:18:34.165+0000] {dag.py:3504} INFO - Setting next_dagrun for example_branch_datetime_operator_3 to 2024-02-03T00:00:00+00:00, run_after=2024-02-04T00:00:00+00:00
[2024-02-04T06:18:34.219+0000] {processor.py:179} INFO - Processing /usr/local/python/3.10.13/lib/python3.10/site-packages/airflow/example_dags/example_branch_datetime_operator.py took 0.109 seconds
[2024-02-04T06:19:25.163+0000] {processor.py:157} INFO - Started process (PID=9919) to work on /usr/local/python/3.10.13/lib/python3.10/site-packages/airflow/example_dags/example_branch_datetime_operator.py
[2024-02-04T06:19:25.163+0000] {processor.py:826} INFO - Processing file /usr/local/python/3.10.13/lib/python3.10/site-packages/airflow/example_dags/example_branch_datetime_operator.py for tasks to queue
[2024-02-04T06:19:25.164+0000] {logging_mixin.py:150} INFO - [2024-02-04T06:19:25.164+0000] {dagbag.py:541} INFO - Filling up the DagBag from /usr/local/python/3.10.13/lib/python3.10/site-packages/airflow/example_dags/example_branch_datetime_operator.py
[2024-02-04T06:19:25.174+0000] {processor.py:836} INFO - DAG(s) dict_keys(['example_branch_datetime_operator', 'example_branch_datetime_operator_2', 'example_branch_datetime_operator_3']) retrieved from /usr/local/python/3.10.13/lib/python3.10/site-packages/airflow/example_dags/example_branch_datetime_operator.py
[2024-02-04T06:19:25.192+0000] {logging_mixin.py:150} INFO - [2024-02-04T06:19:25.191+0000] {dag.py:2742} INFO - Sync 3 DAGs
[2024-02-04T06:19:25.211+0000] {logging_mixin.py:150} INFO - [2024-02-04T06:19:25.211+0000] {dag.py:3504} INFO - Setting next_dagrun for example_branch_datetime_operator to 2024-02-03T00:00:00+00:00, run_after=2024-02-04T00:00:00+00:00
[2024-02-04T06:19:25.215+0000] {logging_mixin.py:150} INFO - [2024-02-04T06:19:25.215+0000] {dag.py:3504} INFO - Setting next_dagrun for example_branch_datetime_operator_2 to 2024-02-03T00:00:00+00:00, run_after=2024-02-04T00:00:00+00:00
[2024-02-04T06:19:25.217+0000] {logging_mixin.py:150} INFO - [2024-02-04T06:19:25.217+0000] {dag.py:3504} INFO - Setting next_dagrun for example_branch_datetime_operator_3 to 2024-02-03T00:00:00+00:00, run_after=2024-02-04T00:00:00+00:00
[2024-02-04T06:19:25.261+0000] {processor.py:179} INFO - Processing /usr/local/python/3.10.13/lib/python3.10/site-packages/airflow/example_dags/example_branch_datetime_operator.py took 0.100 seconds
[2024-02-04T06:20:19.121+0000] {processor.py:157} INFO - Started process (PID=10447) to work on /usr/local/python/3.10.13/lib/python3.10/site-packages/airflow/example_dags/example_branch_datetime_operator.py
[2024-02-04T06:20:19.122+0000] {processor.py:826} INFO - Processing file /usr/local/python/3.10.13/lib/python3.10/site-packages/airflow/example_dags/example_branch_datetime_operator.py for tasks to queue
[2024-02-04T06:20:19.122+0000] {logging_mixin.py:150} INFO - [2024-02-04T06:20:19.122+0000] {dagbag.py:541} INFO - Filling up the DagBag from /usr/local/python/3.10.13/lib/python3.10/site-packages/airflow/example_dags/example_branch_datetime_operator.py
[2024-02-04T06:20:19.130+0000] {processor.py:836} INFO - DAG(s) dict_keys(['example_branch_datetime_operator_2', 'example_branch_datetime_operator', 'example_branch_datetime_operator_3']) retrieved from /usr/local/python/3.10.13/lib/python3.10/site-packages/airflow/example_dags/example_branch_datetime_operator.py
[2024-02-04T06:20:19.148+0000] {logging_mixin.py:150} INFO - [2024-02-04T06:20:19.148+0000] {dag.py:2742} INFO - Sync 3 DAGs
[2024-02-04T06:20:19.167+0000] {logging_mixin.py:150} INFO - [2024-02-04T06:20:19.167+0000] {dag.py:3504} INFO - Setting next_dagrun for example_branch_datetime_operator to 2024-02-03T00:00:00+00:00, run_after=2024-02-04T00:00:00+00:00
[2024-02-04T06:20:19.171+0000] {logging_mixin.py:150} INFO - [2024-02-04T06:20:19.171+0000] {dag.py:3504} INFO - Setting next_dagrun for example_branch_datetime_operator_2 to 2024-02-03T00:00:00+00:00, run_after=2024-02-04T00:00:00+00:00
[2024-02-04T06:20:19.173+0000] {logging_mixin.py:150} INFO - [2024-02-04T06:20:19.173+0000] {dag.py:3504} INFO - Setting next_dagrun for example_branch_datetime_operator_3 to 2024-02-03T00:00:00+00:00, run_after=2024-02-04T00:00:00+00:00
[2024-02-04T06:20:19.216+0000] {processor.py:179} INFO - Processing /usr/local/python/3.10.13/lib/python3.10/site-packages/airflow/example_dags/example_branch_datetime_operator.py took 0.097 seconds
[2024-02-04T06:21:14.949+0000] {processor.py:157} INFO - Started process (PID=11037) to work on /usr/local/python/3.10.13/lib/python3.10/site-packages/airflow/example_dags/example_branch_datetime_operator.py
[2024-02-04T06:21:14.950+0000] {processor.py:826} INFO - Processing file /usr/local/python/3.10.13/lib/python3.10/site-packages/airflow/example_dags/example_branch_datetime_operator.py for tasks to queue
[2024-02-04T06:21:14.951+0000] {logging_mixin.py:150} INFO - [2024-02-04T06:21:14.950+0000] {dagbag.py:541} INFO - Filling up the DagBag from /usr/local/python/3.10.13/lib/python3.10/site-packages/airflow/example_dags/example_branch_datetime_operator.py
[2024-02-04T06:21:14.959+0000] {processor.py:836} INFO - DAG(s) dict_keys(['example_branch_datetime_operator_2', 'example_branch_datetime_operator', 'example_branch_datetime_operator_3']) retrieved from /usr/local/python/3.10.13/lib/python3.10/site-packages/airflow/example_dags/example_branch_datetime_operator.py
[2024-02-04T06:21:14.978+0000] {logging_mixin.py:150} INFO - [2024-02-04T06:21:14.978+0000] {dag.py:2742} INFO - Sync 3 DAGs
[2024-02-04T06:21:14.997+0000] {logging_mixin.py:150} INFO - [2024-02-04T06:21:14.997+0000] {dag.py:3504} INFO - Setting next_dagrun for example_branch_datetime_operator to 2024-02-03T00:00:00+00:00, run_after=2024-02-04T00:00:00+00:00
[2024-02-04T06:21:15.001+0000] {logging_mixin.py:150} INFO - [2024-02-04T06:21:15.000+0000] {dag.py:3504} INFO - Setting next_dagrun for example_branch_datetime_operator_2 to 2024-02-03T00:00:00+00:00, run_after=2024-02-04T00:00:00+00:00
[2024-02-04T06:21:15.003+0000] {logging_mixin.py:150} INFO - [2024-02-04T06:21:15.002+0000] {dag.py:3504} INFO - Setting next_dagrun for example_branch_datetime_operator_3 to 2024-02-03T00:00:00+00:00, run_after=2024-02-04T00:00:00+00:00
[2024-02-04T06:21:15.044+0000] {processor.py:179} INFO - Processing /usr/local/python/3.10.13/lib/python3.10/site-packages/airflow/example_dags/example_branch_datetime_operator.py took 0.097 seconds
[2024-02-04T06:22:03.468+0000] {processor.py:157} INFO - Started process (PID=11590) to work on /usr/local/python/3.10.13/lib/python3.10/site-packages/airflow/example_dags/example_branch_datetime_operator.py
[2024-02-04T06:22:03.469+0000] {processor.py:826} INFO - Processing file /usr/local/python/3.10.13/lib/python3.10/site-packages/airflow/example_dags/example_branch_datetime_operator.py for tasks to queue
[2024-02-04T06:22:03.470+0000] {logging_mixin.py:150} INFO - [2024-02-04T06:22:03.469+0000] {dagbag.py:541} INFO - Filling up the DagBag from /usr/local/python/3.10.13/lib/python3.10/site-packages/airflow/example_dags/example_branch_datetime_operator.py
[2024-02-04T06:22:03.480+0000] {processor.py:836} INFO - DAG(s) dict_keys(['example_branch_datetime_operator_3', 'example_branch_datetime_operator', 'example_branch_datetime_operator_2']) retrieved from /usr/local/python/3.10.13/lib/python3.10/site-packages/airflow/example_dags/example_branch_datetime_operator.py
[2024-02-04T06:22:03.505+0000] {logging_mixin.py:150} INFO - [2024-02-04T06:22:03.505+0000] {dag.py:2742} INFO - Sync 3 DAGs
[2024-02-04T06:22:03.523+0000] {logging_mixin.py:150} INFO - [2024-02-04T06:22:03.523+0000] {dag.py:3504} INFO - Setting next_dagrun for example_branch_datetime_operator to 2024-02-03T00:00:00+00:00, run_after=2024-02-04T00:00:00+00:00
[2024-02-04T06:22:03.527+0000] {logging_mixin.py:150} INFO - [2024-02-04T06:22:03.527+0000] {dag.py:3504} INFO - Setting next_dagrun for example_branch_datetime_operator_2 to 2024-02-03T00:00:00+00:00, run_after=2024-02-04T00:00:00+00:00
[2024-02-04T06:22:03.529+0000] {logging_mixin.py:150} INFO - [2024-02-04T06:22:03.529+0000] {dag.py:3504} INFO - Setting next_dagrun for example_branch_datetime_operator_3 to 2024-02-03T00:00:00+00:00, run_after=2024-02-04T00:00:00+00:00
[2024-02-04T06:22:03.574+0000] {processor.py:179} INFO - Processing /usr/local/python/3.10.13/lib/python3.10/site-packages/airflow/example_dags/example_branch_datetime_operator.py took 0.107 seconds
[2024-02-04T06:22:55.449+0000] {processor.py:157} INFO - Started process (PID=12287) to work on /usr/local/python/3.10.13/lib/python3.10/site-packages/airflow/example_dags/example_branch_datetime_operator.py
[2024-02-04T06:22:55.450+0000] {processor.py:826} INFO - Processing file /usr/local/python/3.10.13/lib/python3.10/site-packages/airflow/example_dags/example_branch_datetime_operator.py for tasks to queue
[2024-02-04T06:22:55.451+0000] {logging_mixin.py:150} INFO - [2024-02-04T06:22:55.451+0000] {dagbag.py:541} INFO - Filling up the DagBag from /usr/local/python/3.10.13/lib/python3.10/site-packages/airflow/example_dags/example_branch_datetime_operator.py
[2024-02-04T06:22:55.461+0000] {processor.py:836} INFO - DAG(s) dict_keys(['example_branch_datetime_operator', 'example_branch_datetime_operator_2', 'example_branch_datetime_operator_3']) retrieved from /usr/local/python/3.10.13/lib/python3.10/site-packages/airflow/example_dags/example_branch_datetime_operator.py
[2024-02-04T06:22:55.480+0000] {logging_mixin.py:150} INFO - [2024-02-04T06:22:55.480+0000] {dag.py:2742} INFO - Sync 3 DAGs
[2024-02-04T06:22:55.499+0000] {logging_mixin.py:150} INFO - [2024-02-04T06:22:55.499+0000] {dag.py:3504} INFO - Setting next_dagrun for example_branch_datetime_operator to 2024-02-03T00:00:00+00:00, run_after=2024-02-04T00:00:00+00:00
[2024-02-04T06:22:55.502+0000] {logging_mixin.py:150} INFO - [2024-02-04T06:22:55.502+0000] {dag.py:3504} INFO - Setting next_dagrun for example_branch_datetime_operator_2 to 2024-02-03T00:00:00+00:00, run_after=2024-02-04T00:00:00+00:00
[2024-02-04T06:22:55.504+0000] {logging_mixin.py:150} INFO - [2024-02-04T06:22:55.504+0000] {dag.py:3504} INFO - Setting next_dagrun for example_branch_datetime_operator_3 to 2024-02-03T00:00:00+00:00, run_after=2024-02-04T00:00:00+00:00
[2024-02-04T06:22:55.567+0000] {processor.py:179} INFO - Processing /usr/local/python/3.10.13/lib/python3.10/site-packages/airflow/example_dags/example_branch_datetime_operator.py took 0.121 seconds
[2024-02-04T06:23:43.221+0000] {processor.py:157} INFO - Started process (PID=12866) to work on /usr/local/python/3.10.13/lib/python3.10/site-packages/airflow/example_dags/example_branch_datetime_operator.py
[2024-02-04T06:23:43.222+0000] {processor.py:826} INFO - Processing file /usr/local/python/3.10.13/lib/python3.10/site-packages/airflow/example_dags/example_branch_datetime_operator.py for tasks to queue
[2024-02-04T06:23:43.223+0000] {logging_mixin.py:150} INFO - [2024-02-04T06:23:43.223+0000] {dagbag.py:541} INFO - Filling up the DagBag from /usr/local/python/3.10.13/lib/python3.10/site-packages/airflow/example_dags/example_branch_datetime_operator.py
[2024-02-04T06:23:43.231+0000] {processor.py:836} INFO - DAG(s) dict_keys(['example_branch_datetime_operator_3', 'example_branch_datetime_operator_2', 'example_branch_datetime_operator']) retrieved from /usr/local/python/3.10.13/lib/python3.10/site-packages/airflow/example_dags/example_branch_datetime_operator.py
[2024-02-04T06:23:43.249+0000] {logging_mixin.py:150} INFO - [2024-02-04T06:23:43.249+0000] {dag.py:2742} INFO - Sync 3 DAGs
[2024-02-04T06:23:43.268+0000] {logging_mixin.py:150} INFO - [2024-02-04T06:23:43.268+0000] {dag.py:3504} INFO - Setting next_dagrun for example_branch_datetime_operator to 2024-02-03T00:00:00+00:00, run_after=2024-02-04T00:00:00+00:00
[2024-02-04T06:23:43.272+0000] {logging_mixin.py:150} INFO - [2024-02-04T06:23:43.271+0000] {dag.py:3504} INFO - Setting next_dagrun for example_branch_datetime_operator_2 to 2024-02-03T00:00:00+00:00, run_after=2024-02-04T00:00:00+00:00
[2024-02-04T06:23:43.274+0000] {logging_mixin.py:150} INFO - [2024-02-04T06:23:43.273+0000] {dag.py:3504} INFO - Setting next_dagrun for example_branch_datetime_operator_3 to 2024-02-03T00:00:00+00:00, run_after=2024-02-04T00:00:00+00:00
[2024-02-04T06:23:43.321+0000] {processor.py:179} INFO - Processing /usr/local/python/3.10.13/lib/python3.10/site-packages/airflow/example_dags/example_branch_datetime_operator.py took 0.102 seconds
[2024-02-04T06:24:29.577+0000] {processor.py:157} INFO - Started process (PID=13358) to work on /usr/local/python/3.10.13/lib/python3.10/site-packages/airflow/example_dags/example_branch_datetime_operator.py
[2024-02-04T06:24:29.578+0000] {processor.py:826} INFO - Processing file /usr/local/python/3.10.13/lib/python3.10/site-packages/airflow/example_dags/example_branch_datetime_operator.py for tasks to queue
[2024-02-04T06:24:29.578+0000] {logging_mixin.py:150} INFO - [2024-02-04T06:24:29.578+0000] {dagbag.py:541} INFO - Filling up the DagBag from /usr/local/python/3.10.13/lib/python3.10/site-packages/airflow/example_dags/example_branch_datetime_operator.py
[2024-02-04T06:24:29.586+0000] {processor.py:836} INFO - DAG(s) dict_keys(['example_branch_datetime_operator_3', 'example_branch_datetime_operator', 'example_branch_datetime_operator_2']) retrieved from /usr/local/python/3.10.13/lib/python3.10/site-packages/airflow/example_dags/example_branch_datetime_operator.py
[2024-02-04T06:24:29.605+0000] {logging_mixin.py:150} INFO - [2024-02-04T06:24:29.605+0000] {dag.py:2742} INFO - Sync 3 DAGs
[2024-02-04T06:24:29.622+0000] {logging_mixin.py:150} INFO - [2024-02-04T06:24:29.622+0000] {dag.py:3504} INFO - Setting next_dagrun for example_branch_datetime_operator to 2024-02-03T00:00:00+00:00, run_after=2024-02-04T00:00:00+00:00
[2024-02-04T06:24:29.626+0000] {logging_mixin.py:150} INFO - [2024-02-04T06:24:29.626+0000] {dag.py:3504} INFO - Setting next_dagrun for example_branch_datetime_operator_2 to 2024-02-03T00:00:00+00:00, run_after=2024-02-04T00:00:00+00:00
[2024-02-04T06:24:29.628+0000] {logging_mixin.py:150} INFO - [2024-02-04T06:24:29.628+0000] {dag.py:3504} INFO - Setting next_dagrun for example_branch_datetime_operator_3 to 2024-02-03T00:00:00+00:00, run_after=2024-02-04T00:00:00+00:00
[2024-02-04T06:24:29.672+0000] {processor.py:179} INFO - Processing /usr/local/python/3.10.13/lib/python3.10/site-packages/airflow/example_dags/example_branch_datetime_operator.py took 0.097 seconds
