[2024-02-04T06:17:22.269+0000] {processor.py:157} INFO - Started process (PID=8685) to work on /usr/local/python/3.10.13/lib/python3.10/site-packages/airflow/example_dags/example_task_group_decorator.py
[2024-02-04T06:17:22.269+0000] {processor.py:826} INFO - Processing file /usr/local/python/3.10.13/lib/python3.10/site-packages/airflow/example_dags/example_task_group_decorator.py for tasks to queue
[2024-02-04T06:17:22.270+0000] {logging_mixin.py:150} INFO - [2024-02-04T06:17:22.270+0000] {dagbag.py:541} INFO - Filling up the DagBag from /usr/local/python/3.10.13/lib/python3.10/site-packages/airflow/example_dags/example_task_group_decorator.py
[2024-02-04T06:17:22.284+0000] {processor.py:836} INFO - DAG(s) dict_keys(['example_task_group_decorator']) retrieved from /usr/local/python/3.10.13/lib/python3.10/site-packages/airflow/example_dags/example_task_group_decorator.py
[2024-02-04T06:17:22.432+0000] {logging_mixin.py:150} INFO - [2024-02-04T06:17:22.431+0000] {manager.py:504} INFO - Created Permission View: can edit on DAG:example_task_group_decorator
[2024-02-04T06:17:22.471+0000] {logging_mixin.py:150} INFO - [2024-02-04T06:17:22.471+0000] {manager.py:504} INFO - Created Permission View: can read on DAG:example_task_group_decorator
[2024-02-04T06:17:22.503+0000] {logging_mixin.py:150} INFO - [2024-02-04T06:17:22.503+0000] {manager.py:504} INFO - Created Permission View: can delete on DAG:example_task_group_decorator
[2024-02-04T06:17:22.512+0000] {logging_mixin.py:150} INFO - [2024-02-04T06:17:22.512+0000] {dag.py:2742} INFO - Sync 1 DAGs
[2024-02-04T06:17:22.520+0000] {logging_mixin.py:150} INFO - [2024-02-04T06:17:22.519+0000] {dag.py:2763} INFO - Creating ORM DAG for example_task_group_decorator
[2024-02-04T06:17:22.526+0000] {logging_mixin.py:150} INFO - [2024-02-04T06:17:22.526+0000] {dag.py:3504} INFO - Setting next_dagrun for example_task_group_decorator to 2024-02-03T06:17:22.526640+00:00, run_after=2024-02-04T06:17:22.526640+00:00
[2024-02-04T06:17:22.577+0000] {processor.py:179} INFO - Processing /usr/local/python/3.10.13/lib/python3.10/site-packages/airflow/example_dags/example_task_group_decorator.py took 0.311 seconds
[2024-02-04T06:18:16.756+0000] {processor.py:157} INFO - Started process (PID=9212) to work on /usr/local/python/3.10.13/lib/python3.10/site-packages/airflow/example_dags/example_task_group_decorator.py
[2024-02-04T06:18:16.757+0000] {processor.py:826} INFO - Processing file /usr/local/python/3.10.13/lib/python3.10/site-packages/airflow/example_dags/example_task_group_decorator.py for tasks to queue
[2024-02-04T06:18:16.757+0000] {logging_mixin.py:150} INFO - [2024-02-04T06:18:16.757+0000] {dagbag.py:541} INFO - Filling up the DagBag from /usr/local/python/3.10.13/lib/python3.10/site-packages/airflow/example_dags/example_task_group_decorator.py
[2024-02-04T06:18:16.770+0000] {processor.py:836} INFO - DAG(s) dict_keys(['example_task_group_decorator']) retrieved from /usr/local/python/3.10.13/lib/python3.10/site-packages/airflow/example_dags/example_task_group_decorator.py
[2024-02-04T06:18:16.788+0000] {logging_mixin.py:150} INFO - [2024-02-04T06:18:16.788+0000] {dag.py:2742} INFO - Sync 1 DAGs
[2024-02-04T06:18:16.805+0000] {logging_mixin.py:150} INFO - [2024-02-04T06:18:16.805+0000] {dag.py:3504} INFO - Setting next_dagrun for example_task_group_decorator to 2024-02-03T06:18:16.804796+00:00, run_after=2024-02-04T06:18:16.804796+00:00
[2024-02-04T06:18:16.853+0000] {processor.py:179} INFO - Processing /usr/local/python/3.10.13/lib/python3.10/site-packages/airflow/example_dags/example_task_group_decorator.py took 0.099 seconds
[2024-02-04T06:19:03.622+0000] {processor.py:157} INFO - Started process (PID=9711) to work on /usr/local/python/3.10.13/lib/python3.10/site-packages/airflow/example_dags/example_task_group_decorator.py
[2024-02-04T06:19:03.622+0000] {processor.py:826} INFO - Processing file /usr/local/python/3.10.13/lib/python3.10/site-packages/airflow/example_dags/example_task_group_decorator.py for tasks to queue
[2024-02-04T06:19:03.623+0000] {logging_mixin.py:150} INFO - [2024-02-04T06:19:03.623+0000] {dagbag.py:541} INFO - Filling up the DagBag from /usr/local/python/3.10.13/lib/python3.10/site-packages/airflow/example_dags/example_task_group_decorator.py
[2024-02-04T06:19:03.636+0000] {processor.py:836} INFO - DAG(s) dict_keys(['example_task_group_decorator']) retrieved from /usr/local/python/3.10.13/lib/python3.10/site-packages/airflow/example_dags/example_task_group_decorator.py
[2024-02-04T06:19:03.652+0000] {logging_mixin.py:150} INFO - [2024-02-04T06:19:03.652+0000] {dag.py:2742} INFO - Sync 1 DAGs
[2024-02-04T06:19:03.668+0000] {logging_mixin.py:150} INFO - [2024-02-04T06:19:03.668+0000] {dag.py:3504} INFO - Setting next_dagrun for example_task_group_decorator to 2024-02-03T06:19:03.668382+00:00, run_after=2024-02-04T06:19:03.668382+00:00
[2024-02-04T06:19:03.713+0000] {processor.py:179} INFO - Processing /usr/local/python/3.10.13/lib/python3.10/site-packages/airflow/example_dags/example_task_group_decorator.py took 0.094 seconds
[2024-02-04T06:19:55.605+0000] {processor.py:157} INFO - Started process (PID=10234) to work on /usr/local/python/3.10.13/lib/python3.10/site-packages/airflow/example_dags/example_task_group_decorator.py
[2024-02-04T06:19:55.606+0000] {processor.py:826} INFO - Processing file /usr/local/python/3.10.13/lib/python3.10/site-packages/airflow/example_dags/example_task_group_decorator.py for tasks to queue
[2024-02-04T06:19:55.606+0000] {logging_mixin.py:150} INFO - [2024-02-04T06:19:55.606+0000] {dagbag.py:541} INFO - Filling up the DagBag from /usr/local/python/3.10.13/lib/python3.10/site-packages/airflow/example_dags/example_task_group_decorator.py
[2024-02-04T06:19:55.619+0000] {processor.py:836} INFO - DAG(s) dict_keys(['example_task_group_decorator']) retrieved from /usr/local/python/3.10.13/lib/python3.10/site-packages/airflow/example_dags/example_task_group_decorator.py
[2024-02-04T06:19:55.642+0000] {logging_mixin.py:150} INFO - [2024-02-04T06:19:55.641+0000] {dag.py:2742} INFO - Sync 1 DAGs
[2024-02-04T06:19:55.661+0000] {logging_mixin.py:150} INFO - [2024-02-04T06:19:55.661+0000] {dag.py:3504} INFO - Setting next_dagrun for example_task_group_decorator to 2024-02-03T06:19:55.661635+00:00, run_after=2024-02-04T06:19:55.661635+00:00
[2024-02-04T06:19:55.710+0000] {processor.py:179} INFO - Processing /usr/local/python/3.10.13/lib/python3.10/site-packages/airflow/example_dags/example_task_group_decorator.py took 0.107 seconds
[2024-02-04T06:20:49.315+0000] {processor.py:157} INFO - Started process (PID=10765) to work on /usr/local/python/3.10.13/lib/python3.10/site-packages/airflow/example_dags/example_task_group_decorator.py
[2024-02-04T06:20:49.321+0000] {processor.py:826} INFO - Processing file /usr/local/python/3.10.13/lib/python3.10/site-packages/airflow/example_dags/example_task_group_decorator.py for tasks to queue
[2024-02-04T06:20:49.322+0000] {logging_mixin.py:150} INFO - [2024-02-04T06:20:49.322+0000] {dagbag.py:541} INFO - Filling up the DagBag from /usr/local/python/3.10.13/lib/python3.10/site-packages/airflow/example_dags/example_task_group_decorator.py
[2024-02-04T06:20:49.348+0000] {processor.py:836} INFO - DAG(s) dict_keys(['example_task_group_decorator']) retrieved from /usr/local/python/3.10.13/lib/python3.10/site-packages/airflow/example_dags/example_task_group_decorator.py
[2024-02-04T06:20:49.367+0000] {logging_mixin.py:150} INFO - [2024-02-04T06:20:49.366+0000] {dag.py:2742} INFO - Sync 1 DAGs
[2024-02-04T06:20:49.383+0000] {logging_mixin.py:150} INFO - [2024-02-04T06:20:49.383+0000] {dag.py:3504} INFO - Setting next_dagrun for example_task_group_decorator to 2024-02-03T06:20:49.383060+00:00, run_after=2024-02-04T06:20:49.383060+00:00
[2024-02-04T06:20:49.430+0000] {processor.py:179} INFO - Processing /usr/local/python/3.10.13/lib/python3.10/site-packages/airflow/example_dags/example_task_group_decorator.py took 0.118 seconds
[2024-02-04T06:21:40.073+0000] {processor.py:157} INFO - Started process (PID=11356) to work on /usr/local/python/3.10.13/lib/python3.10/site-packages/airflow/example_dags/example_task_group_decorator.py
[2024-02-04T06:21:40.074+0000] {processor.py:826} INFO - Processing file /usr/local/python/3.10.13/lib/python3.10/site-packages/airflow/example_dags/example_task_group_decorator.py for tasks to queue
[2024-02-04T06:21:40.075+0000] {logging_mixin.py:150} INFO - [2024-02-04T06:21:40.075+0000] {dagbag.py:541} INFO - Filling up the DagBag from /usr/local/python/3.10.13/lib/python3.10/site-packages/airflow/example_dags/example_task_group_decorator.py
[2024-02-04T06:21:40.096+0000] {processor.py:836} INFO - DAG(s) dict_keys(['example_task_group_decorator']) retrieved from /usr/local/python/3.10.13/lib/python3.10/site-packages/airflow/example_dags/example_task_group_decorator.py
[2024-02-04T06:21:40.120+0000] {logging_mixin.py:150} INFO - [2024-02-04T06:21:40.120+0000] {dag.py:2742} INFO - Sync 1 DAGs
[2024-02-04T06:21:40.141+0000] {logging_mixin.py:150} INFO - [2024-02-04T06:21:40.141+0000] {dag.py:3504} INFO - Setting next_dagrun for example_task_group_decorator to 2024-02-03T06:21:40.140856+00:00, run_after=2024-02-04T06:21:40.140856+00:00
[2024-02-04T06:21:40.188+0000] {processor.py:179} INFO - Processing /usr/local/python/3.10.13/lib/python3.10/site-packages/airflow/example_dags/example_task_group_decorator.py took 0.118 seconds
[2024-02-04T06:22:31.907+0000] {processor.py:157} INFO - Started process (PID=11931) to work on /usr/local/python/3.10.13/lib/python3.10/site-packages/airflow/example_dags/example_task_group_decorator.py
[2024-02-04T06:22:31.908+0000] {processor.py:826} INFO - Processing file /usr/local/python/3.10.13/lib/python3.10/site-packages/airflow/example_dags/example_task_group_decorator.py for tasks to queue
[2024-02-04T06:22:31.914+0000] {logging_mixin.py:150} INFO - [2024-02-04T06:22:31.913+0000] {dagbag.py:541} INFO - Filling up the DagBag from /usr/local/python/3.10.13/lib/python3.10/site-packages/airflow/example_dags/example_task_group_decorator.py
[2024-02-04T06:22:31.934+0000] {processor.py:836} INFO - DAG(s) dict_keys(['example_task_group_decorator']) retrieved from /usr/local/python/3.10.13/lib/python3.10/site-packages/airflow/example_dags/example_task_group_decorator.py
[2024-02-04T06:22:31.956+0000] {logging_mixin.py:150} INFO - [2024-02-04T06:22:31.956+0000] {dag.py:2742} INFO - Sync 1 DAGs
[2024-02-04T06:22:31.977+0000] {logging_mixin.py:150} INFO - [2024-02-04T06:22:31.977+0000] {dag.py:3504} INFO - Setting next_dagrun for example_task_group_decorator to 2024-02-03T06:22:31.977302+00:00, run_after=2024-02-04T06:22:31.977302+00:00
[2024-02-04T06:22:32.023+0000] {processor.py:179} INFO - Processing /usr/local/python/3.10.13/lib/python3.10/site-packages/airflow/example_dags/example_task_group_decorator.py took 0.119 seconds
[2024-02-04T06:23:17.200+0000] {processor.py:157} INFO - Started process (PID=12540) to work on /usr/local/python/3.10.13/lib/python3.10/site-packages/airflow/example_dags/example_task_group_decorator.py
[2024-02-04T06:23:17.201+0000] {processor.py:826} INFO - Processing file /usr/local/python/3.10.13/lib/python3.10/site-packages/airflow/example_dags/example_task_group_decorator.py for tasks to queue
[2024-02-04T06:23:17.201+0000] {logging_mixin.py:150} INFO - [2024-02-04T06:23:17.201+0000] {dagbag.py:541} INFO - Filling up the DagBag from /usr/local/python/3.10.13/lib/python3.10/site-packages/airflow/example_dags/example_task_group_decorator.py
[2024-02-04T06:23:17.213+0000] {processor.py:836} INFO - DAG(s) dict_keys(['example_task_group_decorator']) retrieved from /usr/local/python/3.10.13/lib/python3.10/site-packages/airflow/example_dags/example_task_group_decorator.py
[2024-02-04T06:23:17.229+0000] {logging_mixin.py:150} INFO - [2024-02-04T06:23:17.229+0000] {dag.py:2742} INFO - Sync 1 DAGs
[2024-02-04T06:23:17.247+0000] {logging_mixin.py:150} INFO - [2024-02-04T06:23:17.247+0000] {dag.py:3504} INFO - Setting next_dagrun for example_task_group_decorator to 2024-02-03T06:23:17.246811+00:00, run_after=2024-02-04T06:23:17.246811+00:00
[2024-02-04T06:23:17.296+0000] {processor.py:179} INFO - Processing /usr/local/python/3.10.13/lib/python3.10/site-packages/airflow/example_dags/example_task_group_decorator.py took 0.098 seconds
[2024-02-04T06:24:06.505+0000] {processor.py:157} INFO - Started process (PID=13139) to work on /usr/local/python/3.10.13/lib/python3.10/site-packages/airflow/example_dags/example_task_group_decorator.py
[2024-02-04T06:24:06.506+0000] {processor.py:826} INFO - Processing file /usr/local/python/3.10.13/lib/python3.10/site-packages/airflow/example_dags/example_task_group_decorator.py for tasks to queue
[2024-02-04T06:24:06.507+0000] {logging_mixin.py:150} INFO - [2024-02-04T06:24:06.507+0000] {dagbag.py:541} INFO - Filling up the DagBag from /usr/local/python/3.10.13/lib/python3.10/site-packages/airflow/example_dags/example_task_group_decorator.py
[2024-02-04T06:24:06.519+0000] {processor.py:836} INFO - DAG(s) dict_keys(['example_task_group_decorator']) retrieved from /usr/local/python/3.10.13/lib/python3.10/site-packages/airflow/example_dags/example_task_group_decorator.py
[2024-02-04T06:24:06.535+0000] {logging_mixin.py:150} INFO - [2024-02-04T06:24:06.535+0000] {dag.py:2742} INFO - Sync 1 DAGs
[2024-02-04T06:24:06.557+0000] {logging_mixin.py:150} INFO - [2024-02-04T06:24:06.556+0000] {dag.py:3504} INFO - Setting next_dagrun for example_task_group_decorator to 2024-02-03T06:24:06.556525+00:00, run_after=2024-02-04T06:24:06.556525+00:00
[2024-02-04T06:24:06.604+0000] {processor.py:179} INFO - Processing /usr/local/python/3.10.13/lib/python3.10/site-packages/airflow/example_dags/example_task_group_decorator.py took 0.101 seconds
[2024-02-04T06:24:55.060+0000] {processor.py:157} INFO - Started process (PID=13604) to work on /usr/local/python/3.10.13/lib/python3.10/site-packages/airflow/example_dags/example_task_group_decorator.py
[2024-02-04T06:24:55.061+0000] {processor.py:826} INFO - Processing file /usr/local/python/3.10.13/lib/python3.10/site-packages/airflow/example_dags/example_task_group_decorator.py for tasks to queue
[2024-02-04T06:24:55.062+0000] {logging_mixin.py:150} INFO - [2024-02-04T06:24:55.061+0000] {dagbag.py:541} INFO - Filling up the DagBag from /usr/local/python/3.10.13/lib/python3.10/site-packages/airflow/example_dags/example_task_group_decorator.py
[2024-02-04T06:24:55.074+0000] {processor.py:836} INFO - DAG(s) dict_keys(['example_task_group_decorator']) retrieved from /usr/local/python/3.10.13/lib/python3.10/site-packages/airflow/example_dags/example_task_group_decorator.py
[2024-02-04T06:24:55.092+0000] {logging_mixin.py:150} INFO - [2024-02-04T06:24:55.092+0000] {dag.py:2742} INFO - Sync 1 DAGs
[2024-02-04T06:24:55.109+0000] {logging_mixin.py:150} INFO - [2024-02-04T06:24:55.109+0000] {dag.py:3504} INFO - Setting next_dagrun for example_task_group_decorator to 2024-02-03T06:24:55.109034+00:00, run_after=2024-02-04T06:24:55.109034+00:00
[2024-02-04T06:24:55.155+0000] {processor.py:179} INFO - Processing /usr/local/python/3.10.13/lib/python3.10/site-packages/airflow/example_dags/example_task_group_decorator.py took 0.097 seconds
