[2024-02-04T06:16:52.921+0000] {processor.py:157} INFO - Started process (PID=8384) to work on /usr/local/python/3.10.13/lib/python3.10/site-packages/airflow/example_dags/example_trigger_controller_dag.py
[2024-02-04T06:16:52.922+0000] {processor.py:826} INFO - Processing file /usr/local/python/3.10.13/lib/python3.10/site-packages/airflow/example_dags/example_trigger_controller_dag.py for tasks to queue
[2024-02-04T06:16:52.922+0000] {logging_mixin.py:150} INFO - [2024-02-04T06:16:52.922+0000] {dagbag.py:541} INFO - Filling up the DagBag from /usr/local/python/3.10.13/lib/python3.10/site-packages/airflow/example_dags/example_trigger_controller_dag.py
[2024-02-04T06:16:52.927+0000] {processor.py:836} INFO - DAG(s) dict_keys(['example_trigger_controller_dag']) retrieved from /usr/local/python/3.10.13/lib/python3.10/site-packages/airflow/example_dags/example_trigger_controller_dag.py
[2024-02-04T06:16:53.069+0000] {logging_mixin.py:150} INFO - [2024-02-04T06:16:53.069+0000] {manager.py:504} INFO - Created Permission View: can edit on DAG:example_trigger_controller_dag
[2024-02-04T06:16:53.105+0000] {logging_mixin.py:150} INFO - [2024-02-04T06:16:53.104+0000] {manager.py:504} INFO - Created Permission View: can read on DAG:example_trigger_controller_dag
[2024-02-04T06:16:53.139+0000] {logging_mixin.py:150} INFO - [2024-02-04T06:16:53.138+0000] {manager.py:504} INFO - Created Permission View: can delete on DAG:example_trigger_controller_dag
[2024-02-04T06:16:53.148+0000] {logging_mixin.py:150} INFO - [2024-02-04T06:16:53.148+0000] {dag.py:2742} INFO - Sync 1 DAGs
[2024-02-04T06:16:53.155+0000] {logging_mixin.py:150} INFO - [2024-02-04T06:16:53.155+0000] {dag.py:2763} INFO - Creating ORM DAG for example_trigger_controller_dag
[2024-02-04T06:16:53.163+0000] {logging_mixin.py:150} INFO - [2024-02-04T06:16:53.162+0000] {dag.py:3504} INFO - Setting next_dagrun for example_trigger_controller_dag to 2021-01-01T00:00:00+00:00, run_after=2021-01-01T00:00:00+00:00
[2024-02-04T06:16:53.205+0000] {processor.py:179} INFO - Processing /usr/local/python/3.10.13/lib/python3.10/site-packages/airflow/example_dags/example_trigger_controller_dag.py took 0.287 seconds
[2024-02-04T06:17:56.611+0000] {processor.py:157} INFO - Started process (PID=9013) to work on /usr/local/python/3.10.13/lib/python3.10/site-packages/airflow/example_dags/example_trigger_controller_dag.py
[2024-02-04T06:17:56.611+0000] {processor.py:826} INFO - Processing file /usr/local/python/3.10.13/lib/python3.10/site-packages/airflow/example_dags/example_trigger_controller_dag.py for tasks to queue
[2024-02-04T06:17:56.612+0000] {logging_mixin.py:150} INFO - [2024-02-04T06:17:56.612+0000] {dagbag.py:541} INFO - Filling up the DagBag from /usr/local/python/3.10.13/lib/python3.10/site-packages/airflow/example_dags/example_trigger_controller_dag.py
[2024-02-04T06:17:56.615+0000] {processor.py:836} INFO - DAG(s) dict_keys(['example_trigger_controller_dag']) retrieved from /usr/local/python/3.10.13/lib/python3.10/site-packages/airflow/example_dags/example_trigger_controller_dag.py
[2024-02-04T06:17:56.628+0000] {logging_mixin.py:150} INFO - [2024-02-04T06:17:56.628+0000] {dag.py:2742} INFO - Sync 1 DAGs
[2024-02-04T06:17:56.644+0000] {logging_mixin.py:150} INFO - [2024-02-04T06:17:56.644+0000] {dag.py:3504} INFO - Setting next_dagrun for example_trigger_controller_dag to 2021-01-01T00:00:00+00:00, run_after=2021-01-01T00:00:00+00:00
[2024-02-04T06:17:56.688+0000] {processor.py:179} INFO - Processing /usr/local/python/3.10.13/lib/python3.10/site-packages/airflow/example_dags/example_trigger_controller_dag.py took 0.080 seconds
[2024-02-04T06:18:38.949+0000] {processor.py:157} INFO - Started process (PID=9444) to work on /usr/local/python/3.10.13/lib/python3.10/site-packages/airflow/example_dags/example_trigger_controller_dag.py
[2024-02-04T06:18:38.949+0000] {processor.py:826} INFO - Processing file /usr/local/python/3.10.13/lib/python3.10/site-packages/airflow/example_dags/example_trigger_controller_dag.py for tasks to queue
[2024-02-04T06:18:38.950+0000] {logging_mixin.py:150} INFO - [2024-02-04T06:18:38.950+0000] {dagbag.py:541} INFO - Filling up the DagBag from /usr/local/python/3.10.13/lib/python3.10/site-packages/airflow/example_dags/example_trigger_controller_dag.py
[2024-02-04T06:18:38.953+0000] {processor.py:836} INFO - DAG(s) dict_keys(['example_trigger_controller_dag']) retrieved from /usr/local/python/3.10.13/lib/python3.10/site-packages/airflow/example_dags/example_trigger_controller_dag.py
[2024-02-04T06:18:38.966+0000] {logging_mixin.py:150} INFO - [2024-02-04T06:18:38.966+0000] {dag.py:2742} INFO - Sync 1 DAGs
[2024-02-04T06:18:38.982+0000] {logging_mixin.py:150} INFO - [2024-02-04T06:18:38.981+0000] {dag.py:3504} INFO - Setting next_dagrun for example_trigger_controller_dag to 2021-01-01T00:00:00+00:00, run_after=2021-01-01T00:00:00+00:00
[2024-02-04T06:18:39.026+0000] {processor.py:179} INFO - Processing /usr/local/python/3.10.13/lib/python3.10/site-packages/airflow/example_dags/example_trigger_controller_dag.py took 0.079 seconds
[2024-02-04T06:19:13.781+0000] {processor.py:157} INFO - Started process (PID=9816) to work on /usr/local/python/3.10.13/lib/python3.10/site-packages/airflow/example_dags/example_trigger_controller_dag.py
[2024-02-04T06:19:13.782+0000] {processor.py:826} INFO - Processing file /usr/local/python/3.10.13/lib/python3.10/site-packages/airflow/example_dags/example_trigger_controller_dag.py for tasks to queue
[2024-02-04T06:19:13.782+0000] {logging_mixin.py:150} INFO - [2024-02-04T06:19:13.782+0000] {dagbag.py:541} INFO - Filling up the DagBag from /usr/local/python/3.10.13/lib/python3.10/site-packages/airflow/example_dags/example_trigger_controller_dag.py
[2024-02-04T06:19:13.785+0000] {processor.py:836} INFO - DAG(s) dict_keys(['example_trigger_controller_dag']) retrieved from /usr/local/python/3.10.13/lib/python3.10/site-packages/airflow/example_dags/example_trigger_controller_dag.py
[2024-02-04T06:19:13.799+0000] {logging_mixin.py:150} INFO - [2024-02-04T06:19:13.799+0000] {dag.py:2742} INFO - Sync 1 DAGs
[2024-02-04T06:19:13.817+0000] {logging_mixin.py:150} INFO - [2024-02-04T06:19:13.817+0000] {dag.py:3504} INFO - Setting next_dagrun for example_trigger_controller_dag to 2021-01-01T00:00:00+00:00, run_after=2021-01-01T00:00:00+00:00
[2024-02-04T06:19:13.867+0000] {processor.py:179} INFO - Processing /usr/local/python/3.10.13/lib/python3.10/site-packages/airflow/example_dags/example_trigger_controller_dag.py took 0.088 seconds
[2024-02-04T06:19:48.482+0000] {processor.py:157} INFO - Started process (PID=10139) to work on /usr/local/python/3.10.13/lib/python3.10/site-packages/airflow/example_dags/example_trigger_controller_dag.py
[2024-02-04T06:19:48.483+0000] {processor.py:826} INFO - Processing file /usr/local/python/3.10.13/lib/python3.10/site-packages/airflow/example_dags/example_trigger_controller_dag.py for tasks to queue
[2024-02-04T06:19:48.484+0000] {logging_mixin.py:150} INFO - [2024-02-04T06:19:48.483+0000] {dagbag.py:541} INFO - Filling up the DagBag from /usr/local/python/3.10.13/lib/python3.10/site-packages/airflow/example_dags/example_trigger_controller_dag.py
[2024-02-04T06:19:48.487+0000] {processor.py:836} INFO - DAG(s) dict_keys(['example_trigger_controller_dag']) retrieved from /usr/local/python/3.10.13/lib/python3.10/site-packages/airflow/example_dags/example_trigger_controller_dag.py
[2024-02-04T06:19:48.500+0000] {logging_mixin.py:150} INFO - [2024-02-04T06:19:48.500+0000] {dag.py:2742} INFO - Sync 1 DAGs
[2024-02-04T06:19:48.517+0000] {logging_mixin.py:150} INFO - [2024-02-04T06:19:48.517+0000] {dag.py:3504} INFO - Setting next_dagrun for example_trigger_controller_dag to 2021-01-01T00:00:00+00:00, run_after=2021-01-01T00:00:00+00:00
[2024-02-04T06:19:48.567+0000] {processor.py:179} INFO - Processing /usr/local/python/3.10.13/lib/python3.10/site-packages/airflow/example_dags/example_trigger_controller_dag.py took 0.087 seconds
[2024-02-04T06:20:24.142+0000] {processor.py:157} INFO - Started process (PID=10503) to work on /usr/local/python/3.10.13/lib/python3.10/site-packages/airflow/example_dags/example_trigger_controller_dag.py
[2024-02-04T06:20:24.143+0000] {processor.py:826} INFO - Processing file /usr/local/python/3.10.13/lib/python3.10/site-packages/airflow/example_dags/example_trigger_controller_dag.py for tasks to queue
[2024-02-04T06:20:24.144+0000] {logging_mixin.py:150} INFO - [2024-02-04T06:20:24.143+0000] {dagbag.py:541} INFO - Filling up the DagBag from /usr/local/python/3.10.13/lib/python3.10/site-packages/airflow/example_dags/example_trigger_controller_dag.py
[2024-02-04T06:20:24.149+0000] {processor.py:836} INFO - DAG(s) dict_keys(['example_trigger_controller_dag']) retrieved from /usr/local/python/3.10.13/lib/python3.10/site-packages/airflow/example_dags/example_trigger_controller_dag.py
[2024-02-04T06:20:24.169+0000] {logging_mixin.py:150} INFO - [2024-02-04T06:20:24.169+0000] {dag.py:2742} INFO - Sync 1 DAGs
[2024-02-04T06:20:24.191+0000] {logging_mixin.py:150} INFO - [2024-02-04T06:20:24.191+0000] {dag.py:3504} INFO - Setting next_dagrun for example_trigger_controller_dag to 2021-01-01T00:00:00+00:00, run_after=2021-01-01T00:00:00+00:00
[2024-02-04T06:20:24.247+0000] {processor.py:179} INFO - Processing /usr/local/python/3.10.13/lib/python3.10/site-packages/airflow/example_dags/example_trigger_controller_dag.py took 0.109 seconds
[2024-02-04T06:21:03.282+0000] {processor.py:157} INFO - Started process (PID=10914) to work on /usr/local/python/3.10.13/lib/python3.10/site-packages/airflow/example_dags/example_trigger_controller_dag.py
[2024-02-04T06:21:03.283+0000] {processor.py:826} INFO - Processing file /usr/local/python/3.10.13/lib/python3.10/site-packages/airflow/example_dags/example_trigger_controller_dag.py for tasks to queue
[2024-02-04T06:21:03.283+0000] {logging_mixin.py:150} INFO - [2024-02-04T06:21:03.283+0000] {dagbag.py:541} INFO - Filling up the DagBag from /usr/local/python/3.10.13/lib/python3.10/site-packages/airflow/example_dags/example_trigger_controller_dag.py
[2024-02-04T06:21:03.286+0000] {processor.py:836} INFO - DAG(s) dict_keys(['example_trigger_controller_dag']) retrieved from /usr/local/python/3.10.13/lib/python3.10/site-packages/airflow/example_dags/example_trigger_controller_dag.py
[2024-02-04T06:21:03.300+0000] {logging_mixin.py:150} INFO - [2024-02-04T06:21:03.299+0000] {dag.py:2742} INFO - Sync 1 DAGs
[2024-02-04T06:21:03.330+0000] {logging_mixin.py:150} INFO - [2024-02-04T06:21:03.329+0000] {dag.py:3504} INFO - Setting next_dagrun for example_trigger_controller_dag to 2021-01-01T00:00:00+00:00, run_after=2021-01-01T00:00:00+00:00
[2024-02-04T06:21:03.375+0000] {processor.py:179} INFO - Processing /usr/local/python/3.10.13/lib/python3.10/site-packages/airflow/example_dags/example_trigger_controller_dag.py took 0.095 seconds
[2024-02-04T06:21:36.380+0000] {processor.py:157} INFO - Started process (PID=11306) to work on /usr/local/python/3.10.13/lib/python3.10/site-packages/airflow/example_dags/example_trigger_controller_dag.py
[2024-02-04T06:21:36.380+0000] {processor.py:826} INFO - Processing file /usr/local/python/3.10.13/lib/python3.10/site-packages/airflow/example_dags/example_trigger_controller_dag.py for tasks to queue
[2024-02-04T06:21:36.381+0000] {logging_mixin.py:150} INFO - [2024-02-04T06:21:36.381+0000] {dagbag.py:541} INFO - Filling up the DagBag from /usr/local/python/3.10.13/lib/python3.10/site-packages/airflow/example_dags/example_trigger_controller_dag.py
[2024-02-04T06:21:36.384+0000] {processor.py:836} INFO - DAG(s) dict_keys(['example_trigger_controller_dag']) retrieved from /usr/local/python/3.10.13/lib/python3.10/site-packages/airflow/example_dags/example_trigger_controller_dag.py
[2024-02-04T06:21:36.398+0000] {logging_mixin.py:150} INFO - [2024-02-04T06:21:36.398+0000] {dag.py:2742} INFO - Sync 1 DAGs
[2024-02-04T06:21:36.414+0000] {logging_mixin.py:150} INFO - [2024-02-04T06:21:36.414+0000] {dag.py:3504} INFO - Setting next_dagrun for example_trigger_controller_dag to 2021-01-01T00:00:00+00:00, run_after=2021-01-01T00:00:00+00:00
[2024-02-04T06:21:36.458+0000] {processor.py:179} INFO - Processing /usr/local/python/3.10.13/lib/python3.10/site-packages/airflow/example_dags/example_trigger_controller_dag.py took 0.080 seconds
[2024-02-04T06:22:08.711+0000] {processor.py:157} INFO - Started process (PID=11659) to work on /usr/local/python/3.10.13/lib/python3.10/site-packages/airflow/example_dags/example_trigger_controller_dag.py
[2024-02-04T06:22:08.712+0000] {processor.py:826} INFO - Processing file /usr/local/python/3.10.13/lib/python3.10/site-packages/airflow/example_dags/example_trigger_controller_dag.py for tasks to queue
[2024-02-04T06:22:08.713+0000] {logging_mixin.py:150} INFO - [2024-02-04T06:22:08.712+0000] {dagbag.py:541} INFO - Filling up the DagBag from /usr/local/python/3.10.13/lib/python3.10/site-packages/airflow/example_dags/example_trigger_controller_dag.py
[2024-02-04T06:22:08.716+0000] {processor.py:836} INFO - DAG(s) dict_keys(['example_trigger_controller_dag']) retrieved from /usr/local/python/3.10.13/lib/python3.10/site-packages/airflow/example_dags/example_trigger_controller_dag.py
[2024-02-04T06:22:08.730+0000] {logging_mixin.py:150} INFO - [2024-02-04T06:22:08.729+0000] {dag.py:2742} INFO - Sync 1 DAGs
[2024-02-04T06:22:08.745+0000] {logging_mixin.py:150} INFO - [2024-02-04T06:22:08.745+0000] {dag.py:3504} INFO - Setting next_dagrun for example_trigger_controller_dag to 2021-01-01T00:00:00+00:00, run_after=2021-01-01T00:00:00+00:00
[2024-02-04T06:22:08.798+0000] {processor.py:179} INFO - Processing /usr/local/python/3.10.13/lib/python3.10/site-packages/airflow/example_dags/example_trigger_controller_dag.py took 0.089 seconds
[2024-02-04T06:22:43.809+0000] {processor.py:157} INFO - Started process (PID=12076) to work on /usr/local/python/3.10.13/lib/python3.10/site-packages/airflow/example_dags/example_trigger_controller_dag.py
[2024-02-04T06:22:43.810+0000] {processor.py:826} INFO - Processing file /usr/local/python/3.10.13/lib/python3.10/site-packages/airflow/example_dags/example_trigger_controller_dag.py for tasks to queue
[2024-02-04T06:22:43.811+0000] {logging_mixin.py:150} INFO - [2024-02-04T06:22:43.810+0000] {dagbag.py:541} INFO - Filling up the DagBag from /usr/local/python/3.10.13/lib/python3.10/site-packages/airflow/example_dags/example_trigger_controller_dag.py
[2024-02-04T06:22:43.814+0000] {processor.py:836} INFO - DAG(s) dict_keys(['example_trigger_controller_dag']) retrieved from /usr/local/python/3.10.13/lib/python3.10/site-packages/airflow/example_dags/example_trigger_controller_dag.py
[2024-02-04T06:22:43.827+0000] {logging_mixin.py:150} INFO - [2024-02-04T06:22:43.827+0000] {dag.py:2742} INFO - Sync 1 DAGs
[2024-02-04T06:22:43.844+0000] {logging_mixin.py:150} INFO - [2024-02-04T06:22:43.843+0000] {dag.py:3504} INFO - Setting next_dagrun for example_trigger_controller_dag to 2021-01-01T00:00:00+00:00, run_after=2021-01-01T00:00:00+00:00
[2024-02-04T06:22:43.889+0000] {processor.py:179} INFO - Processing /usr/local/python/3.10.13/lib/python3.10/site-packages/airflow/example_dags/example_trigger_controller_dag.py took 0.082 seconds
[2024-02-04T06:23:29.653+0000] {processor.py:157} INFO - Started process (PID=12661) to work on /usr/local/python/3.10.13/lib/python3.10/site-packages/airflow/example_dags/example_trigger_controller_dag.py
[2024-02-04T06:23:29.654+0000] {processor.py:826} INFO - Processing file /usr/local/python/3.10.13/lib/python3.10/site-packages/airflow/example_dags/example_trigger_controller_dag.py for tasks to queue
[2024-02-04T06:23:29.655+0000] {logging_mixin.py:150} INFO - [2024-02-04T06:23:29.654+0000] {dagbag.py:541} INFO - Filling up the DagBag from /usr/local/python/3.10.13/lib/python3.10/site-packages/airflow/example_dags/example_trigger_controller_dag.py
[2024-02-04T06:23:29.658+0000] {processor.py:836} INFO - DAG(s) dict_keys(['example_trigger_controller_dag']) retrieved from /usr/local/python/3.10.13/lib/python3.10/site-packages/airflow/example_dags/example_trigger_controller_dag.py
[2024-02-04T06:23:29.671+0000] {logging_mixin.py:150} INFO - [2024-02-04T06:23:29.671+0000] {dag.py:2742} INFO - Sync 1 DAGs
[2024-02-04T06:23:29.690+0000] {logging_mixin.py:150} INFO - [2024-02-04T06:23:29.690+0000] {dag.py:3504} INFO - Setting next_dagrun for example_trigger_controller_dag to 2021-01-01T00:00:00+00:00, run_after=2021-01-01T00:00:00+00:00
[2024-02-04T06:23:29.776+0000] {processor.py:179} INFO - Processing /usr/local/python/3.10.13/lib/python3.10/site-packages/airflow/example_dags/example_trigger_controller_dag.py took 0.125 seconds
[2024-02-04T06:24:03.074+0000] {processor.py:157} INFO - Started process (PID=13074) to work on /usr/local/python/3.10.13/lib/python3.10/site-packages/airflow/example_dags/example_trigger_controller_dag.py
[2024-02-04T06:24:03.075+0000] {processor.py:826} INFO - Processing file /usr/local/python/3.10.13/lib/python3.10/site-packages/airflow/example_dags/example_trigger_controller_dag.py for tasks to queue
[2024-02-04T06:24:03.075+0000] {logging_mixin.py:150} INFO - [2024-02-04T06:24:03.075+0000] {dagbag.py:541} INFO - Filling up the DagBag from /usr/local/python/3.10.13/lib/python3.10/site-packages/airflow/example_dags/example_trigger_controller_dag.py
[2024-02-04T06:24:03.079+0000] {processor.py:836} INFO - DAG(s) dict_keys(['example_trigger_controller_dag']) retrieved from /usr/local/python/3.10.13/lib/python3.10/site-packages/airflow/example_dags/example_trigger_controller_dag.py
[2024-02-04T06:24:03.093+0000] {logging_mixin.py:150} INFO - [2024-02-04T06:24:03.092+0000] {dag.py:2742} INFO - Sync 1 DAGs
[2024-02-04T06:24:03.110+0000] {logging_mixin.py:150} INFO - [2024-02-04T06:24:03.109+0000] {dag.py:3504} INFO - Setting next_dagrun for example_trigger_controller_dag to 2021-01-01T00:00:00+00:00, run_after=2021-01-01T00:00:00+00:00
[2024-02-04T06:24:03.154+0000] {processor.py:179} INFO - Processing /usr/local/python/3.10.13/lib/python3.10/site-packages/airflow/example_dags/example_trigger_controller_dag.py took 0.083 seconds
[2024-02-04T06:24:50.880+0000] {processor.py:157} INFO - Started process (PID=13569) to work on /usr/local/python/3.10.13/lib/python3.10/site-packages/airflow/example_dags/example_trigger_controller_dag.py
[2024-02-04T06:24:50.880+0000] {processor.py:826} INFO - Processing file /usr/local/python/3.10.13/lib/python3.10/site-packages/airflow/example_dags/example_trigger_controller_dag.py for tasks to queue
[2024-02-04T06:24:50.881+0000] {logging_mixin.py:150} INFO - [2024-02-04T06:24:50.881+0000] {dagbag.py:541} INFO - Filling up the DagBag from /usr/local/python/3.10.13/lib/python3.10/site-packages/airflow/example_dags/example_trigger_controller_dag.py
[2024-02-04T06:24:50.884+0000] {processor.py:836} INFO - DAG(s) dict_keys(['example_trigger_controller_dag']) retrieved from /usr/local/python/3.10.13/lib/python3.10/site-packages/airflow/example_dags/example_trigger_controller_dag.py
[2024-02-04T06:24:50.898+0000] {logging_mixin.py:150} INFO - [2024-02-04T06:24:50.898+0000] {dag.py:2742} INFO - Sync 1 DAGs
[2024-02-04T06:24:50.915+0000] {logging_mixin.py:150} INFO - [2024-02-04T06:24:50.915+0000] {dag.py:3504} INFO - Setting next_dagrun for example_trigger_controller_dag to 2021-01-01T00:00:00+00:00, run_after=2021-01-01T00:00:00+00:00
[2024-02-04T06:24:50.960+0000] {processor.py:179} INFO - Processing /usr/local/python/3.10.13/lib/python3.10/site-packages/airflow/example_dags/example_trigger_controller_dag.py took 0.082 seconds
