[2024-02-04T06:17:39.174+0000] {processor.py:157} INFO - Started process (PID=8850) to work on /usr/local/python/3.10.13/lib/python3.10/site-packages/airflow/example_dags/example_branch_labels.py
[2024-02-04T06:17:39.175+0000] {processor.py:826} INFO - Processing file /usr/local/python/3.10.13/lib/python3.10/site-packages/airflow/example_dags/example_branch_labels.py for tasks to queue
[2024-02-04T06:17:39.175+0000] {logging_mixin.py:150} INFO - [2024-02-04T06:17:39.175+0000] {dagbag.py:541} INFO - Filling up the DagBag from /usr/local/python/3.10.13/lib/python3.10/site-packages/airflow/example_dags/example_branch_labels.py
[2024-02-04T06:17:39.182+0000] {processor.py:836} INFO - DAG(s) dict_keys(['example_branch_labels']) retrieved from /usr/local/python/3.10.13/lib/python3.10/site-packages/airflow/example_dags/example_branch_labels.py
[2024-02-04T06:17:39.330+0000] {logging_mixin.py:150} INFO - [2024-02-04T06:17:39.329+0000] {manager.py:504} INFO - Created Permission View: can edit on DAG:example_branch_labels
[2024-02-04T06:17:39.366+0000] {logging_mixin.py:150} INFO - [2024-02-04T06:17:39.365+0000] {manager.py:504} INFO - Created Permission View: can read on DAG:example_branch_labels
[2024-02-04T06:17:39.399+0000] {logging_mixin.py:150} INFO - [2024-02-04T06:17:39.398+0000] {manager.py:504} INFO - Created Permission View: can delete on DAG:example_branch_labels
[2024-02-04T06:17:39.408+0000] {logging_mixin.py:150} INFO - [2024-02-04T06:17:39.408+0000] {dag.py:2742} INFO - Sync 1 DAGs
[2024-02-04T06:17:39.415+0000] {logging_mixin.py:150} INFO - [2024-02-04T06:17:39.415+0000] {dag.py:2763} INFO - Creating ORM DAG for example_branch_labels
[2024-02-04T06:17:39.423+0000] {logging_mixin.py:150} INFO - [2024-02-04T06:17:39.423+0000] {dag.py:3504} INFO - Setting next_dagrun for example_branch_labels to 2024-02-03T00:00:00+00:00, run_after=2024-02-04T00:00:00+00:00
[2024-02-04T06:17:39.478+0000] {processor.py:179} INFO - Processing /usr/local/python/3.10.13/lib/python3.10/site-packages/airflow/example_dags/example_branch_labels.py took 0.306 seconds
[2024-02-04T06:18:30.174+0000] {processor.py:157} INFO - Started process (PID=9367) to work on /usr/local/python/3.10.13/lib/python3.10/site-packages/airflow/example_dags/example_branch_labels.py
[2024-02-04T06:18:30.175+0000] {processor.py:826} INFO - Processing file /usr/local/python/3.10.13/lib/python3.10/site-packages/airflow/example_dags/example_branch_labels.py for tasks to queue
[2024-02-04T06:18:30.176+0000] {logging_mixin.py:150} INFO - [2024-02-04T06:18:30.176+0000] {dagbag.py:541} INFO - Filling up the DagBag from /usr/local/python/3.10.13/lib/python3.10/site-packages/airflow/example_dags/example_branch_labels.py
[2024-02-04T06:18:30.182+0000] {processor.py:836} INFO - DAG(s) dict_keys(['example_branch_labels']) retrieved from /usr/local/python/3.10.13/lib/python3.10/site-packages/airflow/example_dags/example_branch_labels.py
[2024-02-04T06:18:30.197+0000] {logging_mixin.py:150} INFO - [2024-02-04T06:18:30.197+0000] {dag.py:2742} INFO - Sync 1 DAGs
[2024-02-04T06:18:30.214+0000] {logging_mixin.py:150} INFO - [2024-02-04T06:18:30.214+0000] {dag.py:3504} INFO - Setting next_dagrun for example_branch_labels to 2024-02-03T00:00:00+00:00, run_after=2024-02-04T00:00:00+00:00
[2024-02-04T06:18:30.258+0000] {processor.py:179} INFO - Processing /usr/local/python/3.10.13/lib/python3.10/site-packages/airflow/example_dags/example_branch_labels.py took 0.087 seconds
[2024-02-04T06:19:22.424+0000] {processor.py:157} INFO - Started process (PID=9903) to work on /usr/local/python/3.10.13/lib/python3.10/site-packages/airflow/example_dags/example_branch_labels.py
[2024-02-04T06:19:22.425+0000] {processor.py:826} INFO - Processing file /usr/local/python/3.10.13/lib/python3.10/site-packages/airflow/example_dags/example_branch_labels.py for tasks to queue
[2024-02-04T06:19:22.425+0000] {logging_mixin.py:150} INFO - [2024-02-04T06:19:22.425+0000] {dagbag.py:541} INFO - Filling up the DagBag from /usr/local/python/3.10.13/lib/python3.10/site-packages/airflow/example_dags/example_branch_labels.py
[2024-02-04T06:19:22.433+0000] {processor.py:836} INFO - DAG(s) dict_keys(['example_branch_labels']) retrieved from /usr/local/python/3.10.13/lib/python3.10/site-packages/airflow/example_dags/example_branch_labels.py
[2024-02-04T06:19:22.447+0000] {logging_mixin.py:150} INFO - [2024-02-04T06:19:22.447+0000] {dag.py:2742} INFO - Sync 1 DAGs
[2024-02-04T06:19:22.465+0000] {logging_mixin.py:150} INFO - [2024-02-04T06:19:22.465+0000] {dag.py:3504} INFO - Setting next_dagrun for example_branch_labels to 2024-02-03T00:00:00+00:00, run_after=2024-02-04T00:00:00+00:00
[2024-02-04T06:19:22.509+0000] {processor.py:179} INFO - Processing /usr/local/python/3.10.13/lib/python3.10/site-packages/airflow/example_dags/example_branch_labels.py took 0.088 seconds
[2024-02-04T06:20:15.098+0000] {processor.py:157} INFO - Started process (PID=10413) to work on /usr/local/python/3.10.13/lib/python3.10/site-packages/airflow/example_dags/example_branch_labels.py
[2024-02-04T06:20:15.099+0000] {processor.py:826} INFO - Processing file /usr/local/python/3.10.13/lib/python3.10/site-packages/airflow/example_dags/example_branch_labels.py for tasks to queue
[2024-02-04T06:20:15.099+0000] {logging_mixin.py:150} INFO - [2024-02-04T06:20:15.099+0000] {dagbag.py:541} INFO - Filling up the DagBag from /usr/local/python/3.10.13/lib/python3.10/site-packages/airflow/example_dags/example_branch_labels.py
[2024-02-04T06:20:15.105+0000] {processor.py:836} INFO - DAG(s) dict_keys(['example_branch_labels']) retrieved from /usr/local/python/3.10.13/lib/python3.10/site-packages/airflow/example_dags/example_branch_labels.py
[2024-02-04T06:20:15.121+0000] {logging_mixin.py:150} INFO - [2024-02-04T06:20:15.121+0000] {dag.py:2742} INFO - Sync 1 DAGs
[2024-02-04T06:20:15.139+0000] {logging_mixin.py:150} INFO - [2024-02-04T06:20:15.139+0000] {dag.py:3504} INFO - Setting next_dagrun for example_branch_labels to 2024-02-03T00:00:00+00:00, run_after=2024-02-04T00:00:00+00:00
[2024-02-04T06:20:15.183+0000] {processor.py:179} INFO - Processing /usr/local/python/3.10.13/lib/python3.10/site-packages/airflow/example_dags/example_branch_labels.py took 0.087 seconds
[2024-02-04T06:21:10.188+0000] {processor.py:157} INFO - Started process (PID=10972) to work on /usr/local/python/3.10.13/lib/python3.10/site-packages/airflow/example_dags/example_branch_labels.py
[2024-02-04T06:21:10.193+0000] {processor.py:826} INFO - Processing file /usr/local/python/3.10.13/lib/python3.10/site-packages/airflow/example_dags/example_branch_labels.py for tasks to queue
[2024-02-04T06:21:10.194+0000] {logging_mixin.py:150} INFO - [2024-02-04T06:21:10.193+0000] {dagbag.py:541} INFO - Filling up the DagBag from /usr/local/python/3.10.13/lib/python3.10/site-packages/airflow/example_dags/example_branch_labels.py
[2024-02-04T06:21:10.212+0000] {processor.py:836} INFO - DAG(s) dict_keys(['example_branch_labels']) retrieved from /usr/local/python/3.10.13/lib/python3.10/site-packages/airflow/example_dags/example_branch_labels.py
[2024-02-04T06:21:10.239+0000] {logging_mixin.py:150} INFO - [2024-02-04T06:21:10.239+0000] {dag.py:2742} INFO - Sync 1 DAGs
[2024-02-04T06:21:10.292+0000] {logging_mixin.py:150} INFO - [2024-02-04T06:21:10.292+0000] {dag.py:3504} INFO - Setting next_dagrun for example_branch_labels to 2024-02-03T00:00:00+00:00, run_after=2024-02-04T00:00:00+00:00
[2024-02-04T06:21:10.339+0000] {processor.py:179} INFO - Processing /usr/local/python/3.10.13/lib/python3.10/site-packages/airflow/example_dags/example_branch_labels.py took 0.155 seconds
[2024-02-04T06:21:59.511+0000] {processor.py:157} INFO - Started process (PID=11558) to work on /usr/local/python/3.10.13/lib/python3.10/site-packages/airflow/example_dags/example_branch_labels.py
[2024-02-04T06:21:59.511+0000] {processor.py:826} INFO - Processing file /usr/local/python/3.10.13/lib/python3.10/site-packages/airflow/example_dags/example_branch_labels.py for tasks to queue
[2024-02-04T06:21:59.512+0000] {logging_mixin.py:150} INFO - [2024-02-04T06:21:59.512+0000] {dagbag.py:541} INFO - Filling up the DagBag from /usr/local/python/3.10.13/lib/python3.10/site-packages/airflow/example_dags/example_branch_labels.py
[2024-02-04T06:21:59.519+0000] {processor.py:836} INFO - DAG(s) dict_keys(['example_branch_labels']) retrieved from /usr/local/python/3.10.13/lib/python3.10/site-packages/airflow/example_dags/example_branch_labels.py
[2024-02-04T06:21:59.534+0000] {logging_mixin.py:150} INFO - [2024-02-04T06:21:59.533+0000] {dag.py:2742} INFO - Sync 1 DAGs
[2024-02-04T06:21:59.565+0000] {logging_mixin.py:150} INFO - [2024-02-04T06:21:59.565+0000] {dag.py:3504} INFO - Setting next_dagrun for example_branch_labels to 2024-02-03T00:00:00+00:00, run_after=2024-02-04T00:00:00+00:00
[2024-02-04T06:21:59.617+0000] {processor.py:179} INFO - Processing /usr/local/python/3.10.13/lib/python3.10/site-packages/airflow/example_dags/example_branch_labels.py took 0.109 seconds
[2024-02-04T06:22:51.085+0000] {processor.py:157} INFO - Started process (PID=12210) to work on /usr/local/python/3.10.13/lib/python3.10/site-packages/airflow/example_dags/example_branch_labels.py
[2024-02-04T06:22:51.086+0000] {processor.py:826} INFO - Processing file /usr/local/python/3.10.13/lib/python3.10/site-packages/airflow/example_dags/example_branch_labels.py for tasks to queue
[2024-02-04T06:22:51.087+0000] {logging_mixin.py:150} INFO - [2024-02-04T06:22:51.086+0000] {dagbag.py:541} INFO - Filling up the DagBag from /usr/local/python/3.10.13/lib/python3.10/site-packages/airflow/example_dags/example_branch_labels.py
[2024-02-04T06:22:51.094+0000] {processor.py:836} INFO - DAG(s) dict_keys(['example_branch_labels']) retrieved from /usr/local/python/3.10.13/lib/python3.10/site-packages/airflow/example_dags/example_branch_labels.py
[2024-02-04T06:22:51.109+0000] {logging_mixin.py:150} INFO - [2024-02-04T06:22:51.109+0000] {dag.py:2742} INFO - Sync 1 DAGs
[2024-02-04T06:22:51.128+0000] {logging_mixin.py:150} INFO - [2024-02-04T06:22:51.128+0000] {dag.py:3504} INFO - Setting next_dagrun for example_branch_labels to 2024-02-03T00:00:00+00:00, run_after=2024-02-04T00:00:00+00:00
[2024-02-04T06:22:51.173+0000] {processor.py:179} INFO - Processing /usr/local/python/3.10.13/lib/python3.10/site-packages/airflow/example_dags/example_branch_labels.py took 0.090 seconds
[2024-02-04T06:23:38.729+0000] {processor.py:157} INFO - Started process (PID=12800) to work on /usr/local/python/3.10.13/lib/python3.10/site-packages/airflow/example_dags/example_branch_labels.py
[2024-02-04T06:23:38.729+0000] {processor.py:826} INFO - Processing file /usr/local/python/3.10.13/lib/python3.10/site-packages/airflow/example_dags/example_branch_labels.py for tasks to queue
[2024-02-04T06:23:38.730+0000] {logging_mixin.py:150} INFO - [2024-02-04T06:23:38.730+0000] {dagbag.py:541} INFO - Filling up the DagBag from /usr/local/python/3.10.13/lib/python3.10/site-packages/airflow/example_dags/example_branch_labels.py
[2024-02-04T06:23:38.739+0000] {processor.py:836} INFO - DAG(s) dict_keys(['example_branch_labels']) retrieved from /usr/local/python/3.10.13/lib/python3.10/site-packages/airflow/example_dags/example_branch_labels.py
[2024-02-04T06:23:38.758+0000] {logging_mixin.py:150} INFO - [2024-02-04T06:23:38.758+0000] {dag.py:2742} INFO - Sync 1 DAGs
[2024-02-04T06:23:38.785+0000] {logging_mixin.py:150} INFO - [2024-02-04T06:23:38.785+0000] {dag.py:3504} INFO - Setting next_dagrun for example_branch_labels to 2024-02-03T00:00:00+00:00, run_after=2024-02-04T00:00:00+00:00
[2024-02-04T06:23:38.840+0000] {processor.py:179} INFO - Processing /usr/local/python/3.10.13/lib/python3.10/site-packages/airflow/example_dags/example_branch_labels.py took 0.114 seconds
[2024-02-04T06:24:25.202+0000] {processor.py:157} INFO - Started process (PID=13306) to work on /usr/local/python/3.10.13/lib/python3.10/site-packages/airflow/example_dags/example_branch_labels.py
[2024-02-04T06:24:25.203+0000] {processor.py:826} INFO - Processing file /usr/local/python/3.10.13/lib/python3.10/site-packages/airflow/example_dags/example_branch_labels.py for tasks to queue
[2024-02-04T06:24:25.204+0000] {logging_mixin.py:150} INFO - [2024-02-04T06:24:25.204+0000] {dagbag.py:541} INFO - Filling up the DagBag from /usr/local/python/3.10.13/lib/python3.10/site-packages/airflow/example_dags/example_branch_labels.py
[2024-02-04T06:24:25.214+0000] {processor.py:836} INFO - DAG(s) dict_keys(['example_branch_labels']) retrieved from /usr/local/python/3.10.13/lib/python3.10/site-packages/airflow/example_dags/example_branch_labels.py
[2024-02-04T06:24:25.231+0000] {logging_mixin.py:150} INFO - [2024-02-04T06:24:25.230+0000] {dag.py:2742} INFO - Sync 1 DAGs
[2024-02-04T06:24:25.256+0000] {logging_mixin.py:150} INFO - [2024-02-04T06:24:25.255+0000] {dag.py:3504} INFO - Setting next_dagrun for example_branch_labels to 2024-02-03T00:00:00+00:00, run_after=2024-02-04T00:00:00+00:00
[2024-02-04T06:24:25.300+0000] {processor.py:179} INFO - Processing /usr/local/python/3.10.13/lib/python3.10/site-packages/airflow/example_dags/example_branch_labels.py took 0.102 seconds
