[2024-02-04T06:17:28.232+0000] {processor.py:157} INFO - Started process (PID=8744) to work on /usr/local/python/3.10.13/lib/python3.10/site-packages/airflow/example_dags/example_sensors.py
[2024-02-04T06:17:28.233+0000] {processor.py:826} INFO - Processing file /usr/local/python/3.10.13/lib/python3.10/site-packages/airflow/example_dags/example_sensors.py for tasks to queue
[2024-02-04T06:17:28.234+0000] {logging_mixin.py:150} INFO - [2024-02-04T06:17:28.234+0000] {dagbag.py:541} INFO - Filling up the DagBag from /usr/local/python/3.10.13/lib/python3.10/site-packages/airflow/example_dags/example_sensors.py
[2024-02-04T06:17:28.249+0000] {processor.py:836} INFO - DAG(s) dict_keys(['example_sensors']) retrieved from /usr/local/python/3.10.13/lib/python3.10/site-packages/airflow/example_dags/example_sensors.py
[2024-02-04T06:17:28.424+0000] {logging_mixin.py:150} INFO - [2024-02-04T06:17:28.424+0000] {manager.py:504} INFO - Created Permission View: can edit on DAG:example_sensors
[2024-02-04T06:17:28.480+0000] {logging_mixin.py:150} INFO - [2024-02-04T06:17:28.479+0000] {manager.py:504} INFO - Created Permission View: can read on DAG:example_sensors
[2024-02-04T06:17:28.512+0000] {logging_mixin.py:150} INFO - [2024-02-04T06:17:28.512+0000] {manager.py:504} INFO - Created Permission View: can delete on DAG:example_sensors
[2024-02-04T06:17:28.522+0000] {logging_mixin.py:150} INFO - [2024-02-04T06:17:28.522+0000] {dag.py:2742} INFO - Sync 1 DAGs
[2024-02-04T06:17:28.530+0000] {logging_mixin.py:150} INFO - [2024-02-04T06:17:28.529+0000] {dag.py:2763} INFO - Creating ORM DAG for example_sensors
[2024-02-04T06:17:28.537+0000] {logging_mixin.py:150} INFO - [2024-02-04T06:17:28.537+0000] {dag.py:3504} INFO - Setting next_dagrun for example_sensors to None, run_after=None
[2024-02-04T06:17:28.588+0000] {processor.py:179} INFO - Processing /usr/local/python/3.10.13/lib/python3.10/site-packages/airflow/example_dags/example_sensors.py took 0.361 seconds
[2024-02-04T06:18:20.893+0000] {processor.py:157} INFO - Started process (PID=9258) to work on /usr/local/python/3.10.13/lib/python3.10/site-packages/airflow/example_dags/example_sensors.py
[2024-02-04T06:18:20.894+0000] {processor.py:826} INFO - Processing file /usr/local/python/3.10.13/lib/python3.10/site-packages/airflow/example_dags/example_sensors.py for tasks to queue
[2024-02-04T06:18:20.894+0000] {logging_mixin.py:150} INFO - [2024-02-04T06:18:20.894+0000] {dagbag.py:541} INFO - Filling up the DagBag from /usr/local/python/3.10.13/lib/python3.10/site-packages/airflow/example_dags/example_sensors.py
[2024-02-04T06:18:20.902+0000] {processor.py:836} INFO - DAG(s) dict_keys(['example_sensors']) retrieved from /usr/local/python/3.10.13/lib/python3.10/site-packages/airflow/example_dags/example_sensors.py
[2024-02-04T06:18:20.921+0000] {logging_mixin.py:150} INFO - [2024-02-04T06:18:20.921+0000] {dag.py:2742} INFO - Sync 1 DAGs
[2024-02-04T06:18:20.940+0000] {logging_mixin.py:150} INFO - [2024-02-04T06:18:20.940+0000] {dag.py:3504} INFO - Setting next_dagrun for example_sensors to None, run_after=None
[2024-02-04T06:18:20.987+0000] {processor.py:179} INFO - Processing /usr/local/python/3.10.13/lib/python3.10/site-packages/airflow/example_dags/example_sensors.py took 0.096 seconds
[2024-02-04T06:19:07.935+0000] {processor.py:157} INFO - Started process (PID=9749) to work on /usr/local/python/3.10.13/lib/python3.10/site-packages/airflow/example_dags/example_sensors.py
[2024-02-04T06:19:07.936+0000] {processor.py:826} INFO - Processing file /usr/local/python/3.10.13/lib/python3.10/site-packages/airflow/example_dags/example_sensors.py for tasks to queue
[2024-02-04T06:19:07.937+0000] {logging_mixin.py:150} INFO - [2024-02-04T06:19:07.936+0000] {dagbag.py:541} INFO - Filling up the DagBag from /usr/local/python/3.10.13/lib/python3.10/site-packages/airflow/example_dags/example_sensors.py
[2024-02-04T06:19:07.947+0000] {processor.py:836} INFO - DAG(s) dict_keys(['example_sensors']) retrieved from /usr/local/python/3.10.13/lib/python3.10/site-packages/airflow/example_dags/example_sensors.py
[2024-02-04T06:19:07.963+0000] {logging_mixin.py:150} INFO - [2024-02-04T06:19:07.963+0000] {dag.py:2742} INFO - Sync 1 DAGs
[2024-02-04T06:19:07.980+0000] {logging_mixin.py:150} INFO - [2024-02-04T06:19:07.980+0000] {dag.py:3504} INFO - Setting next_dagrun for example_sensors to None, run_after=None
[2024-02-04T06:19:08.028+0000] {processor.py:179} INFO - Processing /usr/local/python/3.10.13/lib/python3.10/site-packages/airflow/example_dags/example_sensors.py took 0.096 seconds
[2024-02-04T06:20:00.306+0000] {processor.py:157} INFO - Started process (PID=10268) to work on /usr/local/python/3.10.13/lib/python3.10/site-packages/airflow/example_dags/example_sensors.py
[2024-02-04T06:20:00.307+0000] {processor.py:826} INFO - Processing file /usr/local/python/3.10.13/lib/python3.10/site-packages/airflow/example_dags/example_sensors.py for tasks to queue
[2024-02-04T06:20:00.308+0000] {logging_mixin.py:150} INFO - [2024-02-04T06:20:00.307+0000] {dagbag.py:541} INFO - Filling up the DagBag from /usr/local/python/3.10.13/lib/python3.10/site-packages/airflow/example_dags/example_sensors.py
[2024-02-04T06:20:00.316+0000] {processor.py:836} INFO - DAG(s) dict_keys(['example_sensors']) retrieved from /usr/local/python/3.10.13/lib/python3.10/site-packages/airflow/example_dags/example_sensors.py
[2024-02-04T06:20:00.332+0000] {logging_mixin.py:150} INFO - [2024-02-04T06:20:00.331+0000] {dag.py:2742} INFO - Sync 1 DAGs
[2024-02-04T06:20:00.347+0000] {logging_mixin.py:150} INFO - [2024-02-04T06:20:00.347+0000] {dag.py:3504} INFO - Setting next_dagrun for example_sensors to None, run_after=None
[2024-02-04T06:20:00.391+0000] {processor.py:179} INFO - Processing /usr/local/python/3.10.13/lib/python3.10/site-packages/airflow/example_dags/example_sensors.py took 0.087 seconds
[2024-02-04T06:20:54.196+0000] {processor.py:157} INFO - Started process (PID=10824) to work on /usr/local/python/3.10.13/lib/python3.10/site-packages/airflow/example_dags/example_sensors.py
[2024-02-04T06:20:54.197+0000] {processor.py:826} INFO - Processing file /usr/local/python/3.10.13/lib/python3.10/site-packages/airflow/example_dags/example_sensors.py for tasks to queue
[2024-02-04T06:20:54.198+0000] {logging_mixin.py:150} INFO - [2024-02-04T06:20:54.198+0000] {dagbag.py:541} INFO - Filling up the DagBag from /usr/local/python/3.10.13/lib/python3.10/site-packages/airflow/example_dags/example_sensors.py
[2024-02-04T06:20:54.210+0000] {processor.py:836} INFO - DAG(s) dict_keys(['example_sensors']) retrieved from /usr/local/python/3.10.13/lib/python3.10/site-packages/airflow/example_dags/example_sensors.py
[2024-02-04T06:20:54.235+0000] {logging_mixin.py:150} INFO - [2024-02-04T06:20:54.235+0000] {dag.py:2742} INFO - Sync 1 DAGs
[2024-02-04T06:20:54.253+0000] {logging_mixin.py:150} INFO - [2024-02-04T06:20:54.253+0000] {dag.py:3504} INFO - Setting next_dagrun for example_sensors to None, run_after=None
[2024-02-04T06:20:54.318+0000] {processor.py:179} INFO - Processing /usr/local/python/3.10.13/lib/python3.10/site-packages/airflow/example_dags/example_sensors.py took 0.125 seconds
[2024-02-04T06:21:43.978+0000] {processor.py:157} INFO - Started process (PID=11421) to work on /usr/local/python/3.10.13/lib/python3.10/site-packages/airflow/example_dags/example_sensors.py
[2024-02-04T06:21:43.979+0000] {processor.py:826} INFO - Processing file /usr/local/python/3.10.13/lib/python3.10/site-packages/airflow/example_dags/example_sensors.py for tasks to queue
[2024-02-04T06:21:43.979+0000] {logging_mixin.py:150} INFO - [2024-02-04T06:21:43.979+0000] {dagbag.py:541} INFO - Filling up the DagBag from /usr/local/python/3.10.13/lib/python3.10/site-packages/airflow/example_dags/example_sensors.py
[2024-02-04T06:21:43.987+0000] {processor.py:836} INFO - DAG(s) dict_keys(['example_sensors']) retrieved from /usr/local/python/3.10.13/lib/python3.10/site-packages/airflow/example_dags/example_sensors.py
[2024-02-04T06:21:44.003+0000] {logging_mixin.py:150} INFO - [2024-02-04T06:21:44.003+0000] {dag.py:2742} INFO - Sync 1 DAGs
[2024-02-04T06:21:44.019+0000] {logging_mixin.py:150} INFO - [2024-02-04T06:21:44.018+0000] {dag.py:3504} INFO - Setting next_dagrun for example_sensors to None, run_after=None
[2024-02-04T06:21:44.063+0000] {processor.py:179} INFO - Processing /usr/local/python/3.10.13/lib/python3.10/site-packages/airflow/example_dags/example_sensors.py took 0.087 seconds
[2024-02-04T06:22:35.885+0000] {processor.py:157} INFO - Started process (PID=11974) to work on /usr/local/python/3.10.13/lib/python3.10/site-packages/airflow/example_dags/example_sensors.py
[2024-02-04T06:22:35.886+0000] {processor.py:826} INFO - Processing file /usr/local/python/3.10.13/lib/python3.10/site-packages/airflow/example_dags/example_sensors.py for tasks to queue
[2024-02-04T06:22:35.886+0000] {logging_mixin.py:150} INFO - [2024-02-04T06:22:35.886+0000] {dagbag.py:541} INFO - Filling up the DagBag from /usr/local/python/3.10.13/lib/python3.10/site-packages/airflow/example_dags/example_sensors.py
[2024-02-04T06:22:35.911+0000] {processor.py:836} INFO - DAG(s) dict_keys(['example_sensors']) retrieved from /usr/local/python/3.10.13/lib/python3.10/site-packages/airflow/example_dags/example_sensors.py
[2024-02-04T06:22:35.949+0000] {logging_mixin.py:150} INFO - [2024-02-04T06:22:35.949+0000] {dag.py:2742} INFO - Sync 1 DAGs
[2024-02-04T06:22:35.976+0000] {logging_mixin.py:150} INFO - [2024-02-04T06:22:35.976+0000] {dag.py:3504} INFO - Setting next_dagrun for example_sensors to None, run_after=None
[2024-02-04T06:22:36.026+0000] {processor.py:179} INFO - Processing /usr/local/python/3.10.13/lib/python3.10/site-packages/airflow/example_dags/example_sensors.py took 0.143 seconds
[2024-02-04T06:23:21.515+0000] {processor.py:157} INFO - Started process (PID=12575) to work on /usr/local/python/3.10.13/lib/python3.10/site-packages/airflow/example_dags/example_sensors.py
[2024-02-04T06:23:21.516+0000] {processor.py:826} INFO - Processing file /usr/local/python/3.10.13/lib/python3.10/site-packages/airflow/example_dags/example_sensors.py for tasks to queue
[2024-02-04T06:23:21.517+0000] {logging_mixin.py:150} INFO - [2024-02-04T06:23:21.516+0000] {dagbag.py:541} INFO - Filling up the DagBag from /usr/local/python/3.10.13/lib/python3.10/site-packages/airflow/example_dags/example_sensors.py
[2024-02-04T06:23:21.525+0000] {processor.py:836} INFO - DAG(s) dict_keys(['example_sensors']) retrieved from /usr/local/python/3.10.13/lib/python3.10/site-packages/airflow/example_dags/example_sensors.py
[2024-02-04T06:23:21.541+0000] {logging_mixin.py:150} INFO - [2024-02-04T06:23:21.541+0000] {dag.py:2742} INFO - Sync 1 DAGs
[2024-02-04T06:23:21.559+0000] {logging_mixin.py:150} INFO - [2024-02-04T06:23:21.558+0000] {dag.py:3504} INFO - Setting next_dagrun for example_sensors to None, run_after=None
[2024-02-04T06:23:21.603+0000] {processor.py:179} INFO - Processing /usr/local/python/3.10.13/lib/python3.10/site-packages/airflow/example_dags/example_sensors.py took 0.091 seconds
[2024-02-04T06:24:10.491+0000] {processor.py:157} INFO - Started process (PID=13176) to work on /usr/local/python/3.10.13/lib/python3.10/site-packages/airflow/example_dags/example_sensors.py
[2024-02-04T06:24:10.492+0000] {processor.py:826} INFO - Processing file /usr/local/python/3.10.13/lib/python3.10/site-packages/airflow/example_dags/example_sensors.py for tasks to queue
[2024-02-04T06:24:10.493+0000] {logging_mixin.py:150} INFO - [2024-02-04T06:24:10.492+0000] {dagbag.py:541} INFO - Filling up the DagBag from /usr/local/python/3.10.13/lib/python3.10/site-packages/airflow/example_dags/example_sensors.py
[2024-02-04T06:24:10.501+0000] {processor.py:836} INFO - DAG(s) dict_keys(['example_sensors']) retrieved from /usr/local/python/3.10.13/lib/python3.10/site-packages/airflow/example_dags/example_sensors.py
[2024-02-04T06:24:10.518+0000] {logging_mixin.py:150} INFO - [2024-02-04T06:24:10.517+0000] {dag.py:2742} INFO - Sync 1 DAGs
[2024-02-04T06:24:10.535+0000] {logging_mixin.py:150} INFO - [2024-02-04T06:24:10.535+0000] {dag.py:3504} INFO - Setting next_dagrun for example_sensors to None, run_after=None
[2024-02-04T06:24:10.578+0000] {processor.py:179} INFO - Processing /usr/local/python/3.10.13/lib/python3.10/site-packages/airflow/example_dags/example_sensors.py took 0.089 seconds
[2024-02-04T06:25:00.151+0000] {processor.py:157} INFO - Started process (PID=13674) to work on /usr/local/python/3.10.13/lib/python3.10/site-packages/airflow/example_dags/example_sensors.py
[2024-02-04T06:25:00.151+0000] {processor.py:826} INFO - Processing file /usr/local/python/3.10.13/lib/python3.10/site-packages/airflow/example_dags/example_sensors.py for tasks to queue
[2024-02-04T06:25:00.152+0000] {logging_mixin.py:150} INFO - [2024-02-04T06:25:00.152+0000] {dagbag.py:541} INFO - Filling up the DagBag from /usr/local/python/3.10.13/lib/python3.10/site-packages/airflow/example_dags/example_sensors.py
[2024-02-04T06:25:00.160+0000] {processor.py:836} INFO - DAG(s) dict_keys(['example_sensors']) retrieved from /usr/local/python/3.10.13/lib/python3.10/site-packages/airflow/example_dags/example_sensors.py
[2024-02-04T06:25:00.178+0000] {logging_mixin.py:150} INFO - [2024-02-04T06:25:00.178+0000] {dag.py:2742} INFO - Sync 1 DAGs
[2024-02-04T06:25:00.195+0000] {logging_mixin.py:150} INFO - [2024-02-04T06:25:00.195+0000] {dag.py:3504} INFO - Setting next_dagrun for example_sensors to None, run_after=None
[2024-02-04T06:25:00.244+0000] {processor.py:179} INFO - Processing /usr/local/python/3.10.13/lib/python3.10/site-packages/airflow/example_dags/example_sensors.py took 0.096 seconds
