[2024-02-04T06:17:19.749+0000] {processor.py:157} INFO - Started process (PID=8664) to work on /usr/local/python/3.10.13/lib/python3.10/site-packages/airflow/example_dags/example_short_circuit_decorator.py
[2024-02-04T06:17:19.750+0000] {processor.py:826} INFO - Processing file /usr/local/python/3.10.13/lib/python3.10/site-packages/airflow/example_dags/example_short_circuit_decorator.py for tasks to queue
[2024-02-04T06:17:19.750+0000] {logging_mixin.py:150} INFO - [2024-02-04T06:17:19.750+0000] {dagbag.py:541} INFO - Filling up the DagBag from /usr/local/python/3.10.13/lib/python3.10/site-packages/airflow/example_dags/example_short_circuit_decorator.py
[2024-02-04T06:17:19.763+0000] {processor.py:836} INFO - DAG(s) dict_keys(['example_short_circuit_decorator']) retrieved from /usr/local/python/3.10.13/lib/python3.10/site-packages/airflow/example_dags/example_short_circuit_decorator.py
[2024-02-04T06:17:19.915+0000] {logging_mixin.py:150} INFO - [2024-02-04T06:17:19.915+0000] {manager.py:504} INFO - Created Permission View: can edit on DAG:example_short_circuit_decorator
[2024-02-04T06:17:19.955+0000] {logging_mixin.py:150} INFO - [2024-02-04T06:17:19.955+0000] {manager.py:504} INFO - Created Permission View: can read on DAG:example_short_circuit_decorator
[2024-02-04T06:17:19.989+0000] {logging_mixin.py:150} INFO - [2024-02-04T06:17:19.989+0000] {manager.py:504} INFO - Created Permission View: can delete on DAG:example_short_circuit_decorator
[2024-02-04T06:17:19.999+0000] {logging_mixin.py:150} INFO - [2024-02-04T06:17:19.999+0000] {dag.py:2742} INFO - Sync 1 DAGs
[2024-02-04T06:17:20.007+0000] {logging_mixin.py:150} INFO - [2024-02-04T06:17:20.007+0000] {dag.py:2763} INFO - Creating ORM DAG for example_short_circuit_decorator
[2024-02-04T06:17:20.014+0000] {logging_mixin.py:150} INFO - [2024-02-04T06:17:20.013+0000] {dag.py:3504} INFO - Setting next_dagrun for example_short_circuit_decorator to 2024-02-03T06:17:20.013782+00:00, run_after=2024-02-04T06:17:20.013782+00:00
[2024-02-04T06:17:20.070+0000] {processor.py:179} INFO - Processing /usr/local/python/3.10.13/lib/python3.10/site-packages/airflow/example_dags/example_short_circuit_decorator.py took 0.323 seconds
[2024-02-04T06:18:14.464+0000] {processor.py:157} INFO - Started process (PID=9188) to work on /usr/local/python/3.10.13/lib/python3.10/site-packages/airflow/example_dags/example_short_circuit_decorator.py
[2024-02-04T06:18:14.464+0000] {processor.py:826} INFO - Processing file /usr/local/python/3.10.13/lib/python3.10/site-packages/airflow/example_dags/example_short_circuit_decorator.py for tasks to queue
[2024-02-04T06:18:14.465+0000] {logging_mixin.py:150} INFO - [2024-02-04T06:18:14.465+0000] {dagbag.py:541} INFO - Filling up the DagBag from /usr/local/python/3.10.13/lib/python3.10/site-packages/airflow/example_dags/example_short_circuit_decorator.py
[2024-02-04T06:18:14.472+0000] {processor.py:836} INFO - DAG(s) dict_keys(['example_short_circuit_decorator']) retrieved from /usr/local/python/3.10.13/lib/python3.10/site-packages/airflow/example_dags/example_short_circuit_decorator.py
[2024-02-04T06:18:14.486+0000] {logging_mixin.py:150} INFO - [2024-02-04T06:18:14.486+0000] {dag.py:2742} INFO - Sync 1 DAGs
[2024-02-04T06:18:14.502+0000] {logging_mixin.py:150} INFO - [2024-02-04T06:18:14.502+0000] {dag.py:3504} INFO - Setting next_dagrun for example_short_circuit_decorator to 2024-02-03T06:18:14.502562+00:00, run_after=2024-02-04T06:18:14.502562+00:00
[2024-02-04T06:18:14.546+0000] {processor.py:179} INFO - Processing /usr/local/python/3.10.13/lib/python3.10/site-packages/airflow/example_dags/example_short_circuit_decorator.py took 0.084 seconds
[2024-02-04T06:19:01.592+0000] {processor.py:157} INFO - Started process (PID=9693) to work on /usr/local/python/3.10.13/lib/python3.10/site-packages/airflow/example_dags/example_short_circuit_decorator.py
[2024-02-04T06:19:01.592+0000] {processor.py:826} INFO - Processing file /usr/local/python/3.10.13/lib/python3.10/site-packages/airflow/example_dags/example_short_circuit_decorator.py for tasks to queue
[2024-02-04T06:19:01.593+0000] {logging_mixin.py:150} INFO - [2024-02-04T06:19:01.593+0000] {dagbag.py:541} INFO - Filling up the DagBag from /usr/local/python/3.10.13/lib/python3.10/site-packages/airflow/example_dags/example_short_circuit_decorator.py
[2024-02-04T06:19:01.600+0000] {processor.py:836} INFO - DAG(s) dict_keys(['example_short_circuit_decorator']) retrieved from /usr/local/python/3.10.13/lib/python3.10/site-packages/airflow/example_dags/example_short_circuit_decorator.py
[2024-02-04T06:19:01.614+0000] {logging_mixin.py:150} INFO - [2024-02-04T06:19:01.614+0000] {dag.py:2742} INFO - Sync 1 DAGs
[2024-02-04T06:19:01.629+0000] {logging_mixin.py:150} INFO - [2024-02-04T06:19:01.629+0000] {dag.py:3504} INFO - Setting next_dagrun for example_short_circuit_decorator to 2024-02-03T06:19:01.629367+00:00, run_after=2024-02-04T06:19:01.629367+00:00
[2024-02-04T06:19:01.672+0000] {processor.py:179} INFO - Processing /usr/local/python/3.10.13/lib/python3.10/site-packages/airflow/example_dags/example_short_circuit_decorator.py took 0.082 seconds
[2024-02-04T06:19:53.254+0000] {processor.py:157} INFO - Started process (PID=10209) to work on /usr/local/python/3.10.13/lib/python3.10/site-packages/airflow/example_dags/example_short_circuit_decorator.py
[2024-02-04T06:19:53.254+0000] {processor.py:826} INFO - Processing file /usr/local/python/3.10.13/lib/python3.10/site-packages/airflow/example_dags/example_short_circuit_decorator.py for tasks to queue
[2024-02-04T06:19:53.255+0000] {logging_mixin.py:150} INFO - [2024-02-04T06:19:53.255+0000] {dagbag.py:541} INFO - Filling up the DagBag from /usr/local/python/3.10.13/lib/python3.10/site-packages/airflow/example_dags/example_short_circuit_decorator.py
[2024-02-04T06:19:53.264+0000] {processor.py:836} INFO - DAG(s) dict_keys(['example_short_circuit_decorator']) retrieved from /usr/local/python/3.10.13/lib/python3.10/site-packages/airflow/example_dags/example_short_circuit_decorator.py
[2024-02-04T06:19:53.292+0000] {logging_mixin.py:150} INFO - [2024-02-04T06:19:53.291+0000] {dag.py:2742} INFO - Sync 1 DAGs
[2024-02-04T06:19:53.319+0000] {logging_mixin.py:150} INFO - [2024-02-04T06:19:53.319+0000] {dag.py:3504} INFO - Setting next_dagrun for example_short_circuit_decorator to 2024-02-03T06:19:53.319108+00:00, run_after=2024-02-04T06:19:53.319108+00:00
[2024-02-04T06:19:53.370+0000] {processor.py:179} INFO - Processing /usr/local/python/3.10.13/lib/python3.10/site-packages/airflow/example_dags/example_short_circuit_decorator.py took 0.119 seconds
[2024-02-04T06:20:46.935+0000] {processor.py:157} INFO - Started process (PID=10732) to work on /usr/local/python/3.10.13/lib/python3.10/site-packages/airflow/example_dags/example_short_circuit_decorator.py
[2024-02-04T06:20:46.935+0000] {processor.py:826} INFO - Processing file /usr/local/python/3.10.13/lib/python3.10/site-packages/airflow/example_dags/example_short_circuit_decorator.py for tasks to queue
[2024-02-04T06:20:46.936+0000] {logging_mixin.py:150} INFO - [2024-02-04T06:20:46.936+0000] {dagbag.py:541} INFO - Filling up the DagBag from /usr/local/python/3.10.13/lib/python3.10/site-packages/airflow/example_dags/example_short_circuit_decorator.py
[2024-02-04T06:20:46.943+0000] {processor.py:836} INFO - DAG(s) dict_keys(['example_short_circuit_decorator']) retrieved from /usr/local/python/3.10.13/lib/python3.10/site-packages/airflow/example_dags/example_short_circuit_decorator.py
[2024-02-04T06:20:46.958+0000] {logging_mixin.py:150} INFO - [2024-02-04T06:20:46.958+0000] {dag.py:2742} INFO - Sync 1 DAGs
[2024-02-04T06:20:46.974+0000] {logging_mixin.py:150} INFO - [2024-02-04T06:20:46.974+0000] {dag.py:3504} INFO - Setting next_dagrun for example_short_circuit_decorator to 2024-02-03T06:20:46.973881+00:00, run_after=2024-02-04T06:20:46.973881+00:00
[2024-02-04T06:20:47.022+0000] {processor.py:179} INFO - Processing /usr/local/python/3.10.13/lib/python3.10/site-packages/airflow/example_dags/example_short_circuit_decorator.py took 0.090 seconds
[2024-02-04T06:21:29.539+0000] {processor.py:157} INFO - Started process (PID=11210) to work on /usr/local/python/3.10.13/lib/python3.10/site-packages/airflow/example_dags/example_short_circuit_decorator.py
[2024-02-04T06:21:29.539+0000] {processor.py:826} INFO - Processing file /usr/local/python/3.10.13/lib/python3.10/site-packages/airflow/example_dags/example_short_circuit_decorator.py for tasks to queue
[2024-02-04T06:21:29.540+0000] {logging_mixin.py:150} INFO - [2024-02-04T06:21:29.540+0000] {dagbag.py:541} INFO - Filling up the DagBag from /usr/local/python/3.10.13/lib/python3.10/site-packages/airflow/example_dags/example_short_circuit_decorator.py
[2024-02-04T06:21:29.548+0000] {processor.py:836} INFO - DAG(s) dict_keys(['example_short_circuit_decorator']) retrieved from /usr/local/python/3.10.13/lib/python3.10/site-packages/airflow/example_dags/example_short_circuit_decorator.py
[2024-02-04T06:21:29.564+0000] {logging_mixin.py:150} INFO - [2024-02-04T06:21:29.564+0000] {dag.py:2742} INFO - Sync 1 DAGs
[2024-02-04T06:21:29.582+0000] {logging_mixin.py:150} INFO - [2024-02-04T06:21:29.582+0000] {dag.py:3504} INFO - Setting next_dagrun for example_short_circuit_decorator to 2024-02-03T06:21:29.582063+00:00, run_after=2024-02-04T06:21:29.582063+00:00
[2024-02-04T06:21:29.629+0000] {processor.py:179} INFO - Processing /usr/local/python/3.10.13/lib/python3.10/site-packages/airflow/example_dags/example_short_circuit_decorator.py took 0.093 seconds
[2024-02-04T06:22:19.250+0000] {processor.py:157} INFO - Started process (PID=11780) to work on /usr/local/python/3.10.13/lib/python3.10/site-packages/airflow/example_dags/example_short_circuit_decorator.py
[2024-02-04T06:22:19.251+0000] {processor.py:826} INFO - Processing file /usr/local/python/3.10.13/lib/python3.10/site-packages/airflow/example_dags/example_short_circuit_decorator.py for tasks to queue
[2024-02-04T06:22:19.252+0000] {logging_mixin.py:150} INFO - [2024-02-04T06:22:19.251+0000] {dagbag.py:541} INFO - Filling up the DagBag from /usr/local/python/3.10.13/lib/python3.10/site-packages/airflow/example_dags/example_short_circuit_decorator.py
[2024-02-04T06:22:19.260+0000] {processor.py:836} INFO - DAG(s) dict_keys(['example_short_circuit_decorator']) retrieved from /usr/local/python/3.10.13/lib/python3.10/site-packages/airflow/example_dags/example_short_circuit_decorator.py
[2024-02-04T06:22:19.274+0000] {logging_mixin.py:150} INFO - [2024-02-04T06:22:19.274+0000] {dag.py:2742} INFO - Sync 1 DAGs
[2024-02-04T06:22:19.291+0000] {logging_mixin.py:150} INFO - [2024-02-04T06:22:19.291+0000] {dag.py:3504} INFO - Setting next_dagrun for example_short_circuit_decorator to 2024-02-03T06:22:19.290844+00:00, run_after=2024-02-04T06:22:19.290844+00:00
[2024-02-04T06:22:19.336+0000] {processor.py:179} INFO - Processing /usr/local/python/3.10.13/lib/python3.10/site-packages/airflow/example_dags/example_short_circuit_decorator.py took 0.088 seconds
[2024-02-04T06:23:08.226+0000] {processor.py:157} INFO - Started process (PID=12452) to work on /usr/local/python/3.10.13/lib/python3.10/site-packages/airflow/example_dags/example_short_circuit_decorator.py
[2024-02-04T06:23:08.227+0000] {processor.py:826} INFO - Processing file /usr/local/python/3.10.13/lib/python3.10/site-packages/airflow/example_dags/example_short_circuit_decorator.py for tasks to queue
[2024-02-04T06:23:08.228+0000] {logging_mixin.py:150} INFO - [2024-02-04T06:23:08.228+0000] {dagbag.py:541} INFO - Filling up the DagBag from /usr/local/python/3.10.13/lib/python3.10/site-packages/airflow/example_dags/example_short_circuit_decorator.py
[2024-02-04T06:23:08.236+0000] {processor.py:836} INFO - DAG(s) dict_keys(['example_short_circuit_decorator']) retrieved from /usr/local/python/3.10.13/lib/python3.10/site-packages/airflow/example_dags/example_short_circuit_decorator.py
[2024-02-04T06:23:08.252+0000] {logging_mixin.py:150} INFO - [2024-02-04T06:23:08.251+0000] {dag.py:2742} INFO - Sync 1 DAGs
[2024-02-04T06:23:08.269+0000] {logging_mixin.py:150} INFO - [2024-02-04T06:23:08.269+0000] {dag.py:3504} INFO - Setting next_dagrun for example_short_circuit_decorator to 2024-02-03T06:23:08.269126+00:00, run_after=2024-02-04T06:23:08.269126+00:00
[2024-02-04T06:23:08.314+0000] {processor.py:179} INFO - Processing /usr/local/python/3.10.13/lib/python3.10/site-packages/airflow/example_dags/example_short_circuit_decorator.py took 0.091 seconds
[2024-02-04T06:23:57.217+0000] {processor.py:157} INFO - Started process (PID=13019) to work on /usr/local/python/3.10.13/lib/python3.10/site-packages/airflow/example_dags/example_short_circuit_decorator.py
[2024-02-04T06:23:57.218+0000] {processor.py:826} INFO - Processing file /usr/local/python/3.10.13/lib/python3.10/site-packages/airflow/example_dags/example_short_circuit_decorator.py for tasks to queue
[2024-02-04T06:23:57.219+0000] {logging_mixin.py:150} INFO - [2024-02-04T06:23:57.219+0000] {dagbag.py:541} INFO - Filling up the DagBag from /usr/local/python/3.10.13/lib/python3.10/site-packages/airflow/example_dags/example_short_circuit_decorator.py
[2024-02-04T06:23:57.230+0000] {processor.py:836} INFO - DAG(s) dict_keys(['example_short_circuit_decorator']) retrieved from /usr/local/python/3.10.13/lib/python3.10/site-packages/airflow/example_dags/example_short_circuit_decorator.py
[2024-02-04T06:23:57.253+0000] {logging_mixin.py:150} INFO - [2024-02-04T06:23:57.253+0000] {dag.py:2742} INFO - Sync 1 DAGs
[2024-02-04T06:23:57.279+0000] {logging_mixin.py:150} INFO - [2024-02-04T06:23:57.278+0000] {dag.py:3504} INFO - Setting next_dagrun for example_short_circuit_decorator to 2024-02-03T06:23:57.278533+00:00, run_after=2024-02-04T06:23:57.278533+00:00
[2024-02-04T06:23:57.363+0000] {processor.py:179} INFO - Processing /usr/local/python/3.10.13/lib/python3.10/site-packages/airflow/example_dags/example_short_circuit_decorator.py took 0.149 seconds
[2024-02-04T06:24:44.802+0000] {processor.py:157} INFO - Started process (PID=13503) to work on /usr/local/python/3.10.13/lib/python3.10/site-packages/airflow/example_dags/example_short_circuit_decorator.py
[2024-02-04T06:24:44.802+0000] {processor.py:826} INFO - Processing file /usr/local/python/3.10.13/lib/python3.10/site-packages/airflow/example_dags/example_short_circuit_decorator.py for tasks to queue
[2024-02-04T06:24:44.803+0000] {logging_mixin.py:150} INFO - [2024-02-04T06:24:44.803+0000] {dagbag.py:541} INFO - Filling up the DagBag from /usr/local/python/3.10.13/lib/python3.10/site-packages/airflow/example_dags/example_short_circuit_decorator.py
[2024-02-04T06:24:44.811+0000] {processor.py:836} INFO - DAG(s) dict_keys(['example_short_circuit_decorator']) retrieved from /usr/local/python/3.10.13/lib/python3.10/site-packages/airflow/example_dags/example_short_circuit_decorator.py
[2024-02-04T06:24:44.825+0000] {logging_mixin.py:150} INFO - [2024-02-04T06:24:44.825+0000] {dag.py:2742} INFO - Sync 1 DAGs
[2024-02-04T06:24:44.842+0000] {logging_mixin.py:150} INFO - [2024-02-04T06:24:44.842+0000] {dag.py:3504} INFO - Setting next_dagrun for example_short_circuit_decorator to 2024-02-03T06:24:44.841804+00:00, run_after=2024-02-04T06:24:44.841804+00:00
[2024-02-04T06:24:44.888+0000] {processor.py:179} INFO - Processing /usr/local/python/3.10.13/lib/python3.10/site-packages/airflow/example_dags/example_short_circuit_decorator.py took 0.088 seconds
