[2024-02-04T06:16:59.458+0000] {processor.py:157} INFO - Started process (PID=8462) to work on /usr/local/python/3.10.13/lib/python3.10/site-packages/airflow/example_dags/tutorial_dag.py
[2024-02-04T06:16:59.459+0000] {processor.py:826} INFO - Processing file /usr/local/python/3.10.13/lib/python3.10/site-packages/airflow/example_dags/tutorial_dag.py for tasks to queue
[2024-02-04T06:16:59.459+0000] {logging_mixin.py:150} INFO - [2024-02-04T06:16:59.459+0000] {dagbag.py:541} INFO - Filling up the DagBag from /usr/local/python/3.10.13/lib/python3.10/site-packages/airflow/example_dags/tutorial_dag.py
[2024-02-04T06:16:59.465+0000] {processor.py:836} INFO - DAG(s) dict_keys(['tutorial_dag']) retrieved from /usr/local/python/3.10.13/lib/python3.10/site-packages/airflow/example_dags/tutorial_dag.py
[2024-02-04T06:16:59.613+0000] {logging_mixin.py:150} INFO - [2024-02-04T06:16:59.613+0000] {manager.py:504} INFO - Created Permission View: can edit on DAG:tutorial_dag
[2024-02-04T06:16:59.648+0000] {logging_mixin.py:150} INFO - [2024-02-04T06:16:59.648+0000] {manager.py:504} INFO - Created Permission View: can read on DAG:tutorial_dag
[2024-02-04T06:16:59.699+0000] {logging_mixin.py:150} INFO - [2024-02-04T06:16:59.698+0000] {manager.py:504} INFO - Created Permission View: can delete on DAG:tutorial_dag
[2024-02-04T06:16:59.713+0000] {logging_mixin.py:150} INFO - [2024-02-04T06:16:59.713+0000] {dag.py:2742} INFO - Sync 1 DAGs
[2024-02-04T06:16:59.727+0000] {logging_mixin.py:150} INFO - [2024-02-04T06:16:59.727+0000] {dag.py:2763} INFO - Creating ORM DAG for tutorial_dag
[2024-02-04T06:16:59.740+0000] {logging_mixin.py:150} INFO - [2024-02-04T06:16:59.739+0000] {dag.py:3504} INFO - Setting next_dagrun for tutorial_dag to None, run_after=None
[2024-02-04T06:16:59.812+0000] {processor.py:179} INFO - Processing /usr/local/python/3.10.13/lib/python3.10/site-packages/airflow/example_dags/tutorial_dag.py took 0.356 seconds
[2024-02-04T06:18:01.613+0000] {processor.py:157} INFO - Started process (PID=9067) to work on /usr/local/python/3.10.13/lib/python3.10/site-packages/airflow/example_dags/tutorial_dag.py
[2024-02-04T06:18:01.613+0000] {processor.py:826} INFO - Processing file /usr/local/python/3.10.13/lib/python3.10/site-packages/airflow/example_dags/tutorial_dag.py for tasks to queue
[2024-02-04T06:18:01.614+0000] {logging_mixin.py:150} INFO - [2024-02-04T06:18:01.614+0000] {dagbag.py:541} INFO - Filling up the DagBag from /usr/local/python/3.10.13/lib/python3.10/site-packages/airflow/example_dags/tutorial_dag.py
[2024-02-04T06:18:01.618+0000] {processor.py:836} INFO - DAG(s) dict_keys(['tutorial_dag']) retrieved from /usr/local/python/3.10.13/lib/python3.10/site-packages/airflow/example_dags/tutorial_dag.py
[2024-02-04T06:18:01.631+0000] {logging_mixin.py:150} INFO - [2024-02-04T06:18:01.630+0000] {dag.py:2742} INFO - Sync 1 DAGs
[2024-02-04T06:18:01.646+0000] {logging_mixin.py:150} INFO - [2024-02-04T06:18:01.646+0000] {dag.py:3504} INFO - Setting next_dagrun for tutorial_dag to None, run_after=None
[2024-02-04T06:18:01.689+0000] {processor.py:179} INFO - Processing /usr/local/python/3.10.13/lib/python3.10/site-packages/airflow/example_dags/tutorial_dag.py took 0.078 seconds
[2024-02-04T06:18:44.501+0000] {processor.py:157} INFO - Started process (PID=9513) to work on /usr/local/python/3.10.13/lib/python3.10/site-packages/airflow/example_dags/tutorial_dag.py
[2024-02-04T06:18:44.501+0000] {processor.py:826} INFO - Processing file /usr/local/python/3.10.13/lib/python3.10/site-packages/airflow/example_dags/tutorial_dag.py for tasks to queue
[2024-02-04T06:18:44.502+0000] {logging_mixin.py:150} INFO - [2024-02-04T06:18:44.502+0000] {dagbag.py:541} INFO - Filling up the DagBag from /usr/local/python/3.10.13/lib/python3.10/site-packages/airflow/example_dags/tutorial_dag.py
[2024-02-04T06:18:44.506+0000] {processor.py:836} INFO - DAG(s) dict_keys(['tutorial_dag']) retrieved from /usr/local/python/3.10.13/lib/python3.10/site-packages/airflow/example_dags/tutorial_dag.py
[2024-02-04T06:18:44.521+0000] {logging_mixin.py:150} INFO - [2024-02-04T06:18:44.520+0000] {dag.py:2742} INFO - Sync 1 DAGs
[2024-02-04T06:18:44.539+0000] {logging_mixin.py:150} INFO - [2024-02-04T06:18:44.539+0000] {dag.py:3504} INFO - Setting next_dagrun for tutorial_dag to None, run_after=None
[2024-02-04T06:18:44.592+0000] {processor.py:179} INFO - Processing /usr/local/python/3.10.13/lib/python3.10/site-packages/airflow/example_dags/tutorial_dag.py took 0.093 seconds
[2024-02-04T06:19:30.444+0000] {processor.py:157} INFO - Started process (PID=9972) to work on /usr/local/python/3.10.13/lib/python3.10/site-packages/airflow/example_dags/tutorial_dag.py
[2024-02-04T06:19:30.445+0000] {processor.py:826} INFO - Processing file /usr/local/python/3.10.13/lib/python3.10/site-packages/airflow/example_dags/tutorial_dag.py for tasks to queue
[2024-02-04T06:19:30.446+0000] {logging_mixin.py:150} INFO - [2024-02-04T06:19:30.446+0000] {dagbag.py:541} INFO - Filling up the DagBag from /usr/local/python/3.10.13/lib/python3.10/site-packages/airflow/example_dags/tutorial_dag.py
[2024-02-04T06:19:30.451+0000] {processor.py:836} INFO - DAG(s) dict_keys(['tutorial_dag']) retrieved from /usr/local/python/3.10.13/lib/python3.10/site-packages/airflow/example_dags/tutorial_dag.py
[2024-02-04T06:19:30.474+0000] {logging_mixin.py:150} INFO - [2024-02-04T06:19:30.474+0000] {dag.py:2742} INFO - Sync 1 DAGs
[2024-02-04T06:19:30.496+0000] {logging_mixin.py:150} INFO - [2024-02-04T06:19:30.495+0000] {dag.py:3504} INFO - Setting next_dagrun for tutorial_dag to None, run_after=None
[2024-02-04T06:19:30.551+0000] {processor.py:179} INFO - Processing /usr/local/python/3.10.13/lib/python3.10/site-packages/airflow/example_dags/tutorial_dag.py took 0.110 seconds
[2024-02-04T06:20:05.890+0000] {processor.py:157} INFO - Started process (PID=10333) to work on /usr/local/python/3.10.13/lib/python3.10/site-packages/airflow/example_dags/tutorial_dag.py
[2024-02-04T06:20:05.891+0000] {processor.py:826} INFO - Processing file /usr/local/python/3.10.13/lib/python3.10/site-packages/airflow/example_dags/tutorial_dag.py for tasks to queue
[2024-02-04T06:20:05.891+0000] {logging_mixin.py:150} INFO - [2024-02-04T06:20:05.891+0000] {dagbag.py:541} INFO - Filling up the DagBag from /usr/local/python/3.10.13/lib/python3.10/site-packages/airflow/example_dags/tutorial_dag.py
[2024-02-04T06:20:05.895+0000] {processor.py:836} INFO - DAG(s) dict_keys(['tutorial_dag']) retrieved from /usr/local/python/3.10.13/lib/python3.10/site-packages/airflow/example_dags/tutorial_dag.py
[2024-02-04T06:20:05.908+0000] {logging_mixin.py:150} INFO - [2024-02-04T06:20:05.908+0000] {dag.py:2742} INFO - Sync 1 DAGs
[2024-02-04T06:20:05.924+0000] {logging_mixin.py:150} INFO - [2024-02-04T06:20:05.924+0000] {dag.py:3504} INFO - Setting next_dagrun for tutorial_dag to None, run_after=None
[2024-02-04T06:20:05.970+0000] {processor.py:179} INFO - Processing /usr/local/python/3.10.13/lib/python3.10/site-packages/airflow/example_dags/tutorial_dag.py took 0.083 seconds
[2024-02-04T06:20:43.443+0000] {processor.py:157} INFO - Started process (PID=10716) to work on /usr/local/python/3.10.13/lib/python3.10/site-packages/airflow/example_dags/tutorial_dag.py
[2024-02-04T06:20:43.444+0000] {processor.py:826} INFO - Processing file /usr/local/python/3.10.13/lib/python3.10/site-packages/airflow/example_dags/tutorial_dag.py for tasks to queue
[2024-02-04T06:20:43.444+0000] {logging_mixin.py:150} INFO - [2024-02-04T06:20:43.444+0000] {dagbag.py:541} INFO - Filling up the DagBag from /usr/local/python/3.10.13/lib/python3.10/site-packages/airflow/example_dags/tutorial_dag.py
[2024-02-04T06:20:43.448+0000] {processor.py:836} INFO - DAG(s) dict_keys(['tutorial_dag']) retrieved from /usr/local/python/3.10.13/lib/python3.10/site-packages/airflow/example_dags/tutorial_dag.py
[2024-02-04T06:20:43.463+0000] {logging_mixin.py:150} INFO - [2024-02-04T06:20:43.462+0000] {dag.py:2742} INFO - Sync 1 DAGs
[2024-02-04T06:20:43.482+0000] {logging_mixin.py:150} INFO - [2024-02-04T06:20:43.481+0000] {dag.py:3504} INFO - Setting next_dagrun for tutorial_dag to None, run_after=None
[2024-02-04T06:20:43.540+0000] {processor.py:179} INFO - Processing /usr/local/python/3.10.13/lib/python3.10/site-packages/airflow/example_dags/tutorial_dag.py took 0.099 seconds
[2024-02-04T06:21:20.221+0000] {processor.py:157} INFO - Started process (PID=11077) to work on /usr/local/python/3.10.13/lib/python3.10/site-packages/airflow/example_dags/tutorial_dag.py
[2024-02-04T06:21:20.221+0000] {processor.py:826} INFO - Processing file /usr/local/python/3.10.13/lib/python3.10/site-packages/airflow/example_dags/tutorial_dag.py for tasks to queue
[2024-02-04T06:21:20.222+0000] {logging_mixin.py:150} INFO - [2024-02-04T06:21:20.222+0000] {dagbag.py:541} INFO - Filling up the DagBag from /usr/local/python/3.10.13/lib/python3.10/site-packages/airflow/example_dags/tutorial_dag.py
[2024-02-04T06:21:20.226+0000] {processor.py:836} INFO - DAG(s) dict_keys(['tutorial_dag']) retrieved from /usr/local/python/3.10.13/lib/python3.10/site-packages/airflow/example_dags/tutorial_dag.py
[2024-02-04T06:21:20.243+0000] {logging_mixin.py:150} INFO - [2024-02-04T06:21:20.243+0000] {dag.py:2742} INFO - Sync 1 DAGs
[2024-02-04T06:21:20.265+0000] {logging_mixin.py:150} INFO - [2024-02-04T06:21:20.265+0000] {dag.py:3504} INFO - Setting next_dagrun for tutorial_dag to None, run_after=None
[2024-02-04T06:21:20.323+0000] {processor.py:179} INFO - Processing /usr/local/python/3.10.13/lib/python3.10/site-packages/airflow/example_dags/tutorial_dag.py took 0.105 seconds
[2024-02-04T06:21:53.111+0000] {processor.py:157} INFO - Started process (PID=11485) to work on /usr/local/python/3.10.13/lib/python3.10/site-packages/airflow/example_dags/tutorial_dag.py
[2024-02-04T06:21:53.112+0000] {processor.py:826} INFO - Processing file /usr/local/python/3.10.13/lib/python3.10/site-packages/airflow/example_dags/tutorial_dag.py for tasks to queue
[2024-02-04T06:21:53.112+0000] {logging_mixin.py:150} INFO - [2024-02-04T06:21:53.112+0000] {dagbag.py:541} INFO - Filling up the DagBag from /usr/local/python/3.10.13/lib/python3.10/site-packages/airflow/example_dags/tutorial_dag.py
[2024-02-04T06:21:53.116+0000] {processor.py:836} INFO - DAG(s) dict_keys(['tutorial_dag']) retrieved from /usr/local/python/3.10.13/lib/python3.10/site-packages/airflow/example_dags/tutorial_dag.py
[2024-02-04T06:21:53.130+0000] {logging_mixin.py:150} INFO - [2024-02-04T06:21:53.130+0000] {dag.py:2742} INFO - Sync 1 DAGs
[2024-02-04T06:21:53.147+0000] {logging_mixin.py:150} INFO - [2024-02-04T06:21:53.146+0000] {dag.py:3504} INFO - Setting next_dagrun for tutorial_dag to None, run_after=None
[2024-02-04T06:21:53.194+0000] {processor.py:179} INFO - Processing /usr/local/python/3.10.13/lib/python3.10/site-packages/airflow/example_dags/tutorial_dag.py took 0.085 seconds
[2024-02-04T06:22:28.380+0000] {processor.py:157} INFO - Started process (PID=11903) to work on /usr/local/python/3.10.13/lib/python3.10/site-packages/airflow/example_dags/tutorial_dag.py
[2024-02-04T06:22:28.381+0000] {processor.py:826} INFO - Processing file /usr/local/python/3.10.13/lib/python3.10/site-packages/airflow/example_dags/tutorial_dag.py for tasks to queue
[2024-02-04T06:22:28.382+0000] {logging_mixin.py:150} INFO - [2024-02-04T06:22:28.382+0000] {dagbag.py:541} INFO - Filling up the DagBag from /usr/local/python/3.10.13/lib/python3.10/site-packages/airflow/example_dags/tutorial_dag.py
[2024-02-04T06:22:28.386+0000] {processor.py:836} INFO - DAG(s) dict_keys(['tutorial_dag']) retrieved from /usr/local/python/3.10.13/lib/python3.10/site-packages/airflow/example_dags/tutorial_dag.py
[2024-02-04T06:22:28.400+0000] {logging_mixin.py:150} INFO - [2024-02-04T06:22:28.400+0000] {dag.py:2742} INFO - Sync 1 DAGs
[2024-02-04T06:22:28.416+0000] {logging_mixin.py:150} INFO - [2024-02-04T06:22:28.416+0000] {dag.py:3504} INFO - Setting next_dagrun for tutorial_dag to None, run_after=None
[2024-02-04T06:22:28.461+0000] {processor.py:179} INFO - Processing /usr/local/python/3.10.13/lib/python3.10/site-packages/airflow/example_dags/tutorial_dag.py took 0.084 seconds
[2024-02-04T06:23:14.006+0000] {processor.py:157} INFO - Started process (PID=12500) to work on /usr/local/python/3.10.13/lib/python3.10/site-packages/airflow/example_dags/tutorial_dag.py
[2024-02-04T06:23:14.006+0000] {processor.py:826} INFO - Processing file /usr/local/python/3.10.13/lib/python3.10/site-packages/airflow/example_dags/tutorial_dag.py for tasks to queue
[2024-02-04T06:23:14.007+0000] {logging_mixin.py:150} INFO - [2024-02-04T06:23:14.007+0000] {dagbag.py:541} INFO - Filling up the DagBag from /usr/local/python/3.10.13/lib/python3.10/site-packages/airflow/example_dags/tutorial_dag.py
[2024-02-04T06:23:14.011+0000] {processor.py:836} INFO - DAG(s) dict_keys(['tutorial_dag']) retrieved from /usr/local/python/3.10.13/lib/python3.10/site-packages/airflow/example_dags/tutorial_dag.py
[2024-02-04T06:23:14.025+0000] {logging_mixin.py:150} INFO - [2024-02-04T06:23:14.025+0000] {dag.py:2742} INFO - Sync 1 DAGs
[2024-02-04T06:23:14.042+0000] {logging_mixin.py:150} INFO - [2024-02-04T06:23:14.042+0000] {dag.py:3504} INFO - Setting next_dagrun for tutorial_dag to None, run_after=None
[2024-02-04T06:23:14.091+0000] {processor.py:179} INFO - Processing /usr/local/python/3.10.13/lib/python3.10/site-packages/airflow/example_dags/tutorial_dag.py took 0.087 seconds
[2024-02-04T06:23:50.060+0000] {processor.py:157} INFO - Started process (PID=12946) to work on /usr/local/python/3.10.13/lib/python3.10/site-packages/airflow/example_dags/tutorial_dag.py
[2024-02-04T06:23:50.061+0000] {processor.py:826} INFO - Processing file /usr/local/python/3.10.13/lib/python3.10/site-packages/airflow/example_dags/tutorial_dag.py for tasks to queue
[2024-02-04T06:23:50.062+0000] {logging_mixin.py:150} INFO - [2024-02-04T06:23:50.061+0000] {dagbag.py:541} INFO - Filling up the DagBag from /usr/local/python/3.10.13/lib/python3.10/site-packages/airflow/example_dags/tutorial_dag.py
[2024-02-04T06:23:50.066+0000] {processor.py:836} INFO - DAG(s) dict_keys(['tutorial_dag']) retrieved from /usr/local/python/3.10.13/lib/python3.10/site-packages/airflow/example_dags/tutorial_dag.py
[2024-02-04T06:23:50.079+0000] {logging_mixin.py:150} INFO - [2024-02-04T06:23:50.079+0000] {dag.py:2742} INFO - Sync 1 DAGs
[2024-02-04T06:23:50.098+0000] {logging_mixin.py:150} INFO - [2024-02-04T06:23:50.098+0000] {dag.py:3504} INFO - Setting next_dagrun for tutorial_dag to None, run_after=None
[2024-02-04T06:23:50.145+0000] {processor.py:179} INFO - Processing /usr/local/python/3.10.13/lib/python3.10/site-packages/airflow/example_dags/tutorial_dag.py took 0.087 seconds
[2024-02-04T06:24:37.921+0000] {processor.py:157} INFO - Started process (PID=13453) to work on /usr/local/python/3.10.13/lib/python3.10/site-packages/airflow/example_dags/tutorial_dag.py
[2024-02-04T06:24:37.922+0000] {processor.py:826} INFO - Processing file /usr/local/python/3.10.13/lib/python3.10/site-packages/airflow/example_dags/tutorial_dag.py for tasks to queue
[2024-02-04T06:24:37.923+0000] {logging_mixin.py:150} INFO - [2024-02-04T06:24:37.923+0000] {dagbag.py:541} INFO - Filling up the DagBag from /usr/local/python/3.10.13/lib/python3.10/site-packages/airflow/example_dags/tutorial_dag.py
[2024-02-04T06:24:37.927+0000] {processor.py:836} INFO - DAG(s) dict_keys(['tutorial_dag']) retrieved from /usr/local/python/3.10.13/lib/python3.10/site-packages/airflow/example_dags/tutorial_dag.py
[2024-02-04T06:24:37.941+0000] {logging_mixin.py:150} INFO - [2024-02-04T06:24:37.941+0000] {dag.py:2742} INFO - Sync 1 DAGs
[2024-02-04T06:24:37.958+0000] {logging_mixin.py:150} INFO - [2024-02-04T06:24:37.958+0000] {dag.py:3504} INFO - Setting next_dagrun for tutorial_dag to None, run_after=None
[2024-02-04T06:24:38.006+0000] {processor.py:179} INFO - Processing /usr/local/python/3.10.13/lib/python3.10/site-packages/airflow/example_dags/tutorial_dag.py took 0.086 seconds
