[2024-02-04T06:16:54.289+0000] {processor.py:157} INFO - Started process (PID=8412) to work on /usr/local/python/3.10.13/lib/python3.10/site-packages/airflow/example_dags/tutorial_taskflow_api_virtualenv.py
[2024-02-04T06:16:54.289+0000] {processor.py:826} INFO - Processing file /usr/local/python/3.10.13/lib/python3.10/site-packages/airflow/example_dags/tutorial_taskflow_api_virtualenv.py for tasks to queue
[2024-02-04T06:16:54.290+0000] {logging_mixin.py:150} INFO - [2024-02-04T06:16:54.290+0000] {dagbag.py:541} INFO - Filling up the DagBag from /usr/local/python/3.10.13/lib/python3.10/site-packages/airflow/example_dags/tutorial_taskflow_api_virtualenv.py
[2024-02-04T06:16:54.387+0000] {processor.py:836} INFO - DAG(s) dict_keys(['tutorial_taskflow_api_virtualenv']) retrieved from /usr/local/python/3.10.13/lib/python3.10/site-packages/airflow/example_dags/tutorial_taskflow_api_virtualenv.py
[2024-02-04T06:16:54.557+0000] {logging_mixin.py:150} INFO - [2024-02-04T06:16:54.557+0000] {manager.py:504} INFO - Created Permission View: can edit on DAG:tutorial_taskflow_api_virtualenv
[2024-02-04T06:16:54.598+0000] {logging_mixin.py:150} INFO - [2024-02-04T06:16:54.597+0000] {manager.py:504} INFO - Created Permission View: can read on DAG:tutorial_taskflow_api_virtualenv
[2024-02-04T06:16:54.631+0000] {logging_mixin.py:150} INFO - [2024-02-04T06:16:54.631+0000] {manager.py:504} INFO - Created Permission View: can delete on DAG:tutorial_taskflow_api_virtualenv
[2024-02-04T06:16:54.645+0000] {logging_mixin.py:150} INFO - [2024-02-04T06:16:54.645+0000] {dag.py:2742} INFO - Sync 1 DAGs
[2024-02-04T06:16:54.658+0000] {logging_mixin.py:150} INFO - [2024-02-04T06:16:54.658+0000] {dag.py:2763} INFO - Creating ORM DAG for tutorial_taskflow_api_virtualenv
[2024-02-04T06:16:54.672+0000] {logging_mixin.py:150} INFO - [2024-02-04T06:16:54.671+0000] {dag.py:3504} INFO - Setting next_dagrun for tutorial_taskflow_api_virtualenv to None, run_after=None
[2024-02-04T06:16:54.738+0000] {processor.py:179} INFO - Processing /usr/local/python/3.10.13/lib/python3.10/site-packages/airflow/example_dags/tutorial_taskflow_api_virtualenv.py took 0.452 seconds
[2024-02-04T06:17:57.848+0000] {processor.py:157} INFO - Started process (PID=9014) to work on /usr/local/python/3.10.13/lib/python3.10/site-packages/airflow/example_dags/tutorial_taskflow_api_virtualenv.py
[2024-02-04T06:17:57.849+0000] {processor.py:826} INFO - Processing file /usr/local/python/3.10.13/lib/python3.10/site-packages/airflow/example_dags/tutorial_taskflow_api_virtualenv.py for tasks to queue
[2024-02-04T06:17:57.850+0000] {logging_mixin.py:150} INFO - [2024-02-04T06:17:57.849+0000] {dagbag.py:541} INFO - Filling up the DagBag from /usr/local/python/3.10.13/lib/python3.10/site-packages/airflow/example_dags/tutorial_taskflow_api_virtualenv.py
[2024-02-04T06:17:57.856+0000] {processor.py:836} INFO - DAG(s) dict_keys(['tutorial_taskflow_api_virtualenv']) retrieved from /usr/local/python/3.10.13/lib/python3.10/site-packages/airflow/example_dags/tutorial_taskflow_api_virtualenv.py
[2024-02-04T06:17:57.870+0000] {logging_mixin.py:150} INFO - [2024-02-04T06:17:57.869+0000] {dag.py:2742} INFO - Sync 1 DAGs
[2024-02-04T06:17:57.887+0000] {logging_mixin.py:150} INFO - [2024-02-04T06:17:57.886+0000] {dag.py:3504} INFO - Setting next_dagrun for tutorial_taskflow_api_virtualenv to None, run_after=None
[2024-02-04T06:17:57.932+0000] {processor.py:179} INFO - Processing /usr/local/python/3.10.13/lib/python3.10/site-packages/airflow/example_dags/tutorial_taskflow_api_virtualenv.py took 0.086 seconds
[2024-02-04T06:18:40.091+0000] {processor.py:157} INFO - Started process (PID=9469) to work on /usr/local/python/3.10.13/lib/python3.10/site-packages/airflow/example_dags/tutorial_taskflow_api_virtualenv.py
[2024-02-04T06:18:40.092+0000] {processor.py:826} INFO - Processing file /usr/local/python/3.10.13/lib/python3.10/site-packages/airflow/example_dags/tutorial_taskflow_api_virtualenv.py for tasks to queue
[2024-02-04T06:18:40.092+0000] {logging_mixin.py:150} INFO - [2024-02-04T06:18:40.092+0000] {dagbag.py:541} INFO - Filling up the DagBag from /usr/local/python/3.10.13/lib/python3.10/site-packages/airflow/example_dags/tutorial_taskflow_api_virtualenv.py
[2024-02-04T06:18:40.099+0000] {processor.py:836} INFO - DAG(s) dict_keys(['tutorial_taskflow_api_virtualenv']) retrieved from /usr/local/python/3.10.13/lib/python3.10/site-packages/airflow/example_dags/tutorial_taskflow_api_virtualenv.py
[2024-02-04T06:18:40.111+0000] {logging_mixin.py:150} INFO - [2024-02-04T06:18:40.111+0000] {dag.py:2742} INFO - Sync 1 DAGs
[2024-02-04T06:18:40.127+0000] {logging_mixin.py:150} INFO - [2024-02-04T06:18:40.127+0000] {dag.py:3504} INFO - Setting next_dagrun for tutorial_taskflow_api_virtualenv to None, run_after=None
[2024-02-04T06:18:40.170+0000] {processor.py:179} INFO - Processing /usr/local/python/3.10.13/lib/python3.10/site-packages/airflow/example_dags/tutorial_taskflow_api_virtualenv.py took 0.082 seconds
[2024-02-04T06:19:14.802+0000] {processor.py:157} INFO - Started process (PID=9817) to work on /usr/local/python/3.10.13/lib/python3.10/site-packages/airflow/example_dags/tutorial_taskflow_api_virtualenv.py
[2024-02-04T06:19:14.803+0000] {processor.py:826} INFO - Processing file /usr/local/python/3.10.13/lib/python3.10/site-packages/airflow/example_dags/tutorial_taskflow_api_virtualenv.py for tasks to queue
[2024-02-04T06:19:14.804+0000] {logging_mixin.py:150} INFO - [2024-02-04T06:19:14.804+0000] {dagbag.py:541} INFO - Filling up the DagBag from /usr/local/python/3.10.13/lib/python3.10/site-packages/airflow/example_dags/tutorial_taskflow_api_virtualenv.py
[2024-02-04T06:19:14.811+0000] {processor.py:836} INFO - DAG(s) dict_keys(['tutorial_taskflow_api_virtualenv']) retrieved from /usr/local/python/3.10.13/lib/python3.10/site-packages/airflow/example_dags/tutorial_taskflow_api_virtualenv.py
[2024-02-04T06:19:14.823+0000] {logging_mixin.py:150} INFO - [2024-02-04T06:19:14.822+0000] {dag.py:2742} INFO - Sync 1 DAGs
[2024-02-04T06:19:14.838+0000] {logging_mixin.py:150} INFO - [2024-02-04T06:19:14.838+0000] {dag.py:3504} INFO - Setting next_dagrun for tutorial_taskflow_api_virtualenv to None, run_after=None
[2024-02-04T06:19:14.882+0000] {processor.py:179} INFO - Processing /usr/local/python/3.10.13/lib/python3.10/site-packages/airflow/example_dags/tutorial_taskflow_api_virtualenv.py took 0.081 seconds
[2024-02-04T06:19:49.650+0000] {processor.py:157} INFO - Started process (PID=10158) to work on /usr/local/python/3.10.13/lib/python3.10/site-packages/airflow/example_dags/tutorial_taskflow_api_virtualenv.py
[2024-02-04T06:19:49.650+0000] {processor.py:826} INFO - Processing file /usr/local/python/3.10.13/lib/python3.10/site-packages/airflow/example_dags/tutorial_taskflow_api_virtualenv.py for tasks to queue
[2024-02-04T06:19:49.651+0000] {logging_mixin.py:150} INFO - [2024-02-04T06:19:49.651+0000] {dagbag.py:541} INFO - Filling up the DagBag from /usr/local/python/3.10.13/lib/python3.10/site-packages/airflow/example_dags/tutorial_taskflow_api_virtualenv.py
[2024-02-04T06:19:49.657+0000] {processor.py:836} INFO - DAG(s) dict_keys(['tutorial_taskflow_api_virtualenv']) retrieved from /usr/local/python/3.10.13/lib/python3.10/site-packages/airflow/example_dags/tutorial_taskflow_api_virtualenv.py
[2024-02-04T06:19:49.670+0000] {logging_mixin.py:150} INFO - [2024-02-04T06:19:49.670+0000] {dag.py:2742} INFO - Sync 1 DAGs
[2024-02-04T06:19:49.686+0000] {logging_mixin.py:150} INFO - [2024-02-04T06:19:49.686+0000] {dag.py:3504} INFO - Setting next_dagrun for tutorial_taskflow_api_virtualenv to None, run_after=None
[2024-02-04T06:19:49.759+0000] {processor.py:179} INFO - Processing /usr/local/python/3.10.13/lib/python3.10/site-packages/airflow/example_dags/tutorial_taskflow_api_virtualenv.py took 0.112 seconds
[2024-02-04T06:20:24.726+0000] {processor.py:157} INFO - Started process (PID=10513) to work on /usr/local/python/3.10.13/lib/python3.10/site-packages/airflow/example_dags/tutorial_taskflow_api_virtualenv.py
[2024-02-04T06:20:24.727+0000] {processor.py:826} INFO - Processing file /usr/local/python/3.10.13/lib/python3.10/site-packages/airflow/example_dags/tutorial_taskflow_api_virtualenv.py for tasks to queue
[2024-02-04T06:20:24.727+0000] {logging_mixin.py:150} INFO - [2024-02-04T06:20:24.727+0000] {dagbag.py:541} INFO - Filling up the DagBag from /usr/local/python/3.10.13/lib/python3.10/site-packages/airflow/example_dags/tutorial_taskflow_api_virtualenv.py
[2024-02-04T06:20:24.733+0000] {processor.py:836} INFO - DAG(s) dict_keys(['tutorial_taskflow_api_virtualenv']) retrieved from /usr/local/python/3.10.13/lib/python3.10/site-packages/airflow/example_dags/tutorial_taskflow_api_virtualenv.py
[2024-02-04T06:20:24.745+0000] {logging_mixin.py:150} INFO - [2024-02-04T06:20:24.744+0000] {dag.py:2742} INFO - Sync 1 DAGs
[2024-02-04T06:20:24.761+0000] {logging_mixin.py:150} INFO - [2024-02-04T06:20:24.761+0000] {dag.py:3504} INFO - Setting next_dagrun for tutorial_taskflow_api_virtualenv to None, run_after=None
[2024-02-04T06:20:24.805+0000] {processor.py:179} INFO - Processing /usr/local/python/3.10.13/lib/python3.10/site-packages/airflow/example_dags/tutorial_taskflow_api_virtualenv.py took 0.081 seconds
[2024-02-04T06:21:04.445+0000] {processor.py:157} INFO - Started process (PID=10927) to work on /usr/local/python/3.10.13/lib/python3.10/site-packages/airflow/example_dags/tutorial_taskflow_api_virtualenv.py
[2024-02-04T06:21:04.445+0000] {processor.py:826} INFO - Processing file /usr/local/python/3.10.13/lib/python3.10/site-packages/airflow/example_dags/tutorial_taskflow_api_virtualenv.py for tasks to queue
[2024-02-04T06:21:04.446+0000] {logging_mixin.py:150} INFO - [2024-02-04T06:21:04.446+0000] {dagbag.py:541} INFO - Filling up the DagBag from /usr/local/python/3.10.13/lib/python3.10/site-packages/airflow/example_dags/tutorial_taskflow_api_virtualenv.py
[2024-02-04T06:21:04.452+0000] {processor.py:836} INFO - DAG(s) dict_keys(['tutorial_taskflow_api_virtualenv']) retrieved from /usr/local/python/3.10.13/lib/python3.10/site-packages/airflow/example_dags/tutorial_taskflow_api_virtualenv.py
[2024-02-04T06:21:04.465+0000] {logging_mixin.py:150} INFO - [2024-02-04T06:21:04.465+0000] {dag.py:2742} INFO - Sync 1 DAGs
[2024-02-04T06:21:04.487+0000] {logging_mixin.py:150} INFO - [2024-02-04T06:21:04.487+0000] {dag.py:3504} INFO - Setting next_dagrun for tutorial_taskflow_api_virtualenv to None, run_after=None
[2024-02-04T06:21:04.542+0000] {processor.py:179} INFO - Processing /usr/local/python/3.10.13/lib/python3.10/site-packages/airflow/example_dags/tutorial_taskflow_api_virtualenv.py took 0.099 seconds
[2024-02-04T06:21:37.626+0000] {processor.py:157} INFO - Started process (PID=11324) to work on /usr/local/python/3.10.13/lib/python3.10/site-packages/airflow/example_dags/tutorial_taskflow_api_virtualenv.py
[2024-02-04T06:21:37.627+0000] {processor.py:826} INFO - Processing file /usr/local/python/3.10.13/lib/python3.10/site-packages/airflow/example_dags/tutorial_taskflow_api_virtualenv.py for tasks to queue
[2024-02-04T06:21:37.628+0000] {logging_mixin.py:150} INFO - [2024-02-04T06:21:37.628+0000] {dagbag.py:541} INFO - Filling up the DagBag from /usr/local/python/3.10.13/lib/python3.10/site-packages/airflow/example_dags/tutorial_taskflow_api_virtualenv.py
[2024-02-04T06:21:37.634+0000] {processor.py:836} INFO - DAG(s) dict_keys(['tutorial_taskflow_api_virtualenv']) retrieved from /usr/local/python/3.10.13/lib/python3.10/site-packages/airflow/example_dags/tutorial_taskflow_api_virtualenv.py
[2024-02-04T06:21:37.648+0000] {logging_mixin.py:150} INFO - [2024-02-04T06:21:37.647+0000] {dag.py:2742} INFO - Sync 1 DAGs
[2024-02-04T06:21:37.666+0000] {logging_mixin.py:150} INFO - [2024-02-04T06:21:37.666+0000] {dag.py:3504} INFO - Setting next_dagrun for tutorial_taskflow_api_virtualenv to None, run_after=None
[2024-02-04T06:21:37.711+0000] {processor.py:179} INFO - Processing /usr/local/python/3.10.13/lib/python3.10/site-packages/airflow/example_dags/tutorial_taskflow_api_virtualenv.py took 0.090 seconds
[2024-02-04T06:22:24.459+0000] {processor.py:157} INFO - Started process (PID=11857) to work on /usr/local/python/3.10.13/lib/python3.10/site-packages/airflow/example_dags/tutorial_taskflow_api_virtualenv.py
[2024-02-04T06:22:24.460+0000] {processor.py:826} INFO - Processing file /usr/local/python/3.10.13/lib/python3.10/site-packages/airflow/example_dags/tutorial_taskflow_api_virtualenv.py for tasks to queue
[2024-02-04T06:22:24.461+0000] {logging_mixin.py:150} INFO - [2024-02-04T06:22:24.460+0000] {dagbag.py:541} INFO - Filling up the DagBag from /usr/local/python/3.10.13/lib/python3.10/site-packages/airflow/example_dags/tutorial_taskflow_api_virtualenv.py
[2024-02-04T06:22:24.466+0000] {processor.py:836} INFO - DAG(s) dict_keys(['tutorial_taskflow_api_virtualenv']) retrieved from /usr/local/python/3.10.13/lib/python3.10/site-packages/airflow/example_dags/tutorial_taskflow_api_virtualenv.py
[2024-02-04T06:22:24.479+0000] {logging_mixin.py:150} INFO - [2024-02-04T06:22:24.479+0000] {dag.py:2742} INFO - Sync 1 DAGs
[2024-02-04T06:22:24.495+0000] {logging_mixin.py:150} INFO - [2024-02-04T06:22:24.495+0000] {dag.py:3504} INFO - Setting next_dagrun for tutorial_taskflow_api_virtualenv to None, run_after=None
[2024-02-04T06:22:24.539+0000] {processor.py:179} INFO - Processing /usr/local/python/3.10.13/lib/python3.10/site-packages/airflow/example_dags/tutorial_taskflow_api_virtualenv.py took 0.082 seconds
[2024-02-04T06:22:57.990+0000] {processor.py:157} INFO - Started process (PID=12335) to work on /usr/local/python/3.10.13/lib/python3.10/site-packages/airflow/example_dags/tutorial_taskflow_api_virtualenv.py
[2024-02-04T06:22:57.990+0000] {processor.py:826} INFO - Processing file /usr/local/python/3.10.13/lib/python3.10/site-packages/airflow/example_dags/tutorial_taskflow_api_virtualenv.py for tasks to queue
[2024-02-04T06:22:57.991+0000] {logging_mixin.py:150} INFO - [2024-02-04T06:22:57.991+0000] {dagbag.py:541} INFO - Filling up the DagBag from /usr/local/python/3.10.13/lib/python3.10/site-packages/airflow/example_dags/tutorial_taskflow_api_virtualenv.py
[2024-02-04T06:22:57.998+0000] {processor.py:836} INFO - DAG(s) dict_keys(['tutorial_taskflow_api_virtualenv']) retrieved from /usr/local/python/3.10.13/lib/python3.10/site-packages/airflow/example_dags/tutorial_taskflow_api_virtualenv.py
[2024-02-04T06:22:58.013+0000] {logging_mixin.py:150} INFO - [2024-02-04T06:22:58.013+0000] {dag.py:2742} INFO - Sync 1 DAGs
[2024-02-04T06:22:58.030+0000] {logging_mixin.py:150} INFO - [2024-02-04T06:22:58.029+0000] {dag.py:3504} INFO - Setting next_dagrun for tutorial_taskflow_api_virtualenv to None, run_after=None
[2024-02-04T06:22:58.077+0000] {processor.py:179} INFO - Processing /usr/local/python/3.10.13/lib/python3.10/site-packages/airflow/example_dags/tutorial_taskflow_api_virtualenv.py took 0.091 seconds
[2024-02-04T06:23:30.657+0000] {processor.py:157} INFO - Started process (PID=12687) to work on /usr/local/python/3.10.13/lib/python3.10/site-packages/airflow/example_dags/tutorial_taskflow_api_virtualenv.py
[2024-02-04T06:23:30.657+0000] {processor.py:826} INFO - Processing file /usr/local/python/3.10.13/lib/python3.10/site-packages/airflow/example_dags/tutorial_taskflow_api_virtualenv.py for tasks to queue
[2024-02-04T06:23:30.658+0000] {logging_mixin.py:150} INFO - [2024-02-04T06:23:30.658+0000] {dagbag.py:541} INFO - Filling up the DagBag from /usr/local/python/3.10.13/lib/python3.10/site-packages/airflow/example_dags/tutorial_taskflow_api_virtualenv.py
[2024-02-04T06:23:30.664+0000] {processor.py:836} INFO - DAG(s) dict_keys(['tutorial_taskflow_api_virtualenv']) retrieved from /usr/local/python/3.10.13/lib/python3.10/site-packages/airflow/example_dags/tutorial_taskflow_api_virtualenv.py
[2024-02-04T06:23:30.679+0000] {logging_mixin.py:150} INFO - [2024-02-04T06:23:30.679+0000] {dag.py:2742} INFO - Sync 1 DAGs
[2024-02-04T06:23:30.698+0000] {logging_mixin.py:150} INFO - [2024-02-04T06:23:30.698+0000] {dag.py:3504} INFO - Setting next_dagrun for tutorial_taskflow_api_virtualenv to None, run_after=None
[2024-02-04T06:23:30.785+0000] {processor.py:179} INFO - Processing /usr/local/python/3.10.13/lib/python3.10/site-packages/airflow/example_dags/tutorial_taskflow_api_virtualenv.py took 0.131 seconds
[2024-02-04T06:24:04.211+0000] {processor.py:157} INFO - Started process (PID=13087) to work on /usr/local/python/3.10.13/lib/python3.10/site-packages/airflow/example_dags/tutorial_taskflow_api_virtualenv.py
[2024-02-04T06:24:04.211+0000] {processor.py:826} INFO - Processing file /usr/local/python/3.10.13/lib/python3.10/site-packages/airflow/example_dags/tutorial_taskflow_api_virtualenv.py for tasks to queue
[2024-02-04T06:24:04.212+0000] {logging_mixin.py:150} INFO - [2024-02-04T06:24:04.212+0000] {dagbag.py:541} INFO - Filling up the DagBag from /usr/local/python/3.10.13/lib/python3.10/site-packages/airflow/example_dags/tutorial_taskflow_api_virtualenv.py
[2024-02-04T06:24:04.218+0000] {processor.py:836} INFO - DAG(s) dict_keys(['tutorial_taskflow_api_virtualenv']) retrieved from /usr/local/python/3.10.13/lib/python3.10/site-packages/airflow/example_dags/tutorial_taskflow_api_virtualenv.py
[2024-02-04T06:24:04.233+0000] {logging_mixin.py:150} INFO - [2024-02-04T06:24:04.233+0000] {dag.py:2742} INFO - Sync 1 DAGs
[2024-02-04T06:24:04.249+0000] {logging_mixin.py:150} INFO - [2024-02-04T06:24:04.249+0000] {dag.py:3504} INFO - Setting next_dagrun for tutorial_taskflow_api_virtualenv to None, run_after=None
[2024-02-04T06:24:04.294+0000] {processor.py:179} INFO - Processing /usr/local/python/3.10.13/lib/python3.10/site-packages/airflow/example_dags/tutorial_taskflow_api_virtualenv.py took 0.086 seconds
[2024-02-04T06:24:51.357+0000] {processor.py:157} INFO - Started process (PID=13570) to work on /usr/local/python/3.10.13/lib/python3.10/site-packages/airflow/example_dags/tutorial_taskflow_api_virtualenv.py
[2024-02-04T06:24:51.358+0000] {processor.py:826} INFO - Processing file /usr/local/python/3.10.13/lib/python3.10/site-packages/airflow/example_dags/tutorial_taskflow_api_virtualenv.py for tasks to queue
[2024-02-04T06:24:51.358+0000] {logging_mixin.py:150} INFO - [2024-02-04T06:24:51.358+0000] {dagbag.py:541} INFO - Filling up the DagBag from /usr/local/python/3.10.13/lib/python3.10/site-packages/airflow/example_dags/tutorial_taskflow_api_virtualenv.py
[2024-02-04T06:24:51.364+0000] {processor.py:836} INFO - DAG(s) dict_keys(['tutorial_taskflow_api_virtualenv']) retrieved from /usr/local/python/3.10.13/lib/python3.10/site-packages/airflow/example_dags/tutorial_taskflow_api_virtualenv.py
[2024-02-04T06:24:51.377+0000] {logging_mixin.py:150} INFO - [2024-02-04T06:24:51.377+0000] {dag.py:2742} INFO - Sync 1 DAGs
[2024-02-04T06:24:51.392+0000] {logging_mixin.py:150} INFO - [2024-02-04T06:24:51.392+0000] {dag.py:3504} INFO - Setting next_dagrun for tutorial_taskflow_api_virtualenv to None, run_after=None
[2024-02-04T06:24:51.437+0000] {processor.py:179} INFO - Processing /usr/local/python/3.10.13/lib/python3.10/site-packages/airflow/example_dags/tutorial_taskflow_api_virtualenv.py took 0.083 seconds
