[2024-02-04T06:16:55.827+0000] {processor.py:157} INFO - Started process (PID=8422) to work on /usr/local/python/3.10.13/lib/python3.10/site-packages/airflow/example_dags/tutorial.py
[2024-02-04T06:16:55.828+0000] {processor.py:826} INFO - Processing file /usr/local/python/3.10.13/lib/python3.10/site-packages/airflow/example_dags/tutorial.py for tasks to queue
[2024-02-04T06:16:55.829+0000] {logging_mixin.py:150} INFO - [2024-02-04T06:16:55.829+0000] {dagbag.py:541} INFO - Filling up the DagBag from /usr/local/python/3.10.13/lib/python3.10/site-packages/airflow/example_dags/tutorial.py
[2024-02-04T06:16:55.839+0000] {processor.py:836} INFO - DAG(s) dict_keys(['tutorial']) retrieved from /usr/local/python/3.10.13/lib/python3.10/site-packages/airflow/example_dags/tutorial.py
[2024-02-04T06:16:56.008+0000] {logging_mixin.py:150} INFO - [2024-02-04T06:16:56.007+0000] {manager.py:504} INFO - Created Permission View: can edit on DAG:tutorial
[2024-02-04T06:16:56.051+0000] {logging_mixin.py:150} INFO - [2024-02-04T06:16:56.051+0000] {manager.py:504} INFO - Created Permission View: can read on DAG:tutorial
[2024-02-04T06:16:56.085+0000] {logging_mixin.py:150} INFO - [2024-02-04T06:16:56.085+0000] {manager.py:504} INFO - Created Permission View: can delete on DAG:tutorial
[2024-02-04T06:16:56.094+0000] {logging_mixin.py:150} INFO - [2024-02-04T06:16:56.094+0000] {dag.py:2742} INFO - Sync 1 DAGs
[2024-02-04T06:16:56.102+0000] {logging_mixin.py:150} INFO - [2024-02-04T06:16:56.102+0000] {dag.py:2763} INFO - Creating ORM DAG for tutorial
[2024-02-04T06:16:56.111+0000] {logging_mixin.py:150} INFO - [2024-02-04T06:16:56.111+0000] {dag.py:3504} INFO - Setting next_dagrun for tutorial to 2024-02-03T06:16:56.111136+00:00, run_after=2024-02-04T06:16:56.111136+00:00
[2024-02-04T06:16:56.171+0000] {processor.py:179} INFO - Processing /usr/local/python/3.10.13/lib/python3.10/site-packages/airflow/example_dags/tutorial.py took 0.346 seconds
[2024-02-04T06:17:58.984+0000] {processor.py:157} INFO - Started process (PID=9045) to work on /usr/local/python/3.10.13/lib/python3.10/site-packages/airflow/example_dags/tutorial.py
[2024-02-04T06:17:58.985+0000] {processor.py:826} INFO - Processing file /usr/local/python/3.10.13/lib/python3.10/site-packages/airflow/example_dags/tutorial.py for tasks to queue
[2024-02-04T06:17:58.986+0000] {logging_mixin.py:150} INFO - [2024-02-04T06:17:58.985+0000] {dagbag.py:541} INFO - Filling up the DagBag from /usr/local/python/3.10.13/lib/python3.10/site-packages/airflow/example_dags/tutorial.py
[2024-02-04T06:17:58.991+0000] {processor.py:836} INFO - DAG(s) dict_keys(['tutorial']) retrieved from /usr/local/python/3.10.13/lib/python3.10/site-packages/airflow/example_dags/tutorial.py
[2024-02-04T06:17:59.004+0000] {logging_mixin.py:150} INFO - [2024-02-04T06:17:59.003+0000] {dag.py:2742} INFO - Sync 1 DAGs
[2024-02-04T06:17:59.020+0000] {logging_mixin.py:150} INFO - [2024-02-04T06:17:59.020+0000] {dag.py:3504} INFO - Setting next_dagrun for tutorial to 2024-02-03T06:17:59.020099+00:00, run_after=2024-02-04T06:17:59.020099+00:00
[2024-02-04T06:17:59.064+0000] {processor.py:179} INFO - Processing /usr/local/python/3.10.13/lib/python3.10/site-packages/airflow/example_dags/tutorial.py took 0.082 seconds
[2024-02-04T06:18:41.248+0000] {processor.py:157} INFO - Started process (PID=9476) to work on /usr/local/python/3.10.13/lib/python3.10/site-packages/airflow/example_dags/tutorial.py
[2024-02-04T06:18:41.249+0000] {processor.py:826} INFO - Processing file /usr/local/python/3.10.13/lib/python3.10/site-packages/airflow/example_dags/tutorial.py for tasks to queue
[2024-02-04T06:18:41.249+0000] {logging_mixin.py:150} INFO - [2024-02-04T06:18:41.249+0000] {dagbag.py:541} INFO - Filling up the DagBag from /usr/local/python/3.10.13/lib/python3.10/site-packages/airflow/example_dags/tutorial.py
[2024-02-04T06:18:41.255+0000] {processor.py:836} INFO - DAG(s) dict_keys(['tutorial']) retrieved from /usr/local/python/3.10.13/lib/python3.10/site-packages/airflow/example_dags/tutorial.py
[2024-02-04T06:18:41.266+0000] {logging_mixin.py:150} INFO - [2024-02-04T06:18:41.266+0000] {dag.py:2742} INFO - Sync 1 DAGs
[2024-02-04T06:18:41.282+0000] {logging_mixin.py:150} INFO - [2024-02-04T06:18:41.282+0000] {dag.py:3504} INFO - Setting next_dagrun for tutorial to 2024-02-03T06:18:41.282326+00:00, run_after=2024-02-04T06:18:41.282326+00:00
[2024-02-04T06:18:41.328+0000] {processor.py:179} INFO - Processing /usr/local/python/3.10.13/lib/python3.10/site-packages/airflow/example_dags/tutorial.py took 0.082 seconds
[2024-02-04T06:19:16.012+0000] {processor.py:157} INFO - Started process (PID=9836) to work on /usr/local/python/3.10.13/lib/python3.10/site-packages/airflow/example_dags/tutorial.py
[2024-02-04T06:19:16.013+0000] {processor.py:826} INFO - Processing file /usr/local/python/3.10.13/lib/python3.10/site-packages/airflow/example_dags/tutorial.py for tasks to queue
[2024-02-04T06:19:16.014+0000] {logging_mixin.py:150} INFO - [2024-02-04T06:19:16.014+0000] {dagbag.py:541} INFO - Filling up the DagBag from /usr/local/python/3.10.13/lib/python3.10/site-packages/airflow/example_dags/tutorial.py
[2024-02-04T06:19:16.023+0000] {processor.py:836} INFO - DAG(s) dict_keys(['tutorial']) retrieved from /usr/local/python/3.10.13/lib/python3.10/site-packages/airflow/example_dags/tutorial.py
[2024-02-04T06:19:16.037+0000] {logging_mixin.py:150} INFO - [2024-02-04T06:19:16.037+0000] {dag.py:2742} INFO - Sync 1 DAGs
[2024-02-04T06:19:16.057+0000] {logging_mixin.py:150} INFO - [2024-02-04T06:19:16.057+0000] {dag.py:3504} INFO - Setting next_dagrun for tutorial to 2024-02-03T06:19:16.057299+00:00, run_after=2024-02-04T06:19:16.057299+00:00
[2024-02-04T06:19:16.102+0000] {processor.py:179} INFO - Processing /usr/local/python/3.10.13/lib/python3.10/site-packages/airflow/example_dags/tutorial.py took 0.092 seconds
[2024-02-04T06:19:50.553+0000] {processor.py:157} INFO - Started process (PID=10163) to work on /usr/local/python/3.10.13/lib/python3.10/site-packages/airflow/example_dags/tutorial.py
[2024-02-04T06:19:50.553+0000] {processor.py:826} INFO - Processing file /usr/local/python/3.10.13/lib/python3.10/site-packages/airflow/example_dags/tutorial.py for tasks to queue
[2024-02-04T06:19:50.558+0000] {logging_mixin.py:150} INFO - [2024-02-04T06:19:50.554+0000] {dagbag.py:541} INFO - Filling up the DagBag from /usr/local/python/3.10.13/lib/python3.10/site-packages/airflow/example_dags/tutorial.py
[2024-02-04T06:19:50.567+0000] {processor.py:836} INFO - DAG(s) dict_keys(['tutorial']) retrieved from /usr/local/python/3.10.13/lib/python3.10/site-packages/airflow/example_dags/tutorial.py
[2024-02-04T06:19:50.580+0000] {logging_mixin.py:150} INFO - [2024-02-04T06:19:50.580+0000] {dag.py:2742} INFO - Sync 1 DAGs
[2024-02-04T06:19:50.597+0000] {logging_mixin.py:150} INFO - [2024-02-04T06:19:50.597+0000] {dag.py:3504} INFO - Setting next_dagrun for tutorial to 2024-02-03T06:19:50.597423+00:00, run_after=2024-02-04T06:19:50.597423+00:00
[2024-02-04T06:19:50.643+0000] {processor.py:179} INFO - Processing /usr/local/python/3.10.13/lib/python3.10/site-packages/airflow/example_dags/tutorial.py took 0.094 seconds
[2024-02-04T06:20:25.864+0000] {processor.py:157} INFO - Started process (PID=10514) to work on /usr/local/python/3.10.13/lib/python3.10/site-packages/airflow/example_dags/tutorial.py
[2024-02-04T06:20:25.864+0000] {processor.py:826} INFO - Processing file /usr/local/python/3.10.13/lib/python3.10/site-packages/airflow/example_dags/tutorial.py for tasks to queue
[2024-02-04T06:20:25.865+0000] {logging_mixin.py:150} INFO - [2024-02-04T06:20:25.865+0000] {dagbag.py:541} INFO - Filling up the DagBag from /usr/local/python/3.10.13/lib/python3.10/site-packages/airflow/example_dags/tutorial.py
[2024-02-04T06:20:25.871+0000] {processor.py:836} INFO - DAG(s) dict_keys(['tutorial']) retrieved from /usr/local/python/3.10.13/lib/python3.10/site-packages/airflow/example_dags/tutorial.py
[2024-02-04T06:20:25.883+0000] {logging_mixin.py:150} INFO - [2024-02-04T06:20:25.883+0000] {dag.py:2742} INFO - Sync 1 DAGs
[2024-02-04T06:20:25.899+0000] {logging_mixin.py:150} INFO - [2024-02-04T06:20:25.899+0000] {dag.py:3504} INFO - Setting next_dagrun for tutorial to 2024-02-03T06:20:25.899267+00:00, run_after=2024-02-04T06:20:25.899267+00:00
[2024-02-04T06:20:25.945+0000] {processor.py:179} INFO - Processing /usr/local/python/3.10.13/lib/python3.10/site-packages/airflow/example_dags/tutorial.py took 0.084 seconds
[2024-02-04T06:21:04.786+0000] {processor.py:157} INFO - Started process (PID=10934) to work on /usr/local/python/3.10.13/lib/python3.10/site-packages/airflow/example_dags/tutorial.py
[2024-02-04T06:21:04.787+0000] {processor.py:826} INFO - Processing file /usr/local/python/3.10.13/lib/python3.10/site-packages/airflow/example_dags/tutorial.py for tasks to queue
[2024-02-04T06:21:04.787+0000] {logging_mixin.py:150} INFO - [2024-02-04T06:21:04.787+0000] {dagbag.py:541} INFO - Filling up the DagBag from /usr/local/python/3.10.13/lib/python3.10/site-packages/airflow/example_dags/tutorial.py
[2024-02-04T06:21:04.792+0000] {processor.py:836} INFO - DAG(s) dict_keys(['tutorial']) retrieved from /usr/local/python/3.10.13/lib/python3.10/site-packages/airflow/example_dags/tutorial.py
[2024-02-04T06:21:04.805+0000] {logging_mixin.py:150} INFO - [2024-02-04T06:21:04.805+0000] {dag.py:2742} INFO - Sync 1 DAGs
[2024-02-04T06:21:04.821+0000] {logging_mixin.py:150} INFO - [2024-02-04T06:21:04.821+0000] {dag.py:3504} INFO - Setting next_dagrun for tutorial to 2024-02-03T06:21:04.821350+00:00, run_after=2024-02-04T06:21:04.821350+00:00
[2024-02-04T06:21:04.865+0000] {processor.py:179} INFO - Processing /usr/local/python/3.10.13/lib/python3.10/site-packages/airflow/example_dags/tutorial.py took 0.082 seconds
[2024-02-04T06:21:50.590+0000] {processor.py:157} INFO - Started process (PID=11470) to work on /usr/local/python/3.10.13/lib/python3.10/site-packages/airflow/example_dags/tutorial.py
[2024-02-04T06:21:50.591+0000] {processor.py:826} INFO - Processing file /usr/local/python/3.10.13/lib/python3.10/site-packages/airflow/example_dags/tutorial.py for tasks to queue
[2024-02-04T06:21:50.591+0000] {logging_mixin.py:150} INFO - [2024-02-04T06:21:50.591+0000] {dagbag.py:541} INFO - Filling up the DagBag from /usr/local/python/3.10.13/lib/python3.10/site-packages/airflow/example_dags/tutorial.py
[2024-02-04T06:21:50.597+0000] {processor.py:836} INFO - DAG(s) dict_keys(['tutorial']) retrieved from /usr/local/python/3.10.13/lib/python3.10/site-packages/airflow/example_dags/tutorial.py
[2024-02-04T06:21:50.610+0000] {logging_mixin.py:150} INFO - [2024-02-04T06:21:50.610+0000] {dag.py:2742} INFO - Sync 1 DAGs
[2024-02-04T06:21:50.629+0000] {logging_mixin.py:150} INFO - [2024-02-04T06:21:50.629+0000] {dag.py:3504} INFO - Setting next_dagrun for tutorial to 2024-02-03T06:21:50.629503+00:00, run_after=2024-02-04T06:21:50.629503+00:00
[2024-02-04T06:21:50.680+0000] {processor.py:179} INFO - Processing /usr/local/python/3.10.13/lib/python3.10/site-packages/airflow/example_dags/tutorial.py took 0.092 seconds
[2024-02-04T06:22:25.600+0000] {processor.py:157} INFO - Started process (PID=11858) to work on /usr/local/python/3.10.13/lib/python3.10/site-packages/airflow/example_dags/tutorial.py
[2024-02-04T06:22:25.601+0000] {processor.py:826} INFO - Processing file /usr/local/python/3.10.13/lib/python3.10/site-packages/airflow/example_dags/tutorial.py for tasks to queue
[2024-02-04T06:22:25.602+0000] {logging_mixin.py:150} INFO - [2024-02-04T06:22:25.601+0000] {dagbag.py:541} INFO - Filling up the DagBag from /usr/local/python/3.10.13/lib/python3.10/site-packages/airflow/example_dags/tutorial.py
[2024-02-04T06:22:25.607+0000] {processor.py:836} INFO - DAG(s) dict_keys(['tutorial']) retrieved from /usr/local/python/3.10.13/lib/python3.10/site-packages/airflow/example_dags/tutorial.py
[2024-02-04T06:22:25.618+0000] {logging_mixin.py:150} INFO - [2024-02-04T06:22:25.618+0000] {dag.py:2742} INFO - Sync 1 DAGs
[2024-02-04T06:22:25.638+0000] {logging_mixin.py:150} INFO - [2024-02-04T06:22:25.637+0000] {dag.py:3504} INFO - Setting next_dagrun for tutorial to 2024-02-03T06:22:25.637721+00:00, run_after=2024-02-04T06:22:25.637721+00:00
[2024-02-04T06:22:25.710+0000] {processor.py:179} INFO - Processing /usr/local/python/3.10.13/lib/python3.10/site-packages/airflow/example_dags/tutorial.py took 0.112 seconds
[2024-02-04T06:22:59.130+0000] {processor.py:157} INFO - Started process (PID=12357) to work on /usr/local/python/3.10.13/lib/python3.10/site-packages/airflow/example_dags/tutorial.py
[2024-02-04T06:22:59.131+0000] {processor.py:826} INFO - Processing file /usr/local/python/3.10.13/lib/python3.10/site-packages/airflow/example_dags/tutorial.py for tasks to queue
[2024-02-04T06:22:59.131+0000] {logging_mixin.py:150} INFO - [2024-02-04T06:22:59.131+0000] {dagbag.py:541} INFO - Filling up the DagBag from /usr/local/python/3.10.13/lib/python3.10/site-packages/airflow/example_dags/tutorial.py
[2024-02-04T06:22:59.137+0000] {processor.py:836} INFO - DAG(s) dict_keys(['tutorial']) retrieved from /usr/local/python/3.10.13/lib/python3.10/site-packages/airflow/example_dags/tutorial.py
[2024-02-04T06:22:59.154+0000] {logging_mixin.py:150} INFO - [2024-02-04T06:22:59.153+0000] {dag.py:2742} INFO - Sync 1 DAGs
[2024-02-04T06:22:59.176+0000] {logging_mixin.py:150} INFO - [2024-02-04T06:22:59.176+0000] {dag.py:3504} INFO - Setting next_dagrun for tutorial to 2024-02-03T06:22:59.175996+00:00, run_after=2024-02-04T06:22:59.175996+00:00
[2024-02-04T06:22:59.228+0000] {processor.py:179} INFO - Processing /usr/local/python/3.10.13/lib/python3.10/site-packages/airflow/example_dags/tutorial.py took 0.100 seconds
[2024-02-04T06:23:47.436+0000] {processor.py:157} INFO - Started process (PID=12925) to work on /usr/local/python/3.10.13/lib/python3.10/site-packages/airflow/example_dags/tutorial.py
[2024-02-04T06:23:47.437+0000] {processor.py:826} INFO - Processing file /usr/local/python/3.10.13/lib/python3.10/site-packages/airflow/example_dags/tutorial.py for tasks to queue
[2024-02-04T06:23:47.437+0000] {logging_mixin.py:150} INFO - [2024-02-04T06:23:47.437+0000] {dagbag.py:541} INFO - Filling up the DagBag from /usr/local/python/3.10.13/lib/python3.10/site-packages/airflow/example_dags/tutorial.py
[2024-02-04T06:23:47.443+0000] {processor.py:836} INFO - DAG(s) dict_keys(['tutorial']) retrieved from /usr/local/python/3.10.13/lib/python3.10/site-packages/airflow/example_dags/tutorial.py
[2024-02-04T06:23:47.456+0000] {logging_mixin.py:150} INFO - [2024-02-04T06:23:47.456+0000] {dag.py:2742} INFO - Sync 1 DAGs
[2024-02-04T06:23:47.475+0000] {logging_mixin.py:150} INFO - [2024-02-04T06:23:47.475+0000] {dag.py:3504} INFO - Setting next_dagrun for tutorial to 2024-02-03T06:23:47.475012+00:00, run_after=2024-02-04T06:23:47.475012+00:00
[2024-02-04T06:23:47.522+0000] {processor.py:179} INFO - Processing /usr/local/python/3.10.13/lib/python3.10/site-packages/airflow/example_dags/tutorial.py took 0.089 seconds
[2024-02-04T06:24:34.355+0000] {processor.py:157} INFO - Started process (PID=13396) to work on /usr/local/python/3.10.13/lib/python3.10/site-packages/airflow/example_dags/tutorial.py
[2024-02-04T06:24:34.356+0000] {processor.py:826} INFO - Processing file /usr/local/python/3.10.13/lib/python3.10/site-packages/airflow/example_dags/tutorial.py for tasks to queue
[2024-02-04T06:24:34.356+0000] {logging_mixin.py:150} INFO - [2024-02-04T06:24:34.356+0000] {dagbag.py:541} INFO - Filling up the DagBag from /usr/local/python/3.10.13/lib/python3.10/site-packages/airflow/example_dags/tutorial.py
[2024-02-04T06:24:34.362+0000] {processor.py:836} INFO - DAG(s) dict_keys(['tutorial']) retrieved from /usr/local/python/3.10.13/lib/python3.10/site-packages/airflow/example_dags/tutorial.py
[2024-02-04T06:24:34.375+0000] {logging_mixin.py:150} INFO - [2024-02-04T06:24:34.374+0000] {dag.py:2742} INFO - Sync 1 DAGs
[2024-02-04T06:24:34.392+0000] {logging_mixin.py:150} INFO - [2024-02-04T06:24:34.391+0000] {dag.py:3504} INFO - Setting next_dagrun for tutorial to 2024-02-03T06:24:34.391696+00:00, run_after=2024-02-04T06:24:34.391696+00:00
[2024-02-04T06:24:34.445+0000] {processor.py:179} INFO - Processing /usr/local/python/3.10.13/lib/python3.10/site-packages/airflow/example_dags/tutorial.py took 0.093 seconds
[2024-02-04T06:25:08.858+0000] {processor.py:157} INFO - Started process (PID=13771) to work on /usr/local/python/3.10.13/lib/python3.10/site-packages/airflow/example_dags/tutorial.py
[2024-02-04T06:25:08.858+0000] {processor.py:826} INFO - Processing file /usr/local/python/3.10.13/lib/python3.10/site-packages/airflow/example_dags/tutorial.py for tasks to queue
[2024-02-04T06:25:08.859+0000] {logging_mixin.py:150} INFO - [2024-02-04T06:25:08.859+0000] {dagbag.py:541} INFO - Filling up the DagBag from /usr/local/python/3.10.13/lib/python3.10/site-packages/airflow/example_dags/tutorial.py
[2024-02-04T06:25:08.866+0000] {processor.py:836} INFO - DAG(s) dict_keys(['tutorial']) retrieved from /usr/local/python/3.10.13/lib/python3.10/site-packages/airflow/example_dags/tutorial.py
[2024-02-04T06:25:08.879+0000] {logging_mixin.py:150} INFO - [2024-02-04T06:25:08.879+0000] {dag.py:2742} INFO - Sync 1 DAGs
[2024-02-04T06:25:08.896+0000] {logging_mixin.py:150} INFO - [2024-02-04T06:25:08.895+0000] {dag.py:3504} INFO - Setting next_dagrun for tutorial to 2024-02-03T06:25:08.895677+00:00, run_after=2024-02-04T06:25:08.895677+00:00
[2024-02-04T06:25:08.939+0000] {processor.py:179} INFO - Processing /usr/local/python/3.10.13/lib/python3.10/site-packages/airflow/example_dags/tutorial.py took 0.083 seconds
